[0.065s] Invoking command in '/home/abdulrafi/Desktop/ROS2_Final_Project/kobuki_ws/build/kobuki_random_walker': CMAKE_PREFIX_PATH=${CMAKE_PREFIX_PATH}:/home/abdulrafi/Desktop/ROS2_Final_Project/kobuki_ws/install/qbot_nav:/opt/ros/jazzy DEBUGINFOD_URLS=https://debuginfod.ubuntu.com /usr/bin/cmake --build /home/abdulrafi/Desktop/ROS2_Final_Project/kobuki_ws/build/kobuki_random_walker -- -j4 -l4
[0.391s] [ 50%] Built target kobuki_random_walker_node
[0.391s] [100%] Built target kobuki_random_walker
[0.472s] Invoked command in '/home/abdulrafi/Desktop/ROS2_Final_Project/kobuki_ws/build/kobuki_random_walker' returned '0': CMAKE_PREFIX_PATH=${CMAKE_PREFIX_PATH}:/home/abdulrafi/Desktop/ROS2_Final_Project/kobuki_ws/install/qbot_nav:/opt/ros/jazzy DEBUGINFOD_URLS=https://debuginfod.ubuntu.com /usr/bin/cmake --build /home/abdulrafi/Desktop/ROS2_Final_Project/kobuki_ws/build/kobuki_random_walker -- -j4 -l4
[0.482s] Invoking command in '/home/abdulrafi/Desktop/ROS2_Final_Project/kobuki_ws/build/kobuki_random_walker': CMAKE_PREFIX_PATH=${CMAKE_PREFIX_PATH}:/home/abdulrafi/Desktop/ROS2_Final_Project/kobuki_ws/install/qbot_nav:/opt/ros/jazzy DEBUGINFOD_URLS=https://debuginfod.ubuntu.com /usr/bin/cmake --install /home/abdulrafi/Desktop/ROS2_Final_Project/kobuki_ws/build/kobuki_random_walker
[0.578s] -- Install configuration: ""
[0.580s] -- Up-to-date: /home/abdulrafi/Desktop/ROS2_Final_Project/kobuki_ws/install/kobuki_random_walker/lib/kobuki_random_walker/kobuki_random_walker_node
[0.580s] -- Up-to-date: /home/abdulrafi/Desktop/ROS2_Final_Project/kobuki_ws/install/kobuki_random_walker/lib/libkobuki_random_walker.so
[0.585s] -- Up-to-date: /home/abdulrafi/Desktop/ROS2_Final_Project/kobuki_ws/install/kobuki_random_walker/include/kobuki_random_walker
[0.586s] -- Up-to-date: /home/abdulrafi/Desktop/ROS2_Final_Project/kobuki_ws/install/kobuki_random_walker/include/kobuki_random_walker/random_walker.hpp
[0.586s] -- Up-to-date: /home/abdulrafi/Desktop/ROS2_Final_Project/kobuki_ws/install/kobuki_random_walker/share/kobuki_random_walker/launch
[0.586s] -- Up-to-date: /home/abdulrafi/Desktop/ROS2_Final_Project/kobuki_ws/install/kobuki_random_walker/share/kobuki_random_walker/launch/standalone.launch
[0.587s] -- Up-to-date: /home/abdulrafi/Desktop/ROS2_Final_Project/kobuki_ws/install/kobuki_random_walker/share/kobuki_random_walker/launch/random_walker_app.launch
[0.587s] -- Up-to-date: /home/abdulrafi/Desktop/ROS2_Final_Project/kobuki_ws/install/kobuki_random_walker/share/kobuki_random_walker/launch/safe_random_walker_app.launch
[0.587s] -- Up-to-date: /home/abdulrafi/Desktop/ROS2_Final_Project/kobuki_ws/install/kobuki_random_walker/share/kobuki_random_walker/environment/library_path.sh
[0.587s] -- Up-to-date: /home/abdulrafi/Desktop/ROS2_Final_Project/kobuki_ws/install/kobuki_random_walker/share/kobuki_random_walker/environment/library_path.dsv
[0.587s] -- Up-to-date: /home/abdulrafi/Desktop/ROS2_Final_Project/kobuki_ws/install/kobuki_random_walker/share/ament_index/resource_index/package_run_dependencies/kobuki_random_walker
[0.587s] -- Up-to-date: /home/abdulrafi/Desktop/ROS2_Final_Project/kobuki_ws/install/kobuki_random_walker/share/ament_index/resource_index/parent_prefix_path/kobuki_random_walker
[0.588s] -- Up-to-date: /home/abdulrafi/Desktop/ROS2_Final_Project/kobuki_ws/install/kobuki_random_walker/share/kobuki_random_walker/environment/ament_prefix_path.sh
[0.588s] -- Up-to-date: /home/abdulrafi/Desktop/ROS2_Final_Project/kobuki_ws/install/kobuki_random_walker/share/kobuki_random_walker/environment/ament_prefix_path.dsv
[0.588s] -- Up-to-date: /home/abdulrafi/Desktop/ROS2_Final_Project/kobuki_ws/install/kobuki_random_walker/share/kobuki_random_walker/environment/path.sh
[0.593s] -- Up-to-date: /home/abdulrafi/Desktop/ROS2_Final_Project/kobuki_ws/install/kobuki_random_walker/share/kobuki_random_walker/environment/path.dsv
[0.594s] -- Up-to-date: /home/abdulrafi/Desktop/ROS2_Final_Project/kobuki_ws/install/kobuki_random_walker/share/kobuki_random_walker/local_setup.bash
[0.594s] -- Up-to-date: /home/abdulrafi/Desktop/ROS2_Final_Project/kobuki_ws/install/kobuki_random_walker/share/kobuki_random_walker/local_setup.sh
[0.594s] -- Up-to-date: /home/abdulrafi/Desktop/ROS2_Final_Project/kobuki_ws/install/kobuki_random_walker/share/kobuki_random_walker/local_setup.zsh
[0.594s] -- Up-to-date: /home/abdulrafi/Desktop/ROS2_Final_Project/kobuki_ws/install/kobuki_random_walker/share/kobuki_random_walker/local_setup.dsv
[0.594s] -- Installing: /home/abdulrafi/Desktop/ROS2_Final_Project/kobuki_ws/install/kobuki_random_walker/share/kobuki_random_walker/package.dsv
[0.594s] -- Up-to-date: /home/abdulrafi/Desktop/ROS2_Final_Project/kobuki_ws/install/kobuki_random_walker/share/ament_index/resource_index/packages/kobuki_random_walker
[0.594s] -- Up-to-date: /home/abdulrafi/Desktop/ROS2_Final_Project/kobuki_ws/install/kobuki_random_walker/share/ament_index/resource_index/rclcpp_components/kobuki_random_walker
[0.595s] -- Up-to-date: /home/abdulrafi/Desktop/ROS2_Final_Project/kobuki_ws/install/kobuki_random_walker/share/kobuki_random_walker/cmake/kobuki_random_walkerExport.cmake
[0.595s] -- Up-to-date: /home/abdulrafi/Desktop/ROS2_Final_Project/kobuki_ws/install/kobuki_random_walker/share/kobuki_random_walker/cmake/kobuki_random_walkerExport-noconfig.cmake
[0.595s] -- Up-to-date: /home/abdulrafi/Desktop/ROS2_Final_Project/kobuki_ws/install/kobuki_random_walker/share/kobuki_random_walker/cmake/ament_cmake_export_include_directories-extras.cmake
[0.595s] -- Up-to-date: /home/abdulrafi/Desktop/ROS2_Final_Project/kobuki_ws/install/kobuki_random_walker/share/kobuki_random_walker/cmake/ament_cmake_export_libraries-extras.cmake
[0.595s] -- Up-to-date: /home/abdulrafi/Desktop/ROS2_Final_Project/kobuki_ws/install/kobuki_random_walker/share/kobuki_random_walker/cmake/ament_cmake_export_targets-extras.cmake
[0.595s] -- Up-to-date: /home/abdulrafi/Desktop/ROS2_Final_Project/kobuki_ws/install/kobuki_random_walker/share/kobuki_random_walker/cmake/kobuki_random_walkerConfig.cmake
[0.595s] -- Up-to-date: /home/abdulrafi/Desktop/ROS2_Final_Project/kobuki_ws/install/kobuki_random_walker/share/kobuki_random_walker/cmake/kobuki_random_walkerConfig-version.cmake
[0.595s] -- Up-to-date: /home/abdulrafi/Desktop/ROS2_Final_Project/kobuki_ws/install/kobuki_random_walker/share/kobuki_random_walker/package.xml
[0.609s] Invoked command in '/home/abdulrafi/Desktop/ROS2_Final_Project/kobuki_ws/build/kobuki_random_walker' returned '0': CMAKE_PREFIX_PATH=${CMAKE_PREFIX_PATH}:/home/abdulrafi/Desktop/ROS2_Final_Project/kobuki_ws/install/qbot_nav:/opt/ros/jazzy DEBUGINFOD_URLS=https://debuginfod.ubuntu.com /usr/bin/cmake --install /home/abdulrafi/Desktop/ROS2_Final_Project/kobuki_ws/build/kobuki_random_walker
