[0.083s] Invoking command in '/home/abdulrafi/Desktop/ROS2_Final_Project/kobuki_ws/build/ecl_command_line': CMAKE_PREFIX_PATH=${CMAKE_PREFIX_PATH}:/opt/ros/jazzy DEBUGINFOD_URLS=https://debuginfod.ubuntu.com /usr/bin/cmake --build /home/abdulrafi/Desktop/ROS2_Final_Project/kobuki_ws/build/ecl_command_line -- -j4 -l4
[0.567s] [100%] Built target ecl_demo_command_line
[0.649s] Invoked command in '/home/abdulrafi/Desktop/ROS2_Final_Project/kobuki_ws/build/ecl_command_line' returned '0': CMAKE_PREFIX_PATH=${CMAKE_PREFIX_PATH}:/opt/ros/jazzy DEBUGINFOD_URLS=https://debuginfod.ubuntu.com /usr/bin/cmake --build /home/abdulrafi/Desktop/ROS2_Final_Project/kobuki_ws/build/ecl_command_line -- -j4 -l4
[0.664s] Invoking command in '/home/abdulrafi/Desktop/ROS2_Final_Project/kobuki_ws/build/ecl_command_line': CMAKE_PREFIX_PATH=${CMAKE_PREFIX_PATH}:/opt/ros/jazzy DEBUGINFOD_URLS=https://debuginfod.ubuntu.com /usr/bin/cmake --install /home/abdulrafi/Desktop/ROS2_Final_Project/kobuki_ws/build/ecl_command_line
[0.726s] -- Install configuration: ""
[0.727s] -- Up-to-date: /home/abdulrafi/Desktop/ROS2_Final_Project/kobuki_ws/install/ecl_command_line/share/ament_index/resource_index/package_run_dependencies/ecl_command_line
[0.727s] -- Up-to-date: /home/abdulrafi/Desktop/ROS2_Final_Project/kobuki_ws/install/ecl_command_line/share/ament_index/resource_index/parent_prefix_path/ecl_command_line
[0.727s] -- Up-to-date: /home/abdulrafi/Desktop/ROS2_Final_Project/kobuki_ws/install/ecl_command_line/share/ecl_command_line/environment/ament_prefix_path.sh
[0.727s] -- Up-to-date: /home/abdulrafi/Desktop/ROS2_Final_Project/kobuki_ws/install/ecl_command_line/share/ecl_command_line/environment/ament_prefix_path.dsv
[0.728s] -- Up-to-date: /home/abdulrafi/Desktop/ROS2_Final_Project/kobuki_ws/install/ecl_command_line/share/ecl_command_line/environment/path.sh
[0.728s] -- Up-to-date: /home/abdulrafi/Desktop/ROS2_Final_Project/kobuki_ws/install/ecl_command_line/share/ecl_command_line/environment/path.dsv
[0.728s] -- Up-to-date: /home/abdulrafi/Desktop/ROS2_Final_Project/kobuki_ws/install/ecl_command_line/share/ecl_command_line/local_setup.bash
[0.728s] -- Up-to-date: /home/abdulrafi/Desktop/ROS2_Final_Project/kobuki_ws/install/ecl_command_line/share/ecl_command_line/local_setup.sh
[0.729s] -- Up-to-date: /home/abdulrafi/Desktop/ROS2_Final_Project/kobuki_ws/install/ecl_command_line/share/ecl_command_line/local_setup.zsh
[0.729s] -- Up-to-date: /home/abdulrafi/Desktop/ROS2_Final_Project/kobuki_ws/install/ecl_command_line/share/ecl_command_line/local_setup.dsv
[0.733s] -- Installing: /home/abdulrafi/Desktop/ROS2_Final_Project/kobuki_ws/install/ecl_command_line/share/ecl_command_line/package.dsv
[0.734s] -- Up-to-date: /home/abdulrafi/Desktop/ROS2_Final_Project/kobuki_ws/install/ecl_command_line/share/ament_index/resource_index/packages/ecl_command_line
[0.735s] -- Up-to-date: /home/abdulrafi/Desktop/ROS2_Final_Project/kobuki_ws/install/ecl_command_line/share/ecl_command_line/cmake/ecl_command_lineExport.cmake
[0.735s] -- Up-to-date: /home/abdulrafi/Desktop/ROS2_Final_Project/kobuki_ws/install/ecl_command_line/share/ecl_command_line/cmake/ament_cmake_export_targets-extras.cmake
[0.735s] -- Up-to-date: /home/abdulrafi/Desktop/ROS2_Final_Project/kobuki_ws/install/ecl_command_line/share/ecl_command_line/cmake/ament_cmake_export_include_directories-extras.cmake
[0.736s] -- Up-to-date: /home/abdulrafi/Desktop/ROS2_Final_Project/kobuki_ws/install/ecl_command_line/share/ecl_command_line/cmake/ecl_command_lineConfig.cmake
[0.737s] -- Up-to-date: /home/abdulrafi/Desktop/ROS2_Final_Project/kobuki_ws/install/ecl_command_line/share/ecl_command_line/cmake/ecl_command_lineConfig-version.cmake
[0.737s] -- Up-to-date: /home/abdulrafi/Desktop/ROS2_Final_Project/kobuki_ws/install/ecl_command_line/share/ecl_command_line/package.xml
[0.737s] -- Up-to-date: /home/abdulrafi/Desktop/ROS2_Final_Project/kobuki_ws/install/ecl_command_line/include/ecl/command_line.hpp
[0.740s] -- Up-to-date: /home/abdulrafi/Desktop/ROS2_Final_Project/kobuki_ws/install/ecl_command_line/include/ecl/command_line/arg.hpp
[0.746s] -- Up-to-date: /home/abdulrafi/Desktop/ROS2_Final_Project/kobuki_ws/install/ecl_command_line/include/ecl/command_line/arg_exception.hpp
[0.746s] -- Up-to-date: /home/abdulrafi/Desktop/ROS2_Final_Project/kobuki_ws/install/ecl_command_line/include/ecl/command_line/cmd_line.hpp
[0.746s] -- Up-to-date: /home/abdulrafi/Desktop/ROS2_Final_Project/kobuki_ws/install/ecl_command_line/include/ecl/command_line/cmd_line_interface.hpp
[0.747s] -- Up-to-date: /home/abdulrafi/Desktop/ROS2_Final_Project/kobuki_ws/install/ecl_command_line/include/ecl/command_line/cmd_line_output.hpp
[0.747s] -- Up-to-date: /home/abdulrafi/Desktop/ROS2_Final_Project/kobuki_ws/install/ecl_command_line/include/ecl/command_line/constraint.hpp
[0.747s] -- Up-to-date: /home/abdulrafi/Desktop/ROS2_Final_Project/kobuki_ws/install/ecl_command_line/include/ecl/command_line/docbook_output.hpp
[0.747s] -- Up-to-date: /home/abdulrafi/Desktop/ROS2_Final_Project/kobuki_ws/install/ecl_command_line/include/ecl/command_line/help_visitor.hpp
[0.748s] -- Up-to-date: /home/abdulrafi/Desktop/ROS2_Final_Project/kobuki_ws/install/ecl_command_line/include/ecl/command_line/ignore_rest_visitor.hpp
[0.754s] -- Up-to-date: /home/abdulrafi/Desktop/ROS2_Final_Project/kobuki_ws/install/ecl_command_line/include/ecl/command_line/multi_arg.hpp
[0.755s] -- Up-to-date: /home/abdulrafi/Desktop/ROS2_Final_Project/kobuki_ws/install/ecl_command_line/include/ecl/command_line/multi_switch_arg.hpp
[0.755s] -- Up-to-date: /home/abdulrafi/Desktop/ROS2_Final_Project/kobuki_ws/install/ecl_command_line/include/ecl/command_line/optional_unlabeled_tracker.hpp
[0.755s] -- Up-to-date: /home/abdulrafi/Desktop/ROS2_Final_Project/kobuki_ws/install/ecl_command_line/include/ecl/command_line/std_output.hpp
[0.755s] -- Up-to-date: /home/abdulrafi/Desktop/ROS2_Final_Project/kobuki_ws/install/ecl_command_line/include/ecl/command_line/switch_arg.hpp
[0.756s] -- Up-to-date: /home/abdulrafi/Desktop/ROS2_Final_Project/kobuki_ws/install/ecl_command_line/include/ecl/command_line/unlabeled_multi_arg.hpp
[0.756s] -- Up-to-date: /home/abdulrafi/Desktop/ROS2_Final_Project/kobuki_ws/install/ecl_command_line/include/ecl/command_line/unlabeled_value_arg.hpp
[0.765s] -- Up-to-date: /home/abdulrafi/Desktop/ROS2_Final_Project/kobuki_ws/install/ecl_command_line/include/ecl/command_line/value_arg.hpp
[0.765s] -- Up-to-date: /home/abdulrafi/Desktop/ROS2_Final_Project/kobuki_ws/install/ecl_command_line/include/ecl/command_line/values_constraint.hpp
[0.765s] -- Up-to-date: /home/abdulrafi/Desktop/ROS2_Final_Project/kobuki_ws/install/ecl_command_line/include/ecl/command_line/version_visitor.hpp
[0.766s] -- Up-to-date: /home/abdulrafi/Desktop/ROS2_Final_Project/kobuki_ws/install/ecl_command_line/include/ecl/command_line/visitor.hpp
[0.766s] -- Up-to-date: /home/abdulrafi/Desktop/ROS2_Final_Project/kobuki_ws/install/ecl_command_line/include/ecl/command_line/xor_handler.hpp
[0.768s] -- Up-to-date: /home/abdulrafi/Desktop/ROS2_Final_Project/kobuki_ws/install/ecl_command_line/lib/ecl_command_line/demo_command_line
[0.854s] Invoked command in '/home/abdulrafi/Desktop/ROS2_Final_Project/kobuki_ws/build/ecl_command_line' returned '0': CMAKE_PREFIX_PATH=${CMAKE_PREFIX_PATH}:/opt/ros/jazzy DEBUGINFOD_URLS=https://debuginfod.ubuntu.com /usr/bin/cmake --install /home/abdulrafi/Desktop/ROS2_Final_Project/kobuki_ws/build/ecl_command_line
