-- The C compiler identification is GNU 13.3.0
-- The CXX compiler identification is GNU 13.3.0
-- Detecting C compiler ABI info
-- Detecting C compiler ABI info - done
-- Check for working C compiler: /usr/bin/cc - skipped
-- Detecting C compile features
-- Detecting C compile features - done
-- Detecting CXX compiler ABI info
-- Detecting CXX compiler ABI info - done
-- Check for working CXX compiler: /usr/bin/c++ - skipped
-- Detecting CXX compile features
-- Detecting CXX compile features - done
-- Found ament_cmake_ros: 0.12.0 (/opt/ros/jazzy/share/ament_cmake_ros/cmake)
-- Found Python3: /usr/bin/python3 (found version "3.12.3") found components: Interpreter 
-- Found ecl_build: 1.0.3 (/opt/ros/jazzy/share/ecl_build/cmake)
[0mCMake Deprecation Warning at /opt/ros/jazzy/share/ecl_build/cmake/cotire.cmake:45 (cmake_minimum_required):
  Compatibility with CMake < 3.5 will be removed from a future version of
  CMake.

  Update the VERSION argument <min> value or use a ...<max> suffix to tell
  CMake that the project does not need compatibility with older versions.
Call Stack (most recent call first):
  /opt/ros/jazzy/share/ecl_build/cmake/ecl_buildConfig.cmake:41 (include)
  CMakeLists.txt:17 (find_package)

[0m
-- Found ecl_config: 1.2.0 (/home/abdulrafi/Desktop/ROS2_Final_Project/kobuki_ws/install/ecl_config/share/ecl_config/cmake)
-- Found ecl_converters: 1.2.1 (/home/abdulrafi/Desktop/ROS2_Final_Project/kobuki_ws/install/ecl_converters/share/ecl_converters/cmake)
-- Configuring done (4.3s)
-- Generating done (0.0s)
-- Build files have been written to: /home/abdulrafi/Desktop/ROS2_Final_Project/kobuki_ws/build/ecl_formatters
[ 25%] [32mBuilding CXX object src/lib/CMakeFiles/ecl_formatters.dir/strings.cpp.o[0m
[ 50%] [32m[1mLinking CXX shared library libecl_formatters.so[0m
[ 50%] Built target ecl_formatters
[ 75%] [32mBuilding CXX object src/examples/CMakeFiles/ecl_demo_formatters.dir/formatters.cpp.o[0m
[100%] [32m[1mLinking CXX executable demo_formatters[0m
[100%] Built target ecl_demo_formatters
-- Install configuration: ""
-- Installing: /home/abdulrafi/Desktop/ROS2_Final_Project/kobuki_ws/install/ecl_formatters/share/ecl_formatters/environment/library_path.sh
-- Installing: /home/abdulrafi/Desktop/ROS2_Final_Project/kobuki_ws/install/ecl_formatters/share/ecl_formatters/environment/library_path.dsv
-- Installing: /home/abdulrafi/Desktop/ROS2_Final_Project/kobuki_ws/install/ecl_formatters/share/ament_index/resource_index/package_run_dependencies/ecl_formatters
-- Installing: /home/abdulrafi/Desktop/ROS2_Final_Project/kobuki_ws/install/ecl_formatters/share/ament_index/resource_index/parent_prefix_path/ecl_formatters
-- Installing: /home/abdulrafi/Desktop/ROS2_Final_Project/kobuki_ws/install/ecl_formatters/share/ecl_formatters/environment/ament_prefix_path.sh
-- Installing: /home/abdulrafi/Desktop/ROS2_Final_Project/kobuki_ws/install/ecl_formatters/share/ecl_formatters/environment/ament_prefix_path.dsv
-- Installing: /home/abdulrafi/Desktop/ROS2_Final_Project/kobuki_ws/install/ecl_formatters/share/ecl_formatters/environment/path.sh
-- Installing: /home/abdulrafi/Desktop/ROS2_Final_Project/kobuki_ws/install/ecl_formatters/share/ecl_formatters/environment/path.dsv
-- Installing: /home/abdulrafi/Desktop/ROS2_Final_Project/kobuki_ws/install/ecl_formatters/share/ecl_formatters/local_setup.bash
-- Installing: /home/abdulrafi/Desktop/ROS2_Final_Project/kobuki_ws/install/ecl_formatters/share/ecl_formatters/local_setup.sh
-- Installing: /home/abdulrafi/Desktop/ROS2_Final_Project/kobuki_ws/install/ecl_formatters/share/ecl_formatters/local_setup.zsh
-- Installing: /home/abdulrafi/Desktop/ROS2_Final_Project/kobuki_ws/install/ecl_formatters/share/ecl_formatters/local_setup.dsv
-- Installing: /home/abdulrafi/Desktop/ROS2_Final_Project/kobuki_ws/install/ecl_formatters/share/ecl_formatters/package.dsv
-- Installing: /home/abdulrafi/Desktop/ROS2_Final_Project/kobuki_ws/install/ecl_formatters/share/ament_index/resource_index/packages/ecl_formatters
-- Installing: /home/abdulrafi/Desktop/ROS2_Final_Project/kobuki_ws/install/ecl_formatters/share/ecl_formatters/cmake/ecl_formattersExport.cmake
-- Installing: /home/abdulrafi/Desktop/ROS2_Final_Project/kobuki_ws/install/ecl_formatters/share/ecl_formatters/cmake/ecl_formattersExport-noconfig.cmake
-- Installing: /home/abdulrafi/Desktop/ROS2_Final_Project/kobuki_ws/install/ecl_formatters/share/ecl_formatters/cmake/ament_cmake_export_targets-extras.cmake
-- Installing: /home/abdulrafi/Desktop/ROS2_Final_Project/kobuki_ws/install/ecl_formatters/share/ecl_formatters/cmake/ament_cmake_export_include_directories-extras.cmake
-- Installing: /home/abdulrafi/Desktop/ROS2_Final_Project/kobuki_ws/install/ecl_formatters/share/ecl_formatters/cmake/ament_cmake_export_libraries-extras.cmake
-- Installing: /home/abdulrafi/Desktop/ROS2_Final_Project/kobuki_ws/install/ecl_formatters/share/ecl_formatters/cmake/ament_cmake_export_dependencies-extras.cmake
-- Installing: /home/abdulrafi/Desktop/ROS2_Final_Project/kobuki_ws/install/ecl_formatters/share/ecl_formatters/cmake/ecl_formattersConfig.cmake
-- Installing: /home/abdulrafi/Desktop/ROS2_Final_Project/kobuki_ws/install/ecl_formatters/share/ecl_formatters/cmake/ecl_formattersConfig-version.cmake
-- Installing: /home/abdulrafi/Desktop/ROS2_Final_Project/kobuki_ws/install/ecl_formatters/share/ecl_formatters/package.xml
-- Installing: /home/abdulrafi/Desktop/ROS2_Final_Project/kobuki_ws/install/ecl_formatters/include/ecl/formatters.hpp
-- Installing: /home/abdulrafi/Desktop/ROS2_Final_Project/kobuki_ws/install/ecl_formatters/include/ecl/formatters/common.hpp
-- Installing: /home/abdulrafi/Desktop/ROS2_Final_Project/kobuki_ws/install/ecl_formatters/include/ecl/formatters/floats.hpp
-- Installing: /home/abdulrafi/Desktop/ROS2_Final_Project/kobuki_ws/install/ecl_formatters/include/ecl/formatters/macros.hpp
-- Installing: /home/abdulrafi/Desktop/ROS2_Final_Project/kobuki_ws/install/ecl_formatters/include/ecl/formatters/number.hpp
-- Installing: /home/abdulrafi/Desktop/ROS2_Final_Project/kobuki_ws/install/ecl_formatters/include/ecl/formatters/strings.hpp
-- Installing: /home/abdulrafi/Desktop/ROS2_Final_Project/kobuki_ws/install/ecl_formatters/lib/libecl_formatters.so.1.2.1
-- Set non-toolchain portion of runtime path of "/home/abdulrafi/Desktop/ROS2_Final_Project/kobuki_ws/install/ecl_formatters/lib/libecl_formatters.so.1.2.1" to ""
-- Installing: /home/abdulrafi/Desktop/ROS2_Final_Project/kobuki_ws/install/ecl_formatters/lib/libecl_formatters.so
-- Installing: /home/abdulrafi/Desktop/ROS2_Final_Project/kobuki_ws/install/ecl_formatters/lib/ecl_formatters/demo_formatters
-- Set non-toolchain portion of runtime path of "/home/abdulrafi/Desktop/ROS2_Final_Project/kobuki_ws/install/ecl_formatters/lib/ecl_formatters/demo_formatters" to ""
