[ 11%] Built target ecl_demo_formatters
[ 22%] Built target gtest_main
[ 33%] Built target gtest
[ 44%] Built target ecl_test_arrays
[ 55%] Built target ecl_test_arrays_mem_check
[ 66%] Built target ecl_test_container_converters
[ 77%] Built target ecl_test_stencil
[ 88%] Built target ecl_test_fifo
[100%] Built target ecl_test_push_and_pop
-- Install configuration: ""
-- Up-to-date: /home/abdulrafi/Desktop/ROS2_Final_Project/kobuki_ws/install/ecl_containers/share/ament_index/resource_index/package_run_dependencies/ecl_containers
-- Up-to-date: /home/abdulrafi/Desktop/ROS2_Final_Project/kobuki_ws/install/ecl_containers/share/ament_index/resource_index/parent_prefix_path/ecl_containers
-- Up-to-date: /home/abdulrafi/Desktop/ROS2_Final_Project/kobuki_ws/install/ecl_containers/share/ecl_containers/environment/ament_prefix_path.sh
-- Up-to-date: /home/abdulrafi/Desktop/ROS2_Final_Project/kobuki_ws/install/ecl_containers/share/ecl_containers/environment/ament_prefix_path.dsv
-- Up-to-date: /home/abdulrafi/Desktop/ROS2_Final_Project/kobuki_ws/install/ecl_containers/share/ecl_containers/environment/path.sh
-- Up-to-date: /home/abdulrafi/Desktop/ROS2_Final_Project/kobuki_ws/install/ecl_containers/share/ecl_containers/environment/path.dsv
-- Up-to-date: /home/abdulrafi/Desktop/ROS2_Final_Project/kobuki_ws/install/ecl_containers/share/ecl_containers/local_setup.bash
-- Up-to-date: /home/abdulrafi/Desktop/ROS2_Final_Project/kobuki_ws/install/ecl_containers/share/ecl_containers/local_setup.sh
-- Up-to-date: /home/abdulrafi/Desktop/ROS2_Final_Project/kobuki_ws/install/ecl_containers/share/ecl_containers/local_setup.zsh
-- Up-to-date: /home/abdulrafi/Desktop/ROS2_Final_Project/kobuki_ws/install/ecl_containers/share/ecl_containers/local_setup.dsv
-- Installing: /home/abdulrafi/Desktop/ROS2_Final_Project/kobuki_ws/install/ecl_containers/share/ecl_containers/package.dsv
-- Up-to-date: /home/abdulrafi/Desktop/ROS2_Final_Project/kobuki_ws/install/ecl_containers/share/ament_index/resource_index/packages/ecl_containers
-- Up-to-date: /home/abdulrafi/Desktop/ROS2_Final_Project/kobuki_ws/install/ecl_containers/share/ecl_containers/cmake/ecl_containersExport.cmake
-- Up-to-date: /home/abdulrafi/Desktop/ROS2_Final_Project/kobuki_ws/install/ecl_containers/share/ecl_containers/cmake/ament_cmake_export_targets-extras.cmake
-- Up-to-date: /home/abdulrafi/Desktop/ROS2_Final_Project/kobuki_ws/install/ecl_containers/share/ecl_containers/cmake/ament_cmake_export_include_directories-extras.cmake
-- Up-to-date: /home/abdulrafi/Desktop/ROS2_Final_Project/kobuki_ws/install/ecl_containers/share/ecl_containers/cmake/ament_cmake_export_dependencies-extras.cmake
-- Up-to-date: /home/abdulrafi/Desktop/ROS2_Final_Project/kobuki_ws/install/ecl_containers/share/ecl_containers/cmake/ecl_containersConfig.cmake
-- Up-to-date: /home/abdulrafi/Desktop/ROS2_Final_Project/kobuki_ws/install/ecl_containers/share/ecl_containers/cmake/ecl_containersConfig-version.cmake
-- Up-to-date: /home/abdulrafi/Desktop/ROS2_Final_Project/kobuki_ws/install/ecl_containers/share/ecl_containers/package.xml
-- Up-to-date: /home/abdulrafi/Desktop/ROS2_Final_Project/kobuki_ws/install/ecl_containers/include/ecl/containers.hpp
-- Up-to-date: /home/abdulrafi/Desktop/ROS2_Final_Project/kobuki_ws/install/ecl_containers/include/ecl/containers/array.hpp
-- Up-to-date: /home/abdulrafi/Desktop/ROS2_Final_Project/kobuki_ws/install/ecl_containers/include/ecl/containers/converters.hpp
-- Up-to-date: /home/abdulrafi/Desktop/ROS2_Final_Project/kobuki_ws/install/ecl_containers/include/ecl/containers/definitions.hpp
-- Up-to-date: /home/abdulrafi/Desktop/ROS2_Final_Project/kobuki_ws/install/ecl_containers/include/ecl/containers/fifo.hpp
-- Up-to-date: /home/abdulrafi/Desktop/ROS2_Final_Project/kobuki_ws/install/ecl_containers/include/ecl/containers/initialiser.hpp
-- Up-to-date: /home/abdulrafi/Desktop/ROS2_Final_Project/kobuki_ws/install/ecl_containers/include/ecl/containers/push_and_pop.hpp
-- Up-to-date: /home/abdulrafi/Desktop/ROS2_Final_Project/kobuki_ws/install/ecl_containers/include/ecl/containers/stencil.hpp
-- Up-to-date: /home/abdulrafi/Desktop/ROS2_Final_Project/kobuki_ws/install/ecl_containers/include/ecl/containers/common/formatters.hpp
-- Up-to-date: /home/abdulrafi/Desktop/ROS2_Final_Project/kobuki_ws/install/ecl_containers/include/ecl/containers/array/array_dynamic_mem_check.hpp
-- Up-to-date: /home/abdulrafi/Desktop/ROS2_Final_Project/kobuki_ws/install/ecl_containers/include/ecl/containers/array/array_dynamic_no_mem_check.hpp
-- Up-to-date: /home/abdulrafi/Desktop/ROS2_Final_Project/kobuki_ws/install/ecl_containers/include/ecl/containers/array/array_mem_check.hpp
-- Up-to-date: /home/abdulrafi/Desktop/ROS2_Final_Project/kobuki_ws/install/ecl_containers/include/ecl/containers/array/array_no_mem_check.hpp
-- Up-to-date: /home/abdulrafi/Desktop/ROS2_Final_Project/kobuki_ws/install/ecl_containers/include/ecl/containers/array/converters.hpp
-- Up-to-date: /home/abdulrafi/Desktop/ROS2_Final_Project/kobuki_ws/install/ecl_containers/include/ecl/containers/array/formatters.hpp
-- Up-to-date: /home/abdulrafi/Desktop/ROS2_Final_Project/kobuki_ws/install/ecl_containers/include/ecl/containers/push_and_pop/formatters.hpp
-- Up-to-date: /home/abdulrafi/Desktop/ROS2_Final_Project/kobuki_ws/install/ecl_containers/include/ecl/containers/push_and_pop/push_and_pop_dynamic.hpp
-- Up-to-date: /home/abdulrafi/Desktop/ROS2_Final_Project/kobuki_ws/install/ecl_containers/include/ecl/containers/push_and_pop/push_and_pop_fixed.hpp
-- Up-to-date: /home/abdulrafi/Desktop/ROS2_Final_Project/kobuki_ws/install/ecl_containers/include/ecl/containers/stencil/converters.hpp
-- Up-to-date: /home/abdulrafi/Desktop/ROS2_Final_Project/kobuki_ws/install/ecl_containers/include/ecl/containers/stencil/formatters.hpp
-- Up-to-date: /home/abdulrafi/Desktop/ROS2_Final_Project/kobuki_ws/install/ecl_containers/include/ecl/containers/stencil/specialisations.hpp
-- Up-to-date: /home/abdulrafi/Desktop/ROS2_Final_Project/kobuki_ws/install/ecl_containers/include/ecl/containers/stencil/stencil.hpp
-- Up-to-date: /home/abdulrafi/Desktop/ROS2_Final_Project/kobuki_ws/install/ecl_containers/lib/ecl_containers/demo_formatters
