[0.023s] Invoking command in '/home/abdulrafi/Desktop/ROS2_Final_Project/kobuki_ws/build/interfaces': CMAKE_PREFIX_PATH=${CMAKE_PREFIX_PATH}:/opt/ros/jazzy DEBUGINFOD_URLS=https://debuginfod.ubuntu.com /usr/bin/cmake --build /home/abdulrafi/Desktop/ROS2_Final_Project/kobuki_ws/build/interfaces -- -j4 -l4
[0.279s] [  1%] Built target interfaces__rosidl_generator_type_description
[0.311s] [  3%] Built target interfaces__rs
[0.363s] [  5%] Built target interfaces__cpp
[0.451s] [  5%] Built target ament_cmake_python_copy_interfaces
[0.508s] [ 25%] Built target interfaces__rosidl_generator_c
[0.627s] [ 34%] Built target interfaces__rosidl_typesupport_introspection_c
[0.647s] [ 43%] Built target interfaces__rosidl_typesupport_fastrtps_c
[0.683s] [ 52%] Built target interfaces__rosidl_typesupport_c
[0.941s] [ 61%] Built target interfaces__rosidl_typesupport_introspection_cpp
[0.941s] [ 70%] Built target interfaces__rosidl_typesupport_fastrtps_cpp
[0.942s] [ 80%] Built target interfaces__rosidl_typesupport_cpp
[1.011s] [ 80%] Built target interfaces
[1.074s] [ 81%] Built target interfaces__py
[1.192s] running egg_info
[1.303s] writing interfaces.egg-info/PKG-INFO
[1.304s] writing dependency_links to interfaces.egg-info/dependency_links.txt
[1.304s] writing top-level names to interfaces.egg-info/top_level.txt
[1.370s] [ 89%] Built target interfaces__rosidl_generator_py
[1.628s] [ 92%] Built target interfaces_s__rosidl_typesupport_c
[1.634s] [ 96%] Built target interfaces_s__rosidl_typesupport_introspection_c
[1.639s] [100%] Built target interfaces_s__rosidl_typesupport_fastrtps_c
[1.646s] reading manifest file 'interfaces.egg-info/SOURCES.txt'
[1.647s] writing manifest file 'interfaces.egg-info/SOURCES.txt'
[1.830s] [100%] Built target ament_cmake_python_build_interfaces_egg
[1.899s] Invoked command in '/home/abdulrafi/Desktop/ROS2_Final_Project/kobuki_ws/build/interfaces' returned '0': CMAKE_PREFIX_PATH=${CMAKE_PREFIX_PATH}:/opt/ros/jazzy DEBUGINFOD_URLS=https://debuginfod.ubuntu.com /usr/bin/cmake --build /home/abdulrafi/Desktop/ROS2_Final_Project/kobuki_ws/build/interfaces -- -j4 -l4
[1.906s] Invoking command in '/home/abdulrafi/Desktop/ROS2_Final_Project/kobuki_ws/build/interfaces': CMAKE_PREFIX_PATH=${CMAKE_PREFIX_PATH}:/opt/ros/jazzy DEBUGINFOD_URLS=https://debuginfod.ubuntu.com /usr/bin/cmake --install /home/abdulrafi/Desktop/ROS2_Final_Project/kobuki_ws/build/interfaces
[1.932s] -- Install configuration: ""
[1.932s] -- Up-to-date: /home/abdulrafi/Desktop/ROS2_Final_Project/kobuki_ws/install/interfaces/share/ament_index/resource_index/rosidl_interfaces/interfaces
[1.932s] -- Up-to-date: /home/abdulrafi/Desktop/ROS2_Final_Project/kobuki_ws/install/interfaces/share/interfaces/msg/Position.json
[1.932s] -- Up-to-date: /home/abdulrafi/Desktop/ROS2_Final_Project/kobuki_ws/install/interfaces/share/interfaces/srv/GetLastPositions.json
[1.932s] -- Up-to-date: /home/abdulrafi/Desktop/ROS2_Final_Project/kobuki_ws/install/interfaces/share/interfaces/action/Navigation.json
[1.932s] -- Up-to-date: /home/abdulrafi/Desktop/ROS2_Final_Project/kobuki_ws/install/interfaces/include/interfaces/interfaces
[1.932s] -- Up-to-date: /home/abdulrafi/Desktop/ROS2_Final_Project/kobuki_ws/install/interfaces/include/interfaces/interfaces/msg
[1.932s] -- Up-to-date: /home/abdulrafi/Desktop/ROS2_Final_Project/kobuki_ws/install/interfaces/include/interfaces/interfaces/msg/position.h
[1.933s] -- Up-to-date: /home/abdulrafi/Desktop/ROS2_Final_Project/kobuki_ws/install/interfaces/include/interfaces/interfaces/msg/rosidl_generator_c__visibility_control.h
[1.933s] -- Up-to-date: /home/abdulrafi/Desktop/ROS2_Final_Project/kobuki_ws/install/interfaces/include/interfaces/interfaces/msg/detail
[1.933s] -- Installing: /home/abdulrafi/Desktop/ROS2_Final_Project/kobuki_ws/install/interfaces/include/interfaces/interfaces/msg/detail/position__type_support.c
[1.940s] -- Up-to-date: /home/abdulrafi/Desktop/ROS2_Final_Project/kobuki_ws/install/interfaces/include/interfaces/interfaces/msg/detail/position__type_support.h
[1.940s] -- Up-to-date: /home/abdulrafi/Desktop/ROS2_Final_Project/kobuki_ws/install/interfaces/include/interfaces/interfaces/msg/detail/position__struct.h
[1.941s] -- Up-to-date: /home/abdulrafi/Desktop/ROS2_Final_Project/kobuki_ws/install/interfaces/include/interfaces/interfaces/msg/detail/position__description.c
[1.941s] -- Up-to-date: /home/abdulrafi/Desktop/ROS2_Final_Project/kobuki_ws/install/interfaces/include/interfaces/interfaces/msg/detail/position__functions.h
[1.946s] -- Up-to-date: /home/abdulrafi/Desktop/ROS2_Final_Project/kobuki_ws/install/interfaces/include/interfaces/interfaces/msg/detail/position__functions.c
[1.946s] -- Up-to-date: /home/abdulrafi/Desktop/ROS2_Final_Project/kobuki_ws/install/interfaces/include/interfaces/interfaces/srv
[1.946s] -- Up-to-date: /home/abdulrafi/Desktop/ROS2_Final_Project/kobuki_ws/install/interfaces/include/interfaces/interfaces/srv/get_last_positions.h
[1.950s] -- Up-to-date: /home/abdulrafi/Desktop/ROS2_Final_Project/kobuki_ws/install/interfaces/include/interfaces/interfaces/srv/detail
[1.950s] -- Up-to-date: /home/abdulrafi/Desktop/ROS2_Final_Project/kobuki_ws/install/interfaces/include/interfaces/interfaces/srv/detail/get_last_positions__description.c
[1.950s] -- Up-to-date: /home/abdulrafi/Desktop/ROS2_Final_Project/kobuki_ws/install/interfaces/include/interfaces/interfaces/srv/detail/get_last_positions__functions.h
[1.951s] -- Installing: /home/abdulrafi/Desktop/ROS2_Final_Project/kobuki_ws/install/interfaces/include/interfaces/interfaces/srv/detail/get_last_positions__type_support.c
[1.951s] -- Up-to-date: /home/abdulrafi/Desktop/ROS2_Final_Project/kobuki_ws/install/interfaces/include/interfaces/interfaces/srv/detail/get_last_positions__functions.c
[1.952s] -- Up-to-date: /home/abdulrafi/Desktop/ROS2_Final_Project/kobuki_ws/install/interfaces/include/interfaces/interfaces/srv/detail/get_last_positions__struct.h
[1.952s] -- Up-to-date: /home/abdulrafi/Desktop/ROS2_Final_Project/kobuki_ws/install/interfaces/include/interfaces/interfaces/srv/detail/get_last_positions__type_support.h
[1.952s] -- Up-to-date: /home/abdulrafi/Desktop/ROS2_Final_Project/kobuki_ws/install/interfaces/include/interfaces/interfaces/action
[1.952s] -- Up-to-date: /home/abdulrafi/Desktop/ROS2_Final_Project/kobuki_ws/install/interfaces/include/interfaces/interfaces/action/navigation.h
[1.953s] -- Up-to-date: /home/abdulrafi/Desktop/ROS2_Final_Project/kobuki_ws/install/interfaces/include/interfaces/interfaces/action/detail
[1.953s] -- Up-to-date: /home/abdulrafi/Desktop/ROS2_Final_Project/kobuki_ws/install/interfaces/include/interfaces/interfaces/action/detail/navigation__functions.c
[1.953s] -- Up-to-date: /home/abdulrafi/Desktop/ROS2_Final_Project/kobuki_ws/install/interfaces/include/interfaces/interfaces/action/detail/navigation__functions.h
[1.953s] -- Up-to-date: /home/abdulrafi/Desktop/ROS2_Final_Project/kobuki_ws/install/interfaces/include/interfaces/interfaces/action/detail/navigation__struct.h
[1.953s] -- Installing: /home/abdulrafi/Desktop/ROS2_Final_Project/kobuki_ws/install/interfaces/include/interfaces/interfaces/action/detail/navigation__type_support.c
[1.958s] -- Up-to-date: /home/abdulrafi/Desktop/ROS2_Final_Project/kobuki_ws/install/interfaces/include/interfaces/interfaces/action/detail/navigation__description.c
[1.961s] -- Up-to-date: /home/abdulrafi/Desktop/ROS2_Final_Project/kobuki_ws/install/interfaces/include/interfaces/interfaces/action/detail/navigation__type_support.h
[1.961s] -- Up-to-date: /home/abdulrafi/Desktop/ROS2_Final_Project/kobuki_ws/install/interfaces/share/interfaces/environment/library_path.sh
[1.961s] -- Up-to-date: /home/abdulrafi/Desktop/ROS2_Final_Project/kobuki_ws/install/interfaces/share/interfaces/environment/library_path.dsv
[1.962s] -- Up-to-date: /home/abdulrafi/Desktop/ROS2_Final_Project/kobuki_ws/install/interfaces/lib/libinterfaces__rosidl_generator_c.so
[1.962s] -- Up-to-date: /home/abdulrafi/Desktop/ROS2_Final_Project/kobuki_ws/install/interfaces/include/interfaces/interfaces
[1.962s] -- Up-to-date: /home/abdulrafi/Desktop/ROS2_Final_Project/kobuki_ws/install/interfaces/include/interfaces/interfaces/msg
[1.967s] -- Up-to-date: /home/abdulrafi/Desktop/ROS2_Final_Project/kobuki_ws/install/interfaces/include/interfaces/interfaces/msg/rosidl_typesupport_fastrtps_c__visibility_control.h
[1.967s] -- Up-to-date: /home/abdulrafi/Desktop/ROS2_Final_Project/kobuki_ws/install/interfaces/include/interfaces/interfaces/msg/detail
[1.968s] -- Up-to-date: /home/abdulrafi/Desktop/ROS2_Final_Project/kobuki_ws/install/interfaces/include/interfaces/interfaces/msg/detail/position__rosidl_typesupport_fastrtps_c.h
[1.971s] -- Up-to-date: /home/abdulrafi/Desktop/ROS2_Final_Project/kobuki_ws/install/interfaces/include/interfaces/interfaces/srv
[1.971s] -- Up-to-date: /home/abdulrafi/Desktop/ROS2_Final_Project/kobuki_ws/install/interfaces/include/interfaces/interfaces/srv/detail
[1.971s] -- Up-to-date: /home/abdulrafi/Desktop/ROS2_Final_Project/kobuki_ws/install/interfaces/include/interfaces/interfaces/srv/detail/get_last_positions__rosidl_typesupport_fastrtps_c.h
[1.972s] -- Up-to-date: /home/abdulrafi/Desktop/ROS2_Final_Project/kobuki_ws/install/interfaces/include/interfaces/interfaces/action
[1.973s] -- Up-to-date: /home/abdulrafi/Desktop/ROS2_Final_Project/kobuki_ws/install/interfaces/include/interfaces/interfaces/action/detail
[1.973s] -- Up-to-date: /home/abdulrafi/Desktop/ROS2_Final_Project/kobuki_ws/install/interfaces/include/interfaces/interfaces/action/detail/navigation__rosidl_typesupport_fastrtps_c.h
[1.976s] -- Up-to-date: /home/abdulrafi/Desktop/ROS2_Final_Project/kobuki_ws/install/interfaces/lib/libinterfaces__rosidl_typesupport_fastrtps_c.so
[1.976s] -- Up-to-date: /home/abdulrafi/Desktop/ROS2_Final_Project/kobuki_ws/install/interfaces/include/interfaces/interfaces
[1.976s] -- Up-to-date: /home/abdulrafi/Desktop/ROS2_Final_Project/kobuki_ws/install/interfaces/include/interfaces/interfaces/msg
[1.979s] -- Up-to-date: /home/abdulrafi/Desktop/ROS2_Final_Project/kobuki_ws/install/interfaces/include/interfaces/interfaces/msg/rosidl_typesupport_introspection_c__visibility_control.h
[1.979s] -- Up-to-date: /home/abdulrafi/Desktop/ROS2_Final_Project/kobuki_ws/install/interfaces/include/interfaces/interfaces/msg/detail
[1.979s] -- Installing: /home/abdulrafi/Desktop/ROS2_Final_Project/kobuki_ws/install/interfaces/include/interfaces/interfaces/msg/detail/position__type_support.c
[1.984s] -- Up-to-date: /home/abdulrafi/Desktop/ROS2_Final_Project/kobuki_ws/install/interfaces/include/interfaces/interfaces/msg/detail/position__rosidl_typesupport_introspection_c.h
[1.985s] -- Up-to-date: /home/abdulrafi/Desktop/ROS2_Final_Project/kobuki_ws/install/interfaces/include/interfaces/interfaces/srv
[1.985s] -- Up-to-date: /home/abdulrafi/Desktop/ROS2_Final_Project/kobuki_ws/install/interfaces/include/interfaces/interfaces/srv/detail
[1.985s] -- Installing: /home/abdulrafi/Desktop/ROS2_Final_Project/kobuki_ws/install/interfaces/include/interfaces/interfaces/srv/detail/get_last_positions__type_support.c
[1.988s] -- Up-to-date: /home/abdulrafi/Desktop/ROS2_Final_Project/kobuki_ws/install/interfaces/include/interfaces/interfaces/srv/detail/get_last_positions__rosidl_typesupport_introspection_c.h
[1.988s] -- Up-to-date: /home/abdulrafi/Desktop/ROS2_Final_Project/kobuki_ws/install/interfaces/include/interfaces/interfaces/action
[1.988s] -- Up-to-date: /home/abdulrafi/Desktop/ROS2_Final_Project/kobuki_ws/install/interfaces/include/interfaces/interfaces/action/detail
[1.988s] -- Up-to-date: /home/abdulrafi/Desktop/ROS2_Final_Project/kobuki_ws/install/interfaces/include/interfaces/interfaces/action/detail/navigation__rosidl_typesupport_introspection_c.h
[1.989s] -- Installing: /home/abdulrafi/Desktop/ROS2_Final_Project/kobuki_ws/install/interfaces/include/interfaces/interfaces/action/detail/navigation__type_support.c
[1.990s] -- Up-to-date: /home/abdulrafi/Desktop/ROS2_Final_Project/kobuki_ws/install/interfaces/lib/libinterfaces__rosidl_typesupport_introspection_c.so
[2.001s] -- Up-to-date: /home/abdulrafi/Desktop/ROS2_Final_Project/kobuki_ws/install/interfaces/lib/libinterfaces__rosidl_typesupport_c.so
[2.004s] -- Up-to-date: /home/abdulrafi/Desktop/ROS2_Final_Project/kobuki_ws/install/interfaces/include/interfaces/interfaces
[2.004s] -- Up-to-date: /home/abdulrafi/Desktop/ROS2_Final_Project/kobuki_ws/install/interfaces/include/interfaces/interfaces/msg
[2.004s] -- Up-to-date: /home/abdulrafi/Desktop/ROS2_Final_Project/kobuki_ws/install/interfaces/include/interfaces/interfaces/msg/rosidl_generator_cpp__visibility_control.hpp
[2.004s] -- Up-to-date: /home/abdulrafi/Desktop/ROS2_Final_Project/kobuki_ws/install/interfaces/include/interfaces/interfaces/msg/detail
[2.009s] -- Up-to-date: /home/abdulrafi/Desktop/ROS2_Final_Project/kobuki_ws/install/interfaces/include/interfaces/interfaces/msg/detail/position__traits.hpp
[2.011s] -- Up-to-date: /home/abdulrafi/Desktop/ROS2_Final_Project/kobuki_ws/install/interfaces/include/interfaces/interfaces/msg/detail/position__builder.hpp
[2.012s] -- Up-to-date: /home/abdulrafi/Desktop/ROS2_Final_Project/kobuki_ws/install/interfaces/include/interfaces/interfaces/msg/detail/position__struct.hpp
[2.012s] -- Up-to-date: /home/abdulrafi/Desktop/ROS2_Final_Project/kobuki_ws/install/interfaces/include/interfaces/interfaces/msg/detail/position__type_support.hpp
[2.012s] -- Up-to-date: /home/abdulrafi/Desktop/ROS2_Final_Project/kobuki_ws/install/interfaces/include/interfaces/interfaces/msg/position.hpp
[2.017s] -- Up-to-date: /home/abdulrafi/Desktop/ROS2_Final_Project/kobuki_ws/install/interfaces/include/interfaces/interfaces/srv
[2.020s] -- Up-to-date: /home/abdulrafi/Desktop/ROS2_Final_Project/kobuki_ws/install/interfaces/include/interfaces/interfaces/srv/detail
[2.020s] -- Up-to-date: /home/abdulrafi/Desktop/ROS2_Final_Project/kobuki_ws/install/interfaces/include/interfaces/interfaces/srv/detail/get_last_positions__builder.hpp
[2.025s] -- Up-to-date: /home/abdulrafi/Desktop/ROS2_Final_Project/kobuki_ws/install/interfaces/include/interfaces/interfaces/srv/detail/get_last_positions__struct.hpp
[2.025s] -- Up-to-date: /home/abdulrafi/Desktop/ROS2_Final_Project/kobuki_ws/install/interfaces/include/interfaces/interfaces/srv/detail/get_last_positions__type_support.hpp
[2.025s] -- Up-to-date: /home/abdulrafi/Desktop/ROS2_Final_Project/kobuki_ws/install/interfaces/include/interfaces/interfaces/srv/detail/get_last_positions__traits.hpp
[2.029s] -- Up-to-date: /home/abdulrafi/Desktop/ROS2_Final_Project/kobuki_ws/install/interfaces/include/interfaces/interfaces/srv/get_last_positions.hpp
[2.030s] -- Up-to-date: /home/abdulrafi/Desktop/ROS2_Final_Project/kobuki_ws/install/interfaces/include/interfaces/interfaces/action
[2.030s] -- Up-to-date: /home/abdulrafi/Desktop/ROS2_Final_Project/kobuki_ws/install/interfaces/include/interfaces/interfaces/action/navigation.hpp
[2.030s] -- Up-to-date: /home/abdulrafi/Desktop/ROS2_Final_Project/kobuki_ws/install/interfaces/include/interfaces/interfaces/action/detail
[2.030s] -- Up-to-date: /home/abdulrafi/Desktop/ROS2_Final_Project/kobuki_ws/install/interfaces/include/interfaces/interfaces/action/detail/navigation__builder.hpp
[2.031s] -- Up-to-date: /home/abdulrafi/Desktop/ROS2_Final_Project/kobuki_ws/install/interfaces/include/interfaces/interfaces/action/detail/navigation__type_support.hpp
[2.031s] -- Up-to-date: /home/abdulrafi/Desktop/ROS2_Final_Project/kobuki_ws/install/interfaces/include/interfaces/interfaces/action/detail/navigation__traits.hpp
[2.031s] -- Up-to-date: /home/abdulrafi/Desktop/ROS2_Final_Project/kobuki_ws/install/interfaces/include/interfaces/interfaces/action/detail/navigation__struct.hpp
[2.031s] -- Up-to-date: /home/abdulrafi/Desktop/ROS2_Final_Project/kobuki_ws/install/interfaces/include/interfaces/interfaces
[2.039s] -- Up-to-date: /home/abdulrafi/Desktop/ROS2_Final_Project/kobuki_ws/install/interfaces/include/interfaces/interfaces/msg
[2.039s] -- Up-to-date: /home/abdulrafi/Desktop/ROS2_Final_Project/kobuki_ws/install/interfaces/include/interfaces/interfaces/msg/rosidl_typesupport_fastrtps_cpp__visibility_control.h
[2.040s] -- Up-to-date: /home/abdulrafi/Desktop/ROS2_Final_Project/kobuki_ws/install/interfaces/include/interfaces/interfaces/msg/detail
[2.040s] -- Up-to-date: /home/abdulrafi/Desktop/ROS2_Final_Project/kobuki_ws/install/interfaces/include/interfaces/interfaces/msg/detail/dds_fastrtps
[2.040s] -- Up-to-date: /home/abdulrafi/Desktop/ROS2_Final_Project/kobuki_ws/install/interfaces/include/interfaces/interfaces/msg/detail/position__rosidl_typesupport_fastrtps_cpp.hpp
[2.040s] -- Up-to-date: /home/abdulrafi/Desktop/ROS2_Final_Project/kobuki_ws/install/interfaces/include/interfaces/interfaces/srv
[2.040s] -- Up-to-date: /home/abdulrafi/Desktop/ROS2_Final_Project/kobuki_ws/install/interfaces/include/interfaces/interfaces/srv/detail
[2.040s] -- Up-to-date: /home/abdulrafi/Desktop/ROS2_Final_Project/kobuki_ws/install/interfaces/include/interfaces/interfaces/srv/detail/get_last_positions__rosidl_typesupport_fastrtps_cpp.hpp
[2.040s] -- Up-to-date: /home/abdulrafi/Desktop/ROS2_Final_Project/kobuki_ws/install/interfaces/include/interfaces/interfaces/srv/detail/dds_fastrtps
[2.040s] -- Up-to-date: /home/abdulrafi/Desktop/ROS2_Final_Project/kobuki_ws/install/interfaces/include/interfaces/interfaces/action
[2.040s] -- Up-to-date: /home/abdulrafi/Desktop/ROS2_Final_Project/kobuki_ws/install/interfaces/include/interfaces/interfaces/action/detail
[2.046s] -- Up-to-date: /home/abdulrafi/Desktop/ROS2_Final_Project/kobuki_ws/install/interfaces/include/interfaces/interfaces/action/detail/navigation__rosidl_typesupport_fastrtps_cpp.hpp
[2.046s] -- Up-to-date: /home/abdulrafi/Desktop/ROS2_Final_Project/kobuki_ws/install/interfaces/include/interfaces/interfaces/action/detail/dds_fastrtps
[2.046s] -- Up-to-date: /home/abdulrafi/Desktop/ROS2_Final_Project/kobuki_ws/install/interfaces/lib/libinterfaces__rosidl_typesupport_fastrtps_cpp.so
[2.046s] -- Up-to-date: /home/abdulrafi/Desktop/ROS2_Final_Project/kobuki_ws/install/interfaces/include/interfaces/interfaces
[2.046s] -- Up-to-date: /home/abdulrafi/Desktop/ROS2_Final_Project/kobuki_ws/install/interfaces/include/interfaces/interfaces/msg
[2.047s] -- Up-to-date: /home/abdulrafi/Desktop/ROS2_Final_Project/kobuki_ws/install/interfaces/include/interfaces/interfaces/msg/detail
[2.047s] -- Up-to-date: /home/abdulrafi/Desktop/ROS2_Final_Project/kobuki_ws/install/interfaces/include/interfaces/interfaces/msg/detail/position__rosidl_typesupport_introspection_cpp.hpp
[2.048s] -- Up-to-date: /home/abdulrafi/Desktop/ROS2_Final_Project/kobuki_ws/install/interfaces/include/interfaces/interfaces/msg/detail/position__type_support.cpp
[2.048s] -- Up-to-date: /home/abdulrafi/Desktop/ROS2_Final_Project/kobuki_ws/install/interfaces/include/interfaces/interfaces/srv
[2.048s] -- Up-to-date: /home/abdulrafi/Desktop/ROS2_Final_Project/kobuki_ws/install/interfaces/include/interfaces/interfaces/srv/detail
[2.048s] -- Up-to-date: /home/abdulrafi/Desktop/ROS2_Final_Project/kobuki_ws/install/interfaces/include/interfaces/interfaces/srv/detail/get_last_positions__rosidl_typesupport_introspection_cpp.hpp
[2.048s] -- Up-to-date: /home/abdulrafi/Desktop/ROS2_Final_Project/kobuki_ws/install/interfaces/include/interfaces/interfaces/srv/detail/get_last_positions__type_support.cpp
[2.049s] -- Up-to-date: /home/abdulrafi/Desktop/ROS2_Final_Project/kobuki_ws/install/interfaces/include/interfaces/interfaces/action
[2.049s] -- Up-to-date: /home/abdulrafi/Desktop/ROS2_Final_Project/kobuki_ws/install/interfaces/include/interfaces/interfaces/action/detail
[2.049s] -- Up-to-date: /home/abdulrafi/Desktop/ROS2_Final_Project/kobuki_ws/install/interfaces/include/interfaces/interfaces/action/detail/navigation__type_support.cpp
[2.049s] -- Up-to-date: /home/abdulrafi/Desktop/ROS2_Final_Project/kobuki_ws/install/interfaces/include/interfaces/interfaces/action/detail/navigation__rosidl_typesupport_introspection_cpp.hpp
[2.056s] -- Up-to-date: /home/abdulrafi/Desktop/ROS2_Final_Project/kobuki_ws/install/interfaces/lib/libinterfaces__rosidl_typesupport_introspection_cpp.so
[2.056s] -- Up-to-date: /home/abdulrafi/Desktop/ROS2_Final_Project/kobuki_ws/install/interfaces/lib/libinterfaces__rosidl_typesupport_cpp.so
[2.056s] -- Up-to-date: /home/abdulrafi/Desktop/ROS2_Final_Project/kobuki_ws/install/interfaces/share/interfaces/environment/pythonpath.sh
[2.056s] -- Up-to-date: /home/abdulrafi/Desktop/ROS2_Final_Project/kobuki_ws/install/interfaces/share/interfaces/environment/pythonpath.dsv
[2.058s] -- Up-to-date: /home/abdulrafi/Desktop/ROS2_Final_Project/kobuki_ws/install/interfaces/lib/python3.12/site-packages/interfaces-0.0.0-py3.12.egg-info
[2.061s] -- Installing: /home/abdulrafi/Desktop/ROS2_Final_Project/kobuki_ws/install/interfaces/lib/python3.12/site-packages/interfaces-0.0.0-py3.12.egg-info/top_level.txt
[2.061s] -- Installing: /home/abdulrafi/Desktop/ROS2_Final_Project/kobuki_ws/install/interfaces/lib/python3.12/site-packages/interfaces-0.0.0-py3.12.egg-info/PKG-INFO
[2.061s] -- Installing: /home/abdulrafi/Desktop/ROS2_Final_Project/kobuki_ws/install/interfaces/lib/python3.12/site-packages/interfaces-0.0.0-py3.12.egg-info/SOURCES.txt
[2.061s] -- Installing: /home/abdulrafi/Desktop/ROS2_Final_Project/kobuki_ws/install/interfaces/lib/python3.12/site-packages/interfaces-0.0.0-py3.12.egg-info/dependency_links.txt
[2.061s] -- Up-to-date: /home/abdulrafi/Desktop/ROS2_Final_Project/kobuki_ws/install/interfaces/lib/python3.12/site-packages/interfaces
[2.065s] -- Up-to-date: /home/abdulrafi/Desktop/ROS2_Final_Project/kobuki_ws/install/interfaces/lib/python3.12/site-packages/interfaces/msg
[2.065s] -- Up-to-date: /home/abdulrafi/Desktop/ROS2_Final_Project/kobuki_ws/install/interfaces/lib/python3.12/site-packages/interfaces/msg/_position_s.c
[2.065s] -- Up-to-date: /home/abdulrafi/Desktop/ROS2_Final_Project/kobuki_ws/install/interfaces/lib/python3.12/site-packages/interfaces/msg/__init__.py
[2.066s] -- Up-to-date: /home/abdulrafi/Desktop/ROS2_Final_Project/kobuki_ws/install/interfaces/lib/python3.12/site-packages/interfaces/msg/_position.py
[2.066s] -- Up-to-date: /home/abdulrafi/Desktop/ROS2_Final_Project/kobuki_ws/install/interfaces/lib/python3.12/site-packages/interfaces/__init__.py
[2.066s] -- Up-to-date: /home/abdulrafi/Desktop/ROS2_Final_Project/kobuki_ws/install/interfaces/lib/python3.12/site-packages/interfaces/interfaces_s__rosidl_typesupport_c.so
[2.066s] -- Up-to-date: /home/abdulrafi/Desktop/ROS2_Final_Project/kobuki_ws/install/interfaces/lib/python3.12/site-packages/interfaces/interfaces_s__rosidl_typesupport_fastrtps_c.so
[2.066s] -- Up-to-date: /home/abdulrafi/Desktop/ROS2_Final_Project/kobuki_ws/install/interfaces/lib/python3.12/site-packages/interfaces/srv
[2.066s] -- Up-to-date: /home/abdulrafi/Desktop/ROS2_Final_Project/kobuki_ws/install/interfaces/lib/python3.12/site-packages/interfaces/srv/__init__.py
[2.066s] -- Up-to-date: /home/abdulrafi/Desktop/ROS2_Final_Project/kobuki_ws/install/interfaces/lib/python3.12/site-packages/interfaces/srv/_get_last_positions.py
[2.066s] -- Up-to-date: /home/abdulrafi/Desktop/ROS2_Final_Project/kobuki_ws/install/interfaces/lib/python3.12/site-packages/interfaces/srv/_get_last_positions_s.c
[2.066s] -- Up-to-date: /home/abdulrafi/Desktop/ROS2_Final_Project/kobuki_ws/install/interfaces/lib/python3.12/site-packages/interfaces/_interfaces_s.ep.rosidl_typesupport_introspection_c.c
[2.067s] -- Up-to-date: /home/abdulrafi/Desktop/ROS2_Final_Project/kobuki_ws/install/interfaces/lib/python3.12/site-packages/interfaces/_interfaces_s.ep.rosidl_typesupport_fastrtps_c.c
[2.067s] -- Up-to-date: /home/abdulrafi/Desktop/ROS2_Final_Project/kobuki_ws/install/interfaces/lib/python3.12/site-packages/interfaces/interfaces_s__rosidl_typesupport_introspection_c.so
[2.067s] -- Up-to-date: /home/abdulrafi/Desktop/ROS2_Final_Project/kobuki_ws/install/interfaces/lib/python3.12/site-packages/interfaces/action
[2.067s] -- Up-to-date: /home/abdulrafi/Desktop/ROS2_Final_Project/kobuki_ws/install/interfaces/lib/python3.12/site-packages/interfaces/action/_navigation.py
[2.067s] -- Up-to-date: /home/abdulrafi/Desktop/ROS2_Final_Project/kobuki_ws/install/interfaces/lib/python3.12/site-packages/interfaces/action/__init__.py
[2.067s] -- Up-to-date: /home/abdulrafi/Desktop/ROS2_Final_Project/kobuki_ws/install/interfaces/lib/python3.12/site-packages/interfaces/action/_navigation_s.c
[2.067s] -- Up-to-date: /home/abdulrafi/Desktop/ROS2_Final_Project/kobuki_ws/install/interfaces/lib/python3.12/site-packages/interfaces/_interfaces_s.ep.rosidl_typesupport_c.c
[2.147s] Listing '/home/abdulrafi/Desktop/ROS2_Final_Project/kobuki_ws/install/interfaces/lib/python3.12/site-packages/interfaces'...
[2.147s] Listing '/home/abdulrafi/Desktop/ROS2_Final_Project/kobuki_ws/install/interfaces/lib/python3.12/site-packages/interfaces/action'...
[2.147s] Listing '/home/abdulrafi/Desktop/ROS2_Final_Project/kobuki_ws/install/interfaces/lib/python3.12/site-packages/interfaces/msg'...
[2.151s] Listing '/home/abdulrafi/Desktop/ROS2_Final_Project/kobuki_ws/install/interfaces/lib/python3.12/site-packages/interfaces/srv'...
[2.204s] -- Up-to-date: /home/abdulrafi/Desktop/ROS2_Final_Project/kobuki_ws/install/interfaces/lib/python3.12/site-packages/interfaces/interfaces_s__rosidl_typesupport_fastrtps_c.so
[2.206s] -- Up-to-date: /home/abdulrafi/Desktop/ROS2_Final_Project/kobuki_ws/install/interfaces/lib/python3.12/site-packages/interfaces/interfaces_s__rosidl_typesupport_introspection_c.so
[2.215s] -- Up-to-date: /home/abdulrafi/Desktop/ROS2_Final_Project/kobuki_ws/install/interfaces/lib/python3.12/site-packages/interfaces/interfaces_s__rosidl_typesupport_c.so
[2.225s] -- Up-to-date: /home/abdulrafi/Desktop/ROS2_Final_Project/kobuki_ws/install/interfaces/lib/libinterfaces__rosidl_generator_py.so
[2.226s] -- Up-to-date: /home/abdulrafi/Desktop/ROS2_Final_Project/kobuki_ws/install/interfaces/share/ament_index/resource_index/rust_packages/interfaces
[2.226s] -- Up-to-date: /home/abdulrafi/Desktop/ROS2_Final_Project/kobuki_ws/install/interfaces/share/interfaces/rust
[2.226s] -- Up-to-date: /home/abdulrafi/Desktop/ROS2_Final_Project/kobuki_ws/install/interfaces/share/interfaces/rust/build.rs
[2.226s] -- Up-to-date: /home/abdulrafi/Desktop/ROS2_Final_Project/kobuki_ws/install/interfaces/share/interfaces/rust/src
[2.235s] -- Up-to-date: /home/abdulrafi/Desktop/ROS2_Final_Project/kobuki_ws/install/interfaces/share/interfaces/rust/src/msg
[2.235s] -- Up-to-date: /home/abdulrafi/Desktop/ROS2_Final_Project/kobuki_ws/install/interfaces/share/interfaces/rust/src/msg/rmw.rs
[2.235s] -- Up-to-date: /home/abdulrafi/Desktop/ROS2_Final_Project/kobuki_ws/install/interfaces/share/interfaces/rust/src/action.rs
[2.236s] -- Up-to-date: /home/abdulrafi/Desktop/ROS2_Final_Project/kobuki_ws/install/interfaces/share/interfaces/rust/src/lib.rs
[2.236s] -- Up-to-date: /home/abdulrafi/Desktop/ROS2_Final_Project/kobuki_ws/install/interfaces/share/interfaces/rust/src/srv
[2.237s] -- Up-to-date: /home/abdulrafi/Desktop/ROS2_Final_Project/kobuki_ws/install/interfaces/share/interfaces/rust/src/srv/rmw.rs
[2.242s] -- Up-to-date: /home/abdulrafi/Desktop/ROS2_Final_Project/kobuki_ws/install/interfaces/share/interfaces/rust/src/srv.rs
[2.242s] -- Up-to-date: /home/abdulrafi/Desktop/ROS2_Final_Project/kobuki_ws/install/interfaces/share/interfaces/rust/src/msg.rs
[2.242s] -- Up-to-date: /home/abdulrafi/Desktop/ROS2_Final_Project/kobuki_ws/install/interfaces/share/interfaces/rust/src/action
[2.243s] -- Up-to-date: /home/abdulrafi/Desktop/ROS2_Final_Project/kobuki_ws/install/interfaces/share/interfaces/rust/src/action/rmw.rs
[2.243s] -- Up-to-date: /home/abdulrafi/Desktop/ROS2_Final_Project/kobuki_ws/install/interfaces/share/interfaces/rust/Cargo.toml
[2.243s] -- Up-to-date: /home/abdulrafi/Desktop/ROS2_Final_Project/kobuki_ws/install/interfaces/share/interfaces/msg/Position.idl
[2.245s] -- Up-to-date: /home/abdulrafi/Desktop/ROS2_Final_Project/kobuki_ws/install/interfaces/share/interfaces/srv/GetLastPositions.idl
[2.245s] -- Up-to-date: /home/abdulrafi/Desktop/ROS2_Final_Project/kobuki_ws/install/interfaces/share/interfaces/action/Navigation.idl
[2.245s] -- Up-to-date: /home/abdulrafi/Desktop/ROS2_Final_Project/kobuki_ws/install/interfaces/share/interfaces/msg/Position.msg
[2.251s] -- Up-to-date: /home/abdulrafi/Desktop/ROS2_Final_Project/kobuki_ws/install/interfaces/share/interfaces/srv/GetLastPositions.srv
[2.251s] -- Up-to-date: /home/abdulrafi/Desktop/ROS2_Final_Project/kobuki_ws/install/interfaces/share/interfaces/action/Navigation.action
[2.255s] -- Up-to-date: /home/abdulrafi/Desktop/ROS2_Final_Project/kobuki_ws/install/interfaces/share/ament_index/resource_index/package_run_dependencies/interfaces
[2.255s] -- Up-to-date: /home/abdulrafi/Desktop/ROS2_Final_Project/kobuki_ws/install/interfaces/share/ament_index/resource_index/parent_prefix_path/interfaces
[2.255s] -- Up-to-date: /home/abdulrafi/Desktop/ROS2_Final_Project/kobuki_ws/install/interfaces/share/interfaces/environment/ament_prefix_path.sh
[2.256s] -- Up-to-date: /home/abdulrafi/Desktop/ROS2_Final_Project/kobuki_ws/install/interfaces/share/interfaces/environment/ament_prefix_path.dsv
[2.256s] -- Up-to-date: /home/abdulrafi/Desktop/ROS2_Final_Project/kobuki_ws/install/interfaces/share/interfaces/environment/path.sh
[2.256s] -- Up-to-date: /home/abdulrafi/Desktop/ROS2_Final_Project/kobuki_ws/install/interfaces/share/interfaces/environment/path.dsv
[2.256s] -- Up-to-date: /home/abdulrafi/Desktop/ROS2_Final_Project/kobuki_ws/install/interfaces/share/interfaces/local_setup.bash
[2.265s] -- Up-to-date: /home/abdulrafi/Desktop/ROS2_Final_Project/kobuki_ws/install/interfaces/share/interfaces/local_setup.sh
[2.265s] -- Up-to-date: /home/abdulrafi/Desktop/ROS2_Final_Project/kobuki_ws/install/interfaces/share/interfaces/local_setup.zsh
[2.265s] -- Up-to-date: /home/abdulrafi/Desktop/ROS2_Final_Project/kobuki_ws/install/interfaces/share/interfaces/local_setup.dsv
[2.266s] -- Installing: /home/abdulrafi/Desktop/ROS2_Final_Project/kobuki_ws/install/interfaces/share/interfaces/package.dsv
[2.266s] -- Up-to-date: /home/abdulrafi/Desktop/ROS2_Final_Project/kobuki_ws/install/interfaces/share/ament_index/resource_index/packages/interfaces
[2.266s] -- Up-to-date: /home/abdulrafi/Desktop/ROS2_Final_Project/kobuki_ws/install/interfaces/share/interfaces/cmake/export_interfaces__rosidl_generator_cExport.cmake
[2.266s] -- Up-to-date: /home/abdulrafi/Desktop/ROS2_Final_Project/kobuki_ws/install/interfaces/share/interfaces/cmake/export_interfaces__rosidl_generator_cExport-noconfig.cmake
[2.271s] -- Up-to-date: /home/abdulrafi/Desktop/ROS2_Final_Project/kobuki_ws/install/interfaces/share/interfaces/cmake/export_interfaces__rosidl_typesupport_fastrtps_cExport.cmake
[2.271s] -- Up-to-date: /home/abdulrafi/Desktop/ROS2_Final_Project/kobuki_ws/install/interfaces/share/interfaces/cmake/export_interfaces__rosidl_typesupport_fastrtps_cExport-noconfig.cmake
[2.272s] -- Up-to-date: /home/abdulrafi/Desktop/ROS2_Final_Project/kobuki_ws/install/interfaces/share/interfaces/cmake/interfaces__rosidl_typesupport_introspection_cExport.cmake
[2.272s] -- Up-to-date: /home/abdulrafi/Desktop/ROS2_Final_Project/kobuki_ws/install/interfaces/share/interfaces/cmake/interfaces__rosidl_typesupport_introspection_cExport-noconfig.cmake
[2.275s] -- Up-to-date: /home/abdulrafi/Desktop/ROS2_Final_Project/kobuki_ws/install/interfaces/share/interfaces/cmake/interfaces__rosidl_typesupport_cExport.cmake
[2.276s] -- Up-to-date: /home/abdulrafi/Desktop/ROS2_Final_Project/kobuki_ws/install/interfaces/share/interfaces/cmake/interfaces__rosidl_typesupport_cExport-noconfig.cmake
[2.289s] -- Up-to-date: /home/abdulrafi/Desktop/ROS2_Final_Project/kobuki_ws/install/interfaces/share/interfaces/cmake/export_interfaces__rosidl_generator_cppExport.cmake
[2.297s] -- Up-to-date: /home/abdulrafi/Desktop/ROS2_Final_Project/kobuki_ws/install/interfaces/share/interfaces/cmake/export_interfaces__rosidl_typesupport_fastrtps_cppExport.cmake
[2.297s] -- Up-to-date: /home/abdulrafi/Desktop/ROS2_Final_Project/kobuki_ws/install/interfaces/share/interfaces/cmake/export_interfaces__rosidl_typesupport_fastrtps_cppExport-noconfig.cmake
[2.301s] -- Up-to-date: /home/abdulrafi/Desktop/ROS2_Final_Project/kobuki_ws/install/interfaces/share/interfaces/cmake/interfaces__rosidl_typesupport_introspection_cppExport.cmake
[2.301s] -- Up-to-date: /home/abdulrafi/Desktop/ROS2_Final_Project/kobuki_ws/install/interfaces/share/interfaces/cmake/interfaces__rosidl_typesupport_introspection_cppExport-noconfig.cmake
[2.303s] -- Up-to-date: /home/abdulrafi/Desktop/ROS2_Final_Project/kobuki_ws/install/interfaces/share/interfaces/cmake/interfaces__rosidl_typesupport_cppExport.cmake
[2.304s] -- Up-to-date: /home/abdulrafi/Desktop/ROS2_Final_Project/kobuki_ws/install/interfaces/share/interfaces/cmake/interfaces__rosidl_typesupport_cppExport-noconfig.cmake
[2.314s] -- Up-to-date: /home/abdulrafi/Desktop/ROS2_Final_Project/kobuki_ws/install/interfaces/share/interfaces/cmake/export_interfaces__rosidl_generator_pyExport.cmake
[2.317s] -- Up-to-date: /home/abdulrafi/Desktop/ROS2_Final_Project/kobuki_ws/install/interfaces/share/interfaces/cmake/export_interfaces__rosidl_generator_pyExport-noconfig.cmake
[2.317s] -- Up-to-date: /home/abdulrafi/Desktop/ROS2_Final_Project/kobuki_ws/install/interfaces/share/interfaces/cmake/rosidl_cmake-extras.cmake
[2.318s] -- Up-to-date: /home/abdulrafi/Desktop/ROS2_Final_Project/kobuki_ws/install/interfaces/share/interfaces/cmake/ament_cmake_export_dependencies-extras.cmake
[2.322s] -- Up-to-date: /home/abdulrafi/Desktop/ROS2_Final_Project/kobuki_ws/install/interfaces/share/interfaces/cmake/ament_cmake_export_include_directories-extras.cmake
[2.322s] -- Up-to-date: /home/abdulrafi/Desktop/ROS2_Final_Project/kobuki_ws/install/interfaces/share/interfaces/cmake/ament_cmake_export_libraries-extras.cmake
[2.323s] -- Up-to-date: /home/abdulrafi/Desktop/ROS2_Final_Project/kobuki_ws/install/interfaces/share/interfaces/cmake/ament_cmake_export_targets-extras.cmake
[2.323s] -- Up-to-date: /home/abdulrafi/Desktop/ROS2_Final_Project/kobuki_ws/install/interfaces/share/interfaces/cmake/rosidl_cmake_export_typesupport_targets-extras.cmake
[2.323s] -- Up-to-date: /home/abdulrafi/Desktop/ROS2_Final_Project/kobuki_ws/install/interfaces/share/interfaces/cmake/rosidl_cmake_export_typesupport_libraries-extras.cmake
[2.324s] -- Up-to-date: /home/abdulrafi/Desktop/ROS2_Final_Project/kobuki_ws/install/interfaces/share/interfaces/cmake/interfacesConfig.cmake
[2.324s] -- Up-to-date: /home/abdulrafi/Desktop/ROS2_Final_Project/kobuki_ws/install/interfaces/share/interfaces/cmake/interfacesConfig-version.cmake
[2.324s] -- Up-to-date: /home/abdulrafi/Desktop/ROS2_Final_Project/kobuki_ws/install/interfaces/share/interfaces/package.xml
[2.357s] Invoked command in '/home/abdulrafi/Desktop/ROS2_Final_Project/kobuki_ws/build/interfaces' returned '0': CMAKE_PREFIX_PATH=${CMAKE_PREFIX_PATH}:/opt/ros/jazzy DEBUGINFOD_URLS=https://debuginfod.ubuntu.com /usr/bin/cmake --install /home/abdulrafi/Desktop/ROS2_Final_Project/kobuki_ws/build/interfaces
