[0.173s] Invoking command in '/home/abdulrafi/Desktop/ROS2_Final_Project/kobuki_ws/build/kobuki_safety_controller': CMAKE_PREFIX_PATH=${CMAKE_PREFIX_PATH}:/home/abdulrafi/Desktop/ROS2_Final_Project/kobuki_ws/install/qbot_nav:/opt/ros/jazzy DEBUGINFOD_URLS=https://debuginfod.ubuntu.com /usr/bin/cmake --build /home/abdulrafi/Desktop/ROS2_Final_Project/kobuki_ws/build/kobuki_safety_controller -- -j4 -l4
[0.573s] [ 50%] Built target kobuki_safety_controller
[0.730s] [100%] Built target kobuki_safety_controller_node
[0.799s] Invoked command in '/home/abdulrafi/Desktop/ROS2_Final_Project/kobuki_ws/build/kobuki_safety_controller' returned '0': CMAKE_PREFIX_PATH=${CMAKE_PREFIX_PATH}:/home/abdulrafi/Desktop/ROS2_Final_Project/kobuki_ws/install/qbot_nav:/opt/ros/jazzy DEBUGINFOD_URLS=https://debuginfod.ubuntu.com /usr/bin/cmake --build /home/abdulrafi/Desktop/ROS2_Final_Project/kobuki_ws/build/kobuki_safety_controller -- -j4 -l4
[0.802s] Invoking command in '/home/abdulrafi/Desktop/ROS2_Final_Project/kobuki_ws/build/kobuki_safety_controller': CMAKE_PREFIX_PATH=${CMAKE_PREFIX_PATH}:/home/abdulrafi/Desktop/ROS2_Final_Project/kobuki_ws/install/qbot_nav:/opt/ros/jazzy DEBUGINFOD_URLS=https://debuginfod.ubuntu.com /usr/bin/cmake --install /home/abdulrafi/Desktop/ROS2_Final_Project/kobuki_ws/build/kobuki_safety_controller
[0.827s] -- Install configuration: ""
[0.831s] -- Up-to-date: /home/abdulrafi/Desktop/ROS2_Final_Project/kobuki_ws/install/kobuki_safety_controller/lib/kobuki_safety_controller/kobuki_safety_controller_node
[0.831s] -- Up-to-date: /home/abdulrafi/Desktop/ROS2_Final_Project/kobuki_ws/install/kobuki_safety_controller/lib/libkobuki_safety_controller.so
[0.831s] -- Up-to-date: /home/abdulrafi/Desktop/ROS2_Final_Project/kobuki_ws/install/kobuki_safety_controller/include/kobuki_safety_controller
[0.831s] -- Up-to-date: /home/abdulrafi/Desktop/ROS2_Final_Project/kobuki_ws/install/kobuki_safety_controller/include/kobuki_safety_controller/safety_controller.hpp
[0.831s] -- Up-to-date: /home/abdulrafi/Desktop/ROS2_Final_Project/kobuki_ws/install/kobuki_safety_controller/share/kobuki_safety_controller/config
[0.832s] -- Up-to-date: /home/abdulrafi/Desktop/ROS2_Final_Project/kobuki_ws/install/kobuki_safety_controller/share/kobuki_safety_controller/config/safety_controller_params.yaml
[0.832s] -- Up-to-date: /home/abdulrafi/Desktop/ROS2_Final_Project/kobuki_ws/install/kobuki_safety_controller/share/kobuki_safety_controller/launch
[0.832s] -- Up-to-date: /home/abdulrafi/Desktop/ROS2_Final_Project/kobuki_ws/install/kobuki_safety_controller/share/kobuki_safety_controller/launch/safety_controller-launch.py
[0.832s] -- Up-to-date: /home/abdulrafi/Desktop/ROS2_Final_Project/kobuki_ws/install/kobuki_safety_controller/share/kobuki_safety_controller/launch/safety_controller-composed-launch.py
[0.832s] -- Up-to-date: /home/abdulrafi/Desktop/ROS2_Final_Project/kobuki_ws/install/kobuki_safety_controller/share/kobuki_safety_controller/environment/library_path.sh
[0.832s] -- Up-to-date: /home/abdulrafi/Desktop/ROS2_Final_Project/kobuki_ws/install/kobuki_safety_controller/share/kobuki_safety_controller/environment/library_path.dsv
[0.832s] -- Up-to-date: /home/abdulrafi/Desktop/ROS2_Final_Project/kobuki_ws/install/kobuki_safety_controller/share/ament_index/resource_index/package_run_dependencies/kobuki_safety_controller
[0.833s] -- Up-to-date: /home/abdulrafi/Desktop/ROS2_Final_Project/kobuki_ws/install/kobuki_safety_controller/share/ament_index/resource_index/parent_prefix_path/kobuki_safety_controller
[0.833s] -- Up-to-date: /home/abdulrafi/Desktop/ROS2_Final_Project/kobuki_ws/install/kobuki_safety_controller/share/kobuki_safety_controller/environment/ament_prefix_path.sh
[0.833s] -- Up-to-date: /home/abdulrafi/Desktop/ROS2_Final_Project/kobuki_ws/install/kobuki_safety_controller/share/kobuki_safety_controller/environment/ament_prefix_path.dsv
[0.833s] -- Up-to-date: /home/abdulrafi/Desktop/ROS2_Final_Project/kobuki_ws/install/kobuki_safety_controller/share/kobuki_safety_controller/environment/path.sh
[0.833s] -- Up-to-date: /home/abdulrafi/Desktop/ROS2_Final_Project/kobuki_ws/install/kobuki_safety_controller/share/kobuki_safety_controller/environment/path.dsv
[0.838s] -- Up-to-date: /home/abdulrafi/Desktop/ROS2_Final_Project/kobuki_ws/install/kobuki_safety_controller/share/kobuki_safety_controller/local_setup.bash
[0.838s] -- Up-to-date: /home/abdulrafi/Desktop/ROS2_Final_Project/kobuki_ws/install/kobuki_safety_controller/share/kobuki_safety_controller/local_setup.sh
[0.838s] -- Up-to-date: /home/abdulrafi/Desktop/ROS2_Final_Project/kobuki_ws/install/kobuki_safety_controller/share/kobuki_safety_controller/local_setup.zsh
[0.838s] -- Up-to-date: /home/abdulrafi/Desktop/ROS2_Final_Project/kobuki_ws/install/kobuki_safety_controller/share/kobuki_safety_controller/local_setup.dsv
[0.839s] -- Installing: /home/abdulrafi/Desktop/ROS2_Final_Project/kobuki_ws/install/kobuki_safety_controller/share/kobuki_safety_controller/package.dsv
[0.839s] -- Up-to-date: /home/abdulrafi/Desktop/ROS2_Final_Project/kobuki_ws/install/kobuki_safety_controller/share/ament_index/resource_index/packages/kobuki_safety_controller
[0.839s] -- Up-to-date: /home/abdulrafi/Desktop/ROS2_Final_Project/kobuki_ws/install/kobuki_safety_controller/share/ament_index/resource_index/rclcpp_components/kobuki_safety_controller
[0.839s] -- Up-to-date: /home/abdulrafi/Desktop/ROS2_Final_Project/kobuki_ws/install/kobuki_safety_controller/share/kobuki_safety_controller/cmake/kobuki_safety_controllerExport.cmake
[0.839s] -- Up-to-date: /home/abdulrafi/Desktop/ROS2_Final_Project/kobuki_ws/install/kobuki_safety_controller/share/kobuki_safety_controller/cmake/kobuki_safety_controllerExport-noconfig.cmake
[0.840s] -- Up-to-date: /home/abdulrafi/Desktop/ROS2_Final_Project/kobuki_ws/install/kobuki_safety_controller/share/kobuki_safety_controller/cmake/ament_cmake_export_include_directories-extras.cmake
[0.840s] -- Up-to-date: /home/abdulrafi/Desktop/ROS2_Final_Project/kobuki_ws/install/kobuki_safety_controller/share/kobuki_safety_controller/cmake/ament_cmake_export_libraries-extras.cmake
[0.840s] -- Up-to-date: /home/abdulrafi/Desktop/ROS2_Final_Project/kobuki_ws/install/kobuki_safety_controller/share/kobuki_safety_controller/cmake/ament_cmake_export_targets-extras.cmake
[0.840s] -- Up-to-date: /home/abdulrafi/Desktop/ROS2_Final_Project/kobuki_ws/install/kobuki_safety_controller/share/kobuki_safety_controller/cmake/kobuki_safety_controllerConfig.cmake
[0.840s] -- Up-to-date: /home/abdulrafi/Desktop/ROS2_Final_Project/kobuki_ws/install/kobuki_safety_controller/share/kobuki_safety_controller/cmake/kobuki_safety_controllerConfig-version.cmake
[0.845s] -- Up-to-date: /home/abdulrafi/Desktop/ROS2_Final_Project/kobuki_ws/install/kobuki_safety_controller/share/kobuki_safety_controller/package.xml
[0.854s] Invoked command in '/home/abdulrafi/Desktop/ROS2_Final_Project/kobuki_ws/build/kobuki_safety_controller' returned '0': CMAKE_PREFIX_PATH=${CMAKE_PREFIX_PATH}:/home/abdulrafi/Desktop/ROS2_Final_Project/kobuki_ws/install/qbot_nav:/opt/ros/jazzy DEBUGINFOD_URLS=https://debuginfod.ubuntu.com /usr/bin/cmake --install /home/abdulrafi/Desktop/ROS2_Final_Project/kobuki_ws/build/kobuki_safety_controller
