[0.045s] Invoking command in '/home/abdulrafi/Desktop/ROS2_Final_Project/kobuki_ws/build/ecl_type_traits': AMENT_PREFIX_PATH=/home/abdulrafi/Desktop/ROS2_Final_Project/kobuki_ws/install/ecl_mpl:/home/abdulrafi/Desktop/ROS2_Final_Project/kobuki_ws/install/ecl_config:${AMENT_PREFIX_PATH} CMAKE_PREFIX_PATH=/home/abdulrafi/Desktop/ROS2_Final_Project/kobuki_ws/install/ecl_mpl:/home/abdulrafi/Desktop/ROS2_Final_Project/kobuki_ws/install/ecl_config:/opt/ros/jazzy/opt/gz_sim_vendor:/opt/ros/jazzy/opt/gz_sensors_vendor:/opt/ros/jazzy/opt/gz_physics_vendor:/opt/ros/jazzy/opt/sdformat_vendor:/opt/ros/jazzy/opt/gz_gui_vendor:/opt/ros/jazzy/opt/gz_transport_vendor:/opt/ros/jazzy/opt/gz_rendering_vendor:/opt/ros/jazzy/opt/gz_plugin_vendor:/opt/ros/jazzy/opt/gz_fuel_tools_vendor:/opt/ros/jazzy/opt/gz_msgs_vendor:/opt/ros/jazzy/opt/gz_common_vendor:/opt/ros/jazzy/opt/gz_math_vendor:/opt/ros/jazzy/opt/gz_utils_vendor:/opt/ros/jazzy/opt/gz_tools_vendor:/opt/ros/jazzy/opt/gz_ogre_next_vendor:/opt/ros/jazzy/opt/gz_dartsim_vendor:/opt/ros/jazzy/opt/gz_cmake_vendor:/opt/ros/jazzy DEBUGINFOD_URLS=https://debuginfod.ubuntu.com PATH=/home/abdulrafi/Desktop/ROS2_Final_Project/kobuki_ws/install/ecl_config/bin:${PATH} /usr/bin/cmake --build /home/abdulrafi/Desktop/ROS2_Final_Project/kobuki_ws/build/ecl_type_traits -- -j4 -l4
[0.442s] [ 16%] Built target ecl_type_traits
[0.531s] [ 33%] Built target gtest
[0.559s] [ 50%] Built target gtest_main
[0.657s] [ 66%] Built target ecl_detect_sizes
[0.720s] [ 83%] Built target test_fundamental_types
[0.778s] [100%] Built target test_numeric_limits
[0.972s] Invoked command in '/home/abdulrafi/Desktop/ROS2_Final_Project/kobuki_ws/build/ecl_type_traits' returned '0': AMENT_PREFIX_PATH=/home/abdulrafi/Desktop/ROS2_Final_Project/kobuki_ws/install/ecl_mpl:/home/abdulrafi/Desktop/ROS2_Final_Project/kobuki_ws/install/ecl_config:${AMENT_PREFIX_PATH} CMAKE_PREFIX_PATH=/home/abdulrafi/Desktop/ROS2_Final_Project/kobuki_ws/install/ecl_mpl:/home/abdulrafi/Desktop/ROS2_Final_Project/kobuki_ws/install/ecl_config:/opt/ros/jazzy/opt/gz_sim_vendor:/opt/ros/jazzy/opt/gz_sensors_vendor:/opt/ros/jazzy/opt/gz_physics_vendor:/opt/ros/jazzy/opt/sdformat_vendor:/opt/ros/jazzy/opt/gz_gui_vendor:/opt/ros/jazzy/opt/gz_transport_vendor:/opt/ros/jazzy/opt/gz_rendering_vendor:/opt/ros/jazzy/opt/gz_plugin_vendor:/opt/ros/jazzy/opt/gz_fuel_tools_vendor:/opt/ros/jazzy/opt/gz_msgs_vendor:/opt/ros/jazzy/opt/gz_common_vendor:/opt/ros/jazzy/opt/gz_math_vendor:/opt/ros/jazzy/opt/gz_utils_vendor:/opt/ros/jazzy/opt/gz_tools_vendor:/opt/ros/jazzy/opt/gz_ogre_next_vendor:/opt/ros/jazzy/opt/gz_dartsim_vendor:/opt/ros/jazzy/opt/gz_cmake_vendor:/opt/ros/jazzy DEBUGINFOD_URLS=https://debuginfod.ubuntu.com PATH=/home/abdulrafi/Desktop/ROS2_Final_Project/kobuki_ws/install/ecl_config/bin:${PATH} /usr/bin/cmake --build /home/abdulrafi/Desktop/ROS2_Final_Project/kobuki_ws/build/ecl_type_traits -- -j4 -l4
[0.983s] Invoking command in '/home/abdulrafi/Desktop/ROS2_Final_Project/kobuki_ws/build/ecl_type_traits': AMENT_PREFIX_PATH=/home/abdulrafi/Desktop/ROS2_Final_Project/kobuki_ws/install/ecl_mpl:/home/abdulrafi/Desktop/ROS2_Final_Project/kobuki_ws/install/ecl_config:${AMENT_PREFIX_PATH} CMAKE_PREFIX_PATH=/home/abdulrafi/Desktop/ROS2_Final_Project/kobuki_ws/install/ecl_mpl:/home/abdulrafi/Desktop/ROS2_Final_Project/kobuki_ws/install/ecl_config:/opt/ros/jazzy/opt/gz_sim_vendor:/opt/ros/jazzy/opt/gz_sensors_vendor:/opt/ros/jazzy/opt/gz_physics_vendor:/opt/ros/jazzy/opt/sdformat_vendor:/opt/ros/jazzy/opt/gz_gui_vendor:/opt/ros/jazzy/opt/gz_transport_vendor:/opt/ros/jazzy/opt/gz_rendering_vendor:/opt/ros/jazzy/opt/gz_plugin_vendor:/opt/ros/jazzy/opt/gz_fuel_tools_vendor:/opt/ros/jazzy/opt/gz_msgs_vendor:/opt/ros/jazzy/opt/gz_common_vendor:/opt/ros/jazzy/opt/gz_math_vendor:/opt/ros/jazzy/opt/gz_utils_vendor:/opt/ros/jazzy/opt/gz_tools_vendor:/opt/ros/jazzy/opt/gz_ogre_next_vendor:/opt/ros/jazzy/opt/gz_dartsim_vendor:/opt/ros/jazzy/opt/gz_cmake_vendor:/opt/ros/jazzy DEBUGINFOD_URLS=https://debuginfod.ubuntu.com PATH=/home/abdulrafi/Desktop/ROS2_Final_Project/kobuki_ws/install/ecl_config/bin:${PATH} /usr/bin/cmake --install /home/abdulrafi/Desktop/ROS2_Final_Project/kobuki_ws/build/ecl_type_traits
[1.036s] -- Install configuration: ""
[1.037s] -- Up-to-date: /home/abdulrafi/Desktop/ROS2_Final_Project/kobuki_ws/install/ecl_type_traits/share/ecl_type_traits/environment/library_path.sh
[1.042s] -- Up-to-date: /home/abdulrafi/Desktop/ROS2_Final_Project/kobuki_ws/install/ecl_type_traits/share/ecl_type_traits/environment/library_path.dsv
[1.043s] -- Up-to-date: /home/abdulrafi/Desktop/ROS2_Final_Project/kobuki_ws/install/ecl_type_traits/share/ament_index/resource_index/package_run_dependencies/ecl_type_traits
[1.043s] -- Up-to-date: /home/abdulrafi/Desktop/ROS2_Final_Project/kobuki_ws/install/ecl_type_traits/share/ament_index/resource_index/parent_prefix_path/ecl_type_traits
[1.043s] -- Up-to-date: /home/abdulrafi/Desktop/ROS2_Final_Project/kobuki_ws/install/ecl_type_traits/share/ecl_type_traits/environment/ament_prefix_path.sh
[1.043s] -- Up-to-date: /home/abdulrafi/Desktop/ROS2_Final_Project/kobuki_ws/install/ecl_type_traits/share/ecl_type_traits/environment/ament_prefix_path.dsv
[1.044s] -- Up-to-date: /home/abdulrafi/Desktop/ROS2_Final_Project/kobuki_ws/install/ecl_type_traits/share/ecl_type_traits/environment/path.sh
[1.044s] -- Up-to-date: /home/abdulrafi/Desktop/ROS2_Final_Project/kobuki_ws/install/ecl_type_traits/share/ecl_type_traits/environment/path.dsv
[1.044s] -- Up-to-date: /home/abdulrafi/Desktop/ROS2_Final_Project/kobuki_ws/install/ecl_type_traits/share/ecl_type_traits/local_setup.bash
[1.044s] -- Up-to-date: /home/abdulrafi/Desktop/ROS2_Final_Project/kobuki_ws/install/ecl_type_traits/share/ecl_type_traits/local_setup.sh
[1.045s] -- Up-to-date: /home/abdulrafi/Desktop/ROS2_Final_Project/kobuki_ws/install/ecl_type_traits/share/ecl_type_traits/local_setup.zsh
[1.048s] -- Up-to-date: /home/abdulrafi/Desktop/ROS2_Final_Project/kobuki_ws/install/ecl_type_traits/share/ecl_type_traits/local_setup.dsv
[1.048s] -- Installing: /home/abdulrafi/Desktop/ROS2_Final_Project/kobuki_ws/install/ecl_type_traits/share/ecl_type_traits/package.dsv
[1.048s] -- Up-to-date: /home/abdulrafi/Desktop/ROS2_Final_Project/kobuki_ws/install/ecl_type_traits/share/ament_index/resource_index/packages/ecl_type_traits
[1.049s] -- Up-to-date: /home/abdulrafi/Desktop/ROS2_Final_Project/kobuki_ws/install/ecl_type_traits/share/ecl_type_traits/cmake/ecl_type_traitsExport.cmake
[1.049s] -- Up-to-date: /home/abdulrafi/Desktop/ROS2_Final_Project/kobuki_ws/install/ecl_type_traits/share/ecl_type_traits/cmake/ecl_type_traitsExport-noconfig.cmake
[1.049s] -- Up-to-date: /home/abdulrafi/Desktop/ROS2_Final_Project/kobuki_ws/install/ecl_type_traits/share/ecl_type_traits/cmake/ament_cmake_export_targets-extras.cmake
[1.049s] -- Up-to-date: /home/abdulrafi/Desktop/ROS2_Final_Project/kobuki_ws/install/ecl_type_traits/share/ecl_type_traits/cmake/ament_cmake_export_include_directories-extras.cmake
[1.049s] -- Up-to-date: /home/abdulrafi/Desktop/ROS2_Final_Project/kobuki_ws/install/ecl_type_traits/share/ecl_type_traits/cmake/ament_cmake_export_libraries-extras.cmake
[1.050s] -- Up-to-date: /home/abdulrafi/Desktop/ROS2_Final_Project/kobuki_ws/install/ecl_type_traits/share/ecl_type_traits/cmake/ament_cmake_export_dependencies-extras.cmake
[1.050s] -- Up-to-date: /home/abdulrafi/Desktop/ROS2_Final_Project/kobuki_ws/install/ecl_type_traits/share/ecl_type_traits/cmake/ecl_type_traitsConfig.cmake
[1.050s] -- Up-to-date: /home/abdulrafi/Desktop/ROS2_Final_Project/kobuki_ws/install/ecl_type_traits/share/ecl_type_traits/cmake/ecl_type_traitsConfig-version.cmake
[1.054s] -- Up-to-date: /home/abdulrafi/Desktop/ROS2_Final_Project/kobuki_ws/install/ecl_type_traits/share/ecl_type_traits/package.xml
[1.054s] -- Up-to-date: /home/abdulrafi/Desktop/ROS2_Final_Project/kobuki_ws/install/ecl_type_traits/include/ecl/type_traits.hpp
[1.055s] -- Up-to-date: /home/abdulrafi/Desktop/ROS2_Final_Project/kobuki_ws/install/ecl_type_traits/include/ecl/type_traits/fundamental_types.hpp
[1.055s] -- Up-to-date: /home/abdulrafi/Desktop/ROS2_Final_Project/kobuki_ws/install/ecl_type_traits/include/ecl/type_traits/macros.hpp
[1.055s] -- Up-to-date: /home/abdulrafi/Desktop/ROS2_Final_Project/kobuki_ws/install/ecl_type_traits/include/ecl/type_traits/numeric_limits.hpp
[1.056s] -- Up-to-date: /home/abdulrafi/Desktop/ROS2_Final_Project/kobuki_ws/install/ecl_type_traits/include/ecl/type_traits/traits.hpp
[1.056s] -- Up-to-date: /home/abdulrafi/Desktop/ROS2_Final_Project/kobuki_ws/install/ecl_type_traits/lib/libecl_type_traits.so.1.2.1
[1.056s] -- Up-to-date: /home/abdulrafi/Desktop/ROS2_Final_Project/kobuki_ws/install/ecl_type_traits/lib/libecl_type_traits.so
[1.072s] -- Up-to-date: /home/abdulrafi/Desktop/ROS2_Final_Project/kobuki_ws/install/ecl_type_traits/bin/ecl_detect_sizes
[1.078s] Invoked command in '/home/abdulrafi/Desktop/ROS2_Final_Project/kobuki_ws/build/ecl_type_traits' returned '0': AMENT_PREFIX_PATH=/home/abdulrafi/Desktop/ROS2_Final_Project/kobuki_ws/install/ecl_mpl:/home/abdulrafi/Desktop/ROS2_Final_Project/kobuki_ws/install/ecl_config:${AMENT_PREFIX_PATH} CMAKE_PREFIX_PATH=/home/abdulrafi/Desktop/ROS2_Final_Project/kobuki_ws/install/ecl_mpl:/home/abdulrafi/Desktop/ROS2_Final_Project/kobuki_ws/install/ecl_config:/opt/ros/jazzy/opt/gz_sim_vendor:/opt/ros/jazzy/opt/gz_sensors_vendor:/opt/ros/jazzy/opt/gz_physics_vendor:/opt/ros/jazzy/opt/sdformat_vendor:/opt/ros/jazzy/opt/gz_gui_vendor:/opt/ros/jazzy/opt/gz_transport_vendor:/opt/ros/jazzy/opt/gz_rendering_vendor:/opt/ros/jazzy/opt/gz_plugin_vendor:/opt/ros/jazzy/opt/gz_fuel_tools_vendor:/opt/ros/jazzy/opt/gz_msgs_vendor:/opt/ros/jazzy/opt/gz_common_vendor:/opt/ros/jazzy/opt/gz_math_vendor:/opt/ros/jazzy/opt/gz_utils_vendor:/opt/ros/jazzy/opt/gz_tools_vendor:/opt/ros/jazzy/opt/gz_ogre_next_vendor:/opt/ros/jazzy/opt/gz_dartsim_vendor:/opt/ros/jazzy/opt/gz_cmake_vendor:/opt/ros/jazzy DEBUGINFOD_URLS=https://debuginfod.ubuntu.com PATH=/home/abdulrafi/Desktop/ROS2_Final_Project/kobuki_ws/install/ecl_config/bin:${PATH} /usr/bin/cmake --install /home/abdulrafi/Desktop/ROS2_Final_Project/kobuki_ws/build/ecl_type_traits
