[ 50%] Built target ecl_formatters
[100%] Built target ecl_demo_formatters
-- Install configuration: ""
-- Up-to-date: /home/abdulrafi/Desktop/ROS2_Final_Project/kobuki_ws/install/ecl_formatters/share/ecl_formatters/environment/library_path.sh
-- Up-to-date: /home/abdulrafi/Desktop/ROS2_Final_Project/kobuki_ws/install/ecl_formatters/share/ecl_formatters/environment/library_path.dsv
-- Up-to-date: /home/abdulrafi/Desktop/ROS2_Final_Project/kobuki_ws/install/ecl_formatters/share/ament_index/resource_index/package_run_dependencies/ecl_formatters
-- Up-to-date: /home/abdulrafi/Desktop/ROS2_Final_Project/kobuki_ws/install/ecl_formatters/share/ament_index/resource_index/parent_prefix_path/ecl_formatters
-- Up-to-date: /home/abdulrafi/Desktop/ROS2_Final_Project/kobuki_ws/install/ecl_formatters/share/ecl_formatters/environment/ament_prefix_path.sh
-- Up-to-date: /home/abdulrafi/Desktop/ROS2_Final_Project/kobuki_ws/install/ecl_formatters/share/ecl_formatters/environment/ament_prefix_path.dsv
-- Up-to-date: /home/abdulrafi/Desktop/ROS2_Final_Project/kobuki_ws/install/ecl_formatters/share/ecl_formatters/environment/path.sh
-- Up-to-date: /home/abdulrafi/Desktop/ROS2_Final_Project/kobuki_ws/install/ecl_formatters/share/ecl_formatters/environment/path.dsv
-- Up-to-date: /home/abdulrafi/Desktop/ROS2_Final_Project/kobuki_ws/install/ecl_formatters/share/ecl_formatters/local_setup.bash
-- Up-to-date: /home/abdulrafi/Desktop/ROS2_Final_Project/kobuki_ws/install/ecl_formatters/share/ecl_formatters/local_setup.sh
-- Up-to-date: /home/abdulrafi/Desktop/ROS2_Final_Project/kobuki_ws/install/ecl_formatters/share/ecl_formatters/local_setup.zsh
-- Up-to-date: /home/abdulrafi/Desktop/ROS2_Final_Project/kobuki_ws/install/ecl_formatters/share/ecl_formatters/local_setup.dsv
-- Installing: /home/abdulrafi/Desktop/ROS2_Final_Project/kobuki_ws/install/ecl_formatters/share/ecl_formatters/package.dsv
-- Up-to-date: /home/abdulrafi/Desktop/ROS2_Final_Project/kobuki_ws/install/ecl_formatters/share/ament_index/resource_index/packages/ecl_formatters
-- Up-to-date: /home/abdulrafi/Desktop/ROS2_Final_Project/kobuki_ws/install/ecl_formatters/share/ecl_formatters/cmake/ecl_formattersExport.cmake
-- Up-to-date: /home/abdulrafi/Desktop/ROS2_Final_Project/kobuki_ws/install/ecl_formatters/share/ecl_formatters/cmake/ecl_formattersExport-noconfig.cmake
-- Up-to-date: /home/abdulrafi/Desktop/ROS2_Final_Project/kobuki_ws/install/ecl_formatters/share/ecl_formatters/cmake/ament_cmake_export_targets-extras.cmake
-- Up-to-date: /home/abdulrafi/Desktop/ROS2_Final_Project/kobuki_ws/install/ecl_formatters/share/ecl_formatters/cmake/ament_cmake_export_include_directories-extras.cmake
-- Up-to-date: /home/abdulrafi/Desktop/ROS2_Final_Project/kobuki_ws/install/ecl_formatters/share/ecl_formatters/cmake/ament_cmake_export_libraries-extras.cmake
-- Up-to-date: /home/abdulrafi/Desktop/ROS2_Final_Project/kobuki_ws/install/ecl_formatters/share/ecl_formatters/cmake/ament_cmake_export_dependencies-extras.cmake
-- Up-to-date: /home/abdulrafi/Desktop/ROS2_Final_Project/kobuki_ws/install/ecl_formatters/share/ecl_formatters/cmake/ecl_formattersConfig.cmake
-- Up-to-date: /home/abdulrafi/Desktop/ROS2_Final_Project/kobuki_ws/install/ecl_formatters/share/ecl_formatters/cmake/ecl_formattersConfig-version.cmake
-- Up-to-date: /home/abdulrafi/Desktop/ROS2_Final_Project/kobuki_ws/install/ecl_formatters/share/ecl_formatters/package.xml
-- Up-to-date: /home/abdulrafi/Desktop/ROS2_Final_Project/kobuki_ws/install/ecl_formatters/include/ecl/formatters.hpp
-- Up-to-date: /home/abdulrafi/Desktop/ROS2_Final_Project/kobuki_ws/install/ecl_formatters/include/ecl/formatters/common.hpp
-- Up-to-date: /home/abdulrafi/Desktop/ROS2_Final_Project/kobuki_ws/install/ecl_formatters/include/ecl/formatters/floats.hpp
-- Up-to-date: /home/abdulrafi/Desktop/ROS2_Final_Project/kobuki_ws/install/ecl_formatters/include/ecl/formatters/macros.hpp
-- Up-to-date: /home/abdulrafi/Desktop/ROS2_Final_Project/kobuki_ws/install/ecl_formatters/include/ecl/formatters/number.hpp
-- Up-to-date: /home/abdulrafi/Desktop/ROS2_Final_Project/kobuki_ws/install/ecl_formatters/include/ecl/formatters/strings.hpp
-- Up-to-date: /home/abdulrafi/Desktop/ROS2_Final_Project/kobuki_ws/install/ecl_formatters/lib/libecl_formatters.so.1.2.1
-- Up-to-date: /home/abdulrafi/Desktop/ROS2_Final_Project/kobuki_ws/install/ecl_formatters/lib/libecl_formatters.so
-- Up-to-date: /home/abdulrafi/Desktop/ROS2_Final_Project/kobuki_ws/install/ecl_formatters/lib/ecl_formatters/demo_formatters
