[100%] Built target demo_sigslots_lite
-- Install configuration: ""
-- Up-to-date: /home/abdulrafi/Desktop/ROS2_Final_Project/kobuki_ws/install/ecl_sigslots_lite/share/ament_index/resource_index/package_run_dependencies/ecl_sigslots_lite
-- Up-to-date: /home/abdulrafi/Desktop/ROS2_Final_Project/kobuki_ws/install/ecl_sigslots_lite/share/ament_index/resource_index/parent_prefix_path/ecl_sigslots_lite
-- Up-to-date: /home/abdulrafi/Desktop/ROS2_Final_Project/kobuki_ws/install/ecl_sigslots_lite/share/ecl_sigslots_lite/environment/ament_prefix_path.sh
-- Up-to-date: /home/abdulrafi/Desktop/ROS2_Final_Project/kobuki_ws/install/ecl_sigslots_lite/share/ecl_sigslots_lite/environment/ament_prefix_path.dsv
-- Up-to-date: /home/abdulrafi/Desktop/ROS2_Final_Project/kobuki_ws/install/ecl_sigslots_lite/share/ecl_sigslots_lite/environment/path.sh
-- Up-to-date: /home/abdulrafi/Desktop/ROS2_Final_Project/kobuki_ws/install/ecl_sigslots_lite/share/ecl_sigslots_lite/environment/path.dsv
-- Up-to-date: /home/abdulrafi/Desktop/ROS2_Final_Project/kobuki_ws/install/ecl_sigslots_lite/share/ecl_sigslots_lite/local_setup.bash
-- Up-to-date: /home/abdulrafi/Desktop/ROS2_Final_Project/kobuki_ws/install/ecl_sigslots_lite/share/ecl_sigslots_lite/local_setup.sh
-- Up-to-date: /home/abdulrafi/Desktop/ROS2_Final_Project/kobuki_ws/install/ecl_sigslots_lite/share/ecl_sigslots_lite/local_setup.zsh
-- Up-to-date: /home/abdulrafi/Desktop/ROS2_Final_Project/kobuki_ws/install/ecl_sigslots_lite/share/ecl_sigslots_lite/local_setup.dsv
-- Installing: /home/abdulrafi/Desktop/ROS2_Final_Project/kobuki_ws/install/ecl_sigslots_lite/share/ecl_sigslots_lite/package.dsv
-- Up-to-date: /home/abdulrafi/Desktop/ROS2_Final_Project/kobuki_ws/install/ecl_sigslots_lite/share/ament_index/resource_index/packages/ecl_sigslots_lite
-- Up-to-date: /home/abdulrafi/Desktop/ROS2_Final_Project/kobuki_ws/install/ecl_sigslots_lite/share/ecl_sigslots_lite/cmake/ecl_sigslots_liteExport.cmake
-- Up-to-date: /home/abdulrafi/Desktop/ROS2_Final_Project/kobuki_ws/install/ecl_sigslots_lite/share/ecl_sigslots_lite/cmake/ament_cmake_export_targets-extras.cmake
-- Up-to-date: /home/abdulrafi/Desktop/ROS2_Final_Project/kobuki_ws/install/ecl_sigslots_lite/share/ecl_sigslots_lite/cmake/ament_cmake_export_include_directories-extras.cmake
-- Up-to-date: /home/abdulrafi/Desktop/ROS2_Final_Project/kobuki_ws/install/ecl_sigslots_lite/share/ecl_sigslots_lite/cmake/ament_cmake_export_dependencies-extras.cmake
-- Up-to-date: /home/abdulrafi/Desktop/ROS2_Final_Project/kobuki_ws/install/ecl_sigslots_lite/share/ecl_sigslots_lite/cmake/ecl_sigslots_liteConfig.cmake
-- Up-to-date: /home/abdulrafi/Desktop/ROS2_Final_Project/kobuki_ws/install/ecl_sigslots_lite/share/ecl_sigslots_lite/cmake/ecl_sigslots_liteConfig-version.cmake
-- Up-to-date: /home/abdulrafi/Desktop/ROS2_Final_Project/kobuki_ws/install/ecl_sigslots_lite/share/ecl_sigslots_lite/package.xml
-- Up-to-date: /home/abdulrafi/Desktop/ROS2_Final_Project/kobuki_ws/install/ecl_sigslots_lite/include/ecl/sigslots_lite.hpp
-- Up-to-date: /home/abdulrafi/Desktop/ROS2_Final_Project/kobuki_ws/install/ecl_sigslots_lite/include/ecl/sigslots_lite/connect.hpp
-- Up-to-date: /home/abdulrafi/Desktop/ROS2_Final_Project/kobuki_ws/install/ecl_sigslots_lite/include/ecl/sigslots_lite/errors.hpp
-- Up-to-date: /home/abdulrafi/Desktop/ROS2_Final_Project/kobuki_ws/install/ecl_sigslots_lite/include/ecl/sigslots_lite/managers.hpp
-- Up-to-date: /home/abdulrafi/Desktop/ROS2_Final_Project/kobuki_ws/install/ecl_sigslots_lite/include/ecl/sigslots_lite/signal.hpp
-- Up-to-date: /home/abdulrafi/Desktop/ROS2_Final_Project/kobuki_ws/install/ecl_sigslots_lite/include/ecl/sigslots_lite/slot.hpp
-- Up-to-date: /home/abdulrafi/Desktop/ROS2_Final_Project/kobuki_ws/install/ecl_sigslots_lite/include/ecl/sigslots_lite/utilities.hpp
-- Up-to-date: /home/abdulrafi/Desktop/ROS2_Final_Project/kobuki_ws/install/ecl_sigslots_lite/lib/ecl_sigslots_lite/demo_sigslots_lite
