-- The C compiler identification is GNU 13.3.0
-- The CXX compiler identification is GNU 13.3.0
-- Detecting C compiler ABI info
-- Detecting C compiler ABI info - done
-- Check for working C compiler: /usr/bin/cc - skipped
-- Detecting C compile features
-- Detecting C compile features - done
-- Detecting CXX compiler ABI info
-- Detecting CXX compiler ABI info - done
-- Check for working CXX compiler: /usr/bin/c++ - skipped
-- Detecting CXX compile features
-- Detecting CXX compile features - done
-- Found ament_cmake_ros: 0.12.0 (/opt/ros/jazzy/share/ament_cmake_ros/cmake)
-- Found Python3: /usr/bin/python3 (found version "3.12.3") found components: Interpreter 
-- Found ecl_build: 1.0.3 (/opt/ros/jazzy/share/ecl_build/cmake)
[0mCMake Deprecation Warning at /opt/ros/jazzy/share/ecl_build/cmake/cotire.cmake:45 (cmake_minimum_required):
  Compatibility with CMake < 3.5 will be removed from a future version of
  CMake.

  Update the VERSION argument <min> value or use a ...<max> suffix to tell
  CMake that the project does not need compatibility with older versions.
Call Stack (most recent call first):
  /opt/ros/jazzy/share/ecl_build/cmake/ecl_buildConfig.cmake:41 (include)
  CMakeLists.txt:17 (find_package)

[0m
-- Found ecl_config: 1.2.0 (/home/abdulrafi/Desktop/ROS2_Final_Project/kobuki_ws/install/ecl_config/share/ecl_config/cmake)
-- Found ecl_containers: 1.2.1 (/home/abdulrafi/Desktop/ROS2_Final_Project/kobuki_ws/install/ecl_containers/share/ecl_containers/cmake)
-- Found ecl_threads: 1.2.1 (/home/abdulrafi/Desktop/ROS2_Final_Project/kobuki_ws/install/ecl_threads/share/ecl_threads/cmake)
-- Performing Test CMAKE_HAVE_LIBC_PTHREAD
-- Performing Test CMAKE_HAVE_LIBC_PTHREAD - Success
[33mCMake Warning (dev) at /usr/share/cmake-3.28/Modules/FindPackageHandleStandardArgs.cmake:438 (message):
  The package name passed to `find_package_handle_standard_args` (Threads)
  does not match the name of the calling package (ecl_threads).  This can
  lead to problems in calling code that expects `find_package` result
  variables (e.g., `_FOUND`) to follow a certain pattern.
Call Stack (most recent call first):
  /usr/share/cmake-3.28/Modules/FindThreads.cmake:226 (FIND_PACKAGE_HANDLE_STANDARD_ARGS)
  /opt/ros/jazzy/share/ecl_build/cmake/ecl_platform_detection.cmake:225 (include)
  /home/abdulrafi/Desktop/ROS2_Final_Project/kobuki_ws/install/ecl_threads/share/ecl_threads/cmake/ecl_threads-extras.cmake:4 (ecl_detect_threads)
  /home/abdulrafi/Desktop/ROS2_Final_Project/kobuki_ws/install/ecl_threads/share/ecl_threads/cmake/ecl_threadsConfig.cmake:41 (include)
  CMakeLists.txt:22 (find_package)
This warning is for project developers.  Use -Wno-dev to suppress it.
[0m
-- Found Threads: TRUE  
-- Found ament_lint_auto: 0.17.5 (/opt/ros/jazzy/share/ament_lint_auto/cmake)
-- Found gtest sources under '/opt/ros/jazzy/src/gtest_vendor': C++ tests using 'Google Test' will be built
-- Configuring done (5.3s)
-- Generating done (0.2s)
-- Build files have been written to: /home/abdulrafi/Desktop/ROS2_Final_Project/kobuki_ws/build/ecl_devices
[  4%] [32mBuilding CXX object src/lib/CMakeFiles/ecl_devices.dir/detail/character_buffer.cpp.o[0m
[  8%] [32mBuilding CXX object src/lib/CMakeFiles/ecl_devices.dir/detail/error_handler.cpp.o[0m
[ 12%] [32mBuilding CXX object src/lib/CMakeFiles/ecl_devices.dir/detail/exception_handler_pos.cpp.o[0m
[ 16%] [32mBuilding CXX object src/lib/CMakeFiles/ecl_devices.dir/detail/socket_exception_handler_pos.cpp.o[0m
[ 20%] [32mBuilding CXX object src/lib/CMakeFiles/ecl_devices.dir/console.cpp.o[0m
[ 25%] [32mBuilding CXX object src/lib/CMakeFiles/ecl_devices.dir/ofile_pos.cpp.o[0m
[ 29%] [32mBuilding CXX object src/lib/CMakeFiles/ecl_devices.dir/ofile_w32.cpp.o[0m
[ 33%] [32mBuilding CXX object src/lib/CMakeFiles/ecl_devices.dir/serial_pos.cpp.o[0m
[ 37%] [32mBuilding CXX object src/lib/CMakeFiles/ecl_devices.dir/serial_w32.cpp.o[0m
[ 41%] [32mBuilding CXX object src/lib/CMakeFiles/ecl_devices.dir/shared_file.cpp.o[0m
[ 45%] [32mBuilding CXX object src/lib/CMakeFiles/ecl_devices.dir/socket_client_pos.cpp.o[0m
[ 50%] [32mBuilding CXX object src/lib/CMakeFiles/ecl_devices.dir/socket_server_pos.cpp.o[0m
[ 54%] [32mBuilding CXX object src/lib/CMakeFiles/ecl_devices.dir/string.cpp.o[0m
[ 58%] [32m[1mLinking CXX shared library libecl_devices.so[0m
[ 58%] Built target ecl_devices
[ 62%] [32mBuilding CXX object gtest/CMakeFiles/gtest.dir/src/gtest-all.cc.o[0m
[ 66%] [32m[1mLinking CXX static library libgtest.a[0m
[ 66%] Built target gtest
[ 70%] [32mBuilding CXX object src/examples/CMakeFiles/ecl_demo_serial_timeouts.dir/serial_timeouts.cpp.o[0m
[ 75%] [32m[1mLinking CXX executable demo_serial_timeouts[0m
[ 75%] Built target ecl_demo_serial_timeouts
[ 79%] [32mBuilding CXX object gtest/CMakeFiles/gtest_main.dir/src/gtest_main.cc.o[0m
[ 83%] [32m[1mLinking CXX static library libgtest_main.a[0m
[ 83%] Built target gtest_main
[ 87%] [32mBuilding CXX object src/test/CMakeFiles/ecl_test_shared_files.dir/shared_files.cpp.o[0m
[ 91%] [32m[1mLinking CXX executable ecl_test_shared_files[0m
[ 91%] Built target ecl_test_shared_files
[ 95%] [32mBuilding CXX object src/test/CMakeFiles/ecl_test_files.dir/files.cpp.o[0m
[100%] [32m[1mLinking CXX executable ecl_test_files[0m
[100%] Built target ecl_test_files
-- Install configuration: ""
-- Installing: /home/abdulrafi/Desktop/ROS2_Final_Project/kobuki_ws/install/ecl_devices/share/ecl_devices/environment/library_path.sh
-- Installing: /home/abdulrafi/Desktop/ROS2_Final_Project/kobuki_ws/install/ecl_devices/share/ecl_devices/environment/library_path.dsv
-- Installing: /home/abdulrafi/Desktop/ROS2_Final_Project/kobuki_ws/install/ecl_devices/share/ament_index/resource_index/package_run_dependencies/ecl_devices
-- Installing: /home/abdulrafi/Desktop/ROS2_Final_Project/kobuki_ws/install/ecl_devices/share/ament_index/resource_index/parent_prefix_path/ecl_devices
-- Installing: /home/abdulrafi/Desktop/ROS2_Final_Project/kobuki_ws/install/ecl_devices/share/ecl_devices/environment/ament_prefix_path.sh
-- Installing: /home/abdulrafi/Desktop/ROS2_Final_Project/kobuki_ws/install/ecl_devices/share/ecl_devices/environment/ament_prefix_path.dsv
-- Installing: /home/abdulrafi/Desktop/ROS2_Final_Project/kobuki_ws/install/ecl_devices/share/ecl_devices/environment/path.sh
-- Installing: /home/abdulrafi/Desktop/ROS2_Final_Project/kobuki_ws/install/ecl_devices/share/ecl_devices/environment/path.dsv
-- Installing: /home/abdulrafi/Desktop/ROS2_Final_Project/kobuki_ws/install/ecl_devices/share/ecl_devices/local_setup.bash
-- Installing: /home/abdulrafi/Desktop/ROS2_Final_Project/kobuki_ws/install/ecl_devices/share/ecl_devices/local_setup.sh
-- Installing: /home/abdulrafi/Desktop/ROS2_Final_Project/kobuki_ws/install/ecl_devices/share/ecl_devices/local_setup.zsh
-- Installing: /home/abdulrafi/Desktop/ROS2_Final_Project/kobuki_ws/install/ecl_devices/share/ecl_devices/local_setup.dsv
-- Installing: /home/abdulrafi/Desktop/ROS2_Final_Project/kobuki_ws/install/ecl_devices/share/ecl_devices/package.dsv
-- Installing: /home/abdulrafi/Desktop/ROS2_Final_Project/kobuki_ws/install/ecl_devices/share/ament_index/resource_index/packages/ecl_devices
-- Installing: /home/abdulrafi/Desktop/ROS2_Final_Project/kobuki_ws/install/ecl_devices/share/ecl_devices/cmake/ecl_devicesExport.cmake
-- Installing: /home/abdulrafi/Desktop/ROS2_Final_Project/kobuki_ws/install/ecl_devices/share/ecl_devices/cmake/ecl_devicesExport-noconfig.cmake
-- Installing: /home/abdulrafi/Desktop/ROS2_Final_Project/kobuki_ws/install/ecl_devices/share/ecl_devices/cmake/ament_cmake_export_targets-extras.cmake
-- Installing: /home/abdulrafi/Desktop/ROS2_Final_Project/kobuki_ws/install/ecl_devices/share/ecl_devices/cmake/ament_cmake_export_include_directories-extras.cmake
-- Installing: /home/abdulrafi/Desktop/ROS2_Final_Project/kobuki_ws/install/ecl_devices/share/ecl_devices/cmake/ament_cmake_export_libraries-extras.cmake
-- Installing: /home/abdulrafi/Desktop/ROS2_Final_Project/kobuki_ws/install/ecl_devices/share/ecl_devices/cmake/ament_cmake_export_dependencies-extras.cmake
-- Installing: /home/abdulrafi/Desktop/ROS2_Final_Project/kobuki_ws/install/ecl_devices/share/ecl_devices/cmake/ecl_devicesConfig.cmake
-- Installing: /home/abdulrafi/Desktop/ROS2_Final_Project/kobuki_ws/install/ecl_devices/share/ecl_devices/cmake/ecl_devicesConfig-version.cmake
-- Installing: /home/abdulrafi/Desktop/ROS2_Final_Project/kobuki_ws/install/ecl_devices/share/ecl_devices/package.xml
-- Installing: /home/abdulrafi/Desktop/ROS2_Final_Project/kobuki_ws/install/ecl_devices/include/ecl/devices.hpp
-- Installing: /home/abdulrafi/Desktop/ROS2_Final_Project/kobuki_ws/install/ecl_devices/include/ecl/devices/console.hpp
-- Installing: /home/abdulrafi/Desktop/ROS2_Final_Project/kobuki_ws/install/ecl_devices/include/ecl/devices/macros.hpp
-- Installing: /home/abdulrafi/Desktop/ROS2_Final_Project/kobuki_ws/install/ecl_devices/include/ecl/devices/modes.hpp
-- Installing: /home/abdulrafi/Desktop/ROS2_Final_Project/kobuki_ws/install/ecl_devices/include/ecl/devices/ofile.hpp
-- Installing: /home/abdulrafi/Desktop/ROS2_Final_Project/kobuki_ws/install/ecl_devices/include/ecl/devices/ofile_pos.hpp
-- Installing: /home/abdulrafi/Desktop/ROS2_Final_Project/kobuki_ws/install/ecl_devices/include/ecl/devices/ofile_w32.hpp
-- Installing: /home/abdulrafi/Desktop/ROS2_Final_Project/kobuki_ws/install/ecl_devices/include/ecl/devices/serial.hpp
-- Installing: /home/abdulrafi/Desktop/ROS2_Final_Project/kobuki_ws/install/ecl_devices/include/ecl/devices/serial_parameters.hpp
-- Installing: /home/abdulrafi/Desktop/ROS2_Final_Project/kobuki_ws/install/ecl_devices/include/ecl/devices/serial_pos.hpp
-- Installing: /home/abdulrafi/Desktop/ROS2_Final_Project/kobuki_ws/install/ecl_devices/include/ecl/devices/serial_w32.hpp
-- Installing: /home/abdulrafi/Desktop/ROS2_Final_Project/kobuki_ws/install/ecl_devices/include/ecl/devices/shared_file.hpp
-- Installing: /home/abdulrafi/Desktop/ROS2_Final_Project/kobuki_ws/install/ecl_devices/include/ecl/devices/socket.hpp
-- Installing: /home/abdulrafi/Desktop/ROS2_Final_Project/kobuki_ws/install/ecl_devices/include/ecl/devices/socket_client_pos.hpp
-- Installing: /home/abdulrafi/Desktop/ROS2_Final_Project/kobuki_ws/install/ecl_devices/include/ecl/devices/socket_connection_status.hpp
-- Installing: /home/abdulrafi/Desktop/ROS2_Final_Project/kobuki_ws/install/ecl_devices/include/ecl/devices/socket_server_pos.hpp
-- Installing: /home/abdulrafi/Desktop/ROS2_Final_Project/kobuki_ws/install/ecl_devices/include/ecl/devices/string.hpp
-- Installing: /home/abdulrafi/Desktop/ROS2_Final_Project/kobuki_ws/install/ecl_devices/include/ecl/devices/traits.hpp
-- Installing: /home/abdulrafi/Desktop/ROS2_Final_Project/kobuki_ws/install/ecl_devices/include/ecl/devices/detail/character_buffer.hpp
-- Installing: /home/abdulrafi/Desktop/ROS2_Final_Project/kobuki_ws/install/ecl_devices/include/ecl/devices/detail/error_handler.hpp
-- Installing: /home/abdulrafi/Desktop/ROS2_Final_Project/kobuki_ws/install/ecl_devices/include/ecl/devices/detail/exception_handler_pos.hpp
-- Installing: /home/abdulrafi/Desktop/ROS2_Final_Project/kobuki_ws/install/ecl_devices/include/ecl/devices/detail/socket_error_handler_pos.hpp
-- Installing: /home/abdulrafi/Desktop/ROS2_Final_Project/kobuki_ws/install/ecl_devices/include/ecl/devices/detail/socket_exception_handler_pos.hpp
-- Installing: /home/abdulrafi/Desktop/ROS2_Final_Project/kobuki_ws/install/ecl_devices/lib/libecl_devices.so.1.2.1
-- Set non-toolchain portion of runtime path of "/home/abdulrafi/Desktop/ROS2_Final_Project/kobuki_ws/install/ecl_devices/lib/libecl_devices.so.1.2.1" to ""
-- Installing: /home/abdulrafi/Desktop/ROS2_Final_Project/kobuki_ws/install/ecl_devices/lib/libecl_devices.so
-- Installing: /home/abdulrafi/Desktop/ROS2_Final_Project/kobuki_ws/install/ecl_devices/lib/ecl_devices/demo_serial_timeouts
-- Set non-toolchain portion of runtime path of "/home/abdulrafi/Desktop/ROS2_Final_Project/kobuki_ws/install/ecl_devices/lib/ecl_devices/demo_serial_timeouts" to ""
