[0.268s] Invoking command in '/home/abdulrafi/Desktop/ROS2_Final_Project/kobuki_ws/build/ecl_devices': AMENT_PREFIX_PATH=/home/abdulrafi/Desktop/ROS2_Final_Project/kobuki_ws/install/ecl_containers:/home/abdulrafi/Desktop/ROS2_Final_Project/kobuki_ws/install/ecl_threads:/home/abdulrafi/Desktop/ROS2_Final_Project/kobuki_ws/install/ecl_formatters:/home/abdulrafi/Desktop/ROS2_Final_Project/kobuki_ws/install/ecl_utilities:/home/abdulrafi/Desktop/ROS2_Final_Project/kobuki_ws/install/ecl_time:/home/abdulrafi/Desktop/ROS2_Final_Project/kobuki_ws/install/ecl_converters:/home/abdulrafi/Desktop/ROS2_Final_Project/kobuki_ws/install/ecl_time_lite:/home/abdulrafi/Desktop/ROS2_Final_Project/kobuki_ws/install/ecl_exceptions:/home/abdulrafi/Desktop/ROS2_Final_Project/kobuki_ws/install/ecl_concepts:/home/abdulrafi/Desktop/ROS2_Final_Project/kobuki_ws/install/ecl_type_traits:/home/abdulrafi/Desktop/ROS2_Final_Project/kobuki_ws/install/ecl_errors:/home/abdulrafi/Desktop/ROS2_Final_Project/kobuki_ws/install/ecl_mpl:/home/abdulrafi/Desktop/ROS2_Final_Project/kobuki_ws/install/ecl_config:${AMENT_PREFIX_PATH} CMAKE_PREFIX_PATH=/home/abdulrafi/Desktop/ROS2_Final_Project/kobuki_ws/install/ecl_containers:/home/abdulrafi/Desktop/ROS2_Final_Project/kobuki_ws/install/ecl_threads:/home/abdulrafi/Desktop/ROS2_Final_Project/kobuki_ws/install/ecl_formatters:/home/abdulrafi/Desktop/ROS2_Final_Project/kobuki_ws/install/ecl_utilities:/home/abdulrafi/Desktop/ROS2_Final_Project/kobuki_ws/install/ecl_time:/home/abdulrafi/Desktop/ROS2_Final_Project/kobuki_ws/install/ecl_converters:/home/abdulrafi/Desktop/ROS2_Final_Project/kobuki_ws/install/ecl_time_lite:/home/abdulrafi/Desktop/ROS2_Final_Project/kobuki_ws/install/ecl_exceptions:/home/abdulrafi/Desktop/ROS2_Final_Project/kobuki_ws/install/ecl_concepts:/home/abdulrafi/Desktop/ROS2_Final_Project/kobuki_ws/install/ecl_type_traits:/home/abdulrafi/Desktop/ROS2_Final_Project/kobuki_ws/install/ecl_errors:/home/abdulrafi/Desktop/ROS2_Final_Project/kobuki_ws/install/ecl_mpl:/home/abdulrafi/Desktop/ROS2_Final_Project/kobuki_ws/install/ecl_config:/opt/ros/jazzy/opt/gz_sim_vendor:/opt/ros/jazzy/opt/gz_sensors_vendor:/opt/ros/jazzy/opt/gz_physics_vendor:/opt/ros/jazzy/opt/sdformat_vendor:/opt/ros/jazzy/opt/gz_gui_vendor:/opt/ros/jazzy/opt/gz_transport_vendor:/opt/ros/jazzy/opt/gz_rendering_vendor:/opt/ros/jazzy/opt/gz_plugin_vendor:/opt/ros/jazzy/opt/gz_fuel_tools_vendor:/opt/ros/jazzy/opt/gz_msgs_vendor:/opt/ros/jazzy/opt/gz_common_vendor:/opt/ros/jazzy/opt/gz_math_vendor:/opt/ros/jazzy/opt/gz_utils_vendor:/opt/ros/jazzy/opt/gz_tools_vendor:/opt/ros/jazzy/opt/gz_ogre_next_vendor:/opt/ros/jazzy/opt/gz_dartsim_vendor:/opt/ros/jazzy/opt/gz_cmake_vendor:/opt/ros/jazzy DEBUGINFOD_URLS=https://debuginfod.ubuntu.com LD_LIBRARY_PATH=/home/abdulrafi/Desktop/ROS2_Final_Project/kobuki_ws/install/ecl_threads/lib:/home/abdulrafi/Desktop/ROS2_Final_Project/kobuki_ws/install/ecl_formatters/lib:/home/abdulrafi/Desktop/ROS2_Final_Project/kobuki_ws/install/ecl_time/lib:/home/abdulrafi/Desktop/ROS2_Final_Project/kobuki_ws/install/ecl_time_lite/lib:/home/abdulrafi/Desktop/ROS2_Final_Project/kobuki_ws/install/ecl_exceptions/lib:/home/abdulrafi/Desktop/ROS2_Final_Project/kobuki_ws/install/ecl_type_traits/lib:/home/abdulrafi/Desktop/ROS2_Final_Project/kobuki_ws/install/ecl_errors/lib:${LD_LIBRARY_PATH} PATH=/home/abdulrafi/Desktop/ROS2_Final_Project/kobuki_ws/install/ecl_type_traits/bin:/home/abdulrafi/Desktop/ROS2_Final_Project/kobuki_ws/install/ecl_config/bin:${PATH} /usr/bin/cmake /home/abdulrafi/Desktop/ROS2_Final_Project/kobuki_ws/src/ThirdParty/ecl/ecl_core/ecl_devices -DCMAKE_INSTALL_PREFIX=/home/abdulrafi/Desktop/ROS2_Final_Project/kobuki_ws/install/ecl_devices
[0.634s] -- The C compiler identification is GNU 13.3.0
[0.953s] -- The CXX compiler identification is GNU 13.3.0
[1.054s] -- Detecting C compiler ABI info
[1.593s] -- Detecting C compiler ABI info - done
[1.644s] -- Check for working C compiler: /usr/bin/cc - skipped
[1.654s] -- Detecting C compile features
[1.655s] -- Detecting C compile features - done
[1.750s] -- Detecting CXX compiler ABI info
[2.221s] -- Detecting CXX compiler ABI info - done
[2.268s] -- Check for working CXX compiler: /usr/bin/c++ - skipped
[2.269s] -- Detecting CXX compile features
[2.272s] -- Detecting CXX compile features - done
[2.297s] -- Found ament_cmake_ros: 0.12.0 (/opt/ros/jazzy/share/ament_cmake_ros/cmake)
[3.133s] -- Found Python3: /usr/bin/python3 (found version "3.12.3") found components: Interpreter 
[3.926s] -- Found ecl_build: 1.0.3 (/opt/ros/jazzy/share/ecl_build/cmake)
[3.940s] [0mCMake Deprecation Warning at /opt/ros/jazzy/share/ecl_build/cmake/cotire.cmake:45 (cmake_minimum_required):
[3.942s]   Compatibility with CMake < 3.5 will be removed from a future version of
[3.942s]   CMake.
[3.942s] 
[3.942s]   Update the VERSION argument <min> value or use a ...<max> suffix to tell
[3.943s]   CMake that the project does not need compatibility with older versions.
[3.943s] Call Stack (most recent call first):
[3.943s]   /opt/ros/jazzy/share/ecl_build/cmake/ecl_buildConfig.cmake:41 (include)
[3.943s]   CMakeLists.txt:17 (find_package)
[3.947s] 
[3.948s] [0m
[3.959s] -- Found ecl_config: 1.2.0 (/home/abdulrafi/Desktop/ROS2_Final_Project/kobuki_ws/install/ecl_config/share/ecl_config/cmake)
[3.969s] -- Found ecl_containers: 1.2.1 (/home/abdulrafi/Desktop/ROS2_Final_Project/kobuki_ws/install/ecl_containers/share/ecl_containers/cmake)
[4.084s] -- Found ecl_threads: 1.2.1 (/home/abdulrafi/Desktop/ROS2_Final_Project/kobuki_ws/install/ecl_threads/share/ecl_threads/cmake)
[4.085s] -- Performing Test CMAKE_HAVE_LIBC_PTHREAD
[4.551s] -- Performing Test CMAKE_HAVE_LIBC_PTHREAD - Success
[4.560s] [33mCMake Warning (dev) at /usr/share/cmake-3.28/Modules/FindPackageHandleStandardArgs.cmake:438 (message):
[4.560s]   The package name passed to `find_package_handle_standard_args` (Threads)
[4.566s]   does not match the name of the calling package (ecl_threads).  This can
[4.566s]   lead to problems in calling code that expects `find_package` result
[4.572s]   variables (e.g., `_FOUND`) to follow a certain pattern.
[4.572s] Call Stack (most recent call first):
[4.573s]   /usr/share/cmake-3.28/Modules/FindThreads.cmake:226 (FIND_PACKAGE_HANDLE_STANDARD_ARGS)
[4.573s]   /opt/ros/jazzy/share/ecl_build/cmake/ecl_platform_detection.cmake:225 (include)
[4.573s]   /home/abdulrafi/Desktop/ROS2_Final_Project/kobuki_ws/install/ecl_threads/share/ecl_threads/cmake/ecl_threads-extras.cmake:4 (ecl_detect_threads)
[4.573s]   /home/abdulrafi/Desktop/ROS2_Final_Project/kobuki_ws/install/ecl_threads/share/ecl_threads/cmake/ecl_threadsConfig.cmake:41 (include)
[4.577s]   CMakeLists.txt:22 (find_package)
[4.577s] This warning is for project developers.  Use -Wno-dev to suppress it.
[4.578s] [0m
[4.583s] -- Found Threads: TRUE  
[5.318s] -- Found ament_lint_auto: 0.17.5 (/opt/ros/jazzy/share/ament_lint_auto/cmake)
[5.553s] -- Found gtest sources under '/opt/ros/jazzy/src/gtest_vendor': C++ tests using 'Google Test' will be built
[5.615s] -- Configuring done (5.3s)
[5.813s] -- Generating done (0.2s)
[5.856s] -- Build files have been written to: /home/abdulrafi/Desktop/ROS2_Final_Project/kobuki_ws/build/ecl_devices
[5.882s] Invoked command in '/home/abdulrafi/Desktop/ROS2_Final_Project/kobuki_ws/build/ecl_devices' returned '0': AMENT_PREFIX_PATH=/home/abdulrafi/Desktop/ROS2_Final_Project/kobuki_ws/install/ecl_containers:/home/abdulrafi/Desktop/ROS2_Final_Project/kobuki_ws/install/ecl_threads:/home/abdulrafi/Desktop/ROS2_Final_Project/kobuki_ws/install/ecl_formatters:/home/abdulrafi/Desktop/ROS2_Final_Project/kobuki_ws/install/ecl_utilities:/home/abdulrafi/Desktop/ROS2_Final_Project/kobuki_ws/install/ecl_time:/home/abdulrafi/Desktop/ROS2_Final_Project/kobuki_ws/install/ecl_converters:/home/abdulrafi/Desktop/ROS2_Final_Project/kobuki_ws/install/ecl_time_lite:/home/abdulrafi/Desktop/ROS2_Final_Project/kobuki_ws/install/ecl_exceptions:/home/abdulrafi/Desktop/ROS2_Final_Project/kobuki_ws/install/ecl_concepts:/home/abdulrafi/Desktop/ROS2_Final_Project/kobuki_ws/install/ecl_type_traits:/home/abdulrafi/Desktop/ROS2_Final_Project/kobuki_ws/install/ecl_errors:/home/abdulrafi/Desktop/ROS2_Final_Project/kobuki_ws/install/ecl_mpl:/home/abdulrafi/Desktop/ROS2_Final_Project/kobuki_ws/install/ecl_config:${AMENT_PREFIX_PATH} CMAKE_PREFIX_PATH=/home/abdulrafi/Desktop/ROS2_Final_Project/kobuki_ws/install/ecl_containers:/home/abdulrafi/Desktop/ROS2_Final_Project/kobuki_ws/install/ecl_threads:/home/abdulrafi/Desktop/ROS2_Final_Project/kobuki_ws/install/ecl_formatters:/home/abdulrafi/Desktop/ROS2_Final_Project/kobuki_ws/install/ecl_utilities:/home/abdulrafi/Desktop/ROS2_Final_Project/kobuki_ws/install/ecl_time:/home/abdulrafi/Desktop/ROS2_Final_Project/kobuki_ws/install/ecl_converters:/home/abdulrafi/Desktop/ROS2_Final_Project/kobuki_ws/install/ecl_time_lite:/home/abdulrafi/Desktop/ROS2_Final_Project/kobuki_ws/install/ecl_exceptions:/home/abdulrafi/Desktop/ROS2_Final_Project/kobuki_ws/install/ecl_concepts:/home/abdulrafi/Desktop/ROS2_Final_Project/kobuki_ws/install/ecl_type_traits:/home/abdulrafi/Desktop/ROS2_Final_Project/kobuki_ws/install/ecl_errors:/home/abdulrafi/Desktop/ROS2_Final_Project/kobuki_ws/install/ecl_mpl:/home/abdulrafi/Desktop/ROS2_Final_Project/kobuki_ws/install/ecl_config:/opt/ros/jazzy/opt/gz_sim_vendor:/opt/ros/jazzy/opt/gz_sensors_vendor:/opt/ros/jazzy/opt/gz_physics_vendor:/opt/ros/jazzy/opt/sdformat_vendor:/opt/ros/jazzy/opt/gz_gui_vendor:/opt/ros/jazzy/opt/gz_transport_vendor:/opt/ros/jazzy/opt/gz_rendering_vendor:/opt/ros/jazzy/opt/gz_plugin_vendor:/opt/ros/jazzy/opt/gz_fuel_tools_vendor:/opt/ros/jazzy/opt/gz_msgs_vendor:/opt/ros/jazzy/opt/gz_common_vendor:/opt/ros/jazzy/opt/gz_math_vendor:/opt/ros/jazzy/opt/gz_utils_vendor:/opt/ros/jazzy/opt/gz_tools_vendor:/opt/ros/jazzy/opt/gz_ogre_next_vendor:/opt/ros/jazzy/opt/gz_dartsim_vendor:/opt/ros/jazzy/opt/gz_cmake_vendor:/opt/ros/jazzy DEBUGINFOD_URLS=https://debuginfod.ubuntu.com LD_LIBRARY_PATH=/home/abdulrafi/Desktop/ROS2_Final_Project/kobuki_ws/install/ecl_threads/lib:/home/abdulrafi/Desktop/ROS2_Final_Project/kobuki_ws/install/ecl_formatters/lib:/home/abdulrafi/Desktop/ROS2_Final_Project/kobuki_ws/install/ecl_time/lib:/home/abdulrafi/Desktop/ROS2_Final_Project/kobuki_ws/install/ecl_time_lite/lib:/home/abdulrafi/Desktop/ROS2_Final_Project/kobuki_ws/install/ecl_exceptions/lib:/home/abdulrafi/Desktop/ROS2_Final_Project/kobuki_ws/install/ecl_type_traits/lib:/home/abdulrafi/Desktop/ROS2_Final_Project/kobuki_ws/install/ecl_errors/lib:${LD_LIBRARY_PATH} PATH=/home/abdulrafi/Desktop/ROS2_Final_Project/kobuki_ws/install/ecl_type_traits/bin:/home/abdulrafi/Desktop/ROS2_Final_Project/kobuki_ws/install/ecl_config/bin:${PATH} /usr/bin/cmake /home/abdulrafi/Desktop/ROS2_Final_Project/kobuki_ws/src/ThirdParty/ecl/ecl_core/ecl_devices -DCMAKE_INSTALL_PREFIX=/home/abdulrafi/Desktop/ROS2_Final_Project/kobuki_ws/install/ecl_devices
[5.887s] Invoking command in '/home/abdulrafi/Desktop/ROS2_Final_Project/kobuki_ws/build/ecl_devices': AMENT_PREFIX_PATH=/home/abdulrafi/Desktop/ROS2_Final_Project/kobuki_ws/install/ecl_containers:/home/abdulrafi/Desktop/ROS2_Final_Project/kobuki_ws/install/ecl_threads:/home/abdulrafi/Desktop/ROS2_Final_Project/kobuki_ws/install/ecl_formatters:/home/abdulrafi/Desktop/ROS2_Final_Project/kobuki_ws/install/ecl_utilities:/home/abdulrafi/Desktop/ROS2_Final_Project/kobuki_ws/install/ecl_time:/home/abdulrafi/Desktop/ROS2_Final_Project/kobuki_ws/install/ecl_converters:/home/abdulrafi/Desktop/ROS2_Final_Project/kobuki_ws/install/ecl_time_lite:/home/abdulrafi/Desktop/ROS2_Final_Project/kobuki_ws/install/ecl_exceptions:/home/abdulrafi/Desktop/ROS2_Final_Project/kobuki_ws/install/ecl_concepts:/home/abdulrafi/Desktop/ROS2_Final_Project/kobuki_ws/install/ecl_type_traits:/home/abdulrafi/Desktop/ROS2_Final_Project/kobuki_ws/install/ecl_errors:/home/abdulrafi/Desktop/ROS2_Final_Project/kobuki_ws/install/ecl_mpl:/home/abdulrafi/Desktop/ROS2_Final_Project/kobuki_ws/install/ecl_config:${AMENT_PREFIX_PATH} CMAKE_PREFIX_PATH=/home/abdulrafi/Desktop/ROS2_Final_Project/kobuki_ws/install/ecl_containers:/home/abdulrafi/Desktop/ROS2_Final_Project/kobuki_ws/install/ecl_threads:/home/abdulrafi/Desktop/ROS2_Final_Project/kobuki_ws/install/ecl_formatters:/home/abdulrafi/Desktop/ROS2_Final_Project/kobuki_ws/install/ecl_utilities:/home/abdulrafi/Desktop/ROS2_Final_Project/kobuki_ws/install/ecl_time:/home/abdulrafi/Desktop/ROS2_Final_Project/kobuki_ws/install/ecl_converters:/home/abdulrafi/Desktop/ROS2_Final_Project/kobuki_ws/install/ecl_time_lite:/home/abdulrafi/Desktop/ROS2_Final_Project/kobuki_ws/install/ecl_exceptions:/home/abdulrafi/Desktop/ROS2_Final_Project/kobuki_ws/install/ecl_concepts:/home/abdulrafi/Desktop/ROS2_Final_Project/kobuki_ws/install/ecl_type_traits:/home/abdulrafi/Desktop/ROS2_Final_Project/kobuki_ws/install/ecl_errors:/home/abdulrafi/Desktop/ROS2_Final_Project/kobuki_ws/install/ecl_mpl:/home/abdulrafi/Desktop/ROS2_Final_Project/kobuki_ws/install/ecl_config:/opt/ros/jazzy/opt/gz_sim_vendor:/opt/ros/jazzy/opt/gz_sensors_vendor:/opt/ros/jazzy/opt/gz_physics_vendor:/opt/ros/jazzy/opt/sdformat_vendor:/opt/ros/jazzy/opt/gz_gui_vendor:/opt/ros/jazzy/opt/gz_transport_vendor:/opt/ros/jazzy/opt/gz_rendering_vendor:/opt/ros/jazzy/opt/gz_plugin_vendor:/opt/ros/jazzy/opt/gz_fuel_tools_vendor:/opt/ros/jazzy/opt/gz_msgs_vendor:/opt/ros/jazzy/opt/gz_common_vendor:/opt/ros/jazzy/opt/gz_math_vendor:/opt/ros/jazzy/opt/gz_utils_vendor:/opt/ros/jazzy/opt/gz_tools_vendor:/opt/ros/jazzy/opt/gz_ogre_next_vendor:/opt/ros/jazzy/opt/gz_dartsim_vendor:/opt/ros/jazzy/opt/gz_cmake_vendor:/opt/ros/jazzy DEBUGINFOD_URLS=https://debuginfod.ubuntu.com LD_LIBRARY_PATH=/home/abdulrafi/Desktop/ROS2_Final_Project/kobuki_ws/install/ecl_threads/lib:/home/abdulrafi/Desktop/ROS2_Final_Project/kobuki_ws/install/ecl_formatters/lib:/home/abdulrafi/Desktop/ROS2_Final_Project/kobuki_ws/install/ecl_time/lib:/home/abdulrafi/Desktop/ROS2_Final_Project/kobuki_ws/install/ecl_time_lite/lib:/home/abdulrafi/Desktop/ROS2_Final_Project/kobuki_ws/install/ecl_exceptions/lib:/home/abdulrafi/Desktop/ROS2_Final_Project/kobuki_ws/install/ecl_type_traits/lib:/home/abdulrafi/Desktop/ROS2_Final_Project/kobuki_ws/install/ecl_errors/lib:${LD_LIBRARY_PATH} PATH=/home/abdulrafi/Desktop/ROS2_Final_Project/kobuki_ws/install/ecl_type_traits/bin:/home/abdulrafi/Desktop/ROS2_Final_Project/kobuki_ws/install/ecl_config/bin:${PATH} /usr/bin/cmake --build /home/abdulrafi/Desktop/ROS2_Final_Project/kobuki_ws/build/ecl_devices -- -j4 -l4
[6.392s] [  4%] [32mBuilding CXX object src/lib/CMakeFiles/ecl_devices.dir/detail/character_buffer.cpp.o[0m
[6.711s] [  8%] [32mBuilding CXX object src/lib/CMakeFiles/ecl_devices.dir/detail/error_handler.cpp.o[0m
[7.704s] [ 12%] [32mBuilding CXX object src/lib/CMakeFiles/ecl_devices.dir/detail/exception_handler_pos.cpp.o[0m
[9.160s] [ 16%] [32mBuilding CXX object src/lib/CMakeFiles/ecl_devices.dir/detail/socket_exception_handler_pos.cpp.o[0m
[10.636s] [ 20%] [32mBuilding CXX object src/lib/CMakeFiles/ecl_devices.dir/console.cpp.o[0m
[11.636s] [ 25%] [32mBuilding CXX object src/lib/CMakeFiles/ecl_devices.dir/ofile_pos.cpp.o[0m
[13.172s] [ 29%] [32mBuilding CXX object src/lib/CMakeFiles/ecl_devices.dir/ofile_w32.cpp.o[0m
[13.393s] [ 33%] [32mBuilding CXX object src/lib/CMakeFiles/ecl_devices.dir/serial_pos.cpp.o[0m
[14.772s] [ 37%] [32mBuilding CXX object src/lib/CMakeFiles/ecl_devices.dir/serial_w32.cpp.o[0m
[14.926s] [ 41%] [32mBuilding CXX object src/lib/CMakeFiles/ecl_devices.dir/shared_file.cpp.o[0m
[16.742s] [ 45%] [32mBuilding CXX object src/lib/CMakeFiles/ecl_devices.dir/socket_client_pos.cpp.o[0m
[18.025s] [ 50%] [32mBuilding CXX object src/lib/CMakeFiles/ecl_devices.dir/socket_server_pos.cpp.o[0m
[19.009s] [ 54%] [32mBuilding CXX object src/lib/CMakeFiles/ecl_devices.dir/string.cpp.o[0m
[20.310s] [ 58%] [32m[1mLinking CXX shared library libecl_devices.so[0m
[20.832s] [ 58%] Built target ecl_devices
[20.978s] [ 62%] [32mBuilding CXX object gtest/CMakeFiles/gtest.dir/src/gtest-all.cc.o[0m
[39.282s] [ 66%] [32m[1mLinking CXX static library libgtest.a[0m
[39.686s] [ 66%] Built target gtest
[39.799s] [ 70%] [32mBuilding CXX object src/examples/CMakeFiles/ecl_demo_serial_timeouts.dir/serial_timeouts.cpp.o[0m
[41.316s] [ 75%] [32m[1mLinking CXX executable demo_serial_timeouts[0m
[41.679s] [ 75%] Built target ecl_demo_serial_timeouts
[41.799s] [ 79%] [32mBuilding CXX object gtest/CMakeFiles/gtest_main.dir/src/gtest_main.cc.o[0m
[44.599s] [ 83%] [32m[1mLinking CXX static library libgtest_main.a[0m
[44.830s] [ 83%] Built target gtest_main
[44.960s] [ 87%] [32mBuilding CXX object src/test/CMakeFiles/ecl_test_shared_files.dir/shared_files.cpp.o[0m
[48.791s] [ 91%] [32m[1mLinking CXX executable ecl_test_shared_files[0m
[49.705s] [ 91%] Built target ecl_test_shared_files
[49.842s] [ 95%] [32mBuilding CXX object src/test/CMakeFiles/ecl_test_files.dir/files.cpp.o[0m
[54.158s] [100%] [32m[1mLinking CXX executable ecl_test_files[0m
[54.987s] [100%] Built target ecl_test_files
[55.071s] Invoked command in '/home/abdulrafi/Desktop/ROS2_Final_Project/kobuki_ws/build/ecl_devices' returned '0': AMENT_PREFIX_PATH=/home/abdulrafi/Desktop/ROS2_Final_Project/kobuki_ws/install/ecl_containers:/home/abdulrafi/Desktop/ROS2_Final_Project/kobuki_ws/install/ecl_threads:/home/abdulrafi/Desktop/ROS2_Final_Project/kobuki_ws/install/ecl_formatters:/home/abdulrafi/Desktop/ROS2_Final_Project/kobuki_ws/install/ecl_utilities:/home/abdulrafi/Desktop/ROS2_Final_Project/kobuki_ws/install/ecl_time:/home/abdulrafi/Desktop/ROS2_Final_Project/kobuki_ws/install/ecl_converters:/home/abdulrafi/Desktop/ROS2_Final_Project/kobuki_ws/install/ecl_time_lite:/home/abdulrafi/Desktop/ROS2_Final_Project/kobuki_ws/install/ecl_exceptions:/home/abdulrafi/Desktop/ROS2_Final_Project/kobuki_ws/install/ecl_concepts:/home/abdulrafi/Desktop/ROS2_Final_Project/kobuki_ws/install/ecl_type_traits:/home/abdulrafi/Desktop/ROS2_Final_Project/kobuki_ws/install/ecl_errors:/home/abdulrafi/Desktop/ROS2_Final_Project/kobuki_ws/install/ecl_mpl:/home/abdulrafi/Desktop/ROS2_Final_Project/kobuki_ws/install/ecl_config:${AMENT_PREFIX_PATH} CMAKE_PREFIX_PATH=/home/abdulrafi/Desktop/ROS2_Final_Project/kobuki_ws/install/ecl_containers:/home/abdulrafi/Desktop/ROS2_Final_Project/kobuki_ws/install/ecl_threads:/home/abdulrafi/Desktop/ROS2_Final_Project/kobuki_ws/install/ecl_formatters:/home/abdulrafi/Desktop/ROS2_Final_Project/kobuki_ws/install/ecl_utilities:/home/abdulrafi/Desktop/ROS2_Final_Project/kobuki_ws/install/ecl_time:/home/abdulrafi/Desktop/ROS2_Final_Project/kobuki_ws/install/ecl_converters:/home/abdulrafi/Desktop/ROS2_Final_Project/kobuki_ws/install/ecl_time_lite:/home/abdulrafi/Desktop/ROS2_Final_Project/kobuki_ws/install/ecl_exceptions:/home/abdulrafi/Desktop/ROS2_Final_Project/kobuki_ws/install/ecl_concepts:/home/abdulrafi/Desktop/ROS2_Final_Project/kobuki_ws/install/ecl_type_traits:/home/abdulrafi/Desktop/ROS2_Final_Project/kobuki_ws/install/ecl_errors:/home/abdulrafi/Desktop/ROS2_Final_Project/kobuki_ws/install/ecl_mpl:/home/abdulrafi/Desktop/ROS2_Final_Project/kobuki_ws/install/ecl_config:/opt/ros/jazzy/opt/gz_sim_vendor:/opt/ros/jazzy/opt/gz_sensors_vendor:/opt/ros/jazzy/opt/gz_physics_vendor:/opt/ros/jazzy/opt/sdformat_vendor:/opt/ros/jazzy/opt/gz_gui_vendor:/opt/ros/jazzy/opt/gz_transport_vendor:/opt/ros/jazzy/opt/gz_rendering_vendor:/opt/ros/jazzy/opt/gz_plugin_vendor:/opt/ros/jazzy/opt/gz_fuel_tools_vendor:/opt/ros/jazzy/opt/gz_msgs_vendor:/opt/ros/jazzy/opt/gz_common_vendor:/opt/ros/jazzy/opt/gz_math_vendor:/opt/ros/jazzy/opt/gz_utils_vendor:/opt/ros/jazzy/opt/gz_tools_vendor:/opt/ros/jazzy/opt/gz_ogre_next_vendor:/opt/ros/jazzy/opt/gz_dartsim_vendor:/opt/ros/jazzy/opt/gz_cmake_vendor:/opt/ros/jazzy DEBUGINFOD_URLS=https://debuginfod.ubuntu.com LD_LIBRARY_PATH=/home/abdulrafi/Desktop/ROS2_Final_Project/kobuki_ws/install/ecl_threads/lib:/home/abdulrafi/Desktop/ROS2_Final_Project/kobuki_ws/install/ecl_formatters/lib:/home/abdulrafi/Desktop/ROS2_Final_Project/kobuki_ws/install/ecl_time/lib:/home/abdulrafi/Desktop/ROS2_Final_Project/kobuki_ws/install/ecl_time_lite/lib:/home/abdulrafi/Desktop/ROS2_Final_Project/kobuki_ws/install/ecl_exceptions/lib:/home/abdulrafi/Desktop/ROS2_Final_Project/kobuki_ws/install/ecl_type_traits/lib:/home/abdulrafi/Desktop/ROS2_Final_Project/kobuki_ws/install/ecl_errors/lib:${LD_LIBRARY_PATH} PATH=/home/abdulrafi/Desktop/ROS2_Final_Project/kobuki_ws/install/ecl_type_traits/bin:/home/abdulrafi/Desktop/ROS2_Final_Project/kobuki_ws/install/ecl_config/bin:${PATH} /usr/bin/cmake --build /home/abdulrafi/Desktop/ROS2_Final_Project/kobuki_ws/build/ecl_devices -- -j4 -l4
[55.076s] Invoking command in '/home/abdulrafi/Desktop/ROS2_Final_Project/kobuki_ws/build/ecl_devices': AMENT_PREFIX_PATH=/home/abdulrafi/Desktop/ROS2_Final_Project/kobuki_ws/install/ecl_containers:/home/abdulrafi/Desktop/ROS2_Final_Project/kobuki_ws/install/ecl_threads:/home/abdulrafi/Desktop/ROS2_Final_Project/kobuki_ws/install/ecl_formatters:/home/abdulrafi/Desktop/ROS2_Final_Project/kobuki_ws/install/ecl_utilities:/home/abdulrafi/Desktop/ROS2_Final_Project/kobuki_ws/install/ecl_time:/home/abdulrafi/Desktop/ROS2_Final_Project/kobuki_ws/install/ecl_converters:/home/abdulrafi/Desktop/ROS2_Final_Project/kobuki_ws/install/ecl_time_lite:/home/abdulrafi/Desktop/ROS2_Final_Project/kobuki_ws/install/ecl_exceptions:/home/abdulrafi/Desktop/ROS2_Final_Project/kobuki_ws/install/ecl_concepts:/home/abdulrafi/Desktop/ROS2_Final_Project/kobuki_ws/install/ecl_type_traits:/home/abdulrafi/Desktop/ROS2_Final_Project/kobuki_ws/install/ecl_errors:/home/abdulrafi/Desktop/ROS2_Final_Project/kobuki_ws/install/ecl_mpl:/home/abdulrafi/Desktop/ROS2_Final_Project/kobuki_ws/install/ecl_config:${AMENT_PREFIX_PATH} CMAKE_PREFIX_PATH=/home/abdulrafi/Desktop/ROS2_Final_Project/kobuki_ws/install/ecl_containers:/home/abdulrafi/Desktop/ROS2_Final_Project/kobuki_ws/install/ecl_threads:/home/abdulrafi/Desktop/ROS2_Final_Project/kobuki_ws/install/ecl_formatters:/home/abdulrafi/Desktop/ROS2_Final_Project/kobuki_ws/install/ecl_utilities:/home/abdulrafi/Desktop/ROS2_Final_Project/kobuki_ws/install/ecl_time:/home/abdulrafi/Desktop/ROS2_Final_Project/kobuki_ws/install/ecl_converters:/home/abdulrafi/Desktop/ROS2_Final_Project/kobuki_ws/install/ecl_time_lite:/home/abdulrafi/Desktop/ROS2_Final_Project/kobuki_ws/install/ecl_exceptions:/home/abdulrafi/Desktop/ROS2_Final_Project/kobuki_ws/install/ecl_concepts:/home/abdulrafi/Desktop/ROS2_Final_Project/kobuki_ws/install/ecl_type_traits:/home/abdulrafi/Desktop/ROS2_Final_Project/kobuki_ws/install/ecl_errors:/home/abdulrafi/Desktop/ROS2_Final_Project/kobuki_ws/install/ecl_mpl:/home/abdulrafi/Desktop/ROS2_Final_Project/kobuki_ws/install/ecl_config:/opt/ros/jazzy/opt/gz_sim_vendor:/opt/ros/jazzy/opt/gz_sensors_vendor:/opt/ros/jazzy/opt/gz_physics_vendor:/opt/ros/jazzy/opt/sdformat_vendor:/opt/ros/jazzy/opt/gz_gui_vendor:/opt/ros/jazzy/opt/gz_transport_vendor:/opt/ros/jazzy/opt/gz_rendering_vendor:/opt/ros/jazzy/opt/gz_plugin_vendor:/opt/ros/jazzy/opt/gz_fuel_tools_vendor:/opt/ros/jazzy/opt/gz_msgs_vendor:/opt/ros/jazzy/opt/gz_common_vendor:/opt/ros/jazzy/opt/gz_math_vendor:/opt/ros/jazzy/opt/gz_utils_vendor:/opt/ros/jazzy/opt/gz_tools_vendor:/opt/ros/jazzy/opt/gz_ogre_next_vendor:/opt/ros/jazzy/opt/gz_dartsim_vendor:/opt/ros/jazzy/opt/gz_cmake_vendor:/opt/ros/jazzy DEBUGINFOD_URLS=https://debuginfod.ubuntu.com LD_LIBRARY_PATH=/home/abdulrafi/Desktop/ROS2_Final_Project/kobuki_ws/install/ecl_threads/lib:/home/abdulrafi/Desktop/ROS2_Final_Project/kobuki_ws/install/ecl_formatters/lib:/home/abdulrafi/Desktop/ROS2_Final_Project/kobuki_ws/install/ecl_time/lib:/home/abdulrafi/Desktop/ROS2_Final_Project/kobuki_ws/install/ecl_time_lite/lib:/home/abdulrafi/Desktop/ROS2_Final_Project/kobuki_ws/install/ecl_exceptions/lib:/home/abdulrafi/Desktop/ROS2_Final_Project/kobuki_ws/install/ecl_type_traits/lib:/home/abdulrafi/Desktop/ROS2_Final_Project/kobuki_ws/install/ecl_errors/lib:${LD_LIBRARY_PATH} PATH=/home/abdulrafi/Desktop/ROS2_Final_Project/kobuki_ws/install/ecl_type_traits/bin:/home/abdulrafi/Desktop/ROS2_Final_Project/kobuki_ws/install/ecl_config/bin:${PATH} /usr/bin/cmake --install /home/abdulrafi/Desktop/ROS2_Final_Project/kobuki_ws/build/ecl_devices
[55.125s] -- Install configuration: ""
[55.126s] -- Installing: /home/abdulrafi/Desktop/ROS2_Final_Project/kobuki_ws/install/ecl_devices/share/ecl_devices/environment/library_path.sh
[55.130s] -- Installing: /home/abdulrafi/Desktop/ROS2_Final_Project/kobuki_ws/install/ecl_devices/share/ecl_devices/environment/library_path.dsv
[55.130s] -- Installing: /home/abdulrafi/Desktop/ROS2_Final_Project/kobuki_ws/install/ecl_devices/share/ament_index/resource_index/package_run_dependencies/ecl_devices
[55.131s] -- Installing: /home/abdulrafi/Desktop/ROS2_Final_Project/kobuki_ws/install/ecl_devices/share/ament_index/resource_index/parent_prefix_path/ecl_devices
[55.131s] -- Installing: /home/abdulrafi/Desktop/ROS2_Final_Project/kobuki_ws/install/ecl_devices/share/ecl_devices/environment/ament_prefix_path.sh
[55.132s] -- Installing: /home/abdulrafi/Desktop/ROS2_Final_Project/kobuki_ws/install/ecl_devices/share/ecl_devices/environment/ament_prefix_path.dsv
[55.132s] -- Installing: /home/abdulrafi/Desktop/ROS2_Final_Project/kobuki_ws/install/ecl_devices/share/ecl_devices/environment/path.sh
[55.132s] -- Installing: /home/abdulrafi/Desktop/ROS2_Final_Project/kobuki_ws/install/ecl_devices/share/ecl_devices/environment/path.dsv
[55.132s] -- Installing: /home/abdulrafi/Desktop/ROS2_Final_Project/kobuki_ws/install/ecl_devices/share/ecl_devices/local_setup.bash
[55.133s] -- Installing: /home/abdulrafi/Desktop/ROS2_Final_Project/kobuki_ws/install/ecl_devices/share/ecl_devices/local_setup.sh
[55.133s] -- Installing: /home/abdulrafi/Desktop/ROS2_Final_Project/kobuki_ws/install/ecl_devices/share/ecl_devices/local_setup.zsh
[55.133s] -- Installing: /home/abdulrafi/Desktop/ROS2_Final_Project/kobuki_ws/install/ecl_devices/share/ecl_devices/local_setup.dsv
[55.134s] -- Installing: /home/abdulrafi/Desktop/ROS2_Final_Project/kobuki_ws/install/ecl_devices/share/ecl_devices/package.dsv
[55.148s] -- Installing: /home/abdulrafi/Desktop/ROS2_Final_Project/kobuki_ws/install/ecl_devices/share/ament_index/resource_index/packages/ecl_devices
[55.149s] -- Installing: /home/abdulrafi/Desktop/ROS2_Final_Project/kobuki_ws/install/ecl_devices/share/ecl_devices/cmake/ecl_devicesExport.cmake
[55.149s] -- Installing: /home/abdulrafi/Desktop/ROS2_Final_Project/kobuki_ws/install/ecl_devices/share/ecl_devices/cmake/ecl_devicesExport-noconfig.cmake
[55.149s] -- Installing: /home/abdulrafi/Desktop/ROS2_Final_Project/kobuki_ws/install/ecl_devices/share/ecl_devices/cmake/ament_cmake_export_targets-extras.cmake
[55.151s] -- Installing: /home/abdulrafi/Desktop/ROS2_Final_Project/kobuki_ws/install/ecl_devices/share/ecl_devices/cmake/ament_cmake_export_include_directories-extras.cmake
[55.153s] -- Installing: /home/abdulrafi/Desktop/ROS2_Final_Project/kobuki_ws/install/ecl_devices/share/ecl_devices/cmake/ament_cmake_export_libraries-extras.cmake
[55.156s] -- Installing: /home/abdulrafi/Desktop/ROS2_Final_Project/kobuki_ws/install/ecl_devices/share/ecl_devices/cmake/ament_cmake_export_dependencies-extras.cmake
[55.156s] -- Installing: /home/abdulrafi/Desktop/ROS2_Final_Project/kobuki_ws/install/ecl_devices/share/ecl_devices/cmake/ecl_devicesConfig.cmake
[55.156s] -- Installing: /home/abdulrafi/Desktop/ROS2_Final_Project/kobuki_ws/install/ecl_devices/share/ecl_devices/cmake/ecl_devicesConfig-version.cmake
[55.157s] -- Installing: /home/abdulrafi/Desktop/ROS2_Final_Project/kobuki_ws/install/ecl_devices/share/ecl_devices/package.xml
[55.157s] -- Installing: /home/abdulrafi/Desktop/ROS2_Final_Project/kobuki_ws/install/ecl_devices/include/ecl/devices.hpp
[55.162s] -- Installing: /home/abdulrafi/Desktop/ROS2_Final_Project/kobuki_ws/install/ecl_devices/include/ecl/devices/console.hpp
[55.167s] -- Installing: /home/abdulrafi/Desktop/ROS2_Final_Project/kobuki_ws/install/ecl_devices/include/ecl/devices/macros.hpp
[55.167s] -- Installing: /home/abdulrafi/Desktop/ROS2_Final_Project/kobuki_ws/install/ecl_devices/include/ecl/devices/modes.hpp
[55.168s] -- Installing: /home/abdulrafi/Desktop/ROS2_Final_Project/kobuki_ws/install/ecl_devices/include/ecl/devices/ofile.hpp
[55.168s] -- Installing: /home/abdulrafi/Desktop/ROS2_Final_Project/kobuki_ws/install/ecl_devices/include/ecl/devices/ofile_pos.hpp
[55.168s] -- Installing: /home/abdulrafi/Desktop/ROS2_Final_Project/kobuki_ws/install/ecl_devices/include/ecl/devices/ofile_w32.hpp
[55.170s] -- Installing: /home/abdulrafi/Desktop/ROS2_Final_Project/kobuki_ws/install/ecl_devices/include/ecl/devices/serial.hpp
[55.173s] -- Installing: /home/abdulrafi/Desktop/ROS2_Final_Project/kobuki_ws/install/ecl_devices/include/ecl/devices/serial_parameters.hpp
[55.173s] -- Installing: /home/abdulrafi/Desktop/ROS2_Final_Project/kobuki_ws/install/ecl_devices/include/ecl/devices/serial_pos.hpp
[55.174s] -- Installing: /home/abdulrafi/Desktop/ROS2_Final_Project/kobuki_ws/install/ecl_devices/include/ecl/devices/serial_w32.hpp
[55.197s] -- Installing: /home/abdulrafi/Desktop/ROS2_Final_Project/kobuki_ws/install/ecl_devices/include/ecl/devices/shared_file.hpp
[55.201s] -- Installing: /home/abdulrafi/Desktop/ROS2_Final_Project/kobuki_ws/install/ecl_devices/include/ecl/devices/socket.hpp
[55.202s] -- Installing: /home/abdulrafi/Desktop/ROS2_Final_Project/kobuki_ws/install/ecl_devices/include/ecl/devices/socket_client_pos.hpp
[55.203s] -- Installing: /home/abdulrafi/Desktop/ROS2_Final_Project/kobuki_ws/install/ecl_devices/include/ecl/devices/socket_connection_status.hpp
[55.205s] -- Installing: /home/abdulrafi/Desktop/ROS2_Final_Project/kobuki_ws/install/ecl_devices/include/ecl/devices/socket_server_pos.hpp
[55.206s] -- Installing: /home/abdulrafi/Desktop/ROS2_Final_Project/kobuki_ws/install/ecl_devices/include/ecl/devices/string.hpp
[55.206s] -- Installing: /home/abdulrafi/Desktop/ROS2_Final_Project/kobuki_ws/install/ecl_devices/include/ecl/devices/traits.hpp
[55.208s] -- Installing: /home/abdulrafi/Desktop/ROS2_Final_Project/kobuki_ws/install/ecl_devices/include/ecl/devices/detail/character_buffer.hpp
[55.209s] -- Installing: /home/abdulrafi/Desktop/ROS2_Final_Project/kobuki_ws/install/ecl_devices/include/ecl/devices/detail/error_handler.hpp
[55.211s] -- Installing: /home/abdulrafi/Desktop/ROS2_Final_Project/kobuki_ws/install/ecl_devices/include/ecl/devices/detail/exception_handler_pos.hpp
[55.212s] -- Installing: /home/abdulrafi/Desktop/ROS2_Final_Project/kobuki_ws/install/ecl_devices/include/ecl/devices/detail/socket_error_handler_pos.hpp
[55.216s] -- Installing: /home/abdulrafi/Desktop/ROS2_Final_Project/kobuki_ws/install/ecl_devices/include/ecl/devices/detail/socket_exception_handler_pos.hpp
[55.217s] -- Installing: /home/abdulrafi/Desktop/ROS2_Final_Project/kobuki_ws/install/ecl_devices/lib/libecl_devices.so.1.2.1
[55.220s] -- Set non-toolchain portion of runtime path of "/home/abdulrafi/Desktop/ROS2_Final_Project/kobuki_ws/install/ecl_devices/lib/libecl_devices.so.1.2.1" to ""
[55.221s] -- Installing: /home/abdulrafi/Desktop/ROS2_Final_Project/kobuki_ws/install/ecl_devices/lib/libecl_devices.so
[55.224s] -- Installing: /home/abdulrafi/Desktop/ROS2_Final_Project/kobuki_ws/install/ecl_devices/lib/ecl_devices/demo_serial_timeouts
[55.224s] -- Set non-toolchain portion of runtime path of "/home/abdulrafi/Desktop/ROS2_Final_Project/kobuki_ws/install/ecl_devices/lib/ecl_devices/demo_serial_timeouts" to ""
[55.248s] Invoked command in '/home/abdulrafi/Desktop/ROS2_Final_Project/kobuki_ws/build/ecl_devices' returned '0': AMENT_PREFIX_PATH=/home/abdulrafi/Desktop/ROS2_Final_Project/kobuki_ws/install/ecl_containers:/home/abdulrafi/Desktop/ROS2_Final_Project/kobuki_ws/install/ecl_threads:/home/abdulrafi/Desktop/ROS2_Final_Project/kobuki_ws/install/ecl_formatters:/home/abdulrafi/Desktop/ROS2_Final_Project/kobuki_ws/install/ecl_utilities:/home/abdulrafi/Desktop/ROS2_Final_Project/kobuki_ws/install/ecl_time:/home/abdulrafi/Desktop/ROS2_Final_Project/kobuki_ws/install/ecl_converters:/home/abdulrafi/Desktop/ROS2_Final_Project/kobuki_ws/install/ecl_time_lite:/home/abdulrafi/Desktop/ROS2_Final_Project/kobuki_ws/install/ecl_exceptions:/home/abdulrafi/Desktop/ROS2_Final_Project/kobuki_ws/install/ecl_concepts:/home/abdulrafi/Desktop/ROS2_Final_Project/kobuki_ws/install/ecl_type_traits:/home/abdulrafi/Desktop/ROS2_Final_Project/kobuki_ws/install/ecl_errors:/home/abdulrafi/Desktop/ROS2_Final_Project/kobuki_ws/install/ecl_mpl:/home/abdulrafi/Desktop/ROS2_Final_Project/kobuki_ws/install/ecl_config:${AMENT_PREFIX_PATH} CMAKE_PREFIX_PATH=/home/abdulrafi/Desktop/ROS2_Final_Project/kobuki_ws/install/ecl_containers:/home/abdulrafi/Desktop/ROS2_Final_Project/kobuki_ws/install/ecl_threads:/home/abdulrafi/Desktop/ROS2_Final_Project/kobuki_ws/install/ecl_formatters:/home/abdulrafi/Desktop/ROS2_Final_Project/kobuki_ws/install/ecl_utilities:/home/abdulrafi/Desktop/ROS2_Final_Project/kobuki_ws/install/ecl_time:/home/abdulrafi/Desktop/ROS2_Final_Project/kobuki_ws/install/ecl_converters:/home/abdulrafi/Desktop/ROS2_Final_Project/kobuki_ws/install/ecl_time_lite:/home/abdulrafi/Desktop/ROS2_Final_Project/kobuki_ws/install/ecl_exceptions:/home/abdulrafi/Desktop/ROS2_Final_Project/kobuki_ws/install/ecl_concepts:/home/abdulrafi/Desktop/ROS2_Final_Project/kobuki_ws/install/ecl_type_traits:/home/abdulrafi/Desktop/ROS2_Final_Project/kobuki_ws/install/ecl_errors:/home/abdulrafi/Desktop/ROS2_Final_Project/kobuki_ws/install/ecl_mpl:/home/abdulrafi/Desktop/ROS2_Final_Project/kobuki_ws/install/ecl_config:/opt/ros/jazzy/opt/gz_sim_vendor:/opt/ros/jazzy/opt/gz_sensors_vendor:/opt/ros/jazzy/opt/gz_physics_vendor:/opt/ros/jazzy/opt/sdformat_vendor:/opt/ros/jazzy/opt/gz_gui_vendor:/opt/ros/jazzy/opt/gz_transport_vendor:/opt/ros/jazzy/opt/gz_rendering_vendor:/opt/ros/jazzy/opt/gz_plugin_vendor:/opt/ros/jazzy/opt/gz_fuel_tools_vendor:/opt/ros/jazzy/opt/gz_msgs_vendor:/opt/ros/jazzy/opt/gz_common_vendor:/opt/ros/jazzy/opt/gz_math_vendor:/opt/ros/jazzy/opt/gz_utils_vendor:/opt/ros/jazzy/opt/gz_tools_vendor:/opt/ros/jazzy/opt/gz_ogre_next_vendor:/opt/ros/jazzy/opt/gz_dartsim_vendor:/opt/ros/jazzy/opt/gz_cmake_vendor:/opt/ros/jazzy DEBUGINFOD_URLS=https://debuginfod.ubuntu.com LD_LIBRARY_PATH=/home/abdulrafi/Desktop/ROS2_Final_Project/kobuki_ws/install/ecl_threads/lib:/home/abdulrafi/Desktop/ROS2_Final_Project/kobuki_ws/install/ecl_formatters/lib:/home/abdulrafi/Desktop/ROS2_Final_Project/kobuki_ws/install/ecl_time/lib:/home/abdulrafi/Desktop/ROS2_Final_Project/kobuki_ws/install/ecl_time_lite/lib:/home/abdulrafi/Desktop/ROS2_Final_Project/kobuki_ws/install/ecl_exceptions/lib:/home/abdulrafi/Desktop/ROS2_Final_Project/kobuki_ws/install/ecl_type_traits/lib:/home/abdulrafi/Desktop/ROS2_Final_Project/kobuki_ws/install/ecl_errors/lib:${LD_LIBRARY_PATH} PATH=/home/abdulrafi/Desktop/ROS2_Final_Project/kobuki_ws/install/ecl_type_traits/bin:/home/abdulrafi/Desktop/ROS2_Final_Project/kobuki_ws/install/ecl_config/bin:${PATH} /usr/bin/cmake --install /home/abdulrafi/Desktop/ROS2_Final_Project/kobuki_ws/build/ecl_devices
