[0.044s] Invoking command in '/home/abdulrafi/Desktop/ROS2_Final_Project/kobuki_ws/build/kobuki_description': CMAKE_PREFIX_PATH=${CMAKE_PREFIX_PATH}:/opt/ros/jazzy DEBUGINFOD_URLS=https://debuginfod.ubuntu.com /usr/bin/cmake /home/abdulrafi/Desktop/ROS2_Final_Project/kobuki_ws/src/ThirdParty/kobuki_ros/kobuki_description -DCMAKE_INSTALL_PREFIX=/home/abdulrafi/Desktop/ROS2_Final_Project/kobuki_ws/install/kobuki_description
[0.476s] -- The C compiler identification is GNU 13.3.0
[0.833s] -- The CXX compiler identification is GNU 13.3.0
[0.946s] -- Detecting C compiler ABI info
[1.419s] -- Detecting C compiler ABI info - done
[1.485s] -- Check for working C compiler: /usr/bin/cc - skipped
[1.485s] -- Detecting C compile features
[1.486s] -- Detecting C compile features - done
[1.552s] -- Detecting CXX compiler ABI info
[2.173s] -- Detecting CXX compiler ABI info - done
[2.216s] -- Check for working CXX compiler: /usr/bin/c++ - skipped
[2.218s] -- Detecting CXX compile features
[2.223s] -- Detecting CXX compile features - done
[2.239s] -- Found ament_cmake: 2.5.6 (/opt/ros/jazzy/share/ament_cmake/cmake)
[3.328s] -- Found Python3: /usr/bin/python3 (found version "3.12.3") found components: Interpreter 
[3.994s] -- Found ament_lint_auto: 0.17.5 (/opt/ros/jazzy/share/ament_lint_auto/cmake)
[4.784s] -- Added test 'copyright' to check source files copyright and LICENSE
[4.860s] -- Added test 'flake8' to check Python code syntax and style conventions
[4.860s] -- Configured 'flake8' exclude dirs and/or files: 
[4.881s] -- Added test 'lint_cmake' to check CMake code style
[4.883s] -- Added test 'pep257' to check Python code against some of the docstring style conventions in PEP 257
[4.938s] -- Added test 'xmllint' to check XML markup files
[4.950s] -- Configuring done (4.9s)
[4.970s] -- Generating done (0.0s)
[4.993s] -- Build files have been written to: /home/abdulrafi/Desktop/ROS2_Final_Project/kobuki_ws/build/kobuki_description
[5.021s] Invoked command in '/home/abdulrafi/Desktop/ROS2_Final_Project/kobuki_ws/build/kobuki_description' returned '0': CMAKE_PREFIX_PATH=${CMAKE_PREFIX_PATH}:/opt/ros/jazzy DEBUGINFOD_URLS=https://debuginfod.ubuntu.com /usr/bin/cmake /home/abdulrafi/Desktop/ROS2_Final_Project/kobuki_ws/src/ThirdParty/kobuki_ros/kobuki_description -DCMAKE_INSTALL_PREFIX=/home/abdulrafi/Desktop/ROS2_Final_Project/kobuki_ws/install/kobuki_description
[5.022s] Invoking command in '/home/abdulrafi/Desktop/ROS2_Final_Project/kobuki_ws/build/kobuki_description': CMAKE_PREFIX_PATH=${CMAKE_PREFIX_PATH}:/opt/ros/jazzy DEBUGINFOD_URLS=https://debuginfod.ubuntu.com /usr/bin/cmake --build /home/abdulrafi/Desktop/ROS2_Final_Project/kobuki_ws/build/kobuki_description -- -j4 -l4
[5.224s] Invoked command in '/home/abdulrafi/Desktop/ROS2_Final_Project/kobuki_ws/build/kobuki_description' returned '0': CMAKE_PREFIX_PATH=${CMAKE_PREFIX_PATH}:/opt/ros/jazzy DEBUGINFOD_URLS=https://debuginfod.ubuntu.com /usr/bin/cmake --build /home/abdulrafi/Desktop/ROS2_Final_Project/kobuki_ws/build/kobuki_description -- -j4 -l4
[5.231s] Invoking command in '/home/abdulrafi/Desktop/ROS2_Final_Project/kobuki_ws/build/kobuki_description': CMAKE_PREFIX_PATH=${CMAKE_PREFIX_PATH}:/opt/ros/jazzy DEBUGINFOD_URLS=https://debuginfod.ubuntu.com /usr/bin/cmake --install /home/abdulrafi/Desktop/ROS2_Final_Project/kobuki_ws/build/kobuki_description
[5.272s] -- Install configuration: ""
[5.273s] -- Installing: /home/abdulrafi/Desktop/ROS2_Final_Project/kobuki_ws/install/kobuki_description/share/kobuki_description/launch
[5.274s] -- Installing: /home/abdulrafi/Desktop/ROS2_Final_Project/kobuki_ws/install/kobuki_description/share/kobuki_description/launch/kobuki_description.launch.py
[5.275s] -- Installing: /home/abdulrafi/Desktop/ROS2_Final_Project/kobuki_ws/install/kobuki_description/share/kobuki_description/launch/spawn.launch.py
[5.287s] -- Installing: /home/abdulrafi/Desktop/ROS2_Final_Project/kobuki_ws/install/kobuki_description/share/kobuki_description/meshes
[5.287s] -- Installing: /home/abdulrafi/Desktop/ROS2_Final_Project/kobuki_ws/install/kobuki_description/share/kobuki_description/meshes/wheel.dae
[5.314s] -- Installing: /home/abdulrafi/Desktop/ROS2_Final_Project/kobuki_ws/install/kobuki_description/share/kobuki_description/meshes/images
[5.315s] -- Installing: /home/abdulrafi/Desktop/ROS2_Final_Project/kobuki_ws/install/kobuki_description/share/kobuki_description/meshes/images/main_body.jpg
[5.325s] -- Installing: /home/abdulrafi/Desktop/ROS2_Final_Project/kobuki_ws/install/kobuki_description/share/kobuki_description/meshes/images/wheel.jpg
[5.331s] -- Installing: /home/abdulrafi/Desktop/ROS2_Final_Project/kobuki_ws/install/kobuki_description/share/kobuki_description/meshes/stacks
[5.332s] -- Installing: /home/abdulrafi/Desktop/ROS2_Final_Project/kobuki_ws/install/kobuki_description/share/kobuki_description/meshes/stacks/circles
[5.332s] -- Installing: /home/abdulrafi/Desktop/ROS2_Final_Project/kobuki_ws/install/kobuki_description/share/kobuki_description/meshes/stacks/circles/68-04552-2000-RA_Turtlebot_M-F_Standoff.dae
[5.360s] -- Installing: /home/abdulrafi/Desktop/ROS2_Final_Project/kobuki_ws/install/kobuki_description/share/kobuki_description/meshes/stacks/circles/68-02403-125_Spacer.dae
[5.363s] -- Installing: /home/abdulrafi/Desktop/ROS2_Final_Project/kobuki_ws/install/kobuki_description/share/kobuki_description/meshes/stacks/circles/plate_1_logo.tga
[5.394s] -- Installing: /home/abdulrafi/Desktop/ROS2_Final_Project/kobuki_ws/install/kobuki_description/share/kobuki_description/meshes/stacks/circles/plate_2_logo.tga
[5.407s] -- Installing: /home/abdulrafi/Desktop/ROS2_Final_Project/kobuki_ws/install/kobuki_description/share/kobuki_description/meshes/stacks/circles/plate_0_logo.dae
[5.413s] -- Installing: /home/abdulrafi/Desktop/ROS2_Final_Project/kobuki_ws/install/kobuki_description/share/kobuki_description/meshes/stacks/circles/plate_1_logo.dae
[5.415s] -- Installing: /home/abdulrafi/Desktop/ROS2_Final_Project/kobuki_ws/install/kobuki_description/share/kobuki_description/meshes/stacks/circles/68-04552-1000-RA_Turtlebot_M-F_Standoff_color.png
[5.426s] -- Installing: /home/abdulrafi/Desktop/ROS2_Final_Project/kobuki_ws/install/kobuki_description/share/kobuki_description/meshes/stacks/circles/68-02421-8000-RA_Turtlebot_F-F_Standoff_color.png
[5.429s] -- Installing: /home/abdulrafi/Desktop/ROS2_Final_Project/kobuki_ws/install/kobuki_description/share/kobuki_description/meshes/stacks/circles/68-04556-RA_Kinect_Standoff_Assy.3ds
[5.433s] -- Installing: /home/abdulrafi/Desktop/ROS2_Final_Project/kobuki_ws/install/kobuki_description/share/kobuki_description/meshes/stacks/circles/68-04556-RA_Kinect_Standoff_Assy.dae
[5.445s] -- Installing: /home/abdulrafi/Desktop/ROS2_Final_Project/kobuki_ws/install/kobuki_description/share/kobuki_description/meshes/stacks/circles/68-02421-8000-RA_Turtlebot_F-F_Standoff.dae
[5.461s] -- Installing: /home/abdulrafi/Desktop/ROS2_Final_Project/kobuki_ws/install/kobuki_description/share/kobuki_description/meshes/stacks/circles/68-04552-1000-RA_Turtlebot_M-F_Standoff.dae
[5.472s] -- Installing: /home/abdulrafi/Desktop/ROS2_Final_Project/kobuki_ws/install/kobuki_description/share/kobuki_description/meshes/stacks/circles/plate_0_logo.tga
[5.479s] -- Installing: /home/abdulrafi/Desktop/ROS2_Final_Project/kobuki_ws/install/kobuki_description/share/kobuki_description/meshes/stacks/circles/68-04552-2000-RA_Turtlebot_M-F_Standoff_color.png
[5.480s] -- Installing: /home/abdulrafi/Desktop/ROS2_Final_Project/kobuki_ws/install/kobuki_description/share/kobuki_description/meshes/stacks/circles/plate_2_logo.dae
[5.484s] -- Installing: /home/abdulrafi/Desktop/ROS2_Final_Project/kobuki_ws/install/kobuki_description/share/kobuki_description/meshes/stacks/hexagons
[5.486s] -- Installing: /home/abdulrafi/Desktop/ROS2_Final_Project/kobuki_ws/install/kobuki_description/share/kobuki_description/meshes/stacks/hexagons/pole_top.dae
[5.492s] -- Installing: /home/abdulrafi/Desktop/ROS2_Final_Project/kobuki_ws/install/kobuki_description/share/kobuki_description/meshes/stacks/hexagons/images
[5.493s] -- Installing: /home/abdulrafi/Desktop/ROS2_Final_Project/kobuki_ws/install/kobuki_description/share/kobuki_description/meshes/stacks/hexagons/images/3f_stack1.jpg
[5.495s] -- Installing: /home/abdulrafi/Desktop/ROS2_Final_Project/kobuki_ws/install/kobuki_description/share/kobuki_description/meshes/stacks/hexagons/images/1f_pole.jpg
[5.502s] -- Installing: /home/abdulrafi/Desktop/ROS2_Final_Project/kobuki_ws/install/kobuki_description/share/kobuki_description/meshes/stacks/hexagons/images/kinect_pole_old.jpg
[5.510s] -- Installing: /home/abdulrafi/Desktop/ROS2_Final_Project/kobuki_ws/install/kobuki_description/share/kobuki_description/meshes/stacks/hexagons/images/3f_stack.jpg
[5.516s] -- Installing: /home/abdulrafi/Desktop/ROS2_Final_Project/kobuki_ws/install/kobuki_description/share/kobuki_description/meshes/stacks/hexagons/images/kinect_pole.jpg
[5.522s] -- Installing: /home/abdulrafi/Desktop/ROS2_Final_Project/kobuki_ws/install/kobuki_description/share/kobuki_description/meshes/stacks/hexagons/images/1f_stack.jpg
[5.527s] -- Installing: /home/abdulrafi/Desktop/ROS2_Final_Project/kobuki_ws/install/kobuki_description/share/kobuki_description/meshes/stacks/hexagons/images/2f_pole.jpg
[5.542s] -- Installing: /home/abdulrafi/Desktop/ROS2_Final_Project/kobuki_ws/install/kobuki_description/share/kobuki_description/meshes/stacks/hexagons/images/2f_stack.jpg
[5.553s] -- Installing: /home/abdulrafi/Desktop/ROS2_Final_Project/kobuki_ws/install/kobuki_description/share/kobuki_description/meshes/stacks/hexagons/images/3f_pole.jpg
[5.560s] -- Installing: /home/abdulrafi/Desktop/ROS2_Final_Project/kobuki_ws/install/kobuki_description/share/kobuki_description/meshes/stacks/hexagons/pole_middle.dae
[5.569s] -- Installing: /home/abdulrafi/Desktop/ROS2_Final_Project/kobuki_ws/install/kobuki_description/share/kobuki_description/meshes/stacks/hexagons/pole_bottom.dae
[5.572s] -- Installing: /home/abdulrafi/Desktop/ROS2_Final_Project/kobuki_ws/install/kobuki_description/share/kobuki_description/meshes/stacks/hexagons/pole_kinect.dae
[5.574s] -- Installing: /home/abdulrafi/Desktop/ROS2_Final_Project/kobuki_ws/install/kobuki_description/share/kobuki_description/meshes/stacks/hexagons/plate_middle.dae
[5.578s] -- Installing: /home/abdulrafi/Desktop/ROS2_Final_Project/kobuki_ws/install/kobuki_description/share/kobuki_description/meshes/stacks/hexagons/plate_bottom.dae
[5.581s] -- Installing: /home/abdulrafi/Desktop/ROS2_Final_Project/kobuki_ws/install/kobuki_description/share/kobuki_description/meshes/stacks/hexagons/plate_top.dae
[5.588s] -- Installing: /home/abdulrafi/Desktop/ROS2_Final_Project/kobuki_ws/install/kobuki_description/share/kobuki_description/meshes/sensors
[5.589s] -- Installing: /home/abdulrafi/Desktop/ROS2_Final_Project/kobuki_ws/install/kobuki_description/share/kobuki_description/meshes/sensors/asus_xtion_pro_live.dae
[5.605s] -- Installing: /home/abdulrafi/Desktop/ROS2_Final_Project/kobuki_ws/install/kobuki_description/share/kobuki_description/meshes/sensors/kinect.jpg
[5.609s] -- Installing: /home/abdulrafi/Desktop/ROS2_Final_Project/kobuki_ws/install/kobuki_description/share/kobuki_description/meshes/sensors/asus_xtion_pro_live.png
[5.613s] -- Installing: /home/abdulrafi/Desktop/ROS2_Final_Project/kobuki_ws/install/kobuki_description/share/kobuki_description/meshes/sensors/0_xtion_pro.jpg
[5.617s] -- Installing: /home/abdulrafi/Desktop/ROS2_Final_Project/kobuki_ws/install/kobuki_description/share/kobuki_description/meshes/sensors/r200.jpg
[5.619s] -- Installing: /home/abdulrafi/Desktop/ROS2_Final_Project/kobuki_ws/install/kobuki_description/share/kobuki_description/meshes/sensors/r200_bracket.stl
[5.622s] -- Installing: /home/abdulrafi/Desktop/ROS2_Final_Project/kobuki_ws/install/kobuki_description/share/kobuki_description/meshes/sensors/sensor_pole.dae
[5.625s] -- Installing: /home/abdulrafi/Desktop/ROS2_Final_Project/kobuki_ws/install/kobuki_description/share/kobuki_description/meshes/sensors/xtion_pro_stack.dae
[5.627s] -- Installing: /home/abdulrafi/Desktop/ROS2_Final_Project/kobuki_ws/install/kobuki_description/share/kobuki_description/meshes/sensors/xtion_pro.jpg
[5.642s] -- Installing: /home/abdulrafi/Desktop/ROS2_Final_Project/kobuki_ws/install/kobuki_description/share/kobuki_description/meshes/sensors/kinect.dae
[5.652s] -- Installing: /home/abdulrafi/Desktop/ROS2_Final_Project/kobuki_ws/install/kobuki_description/share/kobuki_description/meshes/sensors/r200_bracket_end.stl
[5.657s] -- Installing: /home/abdulrafi/Desktop/ROS2_Final_Project/kobuki_ws/install/kobuki_description/share/kobuki_description/meshes/sensors/rplidar.dae
[5.660s] -- Installing: /home/abdulrafi/Desktop/ROS2_Final_Project/kobuki_ws/install/kobuki_description/share/kobuki_description/meshes/sensors/r200.dae
[5.665s] -- Installing: /home/abdulrafi/Desktop/ROS2_Final_Project/kobuki_ws/install/kobuki_description/share/kobuki_description/meshes/sensors/kinect.tga
[5.670s] -- Installing: /home/abdulrafi/Desktop/ROS2_Final_Project/kobuki_ws/install/kobuki_description/share/kobuki_description/meshes/sensors/astra.dae
[5.933s] -- Installing: /home/abdulrafi/Desktop/ROS2_Final_Project/kobuki_ws/install/kobuki_description/share/kobuki_description/meshes/sensors/xtion_pro_camera.jpg
[5.940s] -- Installing: /home/abdulrafi/Desktop/ROS2_Final_Project/kobuki_ws/install/kobuki_description/share/kobuki_description/meshes/sensors/astra.jpg
[5.948s] -- Installing: /home/abdulrafi/Desktop/ROS2_Final_Project/kobuki_ws/install/kobuki_description/share/kobuki_description/meshes/sensors/xtion_pro_camera.dae
[5.968s] -- Installing: /home/abdulrafi/Desktop/ROS2_Final_Project/kobuki_ws/install/kobuki_description/share/kobuki_description/meshes/main_body.dae
[5.982s] -- Installing: /home/abdulrafi/Desktop/ROS2_Final_Project/kobuki_ws/install/kobuki_description/share/kobuki_description/rviz
[5.983s] -- Installing: /home/abdulrafi/Desktop/ROS2_Final_Project/kobuki_ws/install/kobuki_description/share/kobuki_description/rviz/model.rviz
[5.985s] -- Installing: /home/abdulrafi/Desktop/ROS2_Final_Project/kobuki_ws/install/kobuki_description/share/kobuki_description/urdf
[5.985s] -- Installing: /home/abdulrafi/Desktop/ROS2_Final_Project/kobuki_ws/install/kobuki_description/share/kobuki_description/urdf/turtlebot_common_library.urdf.xacro
[5.991s] -- Installing: /home/abdulrafi/Desktop/ROS2_Final_Project/kobuki_ws/install/kobuki_description/share/kobuki_description/urdf/stacks
[5.992s] -- Installing: /home/abdulrafi/Desktop/ROS2_Final_Project/kobuki_ws/install/kobuki_description/share/kobuki_description/urdf/stacks/hexagons.urdf.xacro
[6.001s] -- Installing: /home/abdulrafi/Desktop/ROS2_Final_Project/kobuki_ws/install/kobuki_description/share/kobuki_description/urdf/stacks/circles.urdf.xacro
[6.003s] -- Installing: /home/abdulrafi/Desktop/ROS2_Final_Project/kobuki_ws/install/kobuki_description/share/kobuki_description/urdf/kobuki_gazebo.urdf.xacro
[6.007s] -- Installing: /home/abdulrafi/Desktop/ROS2_Final_Project/kobuki_ws/install/kobuki_description/share/kobuki_description/urdf/kobuki_base.urdf.xacro
[6.018s] -- Installing: /home/abdulrafi/Desktop/ROS2_Final_Project/kobuki_ws/install/kobuki_description/share/kobuki_description/urdf/common_properties.urdf.xacro
[6.020s] -- Installing: /home/abdulrafi/Desktop/ROS2_Final_Project/kobuki_ws/install/kobuki_description/share/kobuki_description/urdf/sensors
[6.021s] -- Installing: /home/abdulrafi/Desktop/ROS2_Final_Project/kobuki_ws/install/kobuki_description/share/kobuki_description/urdf/sensors/lidar.urdf.xacro
[6.023s] -- Installing: /home/abdulrafi/Desktop/ROS2_Final_Project/kobuki_ws/install/kobuki_description/share/kobuki_description/urdf/sensors/r200.urdf.xacro
[6.024s] -- Installing: /home/abdulrafi/Desktop/ROS2_Final_Project/kobuki_ws/install/kobuki_description/share/kobuki_description/urdf/sensors/kinect.urdf.xacro
[6.027s] -- Installing: /home/abdulrafi/Desktop/ROS2_Final_Project/kobuki_ws/install/kobuki_description/share/kobuki_description/urdf/sensors/astra.urdf.xacro
[6.029s] -- Installing: /home/abdulrafi/Desktop/ROS2_Final_Project/kobuki_ws/install/kobuki_description/share/kobuki_description/urdf/sensors/asus_xtion_pro.urdf.xacro
[6.031s] -- Installing: /home/abdulrafi/Desktop/ROS2_Final_Project/kobuki_ws/install/kobuki_description/share/kobuki_description/urdf/sensors/asus_xtion_pro_offset.urdf.xacro
[6.033s] -- Installing: /home/abdulrafi/Desktop/ROS2_Final_Project/kobuki_ws/install/kobuki_description/share/kobuki_description/urdf/kobuki.urdf.xacro
[6.037s] -- Installing: /home/abdulrafi/Desktop/ROS2_Final_Project/kobuki_ws/install/kobuki_description/share/kobuki_description/urdf/turtlebot_properties.urdf.xacro
[6.038s] -- Installing: /home/abdulrafi/Desktop/ROS2_Final_Project/kobuki_ws/install/kobuki_description/share/kobuki_description/config
[6.039s] -- Installing: /home/abdulrafi/Desktop/ROS2_Final_Project/kobuki_ws/install/kobuki_description/share/kobuki_description/config/bridge
[6.039s] -- Installing: /home/abdulrafi/Desktop/ROS2_Final_Project/kobuki_ws/install/kobuki_description/share/kobuki_description/config/bridge/kobuki_bridge.yaml
[6.052s] -- Installing: /home/abdulrafi/Desktop/ROS2_Final_Project/kobuki_ws/install/kobuki_description/share/ament_index/resource_index/package_run_dependencies/kobuki_description
[6.054s] -- Installing: /home/abdulrafi/Desktop/ROS2_Final_Project/kobuki_ws/install/kobuki_description/share/ament_index/resource_index/parent_prefix_path/kobuki_description
[6.057s] -- Installing: /home/abdulrafi/Desktop/ROS2_Final_Project/kobuki_ws/install/kobuki_description/share/kobuki_description/environment/ament_prefix_path.sh
[6.058s] -- Installing: /home/abdulrafi/Desktop/ROS2_Final_Project/kobuki_ws/install/kobuki_description/share/kobuki_description/environment/ament_prefix_path.dsv
[6.059s] -- Installing: /home/abdulrafi/Desktop/ROS2_Final_Project/kobuki_ws/install/kobuki_description/share/kobuki_description/environment/path.sh
[6.060s] -- Installing: /home/abdulrafi/Desktop/ROS2_Final_Project/kobuki_ws/install/kobuki_description/share/kobuki_description/environment/path.dsv
[6.061s] -- Installing: /home/abdulrafi/Desktop/ROS2_Final_Project/kobuki_ws/install/kobuki_description/share/kobuki_description/local_setup.bash
[6.064s] -- Installing: /home/abdulrafi/Desktop/ROS2_Final_Project/kobuki_ws/install/kobuki_description/share/kobuki_description/local_setup.sh
[6.064s] -- Installing: /home/abdulrafi/Desktop/ROS2_Final_Project/kobuki_ws/install/kobuki_description/share/kobuki_description/local_setup.zsh
[6.065s] -- Installing: /home/abdulrafi/Desktop/ROS2_Final_Project/kobuki_ws/install/kobuki_description/share/kobuki_description/local_setup.dsv
[6.065s] -- Installing: /home/abdulrafi/Desktop/ROS2_Final_Project/kobuki_ws/install/kobuki_description/share/kobuki_description/package.dsv
[6.067s] -- Installing: /home/abdulrafi/Desktop/ROS2_Final_Project/kobuki_ws/install/kobuki_description/share/ament_index/resource_index/packages/kobuki_description
[6.073s] -- Installing: /home/abdulrafi/Desktop/ROS2_Final_Project/kobuki_ws/install/kobuki_description/share/kobuki_description/cmake/kobuki_descriptionConfig.cmake
[6.073s] -- Installing: /home/abdulrafi/Desktop/ROS2_Final_Project/kobuki_ws/install/kobuki_description/share/kobuki_description/cmake/kobuki_descriptionConfig-version.cmake
[6.073s] -- Installing: /home/abdulrafi/Desktop/ROS2_Final_Project/kobuki_ws/install/kobuki_description/share/kobuki_description/package.xml
[6.083s] Invoked command in '/home/abdulrafi/Desktop/ROS2_Final_Project/kobuki_ws/build/kobuki_description' returned '0': CMAKE_PREFIX_PATH=${CMAKE_PREFIX_PATH}:/opt/ros/jazzy DEBUGINFOD_URLS=https://debuginfod.ubuntu.com /usr/bin/cmake --install /home/abdulrafi/Desktop/ROS2_Final_Project/kobuki_ws/build/kobuki_description
