-- The C compiler identification is GNU 13.3.0
-- The CXX compiler identification is GNU 13.3.0
-- Detecting C compiler ABI info
-- Detecting C compiler ABI info - done
-- Check for working C compiler: /usr/bin/cc - skipped
-- Detecting C compile features
-- Detecting C compile features - done
-- Detecting CXX compiler ABI info
-- Detecting CXX compiler ABI info - done
-- Check for working CXX compiler: /usr/bin/c++ - skipped
-- Detecting CXX compile features
-- Detecting CXX compile features - done
-- Found ament_cmake: 2.5.6 (/opt/ros/jazzy/share/ament_cmake/cmake)
-- Found Python3: /usr/bin/python3 (found version "3.12.3") found components: Interpreter 
-- Found rosidl_default_generators: 1.6.0 (/opt/ros/jazzy/share/rosidl_default_generators/cmake)
-- Using all available rosidl_typesupport_c: rosidl_typesupport_fastrtps_c;rosidl_typesupport_introspection_c
-- Using all available rosidl_typesupport_cpp: rosidl_typesupport_fastrtps_cpp;rosidl_typesupport_introspection_cpp
-- Found rosidl_adapter: 4.6.7 (/opt/ros/jazzy/share/rosidl_adapter/cmake)
-- Found ament_cmake_ros: 0.12.0 (/opt/ros/jazzy/share/ament_cmake_ros/cmake)
-- Using all available rosidl_typesupport_c: rosidl_typesupport_fastrtps_c;rosidl_typesupport_introspection_c
-- Using all available rosidl_typesupport_cpp: rosidl_typesupport_fastrtps_cpp;rosidl_typesupport_introspection_cpp
-- Found python_cmake_module: 0.11.1 (/opt/ros/jazzy/share/python_cmake_module/cmake)
-- Found PythonExtra: /usr/bin/python3  
-- Found Python3: /usr/bin/python3 (found version "3.12.3") found components: Interpreter Development NumPy Development.Module Development.Embed 
-- Found Python3: /usr/bin/python3 (found version "3.12.3") found components: Interpreter 
-- Configuring done (16.5s)
-- Generating done (0.4s)
-- Build files have been written to: /home/abdulrafi/Desktop/ROS2_Final_Project/kobuki_ws/build/interfaces
[  1%] [34m[1mGenerating Rust code for ROS interfaces[0m
[  1%] Built target interfaces__rs
[  1%] Built target ament_cmake_python_copy_interfaces
[  3%] [34m[1mGenerating type hashes for ROS interfaces[0m
[  3%] Built target interfaces__rosidl_generator_type_description
running egg_info
creating interfaces.egg-info
writing interfaces.egg-info/PKG-INFO
writing dependency_links to interfaces.egg-info/dependency_links.txt
writing top-level names to interfaces.egg-info/top_level.txt
writing manifest file 'interfaces.egg-info/SOURCES.txt'
reading manifest file 'interfaces.egg-info/SOURCES.txt'
writing manifest file 'interfaces.egg-info/SOURCES.txt'
[  3%] Built target ament_cmake_python_build_interfaces_egg
[  5%] [34m[1mGenerating C++ code for ROS interfaces[0m
[  5%] Built target interfaces__cpp
[  7%] [34m[1mGenerating C code for ROS interfaces[0m
[  9%] [32mBuilding C object CMakeFiles/interfaces__rosidl_generator_c.dir/rosidl_generator_c/interfaces/msg/detail/position__description.c.o[0m
[ 10%] [32mBuilding C object CMakeFiles/interfaces__rosidl_generator_c.dir/rosidl_generator_c/interfaces/srv/detail/get_last_positions__description.c.o[0m
[ 12%] [32mBuilding C object CMakeFiles/interfaces__rosidl_generator_c.dir/rosidl_generator_c/interfaces/srv/detail/get_last_positions__functions.c.o[0m
[ 14%] [32mBuilding C object CMakeFiles/interfaces__rosidl_generator_c.dir/rosidl_generator_c/interfaces/srv/detail/get_last_positions__type_support.c.o[0m
[ 16%] [32mBuilding C object CMakeFiles/interfaces__rosidl_generator_c.dir/rosidl_generator_c/interfaces/action/detail/navigation__description.c.o[0m
[ 18%] [32mBuilding C object CMakeFiles/interfaces__rosidl_generator_c.dir/rosidl_generator_c/interfaces/action/detail/navigation__functions.c.o[0m
[ 20%] [32mBuilding C object CMakeFiles/interfaces__rosidl_generator_c.dir/rosidl_generator_c/interfaces/action/detail/navigation__type_support.c.o[0m
[ 21%] [32mBuilding C object CMakeFiles/interfaces__rosidl_generator_c.dir/rosidl_generator_c/interfaces/msg/detail/position__type_support.c.o[0m
[ 23%] [32mBuilding C object CMakeFiles/interfaces__rosidl_generator_c.dir/rosidl_generator_c/interfaces/msg/detail/position__functions.c.o[0m
[ 25%] [32m[1mLinking C shared library libinterfaces__rosidl_generator_c.so[0m
[ 25%] Built target interfaces__rosidl_generator_c
[ 27%] [34m[1mGenerating C type support for eProsima Fast-RTPS[0m
[ 29%] [32mBuilding CXX object CMakeFiles/interfaces__rosidl_typesupport_fastrtps_c.dir/rosidl_typesupport_fastrtps_c/interfaces/msg/detail/position__type_support_c.cpp.o[0m
[ 30%] [32mBuilding CXX object CMakeFiles/interfaces__rosidl_typesupport_fastrtps_c.dir/rosidl_typesupport_fastrtps_c/interfaces/srv/detail/get_last_positions__type_support_c.cpp.o[0m
[ 32%] [32mBuilding CXX object CMakeFiles/interfaces__rosidl_typesupport_fastrtps_c.dir/rosidl_typesupport_fastrtps_c/interfaces/action/detail/navigation__type_support_c.cpp.o[0m
[ 34%] [32m[1mLinking CXX shared library libinterfaces__rosidl_typesupport_fastrtps_c.so[0m
[ 34%] Built target interfaces__rosidl_typesupport_fastrtps_c
[ 36%] [34m[1mGenerating C++ type support for eProsima Fast-RTPS[0m
[ 38%] [32mBuilding CXX object CMakeFiles/interfaces__rosidl_typesupport_fastrtps_cpp.dir/rosidl_typesupport_fastrtps_cpp/interfaces/msg/detail/dds_fastrtps/position__type_support.cpp.o[0m
[ 40%] [32mBuilding CXX object CMakeFiles/interfaces__rosidl_typesupport_fastrtps_cpp.dir/rosidl_typesupport_fastrtps_cpp/interfaces/srv/detail/dds_fastrtps/get_last_positions__type_support.cpp.o[0m
[ 41%] [32mBuilding CXX object CMakeFiles/interfaces__rosidl_typesupport_fastrtps_cpp.dir/rosidl_typesupport_fastrtps_cpp/interfaces/action/detail/dds_fastrtps/navigation__type_support.cpp.o[0m
[ 43%] [32m[1mLinking CXX shared library libinterfaces__rosidl_typesupport_fastrtps_cpp.so[0m
[ 43%] Built target interfaces__rosidl_typesupport_fastrtps_cpp
[ 45%] [34m[1mGenerating C++ introspection for ROS interfaces[0m
[ 47%] [32mBuilding CXX object CMakeFiles/interfaces__rosidl_typesupport_introspection_cpp.dir/rosidl_typesupport_introspection_cpp/interfaces/msg/detail/position__type_support.cpp.o[0m
[ 49%] [32mBuilding CXX object CMakeFiles/interfaces__rosidl_typesupport_introspection_cpp.dir/rosidl_typesupport_introspection_cpp/interfaces/srv/detail/get_last_positions__type_support.cpp.o[0m
[ 50%] [32mBuilding CXX object CMakeFiles/interfaces__rosidl_typesupport_introspection_cpp.dir/rosidl_typesupport_introspection_cpp/interfaces/action/detail/navigation__type_support.cpp.o[0m
[ 52%] [32m[1mLinking CXX shared library libinterfaces__rosidl_typesupport_introspection_cpp.so[0m
[ 52%] Built target interfaces__rosidl_typesupport_introspection_cpp
[ 54%] [34m[1mGenerating C++ type support dispatch for ROS interfaces[0m
[ 56%] [32mBuilding CXX object CMakeFiles/interfaces__rosidl_typesupport_cpp.dir/rosidl_typesupport_cpp/interfaces/msg/position__type_support.cpp.o[0m
[ 58%] [32mBuilding CXX object CMakeFiles/interfaces__rosidl_typesupport_cpp.dir/rosidl_typesupport_cpp/interfaces/srv/get_last_positions__type_support.cpp.o[0m
[ 60%] [32mBuilding CXX object CMakeFiles/interfaces__rosidl_typesupport_cpp.dir/rosidl_typesupport_cpp/interfaces/action/navigation__type_support.cpp.o[0m
[ 61%] [32m[1mLinking CXX shared library libinterfaces__rosidl_typesupport_cpp.so[0m
[ 61%] Built target interfaces__rosidl_typesupport_cpp
[ 63%] [34m[1mGenerating C type support dispatch for ROS interfaces[0m
[ 65%] [32mBuilding CXX object CMakeFiles/interfaces__rosidl_typesupport_c.dir/rosidl_typesupport_c/interfaces/msg/position__type_support.cpp.o[0m
[ 67%] [32mBuilding CXX object CMakeFiles/interfaces__rosidl_typesupport_c.dir/rosidl_typesupport_c/interfaces/action/navigation__type_support.cpp.o[0m
[ 69%] [32mBuilding CXX object CMakeFiles/interfaces__rosidl_typesupport_c.dir/rosidl_typesupport_c/interfaces/srv/get_last_positions__type_support.cpp.o[0m
[ 70%] [32m[1mLinking CXX shared library libinterfaces__rosidl_typesupport_c.so[0m
[ 70%] Built target interfaces__rosidl_typesupport_c
[ 72%] [34m[1mGenerating C introspection for ROS interfaces[0m
[ 74%] [32mBuilding C object CMakeFiles/interfaces__rosidl_typesupport_introspection_c.dir/rosidl_typesupport_introspection_c/interfaces/msg/detail/position__type_support.c.o[0m
[ 76%] [32mBuilding C object CMakeFiles/interfaces__rosidl_typesupport_introspection_c.dir/rosidl_typesupport_introspection_c/interfaces/action/detail/navigation__type_support.c.o[0m
[ 78%] [32mBuilding C object CMakeFiles/interfaces__rosidl_typesupport_introspection_c.dir/rosidl_typesupport_introspection_c/interfaces/srv/detail/get_last_positions__type_support.c.o[0m
[ 80%] [32m[1mLinking C shared library libinterfaces__rosidl_typesupport_introspection_c.so[0m
[ 80%] Built target interfaces__rosidl_typesupport_introspection_c
[ 80%] Built target interfaces
[ 81%] [34m[1mGenerating Python code for ROS interfaces[0m
[ 81%] Built target interfaces__py
[ 83%] [32mBuilding C object CMakeFiles/interfaces__rosidl_generator_py.dir/rosidl_generator_py/interfaces/msg/_position_s.c.o[0m
[ 85%] [32mBuilding C object CMakeFiles/interfaces__rosidl_generator_py.dir/rosidl_generator_py/interfaces/action/_navigation_s.c.o[0m
[ 87%] [32mBuilding C object CMakeFiles/interfaces__rosidl_generator_py.dir/rosidl_generator_py/interfaces/srv/_get_last_positions_s.c.o[0m
[ 89%] [32m[1mLinking C shared library libinterfaces__rosidl_generator_py.so[0m
[ 89%] Built target interfaces__rosidl_generator_py
[ 90%] [32mBuilding C object CMakeFiles/interfaces_s__rosidl_typesupport_fastrtps_c.dir/rosidl_generator_py/interfaces/_interfaces_s.ep.rosidl_typesupport_fastrtps_c.c.o[0m
[ 92%] [32m[1mLinking C shared module rosidl_generator_py/interfaces/interfaces_s__rosidl_typesupport_fastrtps_c.so[0m
[ 92%] Built target interfaces_s__rosidl_typesupport_fastrtps_c
[ 94%] [32mBuilding C object CMakeFiles/interfaces_s__rosidl_typesupport_c.dir/rosidl_generator_py/interfaces/_interfaces_s.ep.rosidl_typesupport_c.c.o[0m
[ 96%] [32m[1mLinking C shared module rosidl_generator_py/interfaces/interfaces_s__rosidl_typesupport_c.so[0m
[ 96%] Built target interfaces_s__rosidl_typesupport_c
[ 98%] [32mBuilding C object CMakeFiles/interfaces_s__rosidl_typesupport_introspection_c.dir/rosidl_generator_py/interfaces/_interfaces_s.ep.rosidl_typesupport_introspection_c.c.o[0m
[100%] [32m[1mLinking C shared module rosidl_generator_py/interfaces/interfaces_s__rosidl_typesupport_introspection_c.so[0m
[100%] Built target interfaces_s__rosidl_typesupport_introspection_c
-- Install configuration: ""
-- Installing: /home/abdulrafi/Desktop/ROS2_Final_Project/kobuki_ws/install/interfaces/share/ament_index/resource_index/rosidl_interfaces/interfaces
-- Installing: /home/abdulrafi/Desktop/ROS2_Final_Project/kobuki_ws/install/interfaces/share/interfaces/msg/Position.json
-- Installing: /home/abdulrafi/Desktop/ROS2_Final_Project/kobuki_ws/install/interfaces/share/interfaces/srv/GetLastPositions.json
-- Installing: /home/abdulrafi/Desktop/ROS2_Final_Project/kobuki_ws/install/interfaces/share/interfaces/action/Navigation.json
-- Installing: /home/abdulrafi/Desktop/ROS2_Final_Project/kobuki_ws/install/interfaces/include/interfaces/interfaces
-- Installing: /home/abdulrafi/Desktop/ROS2_Final_Project/kobuki_ws/install/interfaces/include/interfaces/interfaces/msg
-- Installing: /home/abdulrafi/Desktop/ROS2_Final_Project/kobuki_ws/install/interfaces/include/interfaces/interfaces/msg/position.h
-- Installing: /home/abdulrafi/Desktop/ROS2_Final_Project/kobuki_ws/install/interfaces/include/interfaces/interfaces/msg/rosidl_generator_c__visibility_control.h
-- Installing: /home/abdulrafi/Desktop/ROS2_Final_Project/kobuki_ws/install/interfaces/include/interfaces/interfaces/msg/detail
-- Installing: /home/abdulrafi/Desktop/ROS2_Final_Project/kobuki_ws/install/interfaces/include/interfaces/interfaces/msg/detail/position__type_support.c
-- Installing: /home/abdulrafi/Desktop/ROS2_Final_Project/kobuki_ws/install/interfaces/include/interfaces/interfaces/msg/detail/position__type_support.h
-- Installing: /home/abdulrafi/Desktop/ROS2_Final_Project/kobuki_ws/install/interfaces/include/interfaces/interfaces/msg/detail/position__struct.h
-- Installing: /home/abdulrafi/Desktop/ROS2_Final_Project/kobuki_ws/install/interfaces/include/interfaces/interfaces/msg/detail/position__description.c
-- Installing: /home/abdulrafi/Desktop/ROS2_Final_Project/kobuki_ws/install/interfaces/include/interfaces/interfaces/msg/detail/position__functions.h
-- Installing: /home/abdulrafi/Desktop/ROS2_Final_Project/kobuki_ws/install/interfaces/include/interfaces/interfaces/msg/detail/position__functions.c
-- Installing: /home/abdulrafi/Desktop/ROS2_Final_Project/kobuki_ws/install/interfaces/include/interfaces/interfaces/srv
-- Installing: /home/abdulrafi/Desktop/ROS2_Final_Project/kobuki_ws/install/interfaces/include/interfaces/interfaces/srv/get_last_positions.h
-- Installing: /home/abdulrafi/Desktop/ROS2_Final_Project/kobuki_ws/install/interfaces/include/interfaces/interfaces/srv/detail
-- Installing: /home/abdulrafi/Desktop/ROS2_Final_Project/kobuki_ws/install/interfaces/include/interfaces/interfaces/srv/detail/get_last_positions__description.c
-- Installing: /home/abdulrafi/Desktop/ROS2_Final_Project/kobuki_ws/install/interfaces/include/interfaces/interfaces/srv/detail/get_last_positions__functions.h
-- Installing: /home/abdulrafi/Desktop/ROS2_Final_Project/kobuki_ws/install/interfaces/include/interfaces/interfaces/srv/detail/get_last_positions__type_support.c
-- Installing: /home/abdulrafi/Desktop/ROS2_Final_Project/kobuki_ws/install/interfaces/include/interfaces/interfaces/srv/detail/get_last_positions__functions.c
-- Installing: /home/abdulrafi/Desktop/ROS2_Final_Project/kobuki_ws/install/interfaces/include/interfaces/interfaces/srv/detail/get_last_positions__struct.h
-- Installing: /home/abdulrafi/Desktop/ROS2_Final_Project/kobuki_ws/install/interfaces/include/interfaces/interfaces/srv/detail/get_last_positions__type_support.h
-- Installing: /home/abdulrafi/Desktop/ROS2_Final_Project/kobuki_ws/install/interfaces/include/interfaces/interfaces/action
-- Installing: /home/abdulrafi/Desktop/ROS2_Final_Project/kobuki_ws/install/interfaces/include/interfaces/interfaces/action/navigation.h
-- Installing: /home/abdulrafi/Desktop/ROS2_Final_Project/kobuki_ws/install/interfaces/include/interfaces/interfaces/action/detail
-- Installing: /home/abdulrafi/Desktop/ROS2_Final_Project/kobuki_ws/install/interfaces/include/interfaces/interfaces/action/detail/navigation__functions.c
-- Installing: /home/abdulrafi/Desktop/ROS2_Final_Project/kobuki_ws/install/interfaces/include/interfaces/interfaces/action/detail/navigation__functions.h
-- Installing: /home/abdulrafi/Desktop/ROS2_Final_Project/kobuki_ws/install/interfaces/include/interfaces/interfaces/action/detail/navigation__struct.h
-- Installing: /home/abdulrafi/Desktop/ROS2_Final_Project/kobuki_ws/install/interfaces/include/interfaces/interfaces/action/detail/navigation__type_support.c
-- Installing: /home/abdulrafi/Desktop/ROS2_Final_Project/kobuki_ws/install/interfaces/include/interfaces/interfaces/action/detail/navigation__description.c
-- Installing: /home/abdulrafi/Desktop/ROS2_Final_Project/kobuki_ws/install/interfaces/include/interfaces/interfaces/action/detail/navigation__type_support.h
-- Installing: /home/abdulrafi/Desktop/ROS2_Final_Project/kobuki_ws/install/interfaces/share/interfaces/environment/library_path.sh
-- Installing: /home/abdulrafi/Desktop/ROS2_Final_Project/kobuki_ws/install/interfaces/share/interfaces/environment/library_path.dsv
-- Installing: /home/abdulrafi/Desktop/ROS2_Final_Project/kobuki_ws/install/interfaces/lib/libinterfaces__rosidl_generator_c.so
-- Set non-toolchain portion of runtime path of "/home/abdulrafi/Desktop/ROS2_Final_Project/kobuki_ws/install/interfaces/lib/libinterfaces__rosidl_generator_c.so" to ""
-- Up-to-date: /home/abdulrafi/Desktop/ROS2_Final_Project/kobuki_ws/install/interfaces/include/interfaces/interfaces
-- Up-to-date: /home/abdulrafi/Desktop/ROS2_Final_Project/kobuki_ws/install/interfaces/include/interfaces/interfaces/msg
-- Installing: /home/abdulrafi/Desktop/ROS2_Final_Project/kobuki_ws/install/interfaces/include/interfaces/interfaces/msg/rosidl_typesupport_fastrtps_c__visibility_control.h
-- Up-to-date: /home/abdulrafi/Desktop/ROS2_Final_Project/kobuki_ws/install/interfaces/include/interfaces/interfaces/msg/detail
-- Installing: /home/abdulrafi/Desktop/ROS2_Final_Project/kobuki_ws/install/interfaces/include/interfaces/interfaces/msg/detail/position__rosidl_typesupport_fastrtps_c.h
-- Up-to-date: /home/abdulrafi/Desktop/ROS2_Final_Project/kobuki_ws/install/interfaces/include/interfaces/interfaces/srv
-- Up-to-date: /home/abdulrafi/Desktop/ROS2_Final_Project/kobuki_ws/install/interfaces/include/interfaces/interfaces/srv/detail
-- Installing: /home/abdulrafi/Desktop/ROS2_Final_Project/kobuki_ws/install/interfaces/include/interfaces/interfaces/srv/detail/get_last_positions__rosidl_typesupport_fastrtps_c.h
-- Up-to-date: /home/abdulrafi/Desktop/ROS2_Final_Project/kobuki_ws/install/interfaces/include/interfaces/interfaces/action
-- Up-to-date: /home/abdulrafi/Desktop/ROS2_Final_Project/kobuki_ws/install/interfaces/include/interfaces/interfaces/action/detail
-- Installing: /home/abdulrafi/Desktop/ROS2_Final_Project/kobuki_ws/install/interfaces/include/interfaces/interfaces/action/detail/navigation__rosidl_typesupport_fastrtps_c.h
-- Installing: /home/abdulrafi/Desktop/ROS2_Final_Project/kobuki_ws/install/interfaces/lib/libinterfaces__rosidl_typesupport_fastrtps_c.so
-- Set non-toolchain portion of runtime path of "/home/abdulrafi/Desktop/ROS2_Final_Project/kobuki_ws/install/interfaces/lib/libinterfaces__rosidl_typesupport_fastrtps_c.so" to ""
-- Up-to-date: /home/abdulrafi/Desktop/ROS2_Final_Project/kobuki_ws/install/interfaces/include/interfaces/interfaces
-- Up-to-date: /home/abdulrafi/Desktop/ROS2_Final_Project/kobuki_ws/install/interfaces/include/interfaces/interfaces/msg
-- Installing: /home/abdulrafi/Desktop/ROS2_Final_Project/kobuki_ws/install/interfaces/include/interfaces/interfaces/msg/rosidl_typesupport_introspection_c__visibility_control.h
-- Up-to-date: /home/abdulrafi/Desktop/ROS2_Final_Project/kobuki_ws/install/interfaces/include/interfaces/interfaces/msg/detail
-- Installing: /home/abdulrafi/Desktop/ROS2_Final_Project/kobuki_ws/install/interfaces/include/interfaces/interfaces/msg/detail/position__type_support.c
-- Installing: /home/abdulrafi/Desktop/ROS2_Final_Project/kobuki_ws/install/interfaces/include/interfaces/interfaces/msg/detail/position__rosidl_typesupport_introspection_c.h
-- Up-to-date: /home/abdulrafi/Desktop/ROS2_Final_Project/kobuki_ws/install/interfaces/include/interfaces/interfaces/srv
-- Up-to-date: /home/abdulrafi/Desktop/ROS2_Final_Project/kobuki_ws/install/interfaces/include/interfaces/interfaces/srv/detail
-- Installing: /home/abdulrafi/Desktop/ROS2_Final_Project/kobuki_ws/install/interfaces/include/interfaces/interfaces/srv/detail/get_last_positions__type_support.c
-- Installing: /home/abdulrafi/Desktop/ROS2_Final_Project/kobuki_ws/install/interfaces/include/interfaces/interfaces/srv/detail/get_last_positions__rosidl_typesupport_introspection_c.h
-- Up-to-date: /home/abdulrafi/Desktop/ROS2_Final_Project/kobuki_ws/install/interfaces/include/interfaces/interfaces/action
-- Up-to-date: /home/abdulrafi/Desktop/ROS2_Final_Project/kobuki_ws/install/interfaces/include/interfaces/interfaces/action/detail
-- Installing: /home/abdulrafi/Desktop/ROS2_Final_Project/kobuki_ws/install/interfaces/include/interfaces/interfaces/action/detail/navigation__rosidl_typesupport_introspection_c.h
-- Installing: /home/abdulrafi/Desktop/ROS2_Final_Project/kobuki_ws/install/interfaces/include/interfaces/interfaces/action/detail/navigation__type_support.c
-- Installing: /home/abdulrafi/Desktop/ROS2_Final_Project/kobuki_ws/install/interfaces/lib/libinterfaces__rosidl_typesupport_introspection_c.so
-- Set non-toolchain portion of runtime path of "/home/abdulrafi/Desktop/ROS2_Final_Project/kobuki_ws/install/interfaces/lib/libinterfaces__rosidl_typesupport_introspection_c.so" to ""
-- Installing: /home/abdulrafi/Desktop/ROS2_Final_Project/kobuki_ws/install/interfaces/lib/libinterfaces__rosidl_typesupport_c.so
-- Set non-toolchain portion of runtime path of "/home/abdulrafi/Desktop/ROS2_Final_Project/kobuki_ws/install/interfaces/lib/libinterfaces__rosidl_typesupport_c.so" to ""
-- Up-to-date: /home/abdulrafi/Desktop/ROS2_Final_Project/kobuki_ws/install/interfaces/include/interfaces/interfaces
-- Up-to-date: /home/abdulrafi/Desktop/ROS2_Final_Project/kobuki_ws/install/interfaces/include/interfaces/interfaces/msg
-- Installing: /home/abdulrafi/Desktop/ROS2_Final_Project/kobuki_ws/install/interfaces/include/interfaces/interfaces/msg/rosidl_generator_cpp__visibility_control.hpp
-- Up-to-date: /home/abdulrafi/Desktop/ROS2_Final_Project/kobuki_ws/install/interfaces/include/interfaces/interfaces/msg/detail
-- Installing: /home/abdulrafi/Desktop/ROS2_Final_Project/kobuki_ws/install/interfaces/include/interfaces/interfaces/msg/detail/position__traits.hpp
-- Installing: /home/abdulrafi/Desktop/ROS2_Final_Project/kobuki_ws/install/interfaces/include/interfaces/interfaces/msg/detail/position__builder.hpp
-- Installing: /home/abdulrafi/Desktop/ROS2_Final_Project/kobuki_ws/install/interfaces/include/interfaces/interfaces/msg/detail/position__struct.hpp
-- Installing: /home/abdulrafi/Desktop/ROS2_Final_Project/kobuki_ws/install/interfaces/include/interfaces/interfaces/msg/detail/position__type_support.hpp
-- Installing: /home/abdulrafi/Desktop/ROS2_Final_Project/kobuki_ws/install/interfaces/include/interfaces/interfaces/msg/position.hpp
-- Up-to-date: /home/abdulrafi/Desktop/ROS2_Final_Project/kobuki_ws/install/interfaces/include/interfaces/interfaces/srv
-- Up-to-date: /home/abdulrafi/Desktop/ROS2_Final_Project/kobuki_ws/install/interfaces/include/interfaces/interfaces/srv/detail
-- Installing: /home/abdulrafi/Desktop/ROS2_Final_Project/kobuki_ws/install/interfaces/include/interfaces/interfaces/srv/detail/get_last_positions__builder.hpp
-- Installing: /home/abdulrafi/Desktop/ROS2_Final_Project/kobuki_ws/install/interfaces/include/interfaces/interfaces/srv/detail/get_last_positions__struct.hpp
-- Installing: /home/abdulrafi/Desktop/ROS2_Final_Project/kobuki_ws/install/interfaces/include/interfaces/interfaces/srv/detail/get_last_positions__type_support.hpp
-- Installing: /home/abdulrafi/Desktop/ROS2_Final_Project/kobuki_ws/install/interfaces/include/interfaces/interfaces/srv/detail/get_last_positions__traits.hpp
-- Installing: /home/abdulrafi/Desktop/ROS2_Final_Project/kobuki_ws/install/interfaces/include/interfaces/interfaces/srv/get_last_positions.hpp
-- Up-to-date: /home/abdulrafi/Desktop/ROS2_Final_Project/kobuki_ws/install/interfaces/include/interfaces/interfaces/action
-- Installing: /home/abdulrafi/Desktop/ROS2_Final_Project/kobuki_ws/install/interfaces/include/interfaces/interfaces/action/navigation.hpp
-- Up-to-date: /home/abdulrafi/Desktop/ROS2_Final_Project/kobuki_ws/install/interfaces/include/interfaces/interfaces/action/detail
-- Installing: /home/abdulrafi/Desktop/ROS2_Final_Project/kobuki_ws/install/interfaces/include/interfaces/interfaces/action/detail/navigation__builder.hpp
-- Installing: /home/abdulrafi/Desktop/ROS2_Final_Project/kobuki_ws/install/interfaces/include/interfaces/interfaces/action/detail/navigation__type_support.hpp
-- Installing: /home/abdulrafi/Desktop/ROS2_Final_Project/kobuki_ws/install/interfaces/include/interfaces/interfaces/action/detail/navigation__traits.hpp
-- Installing: /home/abdulrafi/Desktop/ROS2_Final_Project/kobuki_ws/install/interfaces/include/interfaces/interfaces/action/detail/navigation__struct.hpp
-- Up-to-date: /home/abdulrafi/Desktop/ROS2_Final_Project/kobuki_ws/install/interfaces/include/interfaces/interfaces
-- Up-to-date: /home/abdulrafi/Desktop/ROS2_Final_Project/kobuki_ws/install/interfaces/include/interfaces/interfaces/msg
-- Installing: /home/abdulrafi/Desktop/ROS2_Final_Project/kobuki_ws/install/interfaces/include/interfaces/interfaces/msg/rosidl_typesupport_fastrtps_cpp__visibility_control.h
-- Up-to-date: /home/abdulrafi/Desktop/ROS2_Final_Project/kobuki_ws/install/interfaces/include/interfaces/interfaces/msg/detail
-- Installing: /home/abdulrafi/Desktop/ROS2_Final_Project/kobuki_ws/install/interfaces/include/interfaces/interfaces/msg/detail/dds_fastrtps
-- Installing: /home/abdulrafi/Desktop/ROS2_Final_Project/kobuki_ws/install/interfaces/include/interfaces/interfaces/msg/detail/position__rosidl_typesupport_fastrtps_cpp.hpp
-- Up-to-date: /home/abdulrafi/Desktop/ROS2_Final_Project/kobuki_ws/install/interfaces/include/interfaces/interfaces/srv
-- Up-to-date: /home/abdulrafi/Desktop/ROS2_Final_Project/kobuki_ws/install/interfaces/include/interfaces/interfaces/srv/detail
-- Installing: /home/abdulrafi/Desktop/ROS2_Final_Project/kobuki_ws/install/interfaces/include/interfaces/interfaces/srv/detail/get_last_positions__rosidl_typesupport_fastrtps_cpp.hpp
-- Installing: /home/abdulrafi/Desktop/ROS2_Final_Project/kobuki_ws/install/interfaces/include/interfaces/interfaces/srv/detail/dds_fastrtps
-- Up-to-date: /home/abdulrafi/Desktop/ROS2_Final_Project/kobuki_ws/install/interfaces/include/interfaces/interfaces/action
-- Up-to-date: /home/abdulrafi/Desktop/ROS2_Final_Project/kobuki_ws/install/interfaces/include/interfaces/interfaces/action/detail
-- Installing: /home/abdulrafi/Desktop/ROS2_Final_Project/kobuki_ws/install/interfaces/include/interfaces/interfaces/action/detail/navigation__rosidl_typesupport_fastrtps_cpp.hpp
-- Installing: /home/abdulrafi/Desktop/ROS2_Final_Project/kobuki_ws/install/interfaces/include/interfaces/interfaces/action/detail/dds_fastrtps
-- Installing: /home/abdulrafi/Desktop/ROS2_Final_Project/kobuki_ws/install/interfaces/lib/libinterfaces__rosidl_typesupport_fastrtps_cpp.so
-- Set non-toolchain portion of runtime path of "/home/abdulrafi/Desktop/ROS2_Final_Project/kobuki_ws/install/interfaces/lib/libinterfaces__rosidl_typesupport_fastrtps_cpp.so" to ""
-- Up-to-date: /home/abdulrafi/Desktop/ROS2_Final_Project/kobuki_ws/install/interfaces/include/interfaces/interfaces
-- Up-to-date: /home/abdulrafi/Desktop/ROS2_Final_Project/kobuki_ws/install/interfaces/include/interfaces/interfaces/msg
-- Up-to-date: /home/abdulrafi/Desktop/ROS2_Final_Project/kobuki_ws/install/interfaces/include/interfaces/interfaces/msg/detail
-- Installing: /home/abdulrafi/Desktop/ROS2_Final_Project/kobuki_ws/install/interfaces/include/interfaces/interfaces/msg/detail/position__rosidl_typesupport_introspection_cpp.hpp
-- Installing: /home/abdulrafi/Desktop/ROS2_Final_Project/kobuki_ws/install/interfaces/include/interfaces/interfaces/msg/detail/position__type_support.cpp
-- Up-to-date: /home/abdulrafi/Desktop/ROS2_Final_Project/kobuki_ws/install/interfaces/include/interfaces/interfaces/srv
-- Up-to-date: /home/abdulrafi/Desktop/ROS2_Final_Project/kobuki_ws/install/interfaces/include/interfaces/interfaces/srv/detail
-- Installing: /home/abdulrafi/Desktop/ROS2_Final_Project/kobuki_ws/install/interfaces/include/interfaces/interfaces/srv/detail/get_last_positions__rosidl_typesupport_introspection_cpp.hpp
-- Installing: /home/abdulrafi/Desktop/ROS2_Final_Project/kobuki_ws/install/interfaces/include/interfaces/interfaces/srv/detail/get_last_positions__type_support.cpp
-- Up-to-date: /home/abdulrafi/Desktop/ROS2_Final_Project/kobuki_ws/install/interfaces/include/interfaces/interfaces/action
-- Up-to-date: /home/abdulrafi/Desktop/ROS2_Final_Project/kobuki_ws/install/interfaces/include/interfaces/interfaces/action/detail
-- Installing: /home/abdulrafi/Desktop/ROS2_Final_Project/kobuki_ws/install/interfaces/include/interfaces/interfaces/action/detail/navigation__type_support.cpp
-- Installing: /home/abdulrafi/Desktop/ROS2_Final_Project/kobuki_ws/install/interfaces/include/interfaces/interfaces/action/detail/navigation__rosidl_typesupport_introspection_cpp.hpp
-- Installing: /home/abdulrafi/Desktop/ROS2_Final_Project/kobuki_ws/install/interfaces/lib/libinterfaces__rosidl_typesupport_introspection_cpp.so
-- Set non-toolchain portion of runtime path of "/home/abdulrafi/Desktop/ROS2_Final_Project/kobuki_ws/install/interfaces/lib/libinterfaces__rosidl_typesupport_introspection_cpp.so" to ""
-- Installing: /home/abdulrafi/Desktop/ROS2_Final_Project/kobuki_ws/install/interfaces/lib/libinterfaces__rosidl_typesupport_cpp.so
-- Set non-toolchain portion of runtime path of "/home/abdulrafi/Desktop/ROS2_Final_Project/kobuki_ws/install/interfaces/lib/libinterfaces__rosidl_typesupport_cpp.so" to ""
-- Installing: /home/abdulrafi/Desktop/ROS2_Final_Project/kobuki_ws/install/interfaces/share/interfaces/environment/pythonpath.sh
-- Installing: /home/abdulrafi/Desktop/ROS2_Final_Project/kobuki_ws/install/interfaces/share/interfaces/environment/pythonpath.dsv
-- Installing: /home/abdulrafi/Desktop/ROS2_Final_Project/kobuki_ws/install/interfaces/lib/python3.12/site-packages/interfaces-0.0.0-py3.12.egg-info
-- Installing: /home/abdulrafi/Desktop/ROS2_Final_Project/kobuki_ws/install/interfaces/lib/python3.12/site-packages/interfaces-0.0.0-py3.12.egg-info/top_level.txt
-- Installing: /home/abdulrafi/Desktop/ROS2_Final_Project/kobuki_ws/install/interfaces/lib/python3.12/site-packages/interfaces-0.0.0-py3.12.egg-info/PKG-INFO
-- Installing: /home/abdulrafi/Desktop/ROS2_Final_Project/kobuki_ws/install/interfaces/lib/python3.12/site-packages/interfaces-0.0.0-py3.12.egg-info/SOURCES.txt
-- Installing: /home/abdulrafi/Desktop/ROS2_Final_Project/kobuki_ws/install/interfaces/lib/python3.12/site-packages/interfaces-0.0.0-py3.12.egg-info/dependency_links.txt
-- Installing: /home/abdulrafi/Desktop/ROS2_Final_Project/kobuki_ws/install/interfaces/lib/python3.12/site-packages/interfaces
-- Installing: /home/abdulrafi/Desktop/ROS2_Final_Project/kobuki_ws/install/interfaces/lib/python3.12/site-packages/interfaces/msg
-- Installing: /home/abdulrafi/Desktop/ROS2_Final_Project/kobuki_ws/install/interfaces/lib/python3.12/site-packages/interfaces/msg/_position_s.c
-- Installing: /home/abdulrafi/Desktop/ROS2_Final_Project/kobuki_ws/install/interfaces/lib/python3.12/site-packages/interfaces/msg/__init__.py
-- Installing: /home/abdulrafi/Desktop/ROS2_Final_Project/kobuki_ws/install/interfaces/lib/python3.12/site-packages/interfaces/msg/_position.py
-- Installing: /home/abdulrafi/Desktop/ROS2_Final_Project/kobuki_ws/install/interfaces/lib/python3.12/site-packages/interfaces/__init__.py
-- Installing: /home/abdulrafi/Desktop/ROS2_Final_Project/kobuki_ws/install/interfaces/lib/python3.12/site-packages/interfaces/interfaces_s__rosidl_typesupport_c.so
-- Installing: /home/abdulrafi/Desktop/ROS2_Final_Project/kobuki_ws/install/interfaces/lib/python3.12/site-packages/interfaces/interfaces_s__rosidl_typesupport_fastrtps_c.so
-- Installing: /home/abdulrafi/Desktop/ROS2_Final_Project/kobuki_ws/install/interfaces/lib/python3.12/site-packages/interfaces/srv
-- Installing: /home/abdulrafi/Desktop/ROS2_Final_Project/kobuki_ws/install/interfaces/lib/python3.12/site-packages/interfaces/srv/__init__.py
-- Installing: /home/abdulrafi/Desktop/ROS2_Final_Project/kobuki_ws/install/interfaces/lib/python3.12/site-packages/interfaces/srv/_get_last_positions.py
-- Installing: /home/abdulrafi/Desktop/ROS2_Final_Project/kobuki_ws/install/interfaces/lib/python3.12/site-packages/interfaces/srv/_get_last_positions_s.c
-- Installing: /home/abdulrafi/Desktop/ROS2_Final_Project/kobuki_ws/install/interfaces/lib/python3.12/site-packages/interfaces/_interfaces_s.ep.rosidl_typesupport_introspection_c.c
-- Installing: /home/abdulrafi/Desktop/ROS2_Final_Project/kobuki_ws/install/interfaces/lib/python3.12/site-packages/interfaces/_interfaces_s.ep.rosidl_typesupport_fastrtps_c.c
-- Installing: /home/abdulrafi/Desktop/ROS2_Final_Project/kobuki_ws/install/interfaces/lib/python3.12/site-packages/interfaces/interfaces_s__rosidl_typesupport_introspection_c.so
-- Installing: /home/abdulrafi/Desktop/ROS2_Final_Project/kobuki_ws/install/interfaces/lib/python3.12/site-packages/interfaces/action
-- Installing: /home/abdulrafi/Desktop/ROS2_Final_Project/kobuki_ws/install/interfaces/lib/python3.12/site-packages/interfaces/action/_navigation.py
-- Installing: /home/abdulrafi/Desktop/ROS2_Final_Project/kobuki_ws/install/interfaces/lib/python3.12/site-packages/interfaces/action/__init__.py
-- Installing: /home/abdulrafi/Desktop/ROS2_Final_Project/kobuki_ws/install/interfaces/lib/python3.12/site-packages/interfaces/action/_navigation_s.c
-- Installing: /home/abdulrafi/Desktop/ROS2_Final_Project/kobuki_ws/install/interfaces/lib/python3.12/site-packages/interfaces/_interfaces_s.ep.rosidl_typesupport_c.c
Listing '/home/abdulrafi/Desktop/ROS2_Final_Project/kobuki_ws/install/interfaces/lib/python3.12/site-packages/interfaces'...
Compiling '/home/abdulrafi/Desktop/ROS2_Final_Project/kobuki_ws/install/interfaces/lib/python3.12/site-packages/interfaces/__init__.py'...
Listing '/home/abdulrafi/Desktop/ROS2_Final_Project/kobuki_ws/install/interfaces/lib/python3.12/site-packages/interfaces/action'...
Compiling '/home/abdulrafi/Desktop/ROS2_Final_Project/kobuki_ws/install/interfaces/lib/python3.12/site-packages/interfaces/action/__init__.py'...
Compiling '/home/abdulrafi/Desktop/ROS2_Final_Project/kobuki_ws/install/interfaces/lib/python3.12/site-packages/interfaces/action/_navigation.py'...
Listing '/home/abdulrafi/Desktop/ROS2_Final_Project/kobuki_ws/install/interfaces/lib/python3.12/site-packages/interfaces/msg'...
Compiling '/home/abdulrafi/Desktop/ROS2_Final_Project/kobuki_ws/install/interfaces/lib/python3.12/site-packages/interfaces/msg/__init__.py'...
Compiling '/home/abdulrafi/Desktop/ROS2_Final_Project/kobuki_ws/install/interfaces/lib/python3.12/site-packages/interfaces/msg/_position.py'...
Listing '/home/abdulrafi/Desktop/ROS2_Final_Project/kobuki_ws/install/interfaces/lib/python3.12/site-packages/interfaces/srv'...
Compiling '/home/abdulrafi/Desktop/ROS2_Final_Project/kobuki_ws/install/interfaces/lib/python3.12/site-packages/interfaces/srv/__init__.py'...
Compiling '/home/abdulrafi/Desktop/ROS2_Final_Project/kobuki_ws/install/interfaces/lib/python3.12/site-packages/interfaces/srv/_get_last_positions.py'...
-- Installing: /home/abdulrafi/Desktop/ROS2_Final_Project/kobuki_ws/install/interfaces/lib/python3.12/site-packages/interfaces/interfaces_s__rosidl_typesupport_fastrtps_c.so
-- Set non-toolchain portion of runtime path of "/home/abdulrafi/Desktop/ROS2_Final_Project/kobuki_ws/install/interfaces/lib/python3.12/site-packages/interfaces/interfaces_s__rosidl_typesupport_fastrtps_c.so" to ""
-- Installing: /home/abdulrafi/Desktop/ROS2_Final_Project/kobuki_ws/install/interfaces/lib/python3.12/site-packages/interfaces/interfaces_s__rosidl_typesupport_introspection_c.so
-- Set non-toolchain portion of runtime path of "/home/abdulrafi/Desktop/ROS2_Final_Project/kobuki_ws/install/interfaces/lib/python3.12/site-packages/interfaces/interfaces_s__rosidl_typesupport_introspection_c.so" to ""
-- Installing: /home/abdulrafi/Desktop/ROS2_Final_Project/kobuki_ws/install/interfaces/lib/python3.12/site-packages/interfaces/interfaces_s__rosidl_typesupport_c.so
-- Set non-toolchain portion of runtime path of "/home/abdulrafi/Desktop/ROS2_Final_Project/kobuki_ws/install/interfaces/lib/python3.12/site-packages/interfaces/interfaces_s__rosidl_typesupport_c.so" to ""
-- Installing: /home/abdulrafi/Desktop/ROS2_Final_Project/kobuki_ws/install/interfaces/lib/libinterfaces__rosidl_generator_py.so
-- Set non-toolchain portion of runtime path of "/home/abdulrafi/Desktop/ROS2_Final_Project/kobuki_ws/install/interfaces/lib/libinterfaces__rosidl_generator_py.so" to ""
-- Installing: /home/abdulrafi/Desktop/ROS2_Final_Project/kobuki_ws/install/interfaces/share/ament_index/resource_index/rust_packages/interfaces
-- Installing: /home/abdulrafi/Desktop/ROS2_Final_Project/kobuki_ws/install/interfaces/share/interfaces/rust
-- Installing: /home/abdulrafi/Desktop/ROS2_Final_Project/kobuki_ws/install/interfaces/share/interfaces/rust/build.rs
-- Installing: /home/abdulrafi/Desktop/ROS2_Final_Project/kobuki_ws/install/interfaces/share/interfaces/rust/src
-- Installing: /home/abdulrafi/Desktop/ROS2_Final_Project/kobuki_ws/install/interfaces/share/interfaces/rust/src/msg
-- Installing: /home/abdulrafi/Desktop/ROS2_Final_Project/kobuki_ws/install/interfaces/share/interfaces/rust/src/msg/rmw.rs
-- Installing: /home/abdulrafi/Desktop/ROS2_Final_Project/kobuki_ws/install/interfaces/share/interfaces/rust/src/action.rs
-- Installing: /home/abdulrafi/Desktop/ROS2_Final_Project/kobuki_ws/install/interfaces/share/interfaces/rust/src/lib.rs
-- Installing: /home/abdulrafi/Desktop/ROS2_Final_Project/kobuki_ws/install/interfaces/share/interfaces/rust/src/srv
-- Installing: /home/abdulrafi/Desktop/ROS2_Final_Project/kobuki_ws/install/interfaces/share/interfaces/rust/src/srv/rmw.rs
-- Installing: /home/abdulrafi/Desktop/ROS2_Final_Project/kobuki_ws/install/interfaces/share/interfaces/rust/src/srv.rs
-- Installing: /home/abdulrafi/Desktop/ROS2_Final_Project/kobuki_ws/install/interfaces/share/interfaces/rust/src/msg.rs
-- Installing: /home/abdulrafi/Desktop/ROS2_Final_Project/kobuki_ws/install/interfaces/share/interfaces/rust/src/action
-- Installing: /home/abdulrafi/Desktop/ROS2_Final_Project/kobuki_ws/install/interfaces/share/interfaces/rust/src/action/rmw.rs
-- Installing: /home/abdulrafi/Desktop/ROS2_Final_Project/kobuki_ws/install/interfaces/share/interfaces/rust/Cargo.toml
-- Installing: /home/abdulrafi/Desktop/ROS2_Final_Project/kobuki_ws/install/interfaces/share/interfaces/msg/Position.idl
-- Installing: /home/abdulrafi/Desktop/ROS2_Final_Project/kobuki_ws/install/interfaces/share/interfaces/srv/GetLastPositions.idl
-- Installing: /home/abdulrafi/Desktop/ROS2_Final_Project/kobuki_ws/install/interfaces/share/interfaces/action/Navigation.idl
-- Installing: /home/abdulrafi/Desktop/ROS2_Final_Project/kobuki_ws/install/interfaces/share/interfaces/msg/Position.msg
-- Installing: /home/abdulrafi/Desktop/ROS2_Final_Project/kobuki_ws/install/interfaces/share/interfaces/srv/GetLastPositions.srv
-- Installing: /home/abdulrafi/Desktop/ROS2_Final_Project/kobuki_ws/install/interfaces/share/interfaces/action/Navigation.action
-- Installing: /home/abdulrafi/Desktop/ROS2_Final_Project/kobuki_ws/install/interfaces/share/ament_index/resource_index/package_run_dependencies/interfaces
-- Installing: /home/abdulrafi/Desktop/ROS2_Final_Project/kobuki_ws/install/interfaces/share/ament_index/resource_index/parent_prefix_path/interfaces
-- Installing: /home/abdulrafi/Desktop/ROS2_Final_Project/kobuki_ws/install/interfaces/share/interfaces/environment/ament_prefix_path.sh
-- Installing: /home/abdulrafi/Desktop/ROS2_Final_Project/kobuki_ws/install/interfaces/share/interfaces/environment/ament_prefix_path.dsv
-- Installing: /home/abdulrafi/Desktop/ROS2_Final_Project/kobuki_ws/install/interfaces/share/interfaces/environment/path.sh
-- Installing: /home/abdulrafi/Desktop/ROS2_Final_Project/kobuki_ws/install/interfaces/share/interfaces/environment/path.dsv
-- Installing: /home/abdulrafi/Desktop/ROS2_Final_Project/kobuki_ws/install/interfaces/share/interfaces/local_setup.bash
-- Installing: /home/abdulrafi/Desktop/ROS2_Final_Project/kobuki_ws/install/interfaces/share/interfaces/local_setup.sh
-- Installing: /home/abdulrafi/Desktop/ROS2_Final_Project/kobuki_ws/install/interfaces/share/interfaces/local_setup.zsh
-- Installing: /home/abdulrafi/Desktop/ROS2_Final_Project/kobuki_ws/install/interfaces/share/interfaces/local_setup.dsv
-- Installing: /home/abdulrafi/Desktop/ROS2_Final_Project/kobuki_ws/install/interfaces/share/interfaces/package.dsv
-- Installing: /home/abdulrafi/Desktop/ROS2_Final_Project/kobuki_ws/install/interfaces/share/ament_index/resource_index/packages/interfaces
-- Installing: /home/abdulrafi/Desktop/ROS2_Final_Project/kobuki_ws/install/interfaces/share/interfaces/cmake/export_interfaces__rosidl_generator_cExport.cmake
-- Installing: /home/abdulrafi/Desktop/ROS2_Final_Project/kobuki_ws/install/interfaces/share/interfaces/cmake/export_interfaces__rosidl_generator_cExport-noconfig.cmake
-- Installing: /home/abdulrafi/Desktop/ROS2_Final_Project/kobuki_ws/install/interfaces/share/interfaces/cmake/export_interfaces__rosidl_typesupport_fastrtps_cExport.cmake
-- Installing: /home/abdulrafi/Desktop/ROS2_Final_Project/kobuki_ws/install/interfaces/share/interfaces/cmake/export_interfaces__rosidl_typesupport_fastrtps_cExport-noconfig.cmake
-- Installing: /home/abdulrafi/Desktop/ROS2_Final_Project/kobuki_ws/install/interfaces/share/interfaces/cmake/interfaces__rosidl_typesupport_introspection_cExport.cmake
-- Installing: /home/abdulrafi/Desktop/ROS2_Final_Project/kobuki_ws/install/interfaces/share/interfaces/cmake/interfaces__rosidl_typesupport_introspection_cExport-noconfig.cmake
-- Installing: /home/abdulrafi/Desktop/ROS2_Final_Project/kobuki_ws/install/interfaces/share/interfaces/cmake/interfaces__rosidl_typesupport_cExport.cmake
-- Installing: /home/abdulrafi/Desktop/ROS2_Final_Project/kobuki_ws/install/interfaces/share/interfaces/cmake/interfaces__rosidl_typesupport_cExport-noconfig.cmake
-- Installing: /home/abdulrafi/Desktop/ROS2_Final_Project/kobuki_ws/install/interfaces/share/interfaces/cmake/export_interfaces__rosidl_generator_cppExport.cmake
-- Installing: /home/abdulrafi/Desktop/ROS2_Final_Project/kobuki_ws/install/interfaces/share/interfaces/cmake/export_interfaces__rosidl_typesupport_fastrtps_cppExport.cmake
-- Installing: /home/abdulrafi/Desktop/ROS2_Final_Project/kobuki_ws/install/interfaces/share/interfaces/cmake/export_interfaces__rosidl_typesupport_fastrtps_cppExport-noconfig.cmake
-- Installing: /home/abdulrafi/Desktop/ROS2_Final_Project/kobuki_ws/install/interfaces/share/interfaces/cmake/interfaces__rosidl_typesupport_introspection_cppExport.cmake
-- Installing: /home/abdulrafi/Desktop/ROS2_Final_Project/kobuki_ws/install/interfaces/share/interfaces/cmake/interfaces__rosidl_typesupport_introspection_cppExport-noconfig.cmake
-- Installing: /home/abdulrafi/Desktop/ROS2_Final_Project/kobuki_ws/install/interfaces/share/interfaces/cmake/interfaces__rosidl_typesupport_cppExport.cmake
-- Installing: /home/abdulrafi/Desktop/ROS2_Final_Project/kobuki_ws/install/interfaces/share/interfaces/cmake/interfaces__rosidl_typesupport_cppExport-noconfig.cmake
-- Installing: /home/abdulrafi/Desktop/ROS2_Final_Project/kobuki_ws/install/interfaces/share/interfaces/cmake/export_interfaces__rosidl_generator_pyExport.cmake
-- Installing: /home/abdulrafi/Desktop/ROS2_Final_Project/kobuki_ws/install/interfaces/share/interfaces/cmake/export_interfaces__rosidl_generator_pyExport-noconfig.cmake
-- Installing: /home/abdulrafi/Desktop/ROS2_Final_Project/kobuki_ws/install/interfaces/share/interfaces/cmake/rosidl_cmake-extras.cmake
-- Installing: /home/abdulrafi/Desktop/ROS2_Final_Project/kobuki_ws/install/interfaces/share/interfaces/cmake/ament_cmake_export_dependencies-extras.cmake
-- Installing: /home/abdulrafi/Desktop/ROS2_Final_Project/kobuki_ws/install/interfaces/share/interfaces/cmake/ament_cmake_export_include_directories-extras.cmake
-- Installing: /home/abdulrafi/Desktop/ROS2_Final_Project/kobuki_ws/install/interfaces/share/interfaces/cmake/ament_cmake_export_libraries-extras.cmake
-- Installing: /home/abdulrafi/Desktop/ROS2_Final_Project/kobuki_ws/install/interfaces/share/interfaces/cmake/ament_cmake_export_targets-extras.cmake
-- Installing: /home/abdulrafi/Desktop/ROS2_Final_Project/kobuki_ws/install/interfaces/share/interfaces/cmake/rosidl_cmake_export_typesupport_targets-extras.cmake
-- Installing: /home/abdulrafi/Desktop/ROS2_Final_Project/kobuki_ws/install/interfaces/share/interfaces/cmake/rosidl_cmake_export_typesupport_libraries-extras.cmake
-- Installing: /home/abdulrafi/Desktop/ROS2_Final_Project/kobuki_ws/install/interfaces/share/interfaces/cmake/interfacesConfig.cmake
-- Installing: /home/abdulrafi/Desktop/ROS2_Final_Project/kobuki_ws/install/interfaces/share/interfaces/cmake/interfacesConfig-version.cmake
-- Installing: /home/abdulrafi/Desktop/ROS2_Final_Project/kobuki_ws/install/interfaces/share/interfaces/package.xml
