[0.021s] Invoking command in '/home/abdulrafi/Desktop/ROS2_Final_Project/kobuki_ws/build/interfaces': CMAKE_PREFIX_PATH=${CMAKE_PREFIX_PATH}:/opt/ros/jazzy DEBUGINFOD_URLS=https://debuginfod.ubuntu.com /usr/bin/cmake /home/abdulrafi/Desktop/ROS2_Final_Project/kobuki_ws/src/interfaces -DCMAKE_INSTALL_PREFIX=/home/abdulrafi/Desktop/ROS2_Final_Project/kobuki_ws/install/interfaces
[0.366s] -- The C compiler identification is GNU 13.3.0
[0.707s] -- The CXX compiler identification is GNU 13.3.0
[0.827s] -- Detecting C compiler ABI info
[1.380s] -- Detecting C compiler ABI info - done
[1.420s] -- Check for working C compiler: /usr/bin/cc - skipped
[1.420s] -- Detecting C compile features
[1.421s] -- Detecting C compile features - done
[1.479s] -- Detecting CXX compiler ABI info
[2.184s] -- Detecting CXX compiler ABI info - done
[2.215s] -- Check for working CXX compiler: /usr/bin/c++ - skipped
[2.220s] -- Detecting CXX compile features
[2.220s] -- Detecting CXX compile features - done
[2.233s] -- Found ament_cmake: 2.5.6 (/opt/ros/jazzy/share/ament_cmake/cmake)
[2.950s] -- Found Python3: /usr/bin/python3 (found version "3.12.3") found components: Interpreter 
[3.731s] -- Found rosidl_default_generators: 1.6.0 (/opt/ros/jazzy/share/rosidl_default_generators/cmake)
[3.796s] -- Using all available rosidl_typesupport_c: rosidl_typesupport_fastrtps_c;rosidl_typesupport_introspection_c
[4.122s] -- Using all available rosidl_typesupport_cpp: rosidl_typesupport_fastrtps_cpp;rosidl_typesupport_introspection_cpp
[4.538s] -- Found rosidl_adapter: 4.6.7 (/opt/ros/jazzy/share/rosidl_adapter/cmake)
[8.553s] -- Found ament_cmake_ros: 0.12.0 (/opt/ros/jazzy/share/ament_cmake_ros/cmake)
[10.584s] -- Using all available rosidl_typesupport_c: rosidl_typesupport_fastrtps_c;rosidl_typesupport_introspection_c
[13.268s] -- Using all available rosidl_typesupport_cpp: rosidl_typesupport_fastrtps_cpp;rosidl_typesupport_introspection_cpp
[13.297s] -- Found python_cmake_module: 0.11.1 (/opt/ros/jazzy/share/python_cmake_module/cmake)
[13.795s] -- Found PythonExtra: /usr/bin/python3  
[16.135s] -- Found Python3: /usr/bin/python3 (found version "3.12.3") found components: Interpreter Development NumPy Development.Module Development.Embed 
[16.470s] -- Found Python3: /usr/bin/python3 (found version "3.12.3") found components: Interpreter 
[16.553s] -- Configuring done (16.5s)
[17.015s] -- Generating done (0.4s)
[17.144s] -- Build files have been written to: /home/abdulrafi/Desktop/ROS2_Final_Project/kobuki_ws/build/interfaces
[17.216s] Invoked command in '/home/abdulrafi/Desktop/ROS2_Final_Project/kobuki_ws/build/interfaces' returned '0': CMAKE_PREFIX_PATH=${CMAKE_PREFIX_PATH}:/opt/ros/jazzy DEBUGINFOD_URLS=https://debuginfod.ubuntu.com /usr/bin/cmake /home/abdulrafi/Desktop/ROS2_Final_Project/kobuki_ws/src/interfaces -DCMAKE_INSTALL_PREFIX=/home/abdulrafi/Desktop/ROS2_Final_Project/kobuki_ws/install/interfaces
[17.220s] Invoking command in '/home/abdulrafi/Desktop/ROS2_Final_Project/kobuki_ws/build/interfaces': CMAKE_PREFIX_PATH=${CMAKE_PREFIX_PATH}:/opt/ros/jazzy DEBUGINFOD_URLS=https://debuginfod.ubuntu.com /usr/bin/cmake --build /home/abdulrafi/Desktop/ROS2_Final_Project/kobuki_ws/build/interfaces -- -j4 -l4
[17.511s] [  1%] [34m[1mGenerating Rust code for ROS interfaces[0m
[19.303s] [  1%] Built target interfaces__rs
[19.503s] [  1%] Built target ament_cmake_python_copy_interfaces
[19.605s] [  3%] [34m[1mGenerating type hashes for ROS interfaces[0m
[21.530s] [  3%] Built target interfaces__rosidl_generator_type_description
[23.141s] running egg_info
[23.144s] creating interfaces.egg-info
[23.241s] writing interfaces.egg-info/PKG-INFO
[23.244s] writing dependency_links to interfaces.egg-info/dependency_links.txt
[23.244s] writing top-level names to interfaces.egg-info/top_level.txt
[23.245s] writing manifest file 'interfaces.egg-info/SOURCES.txt'
[23.517s] reading manifest file 'interfaces.egg-info/SOURCES.txt'
[23.519s] writing manifest file 'interfaces.egg-info/SOURCES.txt'
[23.703s] [  3%] Built target ament_cmake_python_build_interfaces_egg
[23.850s] [  5%] [34m[1mGenerating C++ code for ROS interfaces[0m
[27.299s] [  5%] Built target interfaces__cpp
[27.383s] [  7%] [34m[1mGenerating C code for ROS interfaces[0m
[30.878s] [  9%] [32mBuilding C object CMakeFiles/interfaces__rosidl_generator_c.dir/rosidl_generator_c/interfaces/msg/detail/position__description.c.o[0m
[31.090s] [ 10%] [32mBuilding C object CMakeFiles/interfaces__rosidl_generator_c.dir/rosidl_generator_c/interfaces/srv/detail/get_last_positions__description.c.o[0m
[31.349s] [ 12%] [32mBuilding C object CMakeFiles/interfaces__rosidl_generator_c.dir/rosidl_generator_c/interfaces/srv/detail/get_last_positions__functions.c.o[0m
[31.892s] [ 14%] [32mBuilding C object CMakeFiles/interfaces__rosidl_generator_c.dir/rosidl_generator_c/interfaces/srv/detail/get_last_positions__type_support.c.o[0m
[32.069s] [ 16%] [32mBuilding C object CMakeFiles/interfaces__rosidl_generator_c.dir/rosidl_generator_c/interfaces/action/detail/navigation__description.c.o[0m
[32.678s] [ 18%] [32mBuilding C object CMakeFiles/interfaces__rosidl_generator_c.dir/rosidl_generator_c/interfaces/action/detail/navigation__functions.c.o[0m
[33.847s] [ 20%] [32mBuilding C object CMakeFiles/interfaces__rosidl_generator_c.dir/rosidl_generator_c/interfaces/action/detail/navigation__type_support.c.o[0m
[34.092s] [ 21%] [32mBuilding C object CMakeFiles/interfaces__rosidl_generator_c.dir/rosidl_generator_c/interfaces/msg/detail/position__type_support.c.o[0m
[34.312s] [ 23%] [32mBuilding C object CMakeFiles/interfaces__rosidl_generator_c.dir/rosidl_generator_c/interfaces/msg/detail/position__functions.c.o[0m
[34.612s] [ 25%] [32m[1mLinking C shared library libinterfaces__rosidl_generator_c.so[0m
[34.773s] [ 25%] Built target interfaces__rosidl_generator_c
[34.819s] [ 27%] [34m[1mGenerating C type support for eProsima Fast-RTPS[0m
[37.996s] [ 29%] [32mBuilding CXX object CMakeFiles/interfaces__rosidl_typesupport_fastrtps_c.dir/rosidl_typesupport_fastrtps_c/interfaces/msg/detail/position__type_support_c.cpp.o[0m
[40.013s] [ 30%] [32mBuilding CXX object CMakeFiles/interfaces__rosidl_typesupport_fastrtps_c.dir/rosidl_typesupport_fastrtps_c/interfaces/srv/detail/get_last_positions__type_support_c.cpp.o[0m
[41.810s] [ 32%] [32mBuilding CXX object CMakeFiles/interfaces__rosidl_typesupport_fastrtps_c.dir/rosidl_typesupport_fastrtps_c/interfaces/action/detail/navigation__type_support_c.cpp.o[0m
[44.224s] [ 34%] [32m[1mLinking CXX shared library libinterfaces__rosidl_typesupport_fastrtps_c.so[0m
[44.502s] [ 34%] Built target interfaces__rosidl_typesupport_fastrtps_c
[44.592s] [ 36%] [34m[1mGenerating C++ type support for eProsima Fast-RTPS[0m
[47.631s] [ 38%] [32mBuilding CXX object CMakeFiles/interfaces__rosidl_typesupport_fastrtps_cpp.dir/rosidl_typesupport_fastrtps_cpp/interfaces/msg/detail/dds_fastrtps/position__type_support.cpp.o[0m
[49.605s] [ 40%] [32mBuilding CXX object CMakeFiles/interfaces__rosidl_typesupport_fastrtps_cpp.dir/rosidl_typesupport_fastrtps_cpp/interfaces/srv/detail/dds_fastrtps/get_last_positions__type_support.cpp.o[0m
[52.620s] [ 41%] [32mBuilding CXX object CMakeFiles/interfaces__rosidl_typesupport_fastrtps_cpp.dir/rosidl_typesupport_fastrtps_cpp/interfaces/action/detail/dds_fastrtps/navigation__type_support.cpp.o[0m
[57.215s] [ 43%] [32m[1mLinking CXX shared library libinterfaces__rosidl_typesupport_fastrtps_cpp.so[0m
[57.539s] [ 43%] Built target interfaces__rosidl_typesupport_fastrtps_cpp
[57.580s] [ 45%] [34m[1mGenerating C++ introspection for ROS interfaces[0m
[59.661s] [ 47%] [32mBuilding CXX object CMakeFiles/interfaces__rosidl_typesupport_introspection_cpp.dir/rosidl_typesupport_introspection_cpp/interfaces/msg/detail/position__type_support.cpp.o[0m
[60.802s] [ 49%] [32mBuilding CXX object CMakeFiles/interfaces__rosidl_typesupport_introspection_cpp.dir/rosidl_typesupport_introspection_cpp/interfaces/srv/detail/get_last_positions__type_support.cpp.o[0m
[62.649s] [ 50%] [32mBuilding CXX object CMakeFiles/interfaces__rosidl_typesupport_introspection_cpp.dir/rosidl_typesupport_introspection_cpp/interfaces/action/detail/navigation__type_support.cpp.o[0m
[66.132s] [ 52%] [32m[1mLinking CXX shared library libinterfaces__rosidl_typesupport_introspection_cpp.so[0m
[66.522s] [ 52%] Built target interfaces__rosidl_typesupport_introspection_cpp
[66.572s] [ 54%] [34m[1mGenerating C++ type support dispatch for ROS interfaces[0m
[68.046s] [ 56%] [32mBuilding CXX object CMakeFiles/interfaces__rosidl_typesupport_cpp.dir/rosidl_typesupport_cpp/interfaces/msg/position__type_support.cpp.o[0m
[69.593s] [ 58%] [32mBuilding CXX object CMakeFiles/interfaces__rosidl_typesupport_cpp.dir/rosidl_typesupport_cpp/interfaces/srv/get_last_positions__type_support.cpp.o[0m
[71.722s] [ 60%] [32mBuilding CXX object CMakeFiles/interfaces__rosidl_typesupport_cpp.dir/rosidl_typesupport_cpp/interfaces/action/navigation__type_support.cpp.o[0m
[74.782s] [ 61%] [32m[1mLinking CXX shared library libinterfaces__rosidl_typesupport_cpp.so[0m
[75.142s] [ 61%] Built target interfaces__rosidl_typesupport_cpp
[75.196s] [ 63%] [34m[1mGenerating C type support dispatch for ROS interfaces[0m
[76.846s] [ 65%] [32mBuilding CXX object CMakeFiles/interfaces__rosidl_typesupport_c.dir/rosidl_typesupport_c/interfaces/msg/position__type_support.cpp.o[0m
[77.061s] [ 67%] [32mBuilding CXX object CMakeFiles/interfaces__rosidl_typesupport_c.dir/rosidl_typesupport_c/interfaces/action/navigation__type_support.cpp.o[0m
[77.298s] [ 69%] [32mBuilding CXX object CMakeFiles/interfaces__rosidl_typesupport_c.dir/rosidl_typesupport_c/interfaces/srv/get_last_positions__type_support.cpp.o[0m
[77.488s] [ 70%] [32m[1mLinking CXX shared library libinterfaces__rosidl_typesupport_c.so[0m
[77.749s] [ 70%] Built target interfaces__rosidl_typesupport_c
[77.834s] [ 72%] [34m[1mGenerating C introspection for ROS interfaces[0m
[80.295s] [ 74%] [32mBuilding C object CMakeFiles/interfaces__rosidl_typesupport_introspection_c.dir/rosidl_typesupport_introspection_c/interfaces/msg/detail/position__type_support.c.o[0m
[80.489s] [ 76%] [32mBuilding C object CMakeFiles/interfaces__rosidl_typesupport_introspection_c.dir/rosidl_typesupport_introspection_c/interfaces/action/detail/navigation__type_support.c.o[0m
[80.761s] [ 78%] [32mBuilding C object CMakeFiles/interfaces__rosidl_typesupport_introspection_c.dir/rosidl_typesupport_introspection_c/interfaces/srv/detail/get_last_positions__type_support.c.o[0m
[81.082s] [ 80%] [32m[1mLinking C shared library libinterfaces__rosidl_typesupport_introspection_c.so[0m
[81.273s] [ 80%] Built target interfaces__rosidl_typesupport_introspection_c
[81.400s] [ 80%] Built target interfaces
[81.513s] [ 81%] [34m[1mGenerating Python code for ROS interfaces[0m
[85.986s] [ 81%] Built target interfaces__py
[86.069s] [ 83%] [32mBuilding C object CMakeFiles/interfaces__rosidl_generator_py.dir/rosidl_generator_py/interfaces/msg/_position_s.c.o[0m
[86.572s] [ 85%] [32mBuilding C object CMakeFiles/interfaces__rosidl_generator_py.dir/rosidl_generator_py/interfaces/action/_navigation_s.c.o[0m
[87.862s] [ 87%] [32mBuilding C object CMakeFiles/interfaces__rosidl_generator_py.dir/rosidl_generator_py/interfaces/srv/_get_last_positions_s.c.o[0m
[88.572s] [ 89%] [32m[1mLinking C shared library libinterfaces__rosidl_generator_py.so[0m
[88.881s] [ 89%] Built target interfaces__rosidl_generator_py
[89.045s] [ 90%] [32mBuilding C object CMakeFiles/interfaces_s__rosidl_typesupport_fastrtps_c.dir/rosidl_generator_py/interfaces/_interfaces_s.ep.rosidl_typesupport_fastrtps_c.c.o[0m
[89.864s] [ 92%] [32m[1mLinking C shared module rosidl_generator_py/interfaces/interfaces_s__rosidl_typesupport_fastrtps_c.so[0m
[90.108s] [ 92%] Built target interfaces_s__rosidl_typesupport_fastrtps_c
[90.248s] [ 94%] [32mBuilding C object CMakeFiles/interfaces_s__rosidl_typesupport_c.dir/rosidl_generator_py/interfaces/_interfaces_s.ep.rosidl_typesupport_c.c.o[0m
[90.880s] [ 96%] [32m[1mLinking C shared module rosidl_generator_py/interfaces/interfaces_s__rosidl_typesupport_c.so[0m
[91.185s] [ 96%] Built target interfaces_s__rosidl_typesupport_c
[91.255s] [ 98%] [32mBuilding C object CMakeFiles/interfaces_s__rosidl_typesupport_introspection_c.dir/rosidl_generator_py/interfaces/_interfaces_s.ep.rosidl_typesupport_introspection_c.c.o[0m
[92.148s] [100%] [32m[1mLinking C shared module rosidl_generator_py/interfaces/interfaces_s__rosidl_typesupport_introspection_c.so[0m
[92.303s] [100%] Built target interfaces_s__rosidl_typesupport_introspection_c
[92.356s] Invoked command in '/home/abdulrafi/Desktop/ROS2_Final_Project/kobuki_ws/build/interfaces' returned '0': CMAKE_PREFIX_PATH=${CMAKE_PREFIX_PATH}:/opt/ros/jazzy DEBUGINFOD_URLS=https://debuginfod.ubuntu.com /usr/bin/cmake --build /home/abdulrafi/Desktop/ROS2_Final_Project/kobuki_ws/build/interfaces -- -j4 -l4
[92.358s] Invoking command in '/home/abdulrafi/Desktop/ROS2_Final_Project/kobuki_ws/build/interfaces': CMAKE_PREFIX_PATH=${CMAKE_PREFIX_PATH}:/opt/ros/jazzy DEBUGINFOD_URLS=https://debuginfod.ubuntu.com /usr/bin/cmake --install /home/abdulrafi/Desktop/ROS2_Final_Project/kobuki_ws/build/interfaces
[92.400s] -- Install configuration: ""
[92.401s] -- Installing: /home/abdulrafi/Desktop/ROS2_Final_Project/kobuki_ws/install/interfaces/share/ament_index/resource_index/rosidl_interfaces/interfaces
[92.402s] -- Installing: /home/abdulrafi/Desktop/ROS2_Final_Project/kobuki_ws/install/interfaces/share/interfaces/msg/Position.json
[92.403s] -- Installing: /home/abdulrafi/Desktop/ROS2_Final_Project/kobuki_ws/install/interfaces/share/interfaces/srv/GetLastPositions.json
[92.404s] -- Installing: /home/abdulrafi/Desktop/ROS2_Final_Project/kobuki_ws/install/interfaces/share/interfaces/action/Navigation.json
[92.406s] -- Installing: /home/abdulrafi/Desktop/ROS2_Final_Project/kobuki_ws/install/interfaces/include/interfaces/interfaces
[92.406s] -- Installing: /home/abdulrafi/Desktop/ROS2_Final_Project/kobuki_ws/install/interfaces/include/interfaces/interfaces/msg
[92.407s] -- Installing: /home/abdulrafi/Desktop/ROS2_Final_Project/kobuki_ws/install/interfaces/include/interfaces/interfaces/msg/position.h
[92.407s] -- Installing: /home/abdulrafi/Desktop/ROS2_Final_Project/kobuki_ws/install/interfaces/include/interfaces/interfaces/msg/rosidl_generator_c__visibility_control.h
[92.409s] -- Installing: /home/abdulrafi/Desktop/ROS2_Final_Project/kobuki_ws/install/interfaces/include/interfaces/interfaces/msg/detail
[92.411s] -- Installing: /home/abdulrafi/Desktop/ROS2_Final_Project/kobuki_ws/install/interfaces/include/interfaces/interfaces/msg/detail/position__type_support.c
[92.411s] -- Installing: /home/abdulrafi/Desktop/ROS2_Final_Project/kobuki_ws/install/interfaces/include/interfaces/interfaces/msg/detail/position__type_support.h
[92.411s] -- Installing: /home/abdulrafi/Desktop/ROS2_Final_Project/kobuki_ws/install/interfaces/include/interfaces/interfaces/msg/detail/position__struct.h
[92.412s] -- Installing: /home/abdulrafi/Desktop/ROS2_Final_Project/kobuki_ws/install/interfaces/include/interfaces/interfaces/msg/detail/position__description.c
[92.413s] -- Installing: /home/abdulrafi/Desktop/ROS2_Final_Project/kobuki_ws/install/interfaces/include/interfaces/interfaces/msg/detail/position__functions.h
[92.415s] -- Installing: /home/abdulrafi/Desktop/ROS2_Final_Project/kobuki_ws/install/interfaces/include/interfaces/interfaces/msg/detail/position__functions.c
[92.415s] -- Installing: /home/abdulrafi/Desktop/ROS2_Final_Project/kobuki_ws/install/interfaces/include/interfaces/interfaces/srv
[92.415s] -- Installing: /home/abdulrafi/Desktop/ROS2_Final_Project/kobuki_ws/install/interfaces/include/interfaces/interfaces/srv/get_last_positions.h
[92.416s] -- Installing: /home/abdulrafi/Desktop/ROS2_Final_Project/kobuki_ws/install/interfaces/include/interfaces/interfaces/srv/detail
[92.416s] -- Installing: /home/abdulrafi/Desktop/ROS2_Final_Project/kobuki_ws/install/interfaces/include/interfaces/interfaces/srv/detail/get_last_positions__description.c
[92.416s] -- Installing: /home/abdulrafi/Desktop/ROS2_Final_Project/kobuki_ws/install/interfaces/include/interfaces/interfaces/srv/detail/get_last_positions__functions.h
[92.419s] -- Installing: /home/abdulrafi/Desktop/ROS2_Final_Project/kobuki_ws/install/interfaces/include/interfaces/interfaces/srv/detail/get_last_positions__type_support.c
[92.419s] -- Installing: /home/abdulrafi/Desktop/ROS2_Final_Project/kobuki_ws/install/interfaces/include/interfaces/interfaces/srv/detail/get_last_positions__functions.c
[92.421s] -- Installing: /home/abdulrafi/Desktop/ROS2_Final_Project/kobuki_ws/install/interfaces/include/interfaces/interfaces/srv/detail/get_last_positions__struct.h
[92.422s] -- Installing: /home/abdulrafi/Desktop/ROS2_Final_Project/kobuki_ws/install/interfaces/include/interfaces/interfaces/srv/detail/get_last_positions__type_support.h
[92.422s] -- Installing: /home/abdulrafi/Desktop/ROS2_Final_Project/kobuki_ws/install/interfaces/include/interfaces/interfaces/action
[92.422s] -- Installing: /home/abdulrafi/Desktop/ROS2_Final_Project/kobuki_ws/install/interfaces/include/interfaces/interfaces/action/navigation.h
[92.423s] -- Installing: /home/abdulrafi/Desktop/ROS2_Final_Project/kobuki_ws/install/interfaces/include/interfaces/interfaces/action/detail
[92.423s] -- Installing: /home/abdulrafi/Desktop/ROS2_Final_Project/kobuki_ws/install/interfaces/include/interfaces/interfaces/action/detail/navigation__functions.c
[92.423s] -- Installing: /home/abdulrafi/Desktop/ROS2_Final_Project/kobuki_ws/install/interfaces/include/interfaces/interfaces/action/detail/navigation__functions.h
[92.425s] -- Installing: /home/abdulrafi/Desktop/ROS2_Final_Project/kobuki_ws/install/interfaces/include/interfaces/interfaces/action/detail/navigation__struct.h
[92.426s] -- Installing: /home/abdulrafi/Desktop/ROS2_Final_Project/kobuki_ws/install/interfaces/include/interfaces/interfaces/action/detail/navigation__type_support.c
[92.426s] -- Installing: /home/abdulrafi/Desktop/ROS2_Final_Project/kobuki_ws/install/interfaces/include/interfaces/interfaces/action/detail/navigation__description.c
[92.427s] -- Installing: /home/abdulrafi/Desktop/ROS2_Final_Project/kobuki_ws/install/interfaces/include/interfaces/interfaces/action/detail/navigation__type_support.h
[92.427s] -- Installing: /home/abdulrafi/Desktop/ROS2_Final_Project/kobuki_ws/install/interfaces/share/interfaces/environment/library_path.sh
[92.427s] -- Installing: /home/abdulrafi/Desktop/ROS2_Final_Project/kobuki_ws/install/interfaces/share/interfaces/environment/library_path.dsv
[92.427s] -- Installing: /home/abdulrafi/Desktop/ROS2_Final_Project/kobuki_ws/install/interfaces/lib/libinterfaces__rosidl_generator_c.so
[92.427s] -- Set non-toolchain portion of runtime path of "/home/abdulrafi/Desktop/ROS2_Final_Project/kobuki_ws/install/interfaces/lib/libinterfaces__rosidl_generator_c.so" to ""
[92.431s] -- Up-to-date: /home/abdulrafi/Desktop/ROS2_Final_Project/kobuki_ws/install/interfaces/include/interfaces/interfaces
[92.432s] -- Up-to-date: /home/abdulrafi/Desktop/ROS2_Final_Project/kobuki_ws/install/interfaces/include/interfaces/interfaces/msg
[92.434s] -- Installing: /home/abdulrafi/Desktop/ROS2_Final_Project/kobuki_ws/install/interfaces/include/interfaces/interfaces/msg/rosidl_typesupport_fastrtps_c__visibility_control.h
[92.435s] -- Up-to-date: /home/abdulrafi/Desktop/ROS2_Final_Project/kobuki_ws/install/interfaces/include/interfaces/interfaces/msg/detail
[92.435s] -- Installing: /home/abdulrafi/Desktop/ROS2_Final_Project/kobuki_ws/install/interfaces/include/interfaces/interfaces/msg/detail/position__rosidl_typesupport_fastrtps_c.h
[92.438s] -- Up-to-date: /home/abdulrafi/Desktop/ROS2_Final_Project/kobuki_ws/install/interfaces/include/interfaces/interfaces/srv
[92.440s] -- Up-to-date: /home/abdulrafi/Desktop/ROS2_Final_Project/kobuki_ws/install/interfaces/include/interfaces/interfaces/srv/detail
[92.443s] -- Installing: /home/abdulrafi/Desktop/ROS2_Final_Project/kobuki_ws/install/interfaces/include/interfaces/interfaces/srv/detail/get_last_positions__rosidl_typesupport_fastrtps_c.h
[92.444s] -- Up-to-date: /home/abdulrafi/Desktop/ROS2_Final_Project/kobuki_ws/install/interfaces/include/interfaces/interfaces/action
[92.445s] -- Up-to-date: /home/abdulrafi/Desktop/ROS2_Final_Project/kobuki_ws/install/interfaces/include/interfaces/interfaces/action/detail
[92.447s] -- Installing: /home/abdulrafi/Desktop/ROS2_Final_Project/kobuki_ws/install/interfaces/include/interfaces/interfaces/action/detail/navigation__rosidl_typesupport_fastrtps_c.h
[92.449s] -- Installing: /home/abdulrafi/Desktop/ROS2_Final_Project/kobuki_ws/install/interfaces/lib/libinterfaces__rosidl_typesupport_fastrtps_c.so
[92.450s] -- Set non-toolchain portion of runtime path of "/home/abdulrafi/Desktop/ROS2_Final_Project/kobuki_ws/install/interfaces/lib/libinterfaces__rosidl_typesupport_fastrtps_c.so" to ""
[92.453s] -- Up-to-date: /home/abdulrafi/Desktop/ROS2_Final_Project/kobuki_ws/install/interfaces/include/interfaces/interfaces
[92.453s] -- Up-to-date: /home/abdulrafi/Desktop/ROS2_Final_Project/kobuki_ws/install/interfaces/include/interfaces/interfaces/msg
[92.454s] -- Installing: /home/abdulrafi/Desktop/ROS2_Final_Project/kobuki_ws/install/interfaces/include/interfaces/interfaces/msg/rosidl_typesupport_introspection_c__visibility_control.h
[92.454s] -- Up-to-date: /home/abdulrafi/Desktop/ROS2_Final_Project/kobuki_ws/install/interfaces/include/interfaces/interfaces/msg/detail
[92.455s] -- Installing: /home/abdulrafi/Desktop/ROS2_Final_Project/kobuki_ws/install/interfaces/include/interfaces/interfaces/msg/detail/position__type_support.c
[92.456s] -- Installing: /home/abdulrafi/Desktop/ROS2_Final_Project/kobuki_ws/install/interfaces/include/interfaces/interfaces/msg/detail/position__rosidl_typesupport_introspection_c.h
[92.458s] -- Up-to-date: /home/abdulrafi/Desktop/ROS2_Final_Project/kobuki_ws/install/interfaces/include/interfaces/interfaces/srv
[92.458s] -- Up-to-date: /home/abdulrafi/Desktop/ROS2_Final_Project/kobuki_ws/install/interfaces/include/interfaces/interfaces/srv/detail
[92.459s] -- Installing: /home/abdulrafi/Desktop/ROS2_Final_Project/kobuki_ws/install/interfaces/include/interfaces/interfaces/srv/detail/get_last_positions__type_support.c
[92.459s] -- Installing: /home/abdulrafi/Desktop/ROS2_Final_Project/kobuki_ws/install/interfaces/include/interfaces/interfaces/srv/detail/get_last_positions__rosidl_typesupport_introspection_c.h
[92.459s] -- Up-to-date: /home/abdulrafi/Desktop/ROS2_Final_Project/kobuki_ws/install/interfaces/include/interfaces/interfaces/action
[92.461s] -- Up-to-date: /home/abdulrafi/Desktop/ROS2_Final_Project/kobuki_ws/install/interfaces/include/interfaces/interfaces/action/detail
[92.461s] -- Installing: /home/abdulrafi/Desktop/ROS2_Final_Project/kobuki_ws/install/interfaces/include/interfaces/interfaces/action/detail/navigation__rosidl_typesupport_introspection_c.h
[92.461s] -- Installing: /home/abdulrafi/Desktop/ROS2_Final_Project/kobuki_ws/install/interfaces/include/interfaces/interfaces/action/detail/navigation__type_support.c
[92.462s] -- Installing: /home/abdulrafi/Desktop/ROS2_Final_Project/kobuki_ws/install/interfaces/lib/libinterfaces__rosidl_typesupport_introspection_c.so
[92.462s] -- Set non-toolchain portion of runtime path of "/home/abdulrafi/Desktop/ROS2_Final_Project/kobuki_ws/install/interfaces/lib/libinterfaces__rosidl_typesupport_introspection_c.so" to ""
[92.462s] -- Installing: /home/abdulrafi/Desktop/ROS2_Final_Project/kobuki_ws/install/interfaces/lib/libinterfaces__rosidl_typesupport_c.so
[92.466s] -- Set non-toolchain portion of runtime path of "/home/abdulrafi/Desktop/ROS2_Final_Project/kobuki_ws/install/interfaces/lib/libinterfaces__rosidl_typesupport_c.so" to ""
[92.467s] -- Up-to-date: /home/abdulrafi/Desktop/ROS2_Final_Project/kobuki_ws/install/interfaces/include/interfaces/interfaces
[92.470s] -- Up-to-date: /home/abdulrafi/Desktop/ROS2_Final_Project/kobuki_ws/install/interfaces/include/interfaces/interfaces/msg
[92.472s] -- Installing: /home/abdulrafi/Desktop/ROS2_Final_Project/kobuki_ws/install/interfaces/include/interfaces/interfaces/msg/rosidl_generator_cpp__visibility_control.hpp
[92.473s] -- Up-to-date: /home/abdulrafi/Desktop/ROS2_Final_Project/kobuki_ws/install/interfaces/include/interfaces/interfaces/msg/detail
[92.474s] -- Installing: /home/abdulrafi/Desktop/ROS2_Final_Project/kobuki_ws/install/interfaces/include/interfaces/interfaces/msg/detail/position__traits.hpp
[92.478s] -- Installing: /home/abdulrafi/Desktop/ROS2_Final_Project/kobuki_ws/install/interfaces/include/interfaces/interfaces/msg/detail/position__builder.hpp
[92.479s] -- Installing: /home/abdulrafi/Desktop/ROS2_Final_Project/kobuki_ws/install/interfaces/include/interfaces/interfaces/msg/detail/position__struct.hpp
[92.479s] -- Installing: /home/abdulrafi/Desktop/ROS2_Final_Project/kobuki_ws/install/interfaces/include/interfaces/interfaces/msg/detail/position__type_support.hpp
[92.479s] -- Installing: /home/abdulrafi/Desktop/ROS2_Final_Project/kobuki_ws/install/interfaces/include/interfaces/interfaces/msg/position.hpp
[92.481s] -- Up-to-date: /home/abdulrafi/Desktop/ROS2_Final_Project/kobuki_ws/install/interfaces/include/interfaces/interfaces/srv
[92.482s] -- Up-to-date: /home/abdulrafi/Desktop/ROS2_Final_Project/kobuki_ws/install/interfaces/include/interfaces/interfaces/srv/detail
[92.482s] -- Installing: /home/abdulrafi/Desktop/ROS2_Final_Project/kobuki_ws/install/interfaces/include/interfaces/interfaces/srv/detail/get_last_positions__builder.hpp
[92.483s] -- Installing: /home/abdulrafi/Desktop/ROS2_Final_Project/kobuki_ws/install/interfaces/include/interfaces/interfaces/srv/detail/get_last_positions__struct.hpp
[92.487s] -- Installing: /home/abdulrafi/Desktop/ROS2_Final_Project/kobuki_ws/install/interfaces/include/interfaces/interfaces/srv/detail/get_last_positions__type_support.hpp
[92.487s] -- Installing: /home/abdulrafi/Desktop/ROS2_Final_Project/kobuki_ws/install/interfaces/include/interfaces/interfaces/srv/detail/get_last_positions__traits.hpp
[92.487s] -- Installing: /home/abdulrafi/Desktop/ROS2_Final_Project/kobuki_ws/install/interfaces/include/interfaces/interfaces/srv/get_last_positions.hpp
[92.488s] -- Up-to-date: /home/abdulrafi/Desktop/ROS2_Final_Project/kobuki_ws/install/interfaces/include/interfaces/interfaces/action
[92.488s] -- Installing: /home/abdulrafi/Desktop/ROS2_Final_Project/kobuki_ws/install/interfaces/include/interfaces/interfaces/action/navigation.hpp
[92.488s] -- Up-to-date: /home/abdulrafi/Desktop/ROS2_Final_Project/kobuki_ws/install/interfaces/include/interfaces/interfaces/action/detail
[92.488s] -- Installing: /home/abdulrafi/Desktop/ROS2_Final_Project/kobuki_ws/install/interfaces/include/interfaces/interfaces/action/detail/navigation__builder.hpp
[92.489s] -- Installing: /home/abdulrafi/Desktop/ROS2_Final_Project/kobuki_ws/install/interfaces/include/interfaces/interfaces/action/detail/navigation__type_support.hpp
[92.489s] -- Installing: /home/abdulrafi/Desktop/ROS2_Final_Project/kobuki_ws/install/interfaces/include/interfaces/interfaces/action/detail/navigation__traits.hpp
[92.489s] -- Installing: /home/abdulrafi/Desktop/ROS2_Final_Project/kobuki_ws/install/interfaces/include/interfaces/interfaces/action/detail/navigation__struct.hpp
[92.489s] -- Up-to-date: /home/abdulrafi/Desktop/ROS2_Final_Project/kobuki_ws/install/interfaces/include/interfaces/interfaces
[92.489s] -- Up-to-date: /home/abdulrafi/Desktop/ROS2_Final_Project/kobuki_ws/install/interfaces/include/interfaces/interfaces/msg
[92.490s] -- Installing: /home/abdulrafi/Desktop/ROS2_Final_Project/kobuki_ws/install/interfaces/include/interfaces/interfaces/msg/rosidl_typesupport_fastrtps_cpp__visibility_control.h
[92.490s] -- Up-to-date: /home/abdulrafi/Desktop/ROS2_Final_Project/kobuki_ws/install/interfaces/include/interfaces/interfaces/msg/detail
[92.490s] -- Installing: /home/abdulrafi/Desktop/ROS2_Final_Project/kobuki_ws/install/interfaces/include/interfaces/interfaces/msg/detail/dds_fastrtps
[92.490s] -- Installing: /home/abdulrafi/Desktop/ROS2_Final_Project/kobuki_ws/install/interfaces/include/interfaces/interfaces/msg/detail/position__rosidl_typesupport_fastrtps_cpp.hpp
[92.491s] -- Up-to-date: /home/abdulrafi/Desktop/ROS2_Final_Project/kobuki_ws/install/interfaces/include/interfaces/interfaces/srv
[92.491s] -- Up-to-date: /home/abdulrafi/Desktop/ROS2_Final_Project/kobuki_ws/install/interfaces/include/interfaces/interfaces/srv/detail
[92.491s] -- Installing: /home/abdulrafi/Desktop/ROS2_Final_Project/kobuki_ws/install/interfaces/include/interfaces/interfaces/srv/detail/get_last_positions__rosidl_typesupport_fastrtps_cpp.hpp
[92.495s] -- Installing: /home/abdulrafi/Desktop/ROS2_Final_Project/kobuki_ws/install/interfaces/include/interfaces/interfaces/srv/detail/dds_fastrtps
[92.495s] -- Up-to-date: /home/abdulrafi/Desktop/ROS2_Final_Project/kobuki_ws/install/interfaces/include/interfaces/interfaces/action
[92.495s] -- Up-to-date: /home/abdulrafi/Desktop/ROS2_Final_Project/kobuki_ws/install/interfaces/include/interfaces/interfaces/action/detail
[92.495s] -- Installing: /home/abdulrafi/Desktop/ROS2_Final_Project/kobuki_ws/install/interfaces/include/interfaces/interfaces/action/detail/navigation__rosidl_typesupport_fastrtps_cpp.hpp
[92.496s] -- Installing: /home/abdulrafi/Desktop/ROS2_Final_Project/kobuki_ws/install/interfaces/include/interfaces/interfaces/action/detail/dds_fastrtps
[92.496s] -- Installing: /home/abdulrafi/Desktop/ROS2_Final_Project/kobuki_ws/install/interfaces/lib/libinterfaces__rosidl_typesupport_fastrtps_cpp.so
[92.496s] -- Set non-toolchain portion of runtime path of "/home/abdulrafi/Desktop/ROS2_Final_Project/kobuki_ws/install/interfaces/lib/libinterfaces__rosidl_typesupport_fastrtps_cpp.so" to ""
[92.496s] -- Up-to-date: /home/abdulrafi/Desktop/ROS2_Final_Project/kobuki_ws/install/interfaces/include/interfaces/interfaces
[92.497s] -- Up-to-date: /home/abdulrafi/Desktop/ROS2_Final_Project/kobuki_ws/install/interfaces/include/interfaces/interfaces/msg
[92.497s] -- Up-to-date: /home/abdulrafi/Desktop/ROS2_Final_Project/kobuki_ws/install/interfaces/include/interfaces/interfaces/msg/detail
[92.497s] -- Installing: /home/abdulrafi/Desktop/ROS2_Final_Project/kobuki_ws/install/interfaces/include/interfaces/interfaces/msg/detail/position__rosidl_typesupport_introspection_cpp.hpp
[92.501s] -- Installing: /home/abdulrafi/Desktop/ROS2_Final_Project/kobuki_ws/install/interfaces/include/interfaces/interfaces/msg/detail/position__type_support.cpp
[92.501s] -- Up-to-date: /home/abdulrafi/Desktop/ROS2_Final_Project/kobuki_ws/install/interfaces/include/interfaces/interfaces/srv
[92.501s] -- Up-to-date: /home/abdulrafi/Desktop/ROS2_Final_Project/kobuki_ws/install/interfaces/include/interfaces/interfaces/srv/detail
[92.505s] -- Installing: /home/abdulrafi/Desktop/ROS2_Final_Project/kobuki_ws/install/interfaces/include/interfaces/interfaces/srv/detail/get_last_positions__rosidl_typesupport_introspection_cpp.hpp
[92.505s] -- Installing: /home/abdulrafi/Desktop/ROS2_Final_Project/kobuki_ws/install/interfaces/include/interfaces/interfaces/srv/detail/get_last_positions__type_support.cpp
[92.505s] -- Up-to-date: /home/abdulrafi/Desktop/ROS2_Final_Project/kobuki_ws/install/interfaces/include/interfaces/interfaces/action
[92.506s] -- Up-to-date: /home/abdulrafi/Desktop/ROS2_Final_Project/kobuki_ws/install/interfaces/include/interfaces/interfaces/action/detail
[92.506s] -- Installing: /home/abdulrafi/Desktop/ROS2_Final_Project/kobuki_ws/install/interfaces/include/interfaces/interfaces/action/detail/navigation__type_support.cpp
[92.506s] -- Installing: /home/abdulrafi/Desktop/ROS2_Final_Project/kobuki_ws/install/interfaces/include/interfaces/interfaces/action/detail/navigation__rosidl_typesupport_introspection_cpp.hpp
[92.506s] -- Installing: /home/abdulrafi/Desktop/ROS2_Final_Project/kobuki_ws/install/interfaces/lib/libinterfaces__rosidl_typesupport_introspection_cpp.so
[92.507s] -- Set non-toolchain portion of runtime path of "/home/abdulrafi/Desktop/ROS2_Final_Project/kobuki_ws/install/interfaces/lib/libinterfaces__rosidl_typesupport_introspection_cpp.so" to ""
[92.507s] -- Installing: /home/abdulrafi/Desktop/ROS2_Final_Project/kobuki_ws/install/interfaces/lib/libinterfaces__rosidl_typesupport_cpp.so
[92.507s] -- Set non-toolchain portion of runtime path of "/home/abdulrafi/Desktop/ROS2_Final_Project/kobuki_ws/install/interfaces/lib/libinterfaces__rosidl_typesupport_cpp.so" to ""
[92.510s] -- Installing: /home/abdulrafi/Desktop/ROS2_Final_Project/kobuki_ws/install/interfaces/share/interfaces/environment/pythonpath.sh
[92.510s] -- Installing: /home/abdulrafi/Desktop/ROS2_Final_Project/kobuki_ws/install/interfaces/share/interfaces/environment/pythonpath.dsv
[92.510s] -- Installing: /home/abdulrafi/Desktop/ROS2_Final_Project/kobuki_ws/install/interfaces/lib/python3.12/site-packages/interfaces-0.0.0-py3.12.egg-info
[92.511s] -- Installing: /home/abdulrafi/Desktop/ROS2_Final_Project/kobuki_ws/install/interfaces/lib/python3.12/site-packages/interfaces-0.0.0-py3.12.egg-info/top_level.txt
[92.511s] -- Installing: /home/abdulrafi/Desktop/ROS2_Final_Project/kobuki_ws/install/interfaces/lib/python3.12/site-packages/interfaces-0.0.0-py3.12.egg-info/PKG-INFO
[92.511s] -- Installing: /home/abdulrafi/Desktop/ROS2_Final_Project/kobuki_ws/install/interfaces/lib/python3.12/site-packages/interfaces-0.0.0-py3.12.egg-info/SOURCES.txt
[92.512s] -- Installing: /home/abdulrafi/Desktop/ROS2_Final_Project/kobuki_ws/install/interfaces/lib/python3.12/site-packages/interfaces-0.0.0-py3.12.egg-info/dependency_links.txt
[92.513s] -- Installing: /home/abdulrafi/Desktop/ROS2_Final_Project/kobuki_ws/install/interfaces/lib/python3.12/site-packages/interfaces
[92.513s] -- Installing: /home/abdulrafi/Desktop/ROS2_Final_Project/kobuki_ws/install/interfaces/lib/python3.12/site-packages/interfaces/msg
[92.517s] -- Installing: /home/abdulrafi/Desktop/ROS2_Final_Project/kobuki_ws/install/interfaces/lib/python3.12/site-packages/interfaces/msg/_position_s.c
[92.517s] -- Installing: /home/abdulrafi/Desktop/ROS2_Final_Project/kobuki_ws/install/interfaces/lib/python3.12/site-packages/interfaces/msg/__init__.py
[92.517s] -- Installing: /home/abdulrafi/Desktop/ROS2_Final_Project/kobuki_ws/install/interfaces/lib/python3.12/site-packages/interfaces/msg/_position.py
[92.518s] -- Installing: /home/abdulrafi/Desktop/ROS2_Final_Project/kobuki_ws/install/interfaces/lib/python3.12/site-packages/interfaces/__init__.py
[92.518s] -- Installing: /home/abdulrafi/Desktop/ROS2_Final_Project/kobuki_ws/install/interfaces/lib/python3.12/site-packages/interfaces/interfaces_s__rosidl_typesupport_c.so
[92.518s] -- Installing: /home/abdulrafi/Desktop/ROS2_Final_Project/kobuki_ws/install/interfaces/lib/python3.12/site-packages/interfaces/interfaces_s__rosidl_typesupport_fastrtps_c.so
[92.518s] -- Installing: /home/abdulrafi/Desktop/ROS2_Final_Project/kobuki_ws/install/interfaces/lib/python3.12/site-packages/interfaces/srv
[92.519s] -- Installing: /home/abdulrafi/Desktop/ROS2_Final_Project/kobuki_ws/install/interfaces/lib/python3.12/site-packages/interfaces/srv/__init__.py
[92.519s] -- Installing: /home/abdulrafi/Desktop/ROS2_Final_Project/kobuki_ws/install/interfaces/lib/python3.12/site-packages/interfaces/srv/_get_last_positions.py
[92.519s] -- Installing: /home/abdulrafi/Desktop/ROS2_Final_Project/kobuki_ws/install/interfaces/lib/python3.12/site-packages/interfaces/srv/_get_last_positions_s.c
[92.522s] -- Installing: /home/abdulrafi/Desktop/ROS2_Final_Project/kobuki_ws/install/interfaces/lib/python3.12/site-packages/interfaces/_interfaces_s.ep.rosidl_typesupport_introspection_c.c
[92.523s] -- Installing: /home/abdulrafi/Desktop/ROS2_Final_Project/kobuki_ws/install/interfaces/lib/python3.12/site-packages/interfaces/_interfaces_s.ep.rosidl_typesupport_fastrtps_c.c
[92.523s] -- Installing: /home/abdulrafi/Desktop/ROS2_Final_Project/kobuki_ws/install/interfaces/lib/python3.12/site-packages/interfaces/interfaces_s__rosidl_typesupport_introspection_c.so
[92.524s] -- Installing: /home/abdulrafi/Desktop/ROS2_Final_Project/kobuki_ws/install/interfaces/lib/python3.12/site-packages/interfaces/action
[92.524s] -- Installing: /home/abdulrafi/Desktop/ROS2_Final_Project/kobuki_ws/install/interfaces/lib/python3.12/site-packages/interfaces/action/_navigation.py
[92.524s] -- Installing: /home/abdulrafi/Desktop/ROS2_Final_Project/kobuki_ws/install/interfaces/lib/python3.12/site-packages/interfaces/action/__init__.py
[92.524s] -- Installing: /home/abdulrafi/Desktop/ROS2_Final_Project/kobuki_ws/install/interfaces/lib/python3.12/site-packages/interfaces/action/_navigation_s.c
[92.525s] -- Installing: /home/abdulrafi/Desktop/ROS2_Final_Project/kobuki_ws/install/interfaces/lib/python3.12/site-packages/interfaces/_interfaces_s.ep.rosidl_typesupport_c.c
[92.781s] Listing '/home/abdulrafi/Desktop/ROS2_Final_Project/kobuki_ws/install/interfaces/lib/python3.12/site-packages/interfaces'...
[92.782s] Compiling '/home/abdulrafi/Desktop/ROS2_Final_Project/kobuki_ws/install/interfaces/lib/python3.12/site-packages/interfaces/__init__.py'...
[92.782s] Listing '/home/abdulrafi/Desktop/ROS2_Final_Project/kobuki_ws/install/interfaces/lib/python3.12/site-packages/interfaces/action'...
[92.785s] Compiling '/home/abdulrafi/Desktop/ROS2_Final_Project/kobuki_ws/install/interfaces/lib/python3.12/site-packages/interfaces/action/__init__.py'...
[92.793s] Compiling '/home/abdulrafi/Desktop/ROS2_Final_Project/kobuki_ws/install/interfaces/lib/python3.12/site-packages/interfaces/action/_navigation.py'...
[92.793s] Listing '/home/abdulrafi/Desktop/ROS2_Final_Project/kobuki_ws/install/interfaces/lib/python3.12/site-packages/interfaces/msg'...
[92.794s] Compiling '/home/abdulrafi/Desktop/ROS2_Final_Project/kobuki_ws/install/interfaces/lib/python3.12/site-packages/interfaces/msg/__init__.py'...
[92.794s] Compiling '/home/abdulrafi/Desktop/ROS2_Final_Project/kobuki_ws/install/interfaces/lib/python3.12/site-packages/interfaces/msg/_position.py'...
[92.794s] Listing '/home/abdulrafi/Desktop/ROS2_Final_Project/kobuki_ws/install/interfaces/lib/python3.12/site-packages/interfaces/srv'...
[92.804s] Compiling '/home/abdulrafi/Desktop/ROS2_Final_Project/kobuki_ws/install/interfaces/lib/python3.12/site-packages/interfaces/srv/__init__.py'...
[92.804s] Compiling '/home/abdulrafi/Desktop/ROS2_Final_Project/kobuki_ws/install/interfaces/lib/python3.12/site-packages/interfaces/srv/_get_last_positions.py'...
[92.816s] -- Installing: /home/abdulrafi/Desktop/ROS2_Final_Project/kobuki_ws/install/interfaces/lib/python3.12/site-packages/interfaces/interfaces_s__rosidl_typesupport_fastrtps_c.so
[92.820s] -- Set non-toolchain portion of runtime path of "/home/abdulrafi/Desktop/ROS2_Final_Project/kobuki_ws/install/interfaces/lib/python3.12/site-packages/interfaces/interfaces_s__rosidl_typesupport_fastrtps_c.so" to ""
[92.823s] -- Installing: /home/abdulrafi/Desktop/ROS2_Final_Project/kobuki_ws/install/interfaces/lib/python3.12/site-packages/interfaces/interfaces_s__rosidl_typesupport_introspection_c.so
[92.826s] -- Set non-toolchain portion of runtime path of "/home/abdulrafi/Desktop/ROS2_Final_Project/kobuki_ws/install/interfaces/lib/python3.12/site-packages/interfaces/interfaces_s__rosidl_typesupport_introspection_c.so" to ""
[92.826s] -- Installing: /home/abdulrafi/Desktop/ROS2_Final_Project/kobuki_ws/install/interfaces/lib/python3.12/site-packages/interfaces/interfaces_s__rosidl_typesupport_c.so
[92.832s] -- Set non-toolchain portion of runtime path of "/home/abdulrafi/Desktop/ROS2_Final_Project/kobuki_ws/install/interfaces/lib/python3.12/site-packages/interfaces/interfaces_s__rosidl_typesupport_c.so" to ""
[92.832s] -- Installing: /home/abdulrafi/Desktop/ROS2_Final_Project/kobuki_ws/install/interfaces/lib/libinterfaces__rosidl_generator_py.so
[92.835s] -- Set non-toolchain portion of runtime path of "/home/abdulrafi/Desktop/ROS2_Final_Project/kobuki_ws/install/interfaces/lib/libinterfaces__rosidl_generator_py.so" to ""
[92.837s] -- Installing: /home/abdulrafi/Desktop/ROS2_Final_Project/kobuki_ws/install/interfaces/share/ament_index/resource_index/rust_packages/interfaces
[92.849s] -- Installing: /home/abdulrafi/Desktop/ROS2_Final_Project/kobuki_ws/install/interfaces/share/interfaces/rust
[92.850s] -- Installing: /home/abdulrafi/Desktop/ROS2_Final_Project/kobuki_ws/install/interfaces/share/interfaces/rust/build.rs
[92.853s] -- Installing: /home/abdulrafi/Desktop/ROS2_Final_Project/kobuki_ws/install/interfaces/share/interfaces/rust/src
[92.853s] -- Installing: /home/abdulrafi/Desktop/ROS2_Final_Project/kobuki_ws/install/interfaces/share/interfaces/rust/src/msg
[92.854s] -- Installing: /home/abdulrafi/Desktop/ROS2_Final_Project/kobuki_ws/install/interfaces/share/interfaces/rust/src/msg/rmw.rs
[92.854s] -- Installing: /home/abdulrafi/Desktop/ROS2_Final_Project/kobuki_ws/install/interfaces/share/interfaces/rust/src/action.rs
[92.856s] -- Installing: /home/abdulrafi/Desktop/ROS2_Final_Project/kobuki_ws/install/interfaces/share/interfaces/rust/src/lib.rs
[92.856s] -- Installing: /home/abdulrafi/Desktop/ROS2_Final_Project/kobuki_ws/install/interfaces/share/interfaces/rust/src/srv
[92.857s] -- Installing: /home/abdulrafi/Desktop/ROS2_Final_Project/kobuki_ws/install/interfaces/share/interfaces/rust/src/srv/rmw.rs
[92.857s] -- Installing: /home/abdulrafi/Desktop/ROS2_Final_Project/kobuki_ws/install/interfaces/share/interfaces/rust/src/srv.rs
[92.857s] -- Installing: /home/abdulrafi/Desktop/ROS2_Final_Project/kobuki_ws/install/interfaces/share/interfaces/rust/src/msg.rs
[92.860s] -- Installing: /home/abdulrafi/Desktop/ROS2_Final_Project/kobuki_ws/install/interfaces/share/interfaces/rust/src/action
[92.864s] -- Installing: /home/abdulrafi/Desktop/ROS2_Final_Project/kobuki_ws/install/interfaces/share/interfaces/rust/src/action/rmw.rs
[92.865s] -- Installing: /home/abdulrafi/Desktop/ROS2_Final_Project/kobuki_ws/install/interfaces/share/interfaces/rust/Cargo.toml
[92.866s] -- Installing: /home/abdulrafi/Desktop/ROS2_Final_Project/kobuki_ws/install/interfaces/share/interfaces/msg/Position.idl
[92.867s] -- Installing: /home/abdulrafi/Desktop/ROS2_Final_Project/kobuki_ws/install/interfaces/share/interfaces/srv/GetLastPositions.idl
[92.868s] -- Installing: /home/abdulrafi/Desktop/ROS2_Final_Project/kobuki_ws/install/interfaces/share/interfaces/action/Navigation.idl
[92.869s] -- Installing: /home/abdulrafi/Desktop/ROS2_Final_Project/kobuki_ws/install/interfaces/share/interfaces/msg/Position.msg
[92.869s] -- Installing: /home/abdulrafi/Desktop/ROS2_Final_Project/kobuki_ws/install/interfaces/share/interfaces/srv/GetLastPositions.srv
[92.871s] -- Installing: /home/abdulrafi/Desktop/ROS2_Final_Project/kobuki_ws/install/interfaces/share/interfaces/action/Navigation.action
[92.873s] -- Installing: /home/abdulrafi/Desktop/ROS2_Final_Project/kobuki_ws/install/interfaces/share/ament_index/resource_index/package_run_dependencies/interfaces
[92.878s] -- Installing: /home/abdulrafi/Desktop/ROS2_Final_Project/kobuki_ws/install/interfaces/share/ament_index/resource_index/parent_prefix_path/interfaces
[92.878s] -- Installing: /home/abdulrafi/Desktop/ROS2_Final_Project/kobuki_ws/install/interfaces/share/interfaces/environment/ament_prefix_path.sh
[92.879s] -- Installing: /home/abdulrafi/Desktop/ROS2_Final_Project/kobuki_ws/install/interfaces/share/interfaces/environment/ament_prefix_path.dsv
[92.883s] -- Installing: /home/abdulrafi/Desktop/ROS2_Final_Project/kobuki_ws/install/interfaces/share/interfaces/environment/path.sh
[92.894s] -- Installing: /home/abdulrafi/Desktop/ROS2_Final_Project/kobuki_ws/install/interfaces/share/interfaces/environment/path.dsv
[92.901s] -- Installing: /home/abdulrafi/Desktop/ROS2_Final_Project/kobuki_ws/install/interfaces/share/interfaces/local_setup.bash
[92.901s] -- Installing: /home/abdulrafi/Desktop/ROS2_Final_Project/kobuki_ws/install/interfaces/share/interfaces/local_setup.sh
[92.902s] -- Installing: /home/abdulrafi/Desktop/ROS2_Final_Project/kobuki_ws/install/interfaces/share/interfaces/local_setup.zsh
[92.902s] -- Installing: /home/abdulrafi/Desktop/ROS2_Final_Project/kobuki_ws/install/interfaces/share/interfaces/local_setup.dsv
[92.905s] -- Installing: /home/abdulrafi/Desktop/ROS2_Final_Project/kobuki_ws/install/interfaces/share/interfaces/package.dsv
[92.906s] -- Installing: /home/abdulrafi/Desktop/ROS2_Final_Project/kobuki_ws/install/interfaces/share/ament_index/resource_index/packages/interfaces
[92.912s] -- Installing: /home/abdulrafi/Desktop/ROS2_Final_Project/kobuki_ws/install/interfaces/share/interfaces/cmake/export_interfaces__rosidl_generator_cExport.cmake
[92.917s] -- Installing: /home/abdulrafi/Desktop/ROS2_Final_Project/kobuki_ws/install/interfaces/share/interfaces/cmake/export_interfaces__rosidl_generator_cExport-noconfig.cmake
[92.918s] -- Installing: /home/abdulrafi/Desktop/ROS2_Final_Project/kobuki_ws/install/interfaces/share/interfaces/cmake/export_interfaces__rosidl_typesupport_fastrtps_cExport.cmake
[92.919s] -- Installing: /home/abdulrafi/Desktop/ROS2_Final_Project/kobuki_ws/install/interfaces/share/interfaces/cmake/export_interfaces__rosidl_typesupport_fastrtps_cExport-noconfig.cmake
[92.921s] -- Installing: /home/abdulrafi/Desktop/ROS2_Final_Project/kobuki_ws/install/interfaces/share/interfaces/cmake/interfaces__rosidl_typesupport_introspection_cExport.cmake
[92.924s] -- Installing: /home/abdulrafi/Desktop/ROS2_Final_Project/kobuki_ws/install/interfaces/share/interfaces/cmake/interfaces__rosidl_typesupport_introspection_cExport-noconfig.cmake
[92.924s] -- Installing: /home/abdulrafi/Desktop/ROS2_Final_Project/kobuki_ws/install/interfaces/share/interfaces/cmake/interfaces__rosidl_typesupport_cExport.cmake
[92.925s] -- Installing: /home/abdulrafi/Desktop/ROS2_Final_Project/kobuki_ws/install/interfaces/share/interfaces/cmake/interfaces__rosidl_typesupport_cExport-noconfig.cmake
[92.925s] -- Installing: /home/abdulrafi/Desktop/ROS2_Final_Project/kobuki_ws/install/interfaces/share/interfaces/cmake/export_interfaces__rosidl_generator_cppExport.cmake
[92.926s] -- Installing: /home/abdulrafi/Desktop/ROS2_Final_Project/kobuki_ws/install/interfaces/share/interfaces/cmake/export_interfaces__rosidl_typesupport_fastrtps_cppExport.cmake
[92.927s] -- Installing: /home/abdulrafi/Desktop/ROS2_Final_Project/kobuki_ws/install/interfaces/share/interfaces/cmake/export_interfaces__rosidl_typesupport_fastrtps_cppExport-noconfig.cmake
[92.928s] -- Installing: /home/abdulrafi/Desktop/ROS2_Final_Project/kobuki_ws/install/interfaces/share/interfaces/cmake/interfaces__rosidl_typesupport_introspection_cppExport.cmake
[92.930s] -- Installing: /home/abdulrafi/Desktop/ROS2_Final_Project/kobuki_ws/install/interfaces/share/interfaces/cmake/interfaces__rosidl_typesupport_introspection_cppExport-noconfig.cmake
[92.930s] -- Installing: /home/abdulrafi/Desktop/ROS2_Final_Project/kobuki_ws/install/interfaces/share/interfaces/cmake/interfaces__rosidl_typesupport_cppExport.cmake
[92.933s] -- Installing: /home/abdulrafi/Desktop/ROS2_Final_Project/kobuki_ws/install/interfaces/share/interfaces/cmake/interfaces__rosidl_typesupport_cppExport-noconfig.cmake
[92.933s] -- Installing: /home/abdulrafi/Desktop/ROS2_Final_Project/kobuki_ws/install/interfaces/share/interfaces/cmake/export_interfaces__rosidl_generator_pyExport.cmake
[92.933s] -- Installing: /home/abdulrafi/Desktop/ROS2_Final_Project/kobuki_ws/install/interfaces/share/interfaces/cmake/export_interfaces__rosidl_generator_pyExport-noconfig.cmake
[92.934s] -- Installing: /home/abdulrafi/Desktop/ROS2_Final_Project/kobuki_ws/install/interfaces/share/interfaces/cmake/rosidl_cmake-extras.cmake
[92.934s] -- Installing: /home/abdulrafi/Desktop/ROS2_Final_Project/kobuki_ws/install/interfaces/share/interfaces/cmake/ament_cmake_export_dependencies-extras.cmake
[92.934s] -- Installing: /home/abdulrafi/Desktop/ROS2_Final_Project/kobuki_ws/install/interfaces/share/interfaces/cmake/ament_cmake_export_include_directories-extras.cmake
[92.935s] -- Installing: /home/abdulrafi/Desktop/ROS2_Final_Project/kobuki_ws/install/interfaces/share/interfaces/cmake/ament_cmake_export_libraries-extras.cmake
[92.935s] -- Installing: /home/abdulrafi/Desktop/ROS2_Final_Project/kobuki_ws/install/interfaces/share/interfaces/cmake/ament_cmake_export_targets-extras.cmake
[92.935s] -- Installing: /home/abdulrafi/Desktop/ROS2_Final_Project/kobuki_ws/install/interfaces/share/interfaces/cmake/rosidl_cmake_export_typesupport_targets-extras.cmake
[92.938s] -- Installing: /home/abdulrafi/Desktop/ROS2_Final_Project/kobuki_ws/install/interfaces/share/interfaces/cmake/rosidl_cmake_export_typesupport_libraries-extras.cmake
[92.944s] -- Installing: /home/abdulrafi/Desktop/ROS2_Final_Project/kobuki_ws/install/interfaces/share/interfaces/cmake/interfacesConfig.cmake
[92.944s] -- Installing: /home/abdulrafi/Desktop/ROS2_Final_Project/kobuki_ws/install/interfaces/share/interfaces/cmake/interfacesConfig-version.cmake
[92.945s] -- Installing: /home/abdulrafi/Desktop/ROS2_Final_Project/kobuki_ws/install/interfaces/share/interfaces/package.xml
[92.945s] Invoked command in '/home/abdulrafi/Desktop/ROS2_Final_Project/kobuki_ws/build/interfaces' returned '0': CMAKE_PREFIX_PATH=${CMAKE_PREFIX_PATH}:/opt/ros/jazzy DEBUGINFOD_URLS=https://debuginfod.ubuntu.com /usr/bin/cmake --install /home/abdulrafi/Desktop/ROS2_Final_Project/kobuki_ws/build/interfaces
