[0.134s] Invoking command in '/home/abdulrafi/Desktop/ROS2_Final_Project/kobuki_ws/build/kobuki_keyop': CMAKE_PREFIX_PATH=${CMAKE_PREFIX_PATH}:/home/abdulrafi/Desktop/ROS2_Final_Project/kobuki_ws/install/qbot_nav:/opt/ros/jazzy DEBUGINFOD_URLS=https://debuginfod.ubuntu.com /usr/bin/cmake --build /home/abdulrafi/Desktop/ROS2_Final_Project/kobuki_ws/build/kobuki_keyop -- -j4 -l4
[0.584s] [ 50%] Built target kobuki_keyop
[0.668s] [100%] Built target kobuki_keyop_node
[0.812s] Invoked command in '/home/abdulrafi/Desktop/ROS2_Final_Project/kobuki_ws/build/kobuki_keyop' returned '0': CMAKE_PREFIX_PATH=${CMAKE_PREFIX_PATH}:/home/abdulrafi/Desktop/ROS2_Final_Project/kobuki_ws/install/qbot_nav:/opt/ros/jazzy DEBUGINFOD_URLS=https://debuginfod.ubuntu.com /usr/bin/cmake --build /home/abdulrafi/Desktop/ROS2_Final_Project/kobuki_ws/build/kobuki_keyop -- -j4 -l4
[0.813s] Invoking command in '/home/abdulrafi/Desktop/ROS2_Final_Project/kobuki_ws/build/kobuki_keyop': CMAKE_PREFIX_PATH=${CMAKE_PREFIX_PATH}:/home/abdulrafi/Desktop/ROS2_Final_Project/kobuki_ws/install/qbot_nav:/opt/ros/jazzy DEBUGINFOD_URLS=https://debuginfod.ubuntu.com /usr/bin/cmake --install /home/abdulrafi/Desktop/ROS2_Final_Project/kobuki_ws/build/kobuki_keyop
[0.900s] -- Install configuration: ""
[0.900s] -- Up-to-date: /home/abdulrafi/Desktop/ROS2_Final_Project/kobuki_ws/install/kobuki_keyop/lib/kobuki_keyop/kobuki_keyop_node
[0.900s] -- Up-to-date: /home/abdulrafi/Desktop/ROS2_Final_Project/kobuki_ws/install/kobuki_keyop/lib/libkobuki_keyop.so
[0.901s] -- Up-to-date: /home/abdulrafi/Desktop/ROS2_Final_Project/kobuki_ws/install/kobuki_keyop/include/kobuki_keyop
[0.901s] -- Up-to-date: /home/abdulrafi/Desktop/ROS2_Final_Project/kobuki_ws/install/kobuki_keyop/include/kobuki_keyop/keyop.hpp
[0.901s] -- Up-to-date: /home/abdulrafi/Desktop/ROS2_Final_Project/kobuki_ws/install/kobuki_keyop/share/kobuki_keyop/config
[0.901s] -- Up-to-date: /home/abdulrafi/Desktop/ROS2_Final_Project/kobuki_ws/install/kobuki_keyop/share/kobuki_keyop/config/keyop_params.yaml
[0.902s] -- Up-to-date: /home/abdulrafi/Desktop/ROS2_Final_Project/kobuki_ws/install/kobuki_keyop/share/ament_index/resource_index/package_run_dependencies/kobuki_keyop
[0.902s] -- Up-to-date: /home/abdulrafi/Desktop/ROS2_Final_Project/kobuki_ws/install/kobuki_keyop/share/ament_index/resource_index/parent_prefix_path/kobuki_keyop
[0.902s] -- Up-to-date: /home/abdulrafi/Desktop/ROS2_Final_Project/kobuki_ws/install/kobuki_keyop/share/kobuki_keyop/environment/ament_prefix_path.sh
[0.902s] -- Up-to-date: /home/abdulrafi/Desktop/ROS2_Final_Project/kobuki_ws/install/kobuki_keyop/share/kobuki_keyop/environment/ament_prefix_path.dsv
[0.902s] -- Up-to-date: /home/abdulrafi/Desktop/ROS2_Final_Project/kobuki_ws/install/kobuki_keyop/share/kobuki_keyop/environment/path.sh
[0.902s] -- Up-to-date: /home/abdulrafi/Desktop/ROS2_Final_Project/kobuki_ws/install/kobuki_keyop/share/kobuki_keyop/environment/path.dsv
[0.902s] -- Up-to-date: /home/abdulrafi/Desktop/ROS2_Final_Project/kobuki_ws/install/kobuki_keyop/share/kobuki_keyop/local_setup.bash
[0.902s] -- Up-to-date: /home/abdulrafi/Desktop/ROS2_Final_Project/kobuki_ws/install/kobuki_keyop/share/kobuki_keyop/local_setup.sh
[0.903s] -- Up-to-date: /home/abdulrafi/Desktop/ROS2_Final_Project/kobuki_ws/install/kobuki_keyop/share/kobuki_keyop/local_setup.zsh
[0.910s] -- Up-to-date: /home/abdulrafi/Desktop/ROS2_Final_Project/kobuki_ws/install/kobuki_keyop/share/kobuki_keyop/local_setup.dsv
[0.910s] -- Installing: /home/abdulrafi/Desktop/ROS2_Final_Project/kobuki_ws/install/kobuki_keyop/share/kobuki_keyop/package.dsv
[0.912s] -- Up-to-date: /home/abdulrafi/Desktop/ROS2_Final_Project/kobuki_ws/install/kobuki_keyop/share/ament_index/resource_index/packages/kobuki_keyop
[0.912s] -- Up-to-date: /home/abdulrafi/Desktop/ROS2_Final_Project/kobuki_ws/install/kobuki_keyop/share/ament_index/resource_index/rclcpp_components/kobuki_keyop
[0.912s] -- Up-to-date: /home/abdulrafi/Desktop/ROS2_Final_Project/kobuki_ws/install/kobuki_keyop/share/kobuki_keyop/cmake/kobuki_keyopConfig.cmake
[0.913s] -- Up-to-date: /home/abdulrafi/Desktop/ROS2_Final_Project/kobuki_ws/install/kobuki_keyop/share/kobuki_keyop/cmake/kobuki_keyopConfig-version.cmake
[0.913s] -- Up-to-date: /home/abdulrafi/Desktop/ROS2_Final_Project/kobuki_ws/install/kobuki_keyop/share/kobuki_keyop/package.xml
[0.927s] Invoked command in '/home/abdulrafi/Desktop/ROS2_Final_Project/kobuki_ws/build/kobuki_keyop' returned '0': CMAKE_PREFIX_PATH=${CMAKE_PREFIX_PATH}:/home/abdulrafi/Desktop/ROS2_Final_Project/kobuki_ws/install/qbot_nav:/opt/ros/jazzy DEBUGINFOD_URLS=https://debuginfod.ubuntu.com /usr/bin/cmake --install /home/abdulrafi/Desktop/ROS2_Final_Project/kobuki_ws/build/kobuki_keyop
