[1.405s] Invoking command in '/home/abdulrafi/Desktop/ROS2_Final_Project/kobuki_ws/src/qbot_nav': AMENT_PREFIX_PATH=/home/abdulrafi/Desktop/ROS2_Final_Project/kobuki_ws/install/interfaces:${AMENT_PREFIX_PATH} CMAKE_PREFIX_PATH=/home/abdulrafi/Desktop/ROS2_Final_Project/kobuki_ws/install/interfaces:${CMAKE_PREFIX_PATH} DEBUGINFOD_URLS=https://debuginfod.ubuntu.com LD_LIBRARY_PATH=/home/abdulrafi/Desktop/ROS2_Final_Project/kobuki_ws/install/interfaces/lib:${LD_LIBRARY_PATH} PYTHONPATH=/home/abdulrafi/Desktop/ROS2_Final_Project/kobuki_ws/build/qbot_nav/prefix_override:/usr/lib/python3/dist-packages/colcon_core/task/python/colcon_distutils_commands:/home/abdulrafi/Desktop/ROS2_Final_Project/kobuki_ws/install/qbot_nav/lib/python3.12/site-packages:/home/abdulrafi/Desktop/ROS2_Final_Project/kobuki_ws/install/interfaces/lib/python3.12/site-packages:${PYTHONPATH} /usr/bin/python3 -W ignore:setup.py install is deprecated -W ignore:easy_install command is deprecated setup.py egg_info --egg-base ../../build/qbot_nav build --build-base /home/abdulrafi/Desktop/ROS2_Final_Project/kobuki_ws/build/qbot_nav/build install --record /home/abdulrafi/Desktop/ROS2_Final_Project/kobuki_ws/build/qbot_nav/install.log --single-version-externally-managed install_data
[1.833s] running egg_info
[1.861s] writing ../../build/qbot_nav/qbot_nav.egg-info/PKG-INFO
[1.864s] writing dependency_links to ../../build/qbot_nav/qbot_nav.egg-info/dependency_links.txt
[1.864s] writing entry points to ../../build/qbot_nav/qbot_nav.egg-info/entry_points.txt
[1.864s] writing requirements to ../../build/qbot_nav/qbot_nav.egg-info/requires.txt
[1.864s] writing top-level names to ../../build/qbot_nav/qbot_nav.egg-info/top_level.txt
[1.920s] reading manifest file '../../build/qbot_nav/qbot_nav.egg-info/SOURCES.txt'
[1.920s] adding license file 'LICENSE'
[1.921s] writing manifest file '../../build/qbot_nav/qbot_nav.egg-info/SOURCES.txt'
[1.921s] running build
[1.921s] running build_py
[1.922s] running install
[1.932s] running install_lib
[1.995s] running install_data
[1.995s] running install_egg_info
[2.049s] removing '/home/abdulrafi/Desktop/ROS2_Final_Project/kobuki_ws/install/qbot_nav/lib/python3.12/site-packages/qbot_nav-0.0.0-py3.12.egg-info' (and everything under it)
[2.050s] Copying ../../build/qbot_nav/qbot_nav.egg-info to /home/abdulrafi/Desktop/ROS2_Final_Project/kobuki_ws/install/qbot_nav/lib/python3.12/site-packages/qbot_nav-0.0.0-py3.12.egg-info
[2.058s] running install_scripts
[2.311s] Installing navigation_server script to /home/abdulrafi/Desktop/ROS2_Final_Project/kobuki_ws/install/qbot_nav/lib/qbot_nav
[2.312s] Installing qbot_controller script to /home/abdulrafi/Desktop/ROS2_Final_Project/kobuki_ws/install/qbot_nav/lib/qbot_nav
[2.315s] Installing slam_pose_publisher script to /home/abdulrafi/Desktop/ROS2_Final_Project/kobuki_ws/install/qbot_nav/lib/qbot_nav
[2.315s] writing list of installed files to '/home/abdulrafi/Desktop/ROS2_Final_Project/kobuki_ws/build/qbot_nav/install.log'
[2.392s] Invoked command in '/home/abdulrafi/Desktop/ROS2_Final_Project/kobuki_ws/src/qbot_nav' returned '0': AMENT_PREFIX_PATH=/home/abdulrafi/Desktop/ROS2_Final_Project/kobuki_ws/install/interfaces:${AMENT_PREFIX_PATH} CMAKE_PREFIX_PATH=/home/abdulrafi/Desktop/ROS2_Final_Project/kobuki_ws/install/interfaces:${CMAKE_PREFIX_PATH} DEBUGINFOD_URLS=https://debuginfod.ubuntu.com LD_LIBRARY_PATH=/home/abdulrafi/Desktop/ROS2_Final_Project/kobuki_ws/install/interfaces/lib:${LD_LIBRARY_PATH} PYTHONPATH=/home/abdulrafi/Desktop/ROS2_Final_Project/kobuki_ws/build/qbot_nav/prefix_override:/usr/lib/python3/dist-packages/colcon_core/task/python/colcon_distutils_commands:/home/abdulrafi/Desktop/ROS2_Final_Project/kobuki_ws/install/qbot_nav/lib/python3.12/site-packages:/home/abdulrafi/Desktop/ROS2_Final_Project/kobuki_ws/install/interfaces/lib/python3.12/site-packages:${PYTHONPATH} /usr/bin/python3 -W ignore:setup.py install is deprecated -W ignore:easy_install command is deprecated setup.py egg_info --egg-base ../../build/qbot_nav build --build-base /home/abdulrafi/Desktop/ROS2_Final_Project/kobuki_ws/build/qbot_nav/build install --record /home/abdulrafi/Desktop/ROS2_Final_Project/kobuki_ws/build/qbot_nav/install.log --single-version-externally-managed install_data
