-- The C compiler identification is GNU 13.3.0
-- The CXX compiler identification is GNU 13.3.0
-- Detecting C compiler ABI info
-- Detecting C compiler ABI info - done
-- Check for working C compiler: /usr/bin/cc - skipped
-- Detecting C compile features
-- Detecting C compile features - done
-- Detecting CXX compiler ABI info
-- Detecting CXX compiler ABI info - done
-- Check for working CXX compiler: /usr/bin/c++ - skipped
-- Detecting CXX compile features
-- Detecting CXX compile features - done
-- Found ament_cmake_ros: 0.12.0 (/opt/ros/jazzy/share/ament_cmake_ros/cmake)
-- Found Python3: /usr/bin/python3 (found version "3.12.3") found components: Interpreter 
-- Found ecl_build: 1.0.3 (/opt/ros/jazzy/share/ecl_build/cmake)
-- Found ecl_config: 1.2.0 (/home/abdulrafi/Desktop/ROS2_Final_Project/kobuki_ws/install/ecl_config/share/ecl_config/cmake)
-- Found ecl_linear_algebra: 1.2.1 (/home/abdulrafi/Desktop/ROS2_Final_Project/kobuki_ws/install/ecl_linear_algebra/share/ecl_linear_algebra/cmake)
-- Performing Test CMAKE_HAVE_LIBC_PTHREAD
-- Performing Test CMAKE_HAVE_LIBC_PTHREAD - Success
-- Found Threads: TRUE  
-- Found AMD headers in: /usr/include/suitesparse
-- Found AMD library: /usr/lib/aarch64-linux-gnu/libamd.so
-- Found CAMD headers in: /usr/include/suitesparse
-- Found CAMD library: /usr/lib/aarch64-linux-gnu/libcamd.so
-- Found CCOLAMD headers in: /usr/include/suitesparse
-- Found CCOLAMD library: /usr/lib/aarch64-linux-gnu/libccolamd.so
-- Found CHOLMOD headers in: /usr/include/suitesparse
-- Found CHOLMOD library: /usr/lib/aarch64-linux-gnu/libcholmod.so
-- Found COLAMD headers in: /usr/include/suitesparse
-- Found COLAMD library: /usr/lib/aarch64-linux-gnu/libcolamd.so
-- Found SPQR headers in: /usr/include/suitesparse
-- Found SPQR library: /usr/lib/aarch64-linux-gnu/libspqr.so
-- Found Config headers in: /usr/include/suitesparse
-- Found Config library: /usr/lib/aarch64-linux-gnu/libsuitesparseconfig.so
-- Found Intel Thread Building Blocks (TBB) library (2021.11 / ) include location: . Assuming SuiteSparseQR was compiled with TBB.
-- Looking for shm_open in rt
-- Looking for shm_open in rt - found
-- Adding librt to SuiteSparse_config libraries (required on Linux & Unix [not OSX] if SuiteSparse is compiled with timing).
-- Could NOT find METIS (missing: METIS_INCLUDE_DIR METIS_LIBRARY) 
-- Found ecl_command_line: 1.2.1 (/home/abdulrafi/Desktop/ROS2_Final_Project/kobuki_ws/install/ecl_command_line/share/ecl_command_line/cmake)
-- Found ecl_containers: 1.2.1 (/home/abdulrafi/Desktop/ROS2_Final_Project/kobuki_ws/install/ecl_containers/share/ecl_containers/cmake)
-- Found ecl_devices: 1.2.1 (/home/abdulrafi/Desktop/ROS2_Final_Project/kobuki_ws/install/ecl_devices/share/ecl_devices/cmake)
-- Found ecl_geometry: 1.2.1 (/home/abdulrafi/Desktop/ROS2_Final_Project/kobuki_ws/install/ecl_geometry/share/ecl_geometry/cmake)
-- Found ecl_ipc: 1.2.1 (/home/abdulrafi/Desktop/ROS2_Final_Project/kobuki_ws/install/ecl_ipc/share/ecl_ipc/cmake)
-- Found ecl_sigslots: 1.2.1 (/home/abdulrafi/Desktop/ROS2_Final_Project/kobuki_ws/install/ecl_sigslots/share/ecl_sigslots/cmake)
-- Found ecl_streams: 1.2.1 (/home/abdulrafi/Desktop/ROS2_Final_Project/kobuki_ws/install/ecl_streams/share/ecl_streams/cmake)
-- Configuring done (10.1s)
-- Generating done (0.4s)
-- Build files have been written to: /home/abdulrafi/Desktop/ROS2_Final_Project/kobuki_ws/build/ecl_core_apps
[  2%] [32mBuilding CXX object src/benchmarks/CMakeFiles/ecl_bench_containers.dir/containers.cpp.o[0m
[  5%] [32m[1mLinking CXX executable ecl_bench_containers[0m
[  5%] Built target ecl_bench_containers
[  8%] [32mBuilding CXX object src/benchmarks/CMakeFiles/ecl_bench_exceptions.dir/exceptions.cpp.o[0m
[ 11%] [32m[1mLinking CXX executable ecl_bench_exceptions[0m
[ 11%] Built target ecl_bench_exceptions
[ 14%] [32mBuilding CXX object src/benchmarks/CMakeFiles/ecl_bench_snooze.dir/snooze.cpp.o[0m
[ 17%] [32m[1mLinking CXX executable ecl_bench_snooze[0m
[ 17%] Built target ecl_bench_snooze
[ 20%] [32mBuilding CXX object src/benchmarks/CMakeFiles/ecl_bench_streams.dir/streams.cpp.o[0m
[ 23%] [32m[1mLinking CXX executable ecl_bench_streams[0m
[ 23%] Built target ecl_bench_streams
[ 26%] [32mBuilding CXX object src/benchmarks/CMakeFiles/ecl_bench_string_conversions.dir/string_conversions.cpp.o[0m
[ 29%] [32m[1mLinking CXX executable ecl_bench_string_conversions[0m
[ 29%] Built target ecl_bench_string_conversions
[ 32%] [32mBuilding CXX object src/benchmarks/CMakeFiles/ecl_bench_eigen3_inverse.dir/eigen3_inverse.cpp.o[0m
[ 35%] [32m[1mLinking CXX executable ecl_bench_eigen3_inverse[0m
[ 35%] Built target ecl_bench_eigen3_inverse
[ 38%] [32mBuilding CXX object src/benchmarks/CMakeFiles/ecl_bench_eigen3_decompositions.dir/eigen3_decompositions.cpp.o[0m
[ 41%] [32m[1mLinking CXX executable ecl_bench_eigen3_decompositions[0m
[ 41%] Built target ecl_bench_eigen3_decompositions
[ 44%] [32mBuilding CXX object src/benchmarks/CMakeFiles/ecl_bench_eigen3_transforms.dir/eigen3_transforms.cpp.o[0m
[ 47%] [32m[1mLinking CXX executable ecl_bench_eigen3_transforms[0m
[ 47%] Built target ecl_bench_eigen3_transforms
[ 50%] [32mBuilding CXX object src/utils/CMakeFiles/ecl_hex.dir/hex.cpp.o[0m
[ 52%] [32m[1mLinking CXX executable ecl_hex[0m
[ 52%] Built target ecl_hex
[ 55%] [32mBuilding CXX object src/utils/CMakeFiles/ecl_serial.dir/serial.cpp.o[0m
[ 58%] [32m[1mLinking CXX executable ecl_serial[0m
[ 58%] Built target ecl_serial
[ 61%] [32mBuilding CXX object src/utils/CMakeFiles/ecl_socket_client.dir/socket_client.cpp.o[0m
[ 64%] [32m[1mLinking CXX executable ecl_socket_client[0m
[ 64%] Built target ecl_socket_client
[ 67%] [32mBuilding CXX object src/utils/CMakeFiles/ecl_socket_server.dir/socket_server.cpp.o[0m
[ 70%] [32m[1mLinking CXX executable ecl_socket_server[0m
[ 70%] Built target ecl_socket_server
[ 73%] [32mBuilding CXX object src/utils/CMakeFiles/ecl_process_statistics.dir/process_statistics.cpp.o[0m
[ 76%] [32m[1mLinking CXX executable bin/ecl_process_statistics[0m
[ 76%] Built target ecl_process_statistics
[ 79%] [32mBuilding CXX object src/utils/CMakeFiles/ecl_quaternion2yaw.dir/quaternion2yaw.cpp.o[0m
[ 82%] [32m[1mLinking CXX executable bin/ecl_quaternion2yaw[0m
[ 82%] Built target ecl_quaternion2yaw
[ 85%] [32mBuilding CXX object src/utils/CMakeFiles/ecl_yaw2quaternion.dir/yaw2quaternion.cpp.o[0m
[ 88%] [32m[1mLinking CXX executable bin/ecl_yaw2quaternion[0m
[ 88%] Built target ecl_yaw2quaternion
[ 91%] [32mBuilding CXX object src/benchmarks/CMakeFiles/ecl_bench_flops.dir/flops.cpp.o[0m
[ 94%] [32m[1mLinking CXX executable ecl_bench_flops[0m
[ 94%] Built target ecl_bench_flops
[ 97%] [32mBuilding CXX object src/benchmarks/CMakeFiles/ecl_bench_files.dir/files.cpp.o[0m
[100%] [32m[1mLinking CXX executable ecl_bench_files[0m
[100%] Built target ecl_bench_files
-- Install configuration: ""
-- Installing: /home/abdulrafi/Desktop/ROS2_Final_Project/kobuki_ws/install/ecl_core_apps/share/ament_index/resource_index/package_run_dependencies/ecl_core_apps
-- Installing: /home/abdulrafi/Desktop/ROS2_Final_Project/kobuki_ws/install/ecl_core_apps/share/ament_index/resource_index/parent_prefix_path/ecl_core_apps
-- Installing: /home/abdulrafi/Desktop/ROS2_Final_Project/kobuki_ws/install/ecl_core_apps/share/ecl_core_apps/environment/ament_prefix_path.sh
-- Installing: /home/abdulrafi/Desktop/ROS2_Final_Project/kobuki_ws/install/ecl_core_apps/share/ecl_core_apps/environment/ament_prefix_path.dsv
-- Installing: /home/abdulrafi/Desktop/ROS2_Final_Project/kobuki_ws/install/ecl_core_apps/share/ecl_core_apps/environment/path.sh
-- Installing: /home/abdulrafi/Desktop/ROS2_Final_Project/kobuki_ws/install/ecl_core_apps/share/ecl_core_apps/environment/path.dsv
-- Installing: /home/abdulrafi/Desktop/ROS2_Final_Project/kobuki_ws/install/ecl_core_apps/share/ecl_core_apps/local_setup.bash
-- Installing: /home/abdulrafi/Desktop/ROS2_Final_Project/kobuki_ws/install/ecl_core_apps/share/ecl_core_apps/local_setup.sh
-- Installing: /home/abdulrafi/Desktop/ROS2_Final_Project/kobuki_ws/install/ecl_core_apps/share/ecl_core_apps/local_setup.zsh
-- Installing: /home/abdulrafi/Desktop/ROS2_Final_Project/kobuki_ws/install/ecl_core_apps/share/ecl_core_apps/local_setup.dsv
-- Installing: /home/abdulrafi/Desktop/ROS2_Final_Project/kobuki_ws/install/ecl_core_apps/share/ecl_core_apps/package.dsv
-- Installing: /home/abdulrafi/Desktop/ROS2_Final_Project/kobuki_ws/install/ecl_core_apps/share/ament_index/resource_index/packages/ecl_core_apps
-- Installing: /home/abdulrafi/Desktop/ROS2_Final_Project/kobuki_ws/install/ecl_core_apps/share/ecl_core_apps/cmake/ecl_core_appsConfig.cmake
-- Installing: /home/abdulrafi/Desktop/ROS2_Final_Project/kobuki_ws/install/ecl_core_apps/share/ecl_core_apps/cmake/ecl_core_appsConfig-version.cmake
-- Installing: /home/abdulrafi/Desktop/ROS2_Final_Project/kobuki_ws/install/ecl_core_apps/share/ecl_core_apps/package.xml
-- Installing: /home/abdulrafi/Desktop/ROS2_Final_Project/kobuki_ws/install/ecl_core_apps/bin/ecl_bench_containers
-- Set non-toolchain portion of runtime path of "/home/abdulrafi/Desktop/ROS2_Final_Project/kobuki_ws/install/ecl_core_apps/bin/ecl_bench_containers" to ""
-- Installing: /home/abdulrafi/Desktop/ROS2_Final_Project/kobuki_ws/install/ecl_core_apps/bin/ecl_bench_files
-- Set non-toolchain portion of runtime path of "/home/abdulrafi/Desktop/ROS2_Final_Project/kobuki_ws/install/ecl_core_apps/bin/ecl_bench_files" to ""
-- Installing: /home/abdulrafi/Desktop/ROS2_Final_Project/kobuki_ws/install/ecl_core_apps/bin/ecl_bench_flops
-- Set non-toolchain portion of runtime path of "/home/abdulrafi/Desktop/ROS2_Final_Project/kobuki_ws/install/ecl_core_apps/bin/ecl_bench_flops" to ""
-- Installing: /home/abdulrafi/Desktop/ROS2_Final_Project/kobuki_ws/install/ecl_core_apps/bin/ecl_bench_exceptions
-- Set non-toolchain portion of runtime path of "/home/abdulrafi/Desktop/ROS2_Final_Project/kobuki_ws/install/ecl_core_apps/bin/ecl_bench_exceptions" to ""
-- Installing: /home/abdulrafi/Desktop/ROS2_Final_Project/kobuki_ws/install/ecl_core_apps/bin/ecl_bench_snooze
-- Set non-toolchain portion of runtime path of "/home/abdulrafi/Desktop/ROS2_Final_Project/kobuki_ws/install/ecl_core_apps/bin/ecl_bench_snooze" to ""
-- Installing: /home/abdulrafi/Desktop/ROS2_Final_Project/kobuki_ws/install/ecl_core_apps/bin/ecl_bench_streams
-- Set non-toolchain portion of runtime path of "/home/abdulrafi/Desktop/ROS2_Final_Project/kobuki_ws/install/ecl_core_apps/bin/ecl_bench_streams" to ""
-- Installing: /home/abdulrafi/Desktop/ROS2_Final_Project/kobuki_ws/install/ecl_core_apps/bin/ecl_bench_string_conversions
-- Set non-toolchain portion of runtime path of "/home/abdulrafi/Desktop/ROS2_Final_Project/kobuki_ws/install/ecl_core_apps/bin/ecl_bench_string_conversions" to ""
-- Installing: /home/abdulrafi/Desktop/ROS2_Final_Project/kobuki_ws/install/ecl_core_apps/bin/ecl_bench_eigen3_inverse
-- Set non-toolchain portion of runtime path of "/home/abdulrafi/Desktop/ROS2_Final_Project/kobuki_ws/install/ecl_core_apps/bin/ecl_bench_eigen3_inverse" to ""
-- Installing: /home/abdulrafi/Desktop/ROS2_Final_Project/kobuki_ws/install/ecl_core_apps/bin/ecl_bench_eigen3_decompositions
-- Set non-toolchain portion of runtime path of "/home/abdulrafi/Desktop/ROS2_Final_Project/kobuki_ws/install/ecl_core_apps/bin/ecl_bench_eigen3_decompositions" to ""
-- Installing: /home/abdulrafi/Desktop/ROS2_Final_Project/kobuki_ws/install/ecl_core_apps/bin/ecl_bench_eigen3_transforms
-- Set non-toolchain portion of runtime path of "/home/abdulrafi/Desktop/ROS2_Final_Project/kobuki_ws/install/ecl_core_apps/bin/ecl_bench_eigen3_transforms" to ""
-- Installing: /home/abdulrafi/Desktop/ROS2_Final_Project/kobuki_ws/install/ecl_core_apps/lib/ecl_core_apps/ecl_hex
-- Set non-toolchain portion of runtime path of "/home/abdulrafi/Desktop/ROS2_Final_Project/kobuki_ws/install/ecl_core_apps/lib/ecl_core_apps/ecl_hex" to ""
-- Installing: /home/abdulrafi/Desktop/ROS2_Final_Project/kobuki_ws/install/ecl_core_apps/lib/ecl_core_apps/ecl_serial
-- Set non-toolchain portion of runtime path of "/home/abdulrafi/Desktop/ROS2_Final_Project/kobuki_ws/install/ecl_core_apps/lib/ecl_core_apps/ecl_serial" to ""
-- Installing: /home/abdulrafi/Desktop/ROS2_Final_Project/kobuki_ws/install/ecl_core_apps/lib/ecl_core_apps/ecl_socket_client
-- Set non-toolchain portion of runtime path of "/home/abdulrafi/Desktop/ROS2_Final_Project/kobuki_ws/install/ecl_core_apps/lib/ecl_core_apps/ecl_socket_client" to ""
-- Installing: /home/abdulrafi/Desktop/ROS2_Final_Project/kobuki_ws/install/ecl_core_apps/lib/ecl_core_apps/ecl_socket_server
-- Set non-toolchain portion of runtime path of "/home/abdulrafi/Desktop/ROS2_Final_Project/kobuki_ws/install/ecl_core_apps/lib/ecl_core_apps/ecl_socket_server" to ""
-- Installing: /home/abdulrafi/Desktop/ROS2_Final_Project/kobuki_ws/install/ecl_core_apps/bin/ecl_process_statistics
-- Set non-toolchain portion of runtime path of "/home/abdulrafi/Desktop/ROS2_Final_Project/kobuki_ws/install/ecl_core_apps/bin/ecl_process_statistics" to ""
-- Installing: /home/abdulrafi/Desktop/ROS2_Final_Project/kobuki_ws/install/ecl_core_apps/bin/ecl_quaternion2yaw
-- Set non-toolchain portion of runtime path of "/home/abdulrafi/Desktop/ROS2_Final_Project/kobuki_ws/install/ecl_core_apps/bin/ecl_quaternion2yaw" to ""
-- Installing: /home/abdulrafi/Desktop/ROS2_Final_Project/kobuki_ws/install/ecl_core_apps/bin/ecl_yaw2quaternion
-- Set non-toolchain portion of runtime path of "/home/abdulrafi/Desktop/ROS2_Final_Project/kobuki_ws/install/ecl_core_apps/bin/ecl_yaw2quaternion" to ""
