[0.472s] Invoking command in '/home/abdulrafi/Desktop/ROS2_Final_Project/kobuki_ws/build/ecl_core_apps': AMENT_PREFIX_PATH=/home/abdulrafi/Desktop/ROS2_Final_Project/kobuki_ws/install/ecl_streams:/home/abdulrafi/Desktop/ROS2_Final_Project/kobuki_ws/install/ecl_geometry:/home/abdulrafi/Desktop/ROS2_Final_Project/kobuki_ws/install/ecl_devices:/home/abdulrafi/Desktop/ROS2_Final_Project/kobuki_ws/install/ecl_sigslots:/home/abdulrafi/Desktop/ROS2_Final_Project/kobuki_ws/install/ecl_linear_algebra:/home/abdulrafi/Desktop/ROS2_Final_Project/kobuki_ws/install/ecl_ipc:/home/abdulrafi/Desktop/ROS2_Final_Project/kobuki_ws/install/ecl_containers:/home/abdulrafi/Desktop/ROS2_Final_Project/kobuki_ws/install/ecl_threads:/home/abdulrafi/Desktop/ROS2_Final_Project/kobuki_ws/install/ecl_formatters:/home/abdulrafi/Desktop/ROS2_Final_Project/kobuki_ws/install/ecl_utilities:/home/abdulrafi/Desktop/ROS2_Final_Project/kobuki_ws/install/ecl_time:/home/abdulrafi/Desktop/ROS2_Final_Project/kobuki_ws/install/ecl_converters:/home/abdulrafi/Desktop/ROS2_Final_Project/kobuki_ws/install/ecl_time_lite:/home/abdulrafi/Desktop/ROS2_Final_Project/kobuki_ws/install/ecl_math:/home/abdulrafi/Desktop/ROS2_Final_Project/kobuki_ws/install/ecl_exceptions:/home/abdulrafi/Desktop/ROS2_Final_Project/kobuki_ws/install/ecl_concepts:/home/abdulrafi/Desktop/ROS2_Final_Project/kobuki_ws/install/ecl_type_traits:/home/abdulrafi/Desktop/ROS2_Final_Project/kobuki_ws/install/ecl_errors:/home/abdulrafi/Desktop/ROS2_Final_Project/kobuki_ws/install/ecl_mpl:/home/abdulrafi/Desktop/ROS2_Final_Project/kobuki_ws/install/ecl_eigen:/home/abdulrafi/Desktop/ROS2_Final_Project/kobuki_ws/install/ecl_config:/home/abdulrafi/Desktop/ROS2_Final_Project/kobuki_ws/install/ecl_command_line:${AMENT_PREFIX_PATH} CMAKE_PREFIX_PATH=/home/abdulrafi/Desktop/ROS2_Final_Project/kobuki_ws/install/ecl_streams:/home/abdulrafi/Desktop/ROS2_Final_Project/kobuki_ws/install/ecl_geometry:/home/abdulrafi/Desktop/ROS2_Final_Project/kobuki_ws/install/ecl_devices:/home/abdulrafi/Desktop/ROS2_Final_Project/kobuki_ws/install/ecl_sigslots:/home/abdulrafi/Desktop/ROS2_Final_Project/kobuki_ws/install/ecl_linear_algebra:/home/abdulrafi/Desktop/ROS2_Final_Project/kobuki_ws/install/ecl_ipc:/home/abdulrafi/Desktop/ROS2_Final_Project/kobuki_ws/install/ecl_containers:/home/abdulrafi/Desktop/ROS2_Final_Project/kobuki_ws/install/ecl_threads:/home/abdulrafi/Desktop/ROS2_Final_Project/kobuki_ws/install/ecl_formatters:/home/abdulrafi/Desktop/ROS2_Final_Project/kobuki_ws/install/ecl_utilities:/home/abdulrafi/Desktop/ROS2_Final_Project/kobuki_ws/install/ecl_time:/home/abdulrafi/Desktop/ROS2_Final_Project/kobuki_ws/install/ecl_converters:/home/abdulrafi/Desktop/ROS2_Final_Project/kobuki_ws/install/ecl_time_lite:/home/abdulrafi/Desktop/ROS2_Final_Project/kobuki_ws/install/ecl_math:/home/abdulrafi/Desktop/ROS2_Final_Project/kobuki_ws/install/ecl_exceptions:/home/abdulrafi/Desktop/ROS2_Final_Project/kobuki_ws/install/ecl_concepts:/home/abdulrafi/Desktop/ROS2_Final_Project/kobuki_ws/install/ecl_type_traits:/home/abdulrafi/Desktop/ROS2_Final_Project/kobuki_ws/install/ecl_errors:/home/abdulrafi/Desktop/ROS2_Final_Project/kobuki_ws/install/ecl_mpl:/home/abdulrafi/Desktop/ROS2_Final_Project/kobuki_ws/install/ecl_eigen:/home/abdulrafi/Desktop/ROS2_Final_Project/kobuki_ws/install/ecl_config:/home/abdulrafi/Desktop/ROS2_Final_Project/kobuki_ws/install/ecl_command_line:/opt/ros/jazzy/opt/gz_sim_vendor:/opt/ros/jazzy/opt/gz_sensors_vendor:/opt/ros/jazzy/opt/gz_physics_vendor:/opt/ros/jazzy/opt/sdformat_vendor:/opt/ros/jazzy/opt/gz_gui_vendor:/opt/ros/jazzy/opt/gz_transport_vendor:/opt/ros/jazzy/opt/gz_rendering_vendor:/opt/ros/jazzy/opt/gz_plugin_vendor:/opt/ros/jazzy/opt/gz_fuel_tools_vendor:/opt/ros/jazzy/opt/gz_msgs_vendor:/opt/ros/jazzy/opt/gz_common_vendor:/opt/ros/jazzy/opt/gz_math_vendor:/opt/ros/jazzy/opt/gz_utils_vendor:/opt/ros/jazzy/opt/gz_tools_vendor:/opt/ros/jazzy/opt/gz_ogre_next_vendor:/opt/ros/jazzy/opt/gz_dartsim_vendor:/opt/ros/jazzy/opt/gz_cmake_vendor:/opt/ros/jazzy DEBUGINFOD_URLS=https://debuginfod.ubuntu.com LD_LIBRARY_PATH=/home/abdulrafi/Desktop/ROS2_Final_Project/kobuki_ws/install/ecl_streams/lib:/home/abdulrafi/Desktop/ROS2_Final_Project/kobuki_ws/install/ecl_geometry/lib:/home/abdulrafi/Desktop/ROS2_Final_Project/kobuki_ws/install/ecl_devices/lib:/home/abdulrafi/Desktop/ROS2_Final_Project/kobuki_ws/install/ecl_linear_algebra/lib:/home/abdulrafi/Desktop/ROS2_Final_Project/kobuki_ws/install/ecl_ipc/lib:/home/abdulrafi/Desktop/ROS2_Final_Project/kobuki_ws/install/ecl_threads/lib:/home/abdulrafi/Desktop/ROS2_Final_Project/kobuki_ws/install/ecl_formatters/lib:/home/abdulrafi/Desktop/ROS2_Final_Project/kobuki_ws/install/ecl_time/lib:/home/abdulrafi/Desktop/ROS2_Final_Project/kobuki_ws/install/ecl_time_lite/lib:/home/abdulrafi/Desktop/ROS2_Final_Project/kobuki_ws/install/ecl_exceptions/lib:/home/abdulrafi/Desktop/ROS2_Final_Project/kobuki_ws/install/ecl_type_traits/lib:/home/abdulrafi/Desktop/ROS2_Final_Project/kobuki_ws/install/ecl_errors/lib:${LD_LIBRARY_PATH} PATH=/home/abdulrafi/Desktop/ROS2_Final_Project/kobuki_ws/install/ecl_type_traits/bin:/home/abdulrafi/Desktop/ROS2_Final_Project/kobuki_ws/install/ecl_config/bin:${PATH} /usr/bin/cmake /home/abdulrafi/Desktop/ROS2_Final_Project/kobuki_ws/src/ThirdParty/ecl/ecl_core/ecl_core_apps -DCMAKE_INSTALL_PREFIX=/home/abdulrafi/Desktop/ROS2_Final_Project/kobuki_ws/install/ecl_core_apps
[0.828s] -- The C compiler identification is GNU 13.3.0
[1.157s] -- The CXX compiler identification is GNU 13.3.0
[1.268s] -- Detecting C compiler ABI info
[1.907s] -- Detecting C compiler ABI info - done
[1.979s] -- Check for working C compiler: /usr/bin/cc - skipped
[1.980s] -- Detecting C compile features
[1.990s] -- Detecting C compile features - done
[2.055s] -- Detecting CXX compiler ABI info
[2.734s] -- Detecting CXX compiler ABI info - done
[2.781s] -- Check for working CXX compiler: /usr/bin/c++ - skipped
[2.784s] -- Detecting CXX compile features
[2.789s] -- Detecting CXX compile features - done
[2.818s] -- Found ament_cmake_ros: 0.12.0 (/opt/ros/jazzy/share/ament_cmake_ros/cmake)
[3.935s] -- Found Python3: /usr/bin/python3 (found version "3.12.3") found components: Interpreter 
[4.806s] -- Found ecl_build: 1.0.3 (/opt/ros/jazzy/share/ecl_build/cmake)
[4.821s] [0mCMake Deprecation Warning at /opt/ros/jazzy/share/ecl_build/cmake/cotire.cmake:45 (cmake_minimum_required):
[4.822s]   Compatibility with CMake < 3.5 will be removed from a future version of
[4.822s]   CMake.
[4.822s] 
[4.823s]   Update the VERSION argument <min> value or use a ...<max> suffix to tell
[4.823s]   CMake that the project does not need compatibility with older versions.
[4.829s] Call Stack (most recent call first):
[4.829s]   /opt/ros/jazzy/share/ecl_build/cmake/ecl_buildConfig.cmake:41 (include)
[4.829s]   CMakeLists.txt:20 (find_package)
[4.830s] 
[4.830s] [0m
[4.838s] -- Found ecl_config: 1.2.0 (/home/abdulrafi/Desktop/ROS2_Final_Project/kobuki_ws/install/ecl_config/share/ecl_config/cmake)
[4.847s] -- Found ecl_linear_algebra: 1.2.1 (/home/abdulrafi/Desktop/ROS2_Final_Project/kobuki_ws/install/ecl_linear_algebra/share/ecl_linear_algebra/cmake)
[5.816s] -- Performing Test CMAKE_HAVE_LIBC_PTHREAD
[6.405s] -- Performing Test CMAKE_HAVE_LIBC_PTHREAD - Success
[6.411s] -- Found Threads: TRUE  
[9.151s] -- Found AMD headers in: /usr/include/suitesparse
[9.161s] -- Found AMD library: /usr/lib/aarch64-linux-gnu/libamd.so
[9.166s] -- Found CAMD headers in: /usr/include/suitesparse
[9.171s] -- Found CAMD library: /usr/lib/aarch64-linux-gnu/libcamd.so
[9.185s] -- Found CCOLAMD headers in: /usr/include/suitesparse
[9.186s] -- Found CCOLAMD library: /usr/lib/aarch64-linux-gnu/libccolamd.so
[9.186s] -- Found CHOLMOD headers in: /usr/include/suitesparse
[9.189s] -- Found CHOLMOD library: /usr/lib/aarch64-linux-gnu/libcholmod.so
[9.194s] -- Found COLAMD headers in: /usr/include/suitesparse
[9.202s] -- Found COLAMD library: /usr/lib/aarch64-linux-gnu/libcolamd.so
[9.206s] -- Found SPQR headers in: /usr/include/suitesparse
[9.212s] -- Found SPQR library: /usr/lib/aarch64-linux-gnu/libspqr.so
[9.217s] -- Found Config headers in: /usr/include/suitesparse
[9.224s] -- Found Config library: /usr/lib/aarch64-linux-gnu/libsuitesparseconfig.so
[9.249s] -- Found Intel Thread Building Blocks (TBB) library (2021.11 / ) include location: . Assuming SuiteSparseQR was compiled with TBB.
[9.250s] -- Looking for shm_open in rt
[9.743s] -- Looking for shm_open in rt - found
[9.745s] -- Adding librt to SuiteSparse_config libraries (required on Linux & Unix [not OSX] if SuiteSparse is compiled with timing).
[9.772s] -- Could NOT find METIS (missing: METIS_INCLUDE_DIR METIS_LIBRARY) 
[9.863s] -- Found ecl_command_line: 1.2.1 (/home/abdulrafi/Desktop/ROS2_Final_Project/kobuki_ws/install/ecl_command_line/share/ecl_command_line/cmake)
[9.881s] -- Found ecl_containers: 1.2.1 (/home/abdulrafi/Desktop/ROS2_Final_Project/kobuki_ws/install/ecl_containers/share/ecl_containers/cmake)
[9.902s] -- Found ecl_devices: 1.2.1 (/home/abdulrafi/Desktop/ROS2_Final_Project/kobuki_ws/install/ecl_devices/share/ecl_devices/cmake)
[9.934s] [33mCMake Warning (dev) at /usr/share/cmake-3.28/Modules/FindPackageHandleStandardArgs.cmake:438 (message):
[9.935s]   The package name passed to `find_package_handle_standard_args` (Threads)
[9.935s]   does not match the name of the calling package (ecl_threads).  This can
[9.935s]   lead to problems in calling code that expects `find_package` result
[9.940s]   variables (e.g., `_FOUND`) to follow a certain pattern.
[9.941s] Call Stack (most recent call first):
[9.941s]   /usr/share/cmake-3.28/Modules/FindThreads.cmake:226 (FIND_PACKAGE_HANDLE_STANDARD_ARGS)
[9.941s]   /opt/ros/jazzy/share/ecl_build/cmake/ecl_platform_detection.cmake:225 (include)
[9.942s]   /home/abdulrafi/Desktop/ROS2_Final_Project/kobuki_ws/install/ecl_threads/share/ecl_threads/cmake/ecl_threads-extras.cmake:4 (ecl_detect_threads)
[9.942s]   /home/abdulrafi/Desktop/ROS2_Final_Project/kobuki_ws/install/ecl_threads/share/ecl_threads/cmake/ecl_threadsConfig.cmake:41 (include)
[9.942s]   /home/abdulrafi/Desktop/ROS2_Final_Project/kobuki_ws/install/ecl_devices/share/ecl_devices/cmake/ament_cmake_export_dependencies-extras.cmake:21 (find_package)
[9.942s]   /home/abdulrafi/Desktop/ROS2_Final_Project/kobuki_ws/install/ecl_devices/share/ecl_devices/cmake/ecl_devicesConfig.cmake:41 (include)
[9.945s]   CMakeLists.txt:26 (find_package)
[9.945s] This warning is for project developers.  Use -Wno-dev to suppress it.
[9.945s] [0m
[10.022s] -- Found ecl_geometry: 1.2.1 (/home/abdulrafi/Desktop/ROS2_Final_Project/kobuki_ws/install/ecl_geometry/share/ecl_geometry/cmake)
[10.050s] -- Found ecl_ipc: 1.2.1 (/home/abdulrafi/Desktop/ROS2_Final_Project/kobuki_ws/install/ecl_ipc/share/ecl_ipc/cmake)
[10.063s] -- Found ecl_sigslots: 1.2.1 (/home/abdulrafi/Desktop/ROS2_Final_Project/kobuki_ws/install/ecl_sigslots/share/ecl_sigslots/cmake)
[10.068s] -- Found ecl_streams: 1.2.1 (/home/abdulrafi/Desktop/ROS2_Final_Project/kobuki_ws/install/ecl_streams/share/ecl_streams/cmake)
[10.648s] -- Configuring done (10.1s)
[11.123s] -- Generating done (0.4s)
[11.195s] -- Build files have been written to: /home/abdulrafi/Desktop/ROS2_Final_Project/kobuki_ws/build/ecl_core_apps
[11.241s] Invoked command in '/home/abdulrafi/Desktop/ROS2_Final_Project/kobuki_ws/build/ecl_core_apps' returned '0': AMENT_PREFIX_PATH=/home/abdulrafi/Desktop/ROS2_Final_Project/kobuki_ws/install/ecl_streams:/home/abdulrafi/Desktop/ROS2_Final_Project/kobuki_ws/install/ecl_geometry:/home/abdulrafi/Desktop/ROS2_Final_Project/kobuki_ws/install/ecl_devices:/home/abdulrafi/Desktop/ROS2_Final_Project/kobuki_ws/install/ecl_sigslots:/home/abdulrafi/Desktop/ROS2_Final_Project/kobuki_ws/install/ecl_linear_algebra:/home/abdulrafi/Desktop/ROS2_Final_Project/kobuki_ws/install/ecl_ipc:/home/abdulrafi/Desktop/ROS2_Final_Project/kobuki_ws/install/ecl_containers:/home/abdulrafi/Desktop/ROS2_Final_Project/kobuki_ws/install/ecl_threads:/home/abdulrafi/Desktop/ROS2_Final_Project/kobuki_ws/install/ecl_formatters:/home/abdulrafi/Desktop/ROS2_Final_Project/kobuki_ws/install/ecl_utilities:/home/abdulrafi/Desktop/ROS2_Final_Project/kobuki_ws/install/ecl_time:/home/abdulrafi/Desktop/ROS2_Final_Project/kobuki_ws/install/ecl_converters:/home/abdulrafi/Desktop/ROS2_Final_Project/kobuki_ws/install/ecl_time_lite:/home/abdulrafi/Desktop/ROS2_Final_Project/kobuki_ws/install/ecl_math:/home/abdulrafi/Desktop/ROS2_Final_Project/kobuki_ws/install/ecl_exceptions:/home/abdulrafi/Desktop/ROS2_Final_Project/kobuki_ws/install/ecl_concepts:/home/abdulrafi/Desktop/ROS2_Final_Project/kobuki_ws/install/ecl_type_traits:/home/abdulrafi/Desktop/ROS2_Final_Project/kobuki_ws/install/ecl_errors:/home/abdulrafi/Desktop/ROS2_Final_Project/kobuki_ws/install/ecl_mpl:/home/abdulrafi/Desktop/ROS2_Final_Project/kobuki_ws/install/ecl_eigen:/home/abdulrafi/Desktop/ROS2_Final_Project/kobuki_ws/install/ecl_config:/home/abdulrafi/Desktop/ROS2_Final_Project/kobuki_ws/install/ecl_command_line:${AMENT_PREFIX_PATH} CMAKE_PREFIX_PATH=/home/abdulrafi/Desktop/ROS2_Final_Project/kobuki_ws/install/ecl_streams:/home/abdulrafi/Desktop/ROS2_Final_Project/kobuki_ws/install/ecl_geometry:/home/abdulrafi/Desktop/ROS2_Final_Project/kobuki_ws/install/ecl_devices:/home/abdulrafi/Desktop/ROS2_Final_Project/kobuki_ws/install/ecl_sigslots:/home/abdulrafi/Desktop/ROS2_Final_Project/kobuki_ws/install/ecl_linear_algebra:/home/abdulrafi/Desktop/ROS2_Final_Project/kobuki_ws/install/ecl_ipc:/home/abdulrafi/Desktop/ROS2_Final_Project/kobuki_ws/install/ecl_containers:/home/abdulrafi/Desktop/ROS2_Final_Project/kobuki_ws/install/ecl_threads:/home/abdulrafi/Desktop/ROS2_Final_Project/kobuki_ws/install/ecl_formatters:/home/abdulrafi/Desktop/ROS2_Final_Project/kobuki_ws/install/ecl_utilities:/home/abdulrafi/Desktop/ROS2_Final_Project/kobuki_ws/install/ecl_time:/home/abdulrafi/Desktop/ROS2_Final_Project/kobuki_ws/install/ecl_converters:/home/abdulrafi/Desktop/ROS2_Final_Project/kobuki_ws/install/ecl_time_lite:/home/abdulrafi/Desktop/ROS2_Final_Project/kobuki_ws/install/ecl_math:/home/abdulrafi/Desktop/ROS2_Final_Project/kobuki_ws/install/ecl_exceptions:/home/abdulrafi/Desktop/ROS2_Final_Project/kobuki_ws/install/ecl_concepts:/home/abdulrafi/Desktop/ROS2_Final_Project/kobuki_ws/install/ecl_type_traits:/home/abdulrafi/Desktop/ROS2_Final_Project/kobuki_ws/install/ecl_errors:/home/abdulrafi/Desktop/ROS2_Final_Project/kobuki_ws/install/ecl_mpl:/home/abdulrafi/Desktop/ROS2_Final_Project/kobuki_ws/install/ecl_eigen:/home/abdulrafi/Desktop/ROS2_Final_Project/kobuki_ws/install/ecl_config:/home/abdulrafi/Desktop/ROS2_Final_Project/kobuki_ws/install/ecl_command_line:/opt/ros/jazzy/opt/gz_sim_vendor:/opt/ros/jazzy/opt/gz_sensors_vendor:/opt/ros/jazzy/opt/gz_physics_vendor:/opt/ros/jazzy/opt/sdformat_vendor:/opt/ros/jazzy/opt/gz_gui_vendor:/opt/ros/jazzy/opt/gz_transport_vendor:/opt/ros/jazzy/opt/gz_rendering_vendor:/opt/ros/jazzy/opt/gz_plugin_vendor:/opt/ros/jazzy/opt/gz_fuel_tools_vendor:/opt/ros/jazzy/opt/gz_msgs_vendor:/opt/ros/jazzy/opt/gz_common_vendor:/opt/ros/jazzy/opt/gz_math_vendor:/opt/ros/jazzy/opt/gz_utils_vendor:/opt/ros/jazzy/opt/gz_tools_vendor:/opt/ros/jazzy/opt/gz_ogre_next_vendor:/opt/ros/jazzy/opt/gz_dartsim_vendor:/opt/ros/jazzy/opt/gz_cmake_vendor:/opt/ros/jazzy DEBUGINFOD_URLS=https://debuginfod.ubuntu.com LD_LIBRARY_PATH=/home/abdulrafi/Desktop/ROS2_Final_Project/kobuki_ws/install/ecl_streams/lib:/home/abdulrafi/Desktop/ROS2_Final_Project/kobuki_ws/install/ecl_geometry/lib:/home/abdulrafi/Desktop/ROS2_Final_Project/kobuki_ws/install/ecl_devices/lib:/home/abdulrafi/Desktop/ROS2_Final_Project/kobuki_ws/install/ecl_linear_algebra/lib:/home/abdulrafi/Desktop/ROS2_Final_Project/kobuki_ws/install/ecl_ipc/lib:/home/abdulrafi/Desktop/ROS2_Final_Project/kobuki_ws/install/ecl_threads/lib:/home/abdulrafi/Desktop/ROS2_Final_Project/kobuki_ws/install/ecl_formatters/lib:/home/abdulrafi/Desktop/ROS2_Final_Project/kobuki_ws/install/ecl_time/lib:/home/abdulrafi/Desktop/ROS2_Final_Project/kobuki_ws/install/ecl_time_lite/lib:/home/abdulrafi/Desktop/ROS2_Final_Project/kobuki_ws/install/ecl_exceptions/lib:/home/abdulrafi/Desktop/ROS2_Final_Project/kobuki_ws/install/ecl_type_traits/lib:/home/abdulrafi/Desktop/ROS2_Final_Project/kobuki_ws/install/ecl_errors/lib:${LD_LIBRARY_PATH} PATH=/home/abdulrafi/Desktop/ROS2_Final_Project/kobuki_ws/install/ecl_type_traits/bin:/home/abdulrafi/Desktop/ROS2_Final_Project/kobuki_ws/install/ecl_config/bin:${PATH} /usr/bin/cmake /home/abdulrafi/Desktop/ROS2_Final_Project/kobuki_ws/src/ThirdParty/ecl/ecl_core/ecl_core_apps -DCMAKE_INSTALL_PREFIX=/home/abdulrafi/Desktop/ROS2_Final_Project/kobuki_ws/install/ecl_core_apps
[11.246s] Invoking command in '/home/abdulrafi/Desktop/ROS2_Final_Project/kobuki_ws/build/ecl_core_apps': AMENT_PREFIX_PATH=/home/abdulrafi/Desktop/ROS2_Final_Project/kobuki_ws/install/ecl_streams:/home/abdulrafi/Desktop/ROS2_Final_Project/kobuki_ws/install/ecl_geometry:/home/abdulrafi/Desktop/ROS2_Final_Project/kobuki_ws/install/ecl_devices:/home/abdulrafi/Desktop/ROS2_Final_Project/kobuki_ws/install/ecl_sigslots:/home/abdulrafi/Desktop/ROS2_Final_Project/kobuki_ws/install/ecl_linear_algebra:/home/abdulrafi/Desktop/ROS2_Final_Project/kobuki_ws/install/ecl_ipc:/home/abdulrafi/Desktop/ROS2_Final_Project/kobuki_ws/install/ecl_containers:/home/abdulrafi/Desktop/ROS2_Final_Project/kobuki_ws/install/ecl_threads:/home/abdulrafi/Desktop/ROS2_Final_Project/kobuki_ws/install/ecl_formatters:/home/abdulrafi/Desktop/ROS2_Final_Project/kobuki_ws/install/ecl_utilities:/home/abdulrafi/Desktop/ROS2_Final_Project/kobuki_ws/install/ecl_time:/home/abdulrafi/Desktop/ROS2_Final_Project/kobuki_ws/install/ecl_converters:/home/abdulrafi/Desktop/ROS2_Final_Project/kobuki_ws/install/ecl_time_lite:/home/abdulrafi/Desktop/ROS2_Final_Project/kobuki_ws/install/ecl_math:/home/abdulrafi/Desktop/ROS2_Final_Project/kobuki_ws/install/ecl_exceptions:/home/abdulrafi/Desktop/ROS2_Final_Project/kobuki_ws/install/ecl_concepts:/home/abdulrafi/Desktop/ROS2_Final_Project/kobuki_ws/install/ecl_type_traits:/home/abdulrafi/Desktop/ROS2_Final_Project/kobuki_ws/install/ecl_errors:/home/abdulrafi/Desktop/ROS2_Final_Project/kobuki_ws/install/ecl_mpl:/home/abdulrafi/Desktop/ROS2_Final_Project/kobuki_ws/install/ecl_eigen:/home/abdulrafi/Desktop/ROS2_Final_Project/kobuki_ws/install/ecl_config:/home/abdulrafi/Desktop/ROS2_Final_Project/kobuki_ws/install/ecl_command_line:${AMENT_PREFIX_PATH} CMAKE_PREFIX_PATH=/home/abdulrafi/Desktop/ROS2_Final_Project/kobuki_ws/install/ecl_streams:/home/abdulrafi/Desktop/ROS2_Final_Project/kobuki_ws/install/ecl_geometry:/home/abdulrafi/Desktop/ROS2_Final_Project/kobuki_ws/install/ecl_devices:/home/abdulrafi/Desktop/ROS2_Final_Project/kobuki_ws/install/ecl_sigslots:/home/abdulrafi/Desktop/ROS2_Final_Project/kobuki_ws/install/ecl_linear_algebra:/home/abdulrafi/Desktop/ROS2_Final_Project/kobuki_ws/install/ecl_ipc:/home/abdulrafi/Desktop/ROS2_Final_Project/kobuki_ws/install/ecl_containers:/home/abdulrafi/Desktop/ROS2_Final_Project/kobuki_ws/install/ecl_threads:/home/abdulrafi/Desktop/ROS2_Final_Project/kobuki_ws/install/ecl_formatters:/home/abdulrafi/Desktop/ROS2_Final_Project/kobuki_ws/install/ecl_utilities:/home/abdulrafi/Desktop/ROS2_Final_Project/kobuki_ws/install/ecl_time:/home/abdulrafi/Desktop/ROS2_Final_Project/kobuki_ws/install/ecl_converters:/home/abdulrafi/Desktop/ROS2_Final_Project/kobuki_ws/install/ecl_time_lite:/home/abdulrafi/Desktop/ROS2_Final_Project/kobuki_ws/install/ecl_math:/home/abdulrafi/Desktop/ROS2_Final_Project/kobuki_ws/install/ecl_exceptions:/home/abdulrafi/Desktop/ROS2_Final_Project/kobuki_ws/install/ecl_concepts:/home/abdulrafi/Desktop/ROS2_Final_Project/kobuki_ws/install/ecl_type_traits:/home/abdulrafi/Desktop/ROS2_Final_Project/kobuki_ws/install/ecl_errors:/home/abdulrafi/Desktop/ROS2_Final_Project/kobuki_ws/install/ecl_mpl:/home/abdulrafi/Desktop/ROS2_Final_Project/kobuki_ws/install/ecl_eigen:/home/abdulrafi/Desktop/ROS2_Final_Project/kobuki_ws/install/ecl_config:/home/abdulrafi/Desktop/ROS2_Final_Project/kobuki_ws/install/ecl_command_line:/opt/ros/jazzy/opt/gz_sim_vendor:/opt/ros/jazzy/opt/gz_sensors_vendor:/opt/ros/jazzy/opt/gz_physics_vendor:/opt/ros/jazzy/opt/sdformat_vendor:/opt/ros/jazzy/opt/gz_gui_vendor:/opt/ros/jazzy/opt/gz_transport_vendor:/opt/ros/jazzy/opt/gz_rendering_vendor:/opt/ros/jazzy/opt/gz_plugin_vendor:/opt/ros/jazzy/opt/gz_fuel_tools_vendor:/opt/ros/jazzy/opt/gz_msgs_vendor:/opt/ros/jazzy/opt/gz_common_vendor:/opt/ros/jazzy/opt/gz_math_vendor:/opt/ros/jazzy/opt/gz_utils_vendor:/opt/ros/jazzy/opt/gz_tools_vendor:/opt/ros/jazzy/opt/gz_ogre_next_vendor:/opt/ros/jazzy/opt/gz_dartsim_vendor:/opt/ros/jazzy/opt/gz_cmake_vendor:/opt/ros/jazzy DEBUGINFOD_URLS=https://debuginfod.ubuntu.com LD_LIBRARY_PATH=/home/abdulrafi/Desktop/ROS2_Final_Project/kobuki_ws/install/ecl_streams/lib:/home/abdulrafi/Desktop/ROS2_Final_Project/kobuki_ws/install/ecl_geometry/lib:/home/abdulrafi/Desktop/ROS2_Final_Project/kobuki_ws/install/ecl_devices/lib:/home/abdulrafi/Desktop/ROS2_Final_Project/kobuki_ws/install/ecl_linear_algebra/lib:/home/abdulrafi/Desktop/ROS2_Final_Project/kobuki_ws/install/ecl_ipc/lib:/home/abdulrafi/Desktop/ROS2_Final_Project/kobuki_ws/install/ecl_threads/lib:/home/abdulrafi/Desktop/ROS2_Final_Project/kobuki_ws/install/ecl_formatters/lib:/home/abdulrafi/Desktop/ROS2_Final_Project/kobuki_ws/install/ecl_time/lib:/home/abdulrafi/Desktop/ROS2_Final_Project/kobuki_ws/install/ecl_time_lite/lib:/home/abdulrafi/Desktop/ROS2_Final_Project/kobuki_ws/install/ecl_exceptions/lib:/home/abdulrafi/Desktop/ROS2_Final_Project/kobuki_ws/install/ecl_type_traits/lib:/home/abdulrafi/Desktop/ROS2_Final_Project/kobuki_ws/install/ecl_errors/lib:${LD_LIBRARY_PATH} PATH=/home/abdulrafi/Desktop/ROS2_Final_Project/kobuki_ws/install/ecl_type_traits/bin:/home/abdulrafi/Desktop/ROS2_Final_Project/kobuki_ws/install/ecl_config/bin:${PATH} /usr/bin/cmake --build /home/abdulrafi/Desktop/ROS2_Final_Project/kobuki_ws/build/ecl_core_apps -- -j4 -l4
[11.611s] [  2%] [32mBuilding CXX object src/benchmarks/CMakeFiles/ecl_bench_containers.dir/containers.cpp.o[0m
[14.310s] [  5%] [32m[1mLinking CXX executable ecl_bench_containers[0m
[14.786s] [  5%] Built target ecl_bench_containers
[14.905s] [  8%] [32mBuilding CXX object src/benchmarks/CMakeFiles/ecl_bench_exceptions.dir/exceptions.cpp.o[0m
[16.514s] [ 11%] [32m[1mLinking CXX executable ecl_bench_exceptions[0m
[16.953s] [ 11%] Built target ecl_bench_exceptions
[17.156s] [ 14%] [32mBuilding CXX object src/benchmarks/CMakeFiles/ecl_bench_snooze.dir/snooze.cpp.o[0m
[19.170s] [ 17%] [32m[1mLinking CXX executable ecl_bench_snooze[0m
[19.521s] [ 17%] Built target ecl_bench_snooze
[19.644s] [ 20%] [32mBuilding CXX object src/benchmarks/CMakeFiles/ecl_bench_streams.dir/streams.cpp.o[0m
[22.988s] [ 23%] [32m[1mLinking CXX executable ecl_bench_streams[0m
[23.467s] [ 23%] Built target ecl_bench_streams
[23.695s] [ 26%] [32mBuilding CXX object src/benchmarks/CMakeFiles/ecl_bench_string_conversions.dir/string_conversions.cpp.o[0m
[26.580s] [ 29%] [32m[1mLinking CXX executable ecl_bench_string_conversions[0m
[27.201s] [ 29%] Built target ecl_bench_string_conversions
[27.378s] [ 32%] [32mBuilding CXX object src/benchmarks/CMakeFiles/ecl_bench_eigen3_inverse.dir/eigen3_inverse.cpp.o[0m
[55.067s] [ 35%] [32m[1mLinking CXX executable ecl_bench_eigen3_inverse[0m
[55.697s] [ 35%] Built target ecl_bench_eigen3_inverse
[55.889s] [ 38%] [32mBuilding CXX object src/benchmarks/CMakeFiles/ecl_bench_eigen3_decompositions.dir/eigen3_decompositions.cpp.o[0m
[108.153s] [ 41%] [32m[1mLinking CXX executable ecl_bench_eigen3_decompositions[0m
[108.979s] [ 41%] Built target ecl_bench_eigen3_decompositions
[109.109s] [ 44%] [32mBuilding CXX object src/benchmarks/CMakeFiles/ecl_bench_eigen3_transforms.dir/eigen3_transforms.cpp.o[0m
[139.318s] [ 47%] [32m[1mLinking CXX executable ecl_bench_eigen3_transforms[0m
[140.060s] [ 47%] Built target ecl_bench_eigen3_transforms
[140.171s] [ 50%] [32mBuilding CXX object src/utils/CMakeFiles/ecl_hex.dir/hex.cpp.o[0m
[144.958s] [ 52%] [32m[1mLinking CXX executable ecl_hex[0m
[145.379s] [ 52%] Built target ecl_hex
[145.443s] [ 55%] [32mBuilding CXX object src/utils/CMakeFiles/ecl_serial.dir/serial.cpp.o[0m
[149.994s] [ 58%] [32m[1mLinking CXX executable ecl_serial[0m
[150.473s] [ 58%] Built target ecl_serial
[150.653s] [ 61%] [32mBuilding CXX object src/utils/CMakeFiles/ecl_socket_client.dir/socket_client.cpp.o[0m
[155.102s] [ 64%] [32m[1mLinking CXX executable ecl_socket_client[0m
[155.736s] [ 64%] Built target ecl_socket_client
[155.871s] [ 67%] [32mBuilding CXX object src/utils/CMakeFiles/ecl_socket_server.dir/socket_server.cpp.o[0m
[159.711s] [ 70%] [32m[1mLinking CXX executable ecl_socket_server[0m
[160.174s] [ 70%] Built target ecl_socket_server
[160.295s] [ 73%] [32mBuilding CXX object src/utils/CMakeFiles/ecl_process_statistics.dir/process_statistics.cpp.o[0m
[161.666s] [ 76%] [32m[1mLinking CXX executable bin/ecl_process_statistics[0m
[162.118s] [ 76%] Built target ecl_process_statistics
[162.260s] [ 79%] [32mBuilding CXX object src/utils/CMakeFiles/ecl_quaternion2yaw.dir/quaternion2yaw.cpp.o[0m
[172.694s] [ 82%] [32m[1mLinking CXX executable bin/ecl_quaternion2yaw[0m
[173.017s] [ 82%] Built target ecl_quaternion2yaw
[173.092s] [ 85%] [32mBuilding CXX object src/utils/CMakeFiles/ecl_yaw2quaternion.dir/yaw2quaternion.cpp.o[0m
[181.679s] [ 88%] [32m[1mLinking CXX executable bin/ecl_yaw2quaternion[0m
[182.117s] [ 88%] Built target ecl_yaw2quaternion
[182.297s] [ 91%] [32mBuilding CXX object src/benchmarks/CMakeFiles/ecl_bench_flops.dir/flops.cpp.o[0m
[185.362s] [ 94%] [32m[1mLinking CXX executable ecl_bench_flops[0m
[185.674s] [ 94%] Built target ecl_bench_flops
[185.804s] [ 97%] [32mBuilding CXX object src/benchmarks/CMakeFiles/ecl_bench_files.dir/files.cpp.o[0m
[187.485s] [100%] [32m[1mLinking CXX executable ecl_bench_files[0m
[187.823s] [100%] Built target ecl_bench_files
[187.861s] Invoked command in '/home/abdulrafi/Desktop/ROS2_Final_Project/kobuki_ws/build/ecl_core_apps' returned '0': AMENT_PREFIX_PATH=/home/abdulrafi/Desktop/ROS2_Final_Project/kobuki_ws/install/ecl_streams:/home/abdulrafi/Desktop/ROS2_Final_Project/kobuki_ws/install/ecl_geometry:/home/abdulrafi/Desktop/ROS2_Final_Project/kobuki_ws/install/ecl_devices:/home/abdulrafi/Desktop/ROS2_Final_Project/kobuki_ws/install/ecl_sigslots:/home/abdulrafi/Desktop/ROS2_Final_Project/kobuki_ws/install/ecl_linear_algebra:/home/abdulrafi/Desktop/ROS2_Final_Project/kobuki_ws/install/ecl_ipc:/home/abdulrafi/Desktop/ROS2_Final_Project/kobuki_ws/install/ecl_containers:/home/abdulrafi/Desktop/ROS2_Final_Project/kobuki_ws/install/ecl_threads:/home/abdulrafi/Desktop/ROS2_Final_Project/kobuki_ws/install/ecl_formatters:/home/abdulrafi/Desktop/ROS2_Final_Project/kobuki_ws/install/ecl_utilities:/home/abdulrafi/Desktop/ROS2_Final_Project/kobuki_ws/install/ecl_time:/home/abdulrafi/Desktop/ROS2_Final_Project/kobuki_ws/install/ecl_converters:/home/abdulrafi/Desktop/ROS2_Final_Project/kobuki_ws/install/ecl_time_lite:/home/abdulrafi/Desktop/ROS2_Final_Project/kobuki_ws/install/ecl_math:/home/abdulrafi/Desktop/ROS2_Final_Project/kobuki_ws/install/ecl_exceptions:/home/abdulrafi/Desktop/ROS2_Final_Project/kobuki_ws/install/ecl_concepts:/home/abdulrafi/Desktop/ROS2_Final_Project/kobuki_ws/install/ecl_type_traits:/home/abdulrafi/Desktop/ROS2_Final_Project/kobuki_ws/install/ecl_errors:/home/abdulrafi/Desktop/ROS2_Final_Project/kobuki_ws/install/ecl_mpl:/home/abdulrafi/Desktop/ROS2_Final_Project/kobuki_ws/install/ecl_eigen:/home/abdulrafi/Desktop/ROS2_Final_Project/kobuki_ws/install/ecl_config:/home/abdulrafi/Desktop/ROS2_Final_Project/kobuki_ws/install/ecl_command_line:${AMENT_PREFIX_PATH} CMAKE_PREFIX_PATH=/home/abdulrafi/Desktop/ROS2_Final_Project/kobuki_ws/install/ecl_streams:/home/abdulrafi/Desktop/ROS2_Final_Project/kobuki_ws/install/ecl_geometry:/home/abdulrafi/Desktop/ROS2_Final_Project/kobuki_ws/install/ecl_devices:/home/abdulrafi/Desktop/ROS2_Final_Project/kobuki_ws/install/ecl_sigslots:/home/abdulrafi/Desktop/ROS2_Final_Project/kobuki_ws/install/ecl_linear_algebra:/home/abdulrafi/Desktop/ROS2_Final_Project/kobuki_ws/install/ecl_ipc:/home/abdulrafi/Desktop/ROS2_Final_Project/kobuki_ws/install/ecl_containers:/home/abdulrafi/Desktop/ROS2_Final_Project/kobuki_ws/install/ecl_threads:/home/abdulrafi/Desktop/ROS2_Final_Project/kobuki_ws/install/ecl_formatters:/home/abdulrafi/Desktop/ROS2_Final_Project/kobuki_ws/install/ecl_utilities:/home/abdulrafi/Desktop/ROS2_Final_Project/kobuki_ws/install/ecl_time:/home/abdulrafi/Desktop/ROS2_Final_Project/kobuki_ws/install/ecl_converters:/home/abdulrafi/Desktop/ROS2_Final_Project/kobuki_ws/install/ecl_time_lite:/home/abdulrafi/Desktop/ROS2_Final_Project/kobuki_ws/install/ecl_math:/home/abdulrafi/Desktop/ROS2_Final_Project/kobuki_ws/install/ecl_exceptions:/home/abdulrafi/Desktop/ROS2_Final_Project/kobuki_ws/install/ecl_concepts:/home/abdulrafi/Desktop/ROS2_Final_Project/kobuki_ws/install/ecl_type_traits:/home/abdulrafi/Desktop/ROS2_Final_Project/kobuki_ws/install/ecl_errors:/home/abdulrafi/Desktop/ROS2_Final_Project/kobuki_ws/install/ecl_mpl:/home/abdulrafi/Desktop/ROS2_Final_Project/kobuki_ws/install/ecl_eigen:/home/abdulrafi/Desktop/ROS2_Final_Project/kobuki_ws/install/ecl_config:/home/abdulrafi/Desktop/ROS2_Final_Project/kobuki_ws/install/ecl_command_line:/opt/ros/jazzy/opt/gz_sim_vendor:/opt/ros/jazzy/opt/gz_sensors_vendor:/opt/ros/jazzy/opt/gz_physics_vendor:/opt/ros/jazzy/opt/sdformat_vendor:/opt/ros/jazzy/opt/gz_gui_vendor:/opt/ros/jazzy/opt/gz_transport_vendor:/opt/ros/jazzy/opt/gz_rendering_vendor:/opt/ros/jazzy/opt/gz_plugin_vendor:/opt/ros/jazzy/opt/gz_fuel_tools_vendor:/opt/ros/jazzy/opt/gz_msgs_vendor:/opt/ros/jazzy/opt/gz_common_vendor:/opt/ros/jazzy/opt/gz_math_vendor:/opt/ros/jazzy/opt/gz_utils_vendor:/opt/ros/jazzy/opt/gz_tools_vendor:/opt/ros/jazzy/opt/gz_ogre_next_vendor:/opt/ros/jazzy/opt/gz_dartsim_vendor:/opt/ros/jazzy/opt/gz_cmake_vendor:/opt/ros/jazzy DEBUGINFOD_URLS=https://debuginfod.ubuntu.com LD_LIBRARY_PATH=/home/abdulrafi/Desktop/ROS2_Final_Project/kobuki_ws/install/ecl_streams/lib:/home/abdulrafi/Desktop/ROS2_Final_Project/kobuki_ws/install/ecl_geometry/lib:/home/abdulrafi/Desktop/ROS2_Final_Project/kobuki_ws/install/ecl_devices/lib:/home/abdulrafi/Desktop/ROS2_Final_Project/kobuki_ws/install/ecl_linear_algebra/lib:/home/abdulrafi/Desktop/ROS2_Final_Project/kobuki_ws/install/ecl_ipc/lib:/home/abdulrafi/Desktop/ROS2_Final_Project/kobuki_ws/install/ecl_threads/lib:/home/abdulrafi/Desktop/ROS2_Final_Project/kobuki_ws/install/ecl_formatters/lib:/home/abdulrafi/Desktop/ROS2_Final_Project/kobuki_ws/install/ecl_time/lib:/home/abdulrafi/Desktop/ROS2_Final_Project/kobuki_ws/install/ecl_time_lite/lib:/home/abdulrafi/Desktop/ROS2_Final_Project/kobuki_ws/install/ecl_exceptions/lib:/home/abdulrafi/Desktop/ROS2_Final_Project/kobuki_ws/install/ecl_type_traits/lib:/home/abdulrafi/Desktop/ROS2_Final_Project/kobuki_ws/install/ecl_errors/lib:${LD_LIBRARY_PATH} PATH=/home/abdulrafi/Desktop/ROS2_Final_Project/kobuki_ws/install/ecl_type_traits/bin:/home/abdulrafi/Desktop/ROS2_Final_Project/kobuki_ws/install/ecl_config/bin:${PATH} /usr/bin/cmake --build /home/abdulrafi/Desktop/ROS2_Final_Project/kobuki_ws/build/ecl_core_apps -- -j4 -l4
[187.862s] Invoking command in '/home/abdulrafi/Desktop/ROS2_Final_Project/kobuki_ws/build/ecl_core_apps': AMENT_PREFIX_PATH=/home/abdulrafi/Desktop/ROS2_Final_Project/kobuki_ws/install/ecl_streams:/home/abdulrafi/Desktop/ROS2_Final_Project/kobuki_ws/install/ecl_geometry:/home/abdulrafi/Desktop/ROS2_Final_Project/kobuki_ws/install/ecl_devices:/home/abdulrafi/Desktop/ROS2_Final_Project/kobuki_ws/install/ecl_sigslots:/home/abdulrafi/Desktop/ROS2_Final_Project/kobuki_ws/install/ecl_linear_algebra:/home/abdulrafi/Desktop/ROS2_Final_Project/kobuki_ws/install/ecl_ipc:/home/abdulrafi/Desktop/ROS2_Final_Project/kobuki_ws/install/ecl_containers:/home/abdulrafi/Desktop/ROS2_Final_Project/kobuki_ws/install/ecl_threads:/home/abdulrafi/Desktop/ROS2_Final_Project/kobuki_ws/install/ecl_formatters:/home/abdulrafi/Desktop/ROS2_Final_Project/kobuki_ws/install/ecl_utilities:/home/abdulrafi/Desktop/ROS2_Final_Project/kobuki_ws/install/ecl_time:/home/abdulrafi/Desktop/ROS2_Final_Project/kobuki_ws/install/ecl_converters:/home/abdulrafi/Desktop/ROS2_Final_Project/kobuki_ws/install/ecl_time_lite:/home/abdulrafi/Desktop/ROS2_Final_Project/kobuki_ws/install/ecl_math:/home/abdulrafi/Desktop/ROS2_Final_Project/kobuki_ws/install/ecl_exceptions:/home/abdulrafi/Desktop/ROS2_Final_Project/kobuki_ws/install/ecl_concepts:/home/abdulrafi/Desktop/ROS2_Final_Project/kobuki_ws/install/ecl_type_traits:/home/abdulrafi/Desktop/ROS2_Final_Project/kobuki_ws/install/ecl_errors:/home/abdulrafi/Desktop/ROS2_Final_Project/kobuki_ws/install/ecl_mpl:/home/abdulrafi/Desktop/ROS2_Final_Project/kobuki_ws/install/ecl_eigen:/home/abdulrafi/Desktop/ROS2_Final_Project/kobuki_ws/install/ecl_config:/home/abdulrafi/Desktop/ROS2_Final_Project/kobuki_ws/install/ecl_command_line:${AMENT_PREFIX_PATH} CMAKE_PREFIX_PATH=/home/abdulrafi/Desktop/ROS2_Final_Project/kobuki_ws/install/ecl_streams:/home/abdulrafi/Desktop/ROS2_Final_Project/kobuki_ws/install/ecl_geometry:/home/abdulrafi/Desktop/ROS2_Final_Project/kobuki_ws/install/ecl_devices:/home/abdulrafi/Desktop/ROS2_Final_Project/kobuki_ws/install/ecl_sigslots:/home/abdulrafi/Desktop/ROS2_Final_Project/kobuki_ws/install/ecl_linear_algebra:/home/abdulrafi/Desktop/ROS2_Final_Project/kobuki_ws/install/ecl_ipc:/home/abdulrafi/Desktop/ROS2_Final_Project/kobuki_ws/install/ecl_containers:/home/abdulrafi/Desktop/ROS2_Final_Project/kobuki_ws/install/ecl_threads:/home/abdulrafi/Desktop/ROS2_Final_Project/kobuki_ws/install/ecl_formatters:/home/abdulrafi/Desktop/ROS2_Final_Project/kobuki_ws/install/ecl_utilities:/home/abdulrafi/Desktop/ROS2_Final_Project/kobuki_ws/install/ecl_time:/home/abdulrafi/Desktop/ROS2_Final_Project/kobuki_ws/install/ecl_converters:/home/abdulrafi/Desktop/ROS2_Final_Project/kobuki_ws/install/ecl_time_lite:/home/abdulrafi/Desktop/ROS2_Final_Project/kobuki_ws/install/ecl_math:/home/abdulrafi/Desktop/ROS2_Final_Project/kobuki_ws/install/ecl_exceptions:/home/abdulrafi/Desktop/ROS2_Final_Project/kobuki_ws/install/ecl_concepts:/home/abdulrafi/Desktop/ROS2_Final_Project/kobuki_ws/install/ecl_type_traits:/home/abdulrafi/Desktop/ROS2_Final_Project/kobuki_ws/install/ecl_errors:/home/abdulrafi/Desktop/ROS2_Final_Project/kobuki_ws/install/ecl_mpl:/home/abdulrafi/Desktop/ROS2_Final_Project/kobuki_ws/install/ecl_eigen:/home/abdulrafi/Desktop/ROS2_Final_Project/kobuki_ws/install/ecl_config:/home/abdulrafi/Desktop/ROS2_Final_Project/kobuki_ws/install/ecl_command_line:/opt/ros/jazzy/opt/gz_sim_vendor:/opt/ros/jazzy/opt/gz_sensors_vendor:/opt/ros/jazzy/opt/gz_physics_vendor:/opt/ros/jazzy/opt/sdformat_vendor:/opt/ros/jazzy/opt/gz_gui_vendor:/opt/ros/jazzy/opt/gz_transport_vendor:/opt/ros/jazzy/opt/gz_rendering_vendor:/opt/ros/jazzy/opt/gz_plugin_vendor:/opt/ros/jazzy/opt/gz_fuel_tools_vendor:/opt/ros/jazzy/opt/gz_msgs_vendor:/opt/ros/jazzy/opt/gz_common_vendor:/opt/ros/jazzy/opt/gz_math_vendor:/opt/ros/jazzy/opt/gz_utils_vendor:/opt/ros/jazzy/opt/gz_tools_vendor:/opt/ros/jazzy/opt/gz_ogre_next_vendor:/opt/ros/jazzy/opt/gz_dartsim_vendor:/opt/ros/jazzy/opt/gz_cmake_vendor:/opt/ros/jazzy DEBUGINFOD_URLS=https://debuginfod.ubuntu.com LD_LIBRARY_PATH=/home/abdulrafi/Desktop/ROS2_Final_Project/kobuki_ws/install/ecl_streams/lib:/home/abdulrafi/Desktop/ROS2_Final_Project/kobuki_ws/install/ecl_geometry/lib:/home/abdulrafi/Desktop/ROS2_Final_Project/kobuki_ws/install/ecl_devices/lib:/home/abdulrafi/Desktop/ROS2_Final_Project/kobuki_ws/install/ecl_linear_algebra/lib:/home/abdulrafi/Desktop/ROS2_Final_Project/kobuki_ws/install/ecl_ipc/lib:/home/abdulrafi/Desktop/ROS2_Final_Project/kobuki_ws/install/ecl_threads/lib:/home/abdulrafi/Desktop/ROS2_Final_Project/kobuki_ws/install/ecl_formatters/lib:/home/abdulrafi/Desktop/ROS2_Final_Project/kobuki_ws/install/ecl_time/lib:/home/abdulrafi/Desktop/ROS2_Final_Project/kobuki_ws/install/ecl_time_lite/lib:/home/abdulrafi/Desktop/ROS2_Final_Project/kobuki_ws/install/ecl_exceptions/lib:/home/abdulrafi/Desktop/ROS2_Final_Project/kobuki_ws/install/ecl_type_traits/lib:/home/abdulrafi/Desktop/ROS2_Final_Project/kobuki_ws/install/ecl_errors/lib:${LD_LIBRARY_PATH} PATH=/home/abdulrafi/Desktop/ROS2_Final_Project/kobuki_ws/install/ecl_type_traits/bin:/home/abdulrafi/Desktop/ROS2_Final_Project/kobuki_ws/install/ecl_config/bin:${PATH} /usr/bin/cmake --install /home/abdulrafi/Desktop/ROS2_Final_Project/kobuki_ws/build/ecl_core_apps
[187.901s] -- Install configuration: ""
[187.901s] -- Installing: /home/abdulrafi/Desktop/ROS2_Final_Project/kobuki_ws/install/ecl_core_apps/share/ament_index/resource_index/package_run_dependencies/ecl_core_apps
[187.901s] -- Installing: /home/abdulrafi/Desktop/ROS2_Final_Project/kobuki_ws/install/ecl_core_apps/share/ament_index/resource_index/parent_prefix_path/ecl_core_apps
[187.901s] -- Installing: /home/abdulrafi/Desktop/ROS2_Final_Project/kobuki_ws/install/ecl_core_apps/share/ecl_core_apps/environment/ament_prefix_path.sh
[187.902s] -- Installing: /home/abdulrafi/Desktop/ROS2_Final_Project/kobuki_ws/install/ecl_core_apps/share/ecl_core_apps/environment/ament_prefix_path.dsv
[187.902s] -- Installing: /home/abdulrafi/Desktop/ROS2_Final_Project/kobuki_ws/install/ecl_core_apps/share/ecl_core_apps/environment/path.sh
[187.902s] -- Installing: /home/abdulrafi/Desktop/ROS2_Final_Project/kobuki_ws/install/ecl_core_apps/share/ecl_core_apps/environment/path.dsv
[187.902s] -- Installing: /home/abdulrafi/Desktop/ROS2_Final_Project/kobuki_ws/install/ecl_core_apps/share/ecl_core_apps/local_setup.bash
[187.902s] -- Installing: /home/abdulrafi/Desktop/ROS2_Final_Project/kobuki_ws/install/ecl_core_apps/share/ecl_core_apps/local_setup.sh
[187.903s] -- Installing: /home/abdulrafi/Desktop/ROS2_Final_Project/kobuki_ws/install/ecl_core_apps/share/ecl_core_apps/local_setup.zsh
[187.903s] -- Installing: /home/abdulrafi/Desktop/ROS2_Final_Project/kobuki_ws/install/ecl_core_apps/share/ecl_core_apps/local_setup.dsv
[187.903s] -- Installing: /home/abdulrafi/Desktop/ROS2_Final_Project/kobuki_ws/install/ecl_core_apps/share/ecl_core_apps/package.dsv
[187.904s] -- Installing: /home/abdulrafi/Desktop/ROS2_Final_Project/kobuki_ws/install/ecl_core_apps/share/ament_index/resource_index/packages/ecl_core_apps
[187.904s] -- Installing: /home/abdulrafi/Desktop/ROS2_Final_Project/kobuki_ws/install/ecl_core_apps/share/ecl_core_apps/cmake/ecl_core_appsConfig.cmake
[187.905s] -- Installing: /home/abdulrafi/Desktop/ROS2_Final_Project/kobuki_ws/install/ecl_core_apps/share/ecl_core_apps/cmake/ecl_core_appsConfig-version.cmake
[187.905s] -- Installing: /home/abdulrafi/Desktop/ROS2_Final_Project/kobuki_ws/install/ecl_core_apps/share/ecl_core_apps/package.xml
[187.907s] -- Installing: /home/abdulrafi/Desktop/ROS2_Final_Project/kobuki_ws/install/ecl_core_apps/bin/ecl_bench_containers
[187.909s] -- Set non-toolchain portion of runtime path of "/home/abdulrafi/Desktop/ROS2_Final_Project/kobuki_ws/install/ecl_core_apps/bin/ecl_bench_containers" to ""
[187.910s] -- Installing: /home/abdulrafi/Desktop/ROS2_Final_Project/kobuki_ws/install/ecl_core_apps/bin/ecl_bench_files
[187.912s] -- Set non-toolchain portion of runtime path of "/home/abdulrafi/Desktop/ROS2_Final_Project/kobuki_ws/install/ecl_core_apps/bin/ecl_bench_files" to ""
[187.912s] -- Installing: /home/abdulrafi/Desktop/ROS2_Final_Project/kobuki_ws/install/ecl_core_apps/bin/ecl_bench_flops
[187.914s] -- Set non-toolchain portion of runtime path of "/home/abdulrafi/Desktop/ROS2_Final_Project/kobuki_ws/install/ecl_core_apps/bin/ecl_bench_flops" to ""
[187.915s] -- Installing: /home/abdulrafi/Desktop/ROS2_Final_Project/kobuki_ws/install/ecl_core_apps/bin/ecl_bench_exceptions
[187.916s] -- Set non-toolchain portion of runtime path of "/home/abdulrafi/Desktop/ROS2_Final_Project/kobuki_ws/install/ecl_core_apps/bin/ecl_bench_exceptions" to ""
[187.917s] -- Installing: /home/abdulrafi/Desktop/ROS2_Final_Project/kobuki_ws/install/ecl_core_apps/bin/ecl_bench_snooze
[187.918s] -- Set non-toolchain portion of runtime path of "/home/abdulrafi/Desktop/ROS2_Final_Project/kobuki_ws/install/ecl_core_apps/bin/ecl_bench_snooze" to ""
[187.919s] -- Installing: /home/abdulrafi/Desktop/ROS2_Final_Project/kobuki_ws/install/ecl_core_apps/bin/ecl_bench_streams
[187.920s] -- Set non-toolchain portion of runtime path of "/home/abdulrafi/Desktop/ROS2_Final_Project/kobuki_ws/install/ecl_core_apps/bin/ecl_bench_streams" to ""
[187.921s] -- Installing: /home/abdulrafi/Desktop/ROS2_Final_Project/kobuki_ws/install/ecl_core_apps/bin/ecl_bench_string_conversions
[187.923s] -- Set non-toolchain portion of runtime path of "/home/abdulrafi/Desktop/ROS2_Final_Project/kobuki_ws/install/ecl_core_apps/bin/ecl_bench_string_conversions" to ""
[187.923s] -- Installing: /home/abdulrafi/Desktop/ROS2_Final_Project/kobuki_ws/install/ecl_core_apps/bin/ecl_bench_eigen3_inverse
[187.928s] -- Set non-toolchain portion of runtime path of "/home/abdulrafi/Desktop/ROS2_Final_Project/kobuki_ws/install/ecl_core_apps/bin/ecl_bench_eigen3_inverse" to ""
[187.929s] -- Installing: /home/abdulrafi/Desktop/ROS2_Final_Project/kobuki_ws/install/ecl_core_apps/bin/ecl_bench_eigen3_decompositions
[187.942s] -- Set non-toolchain portion of runtime path of "/home/abdulrafi/Desktop/ROS2_Final_Project/kobuki_ws/install/ecl_core_apps/bin/ecl_bench_eigen3_decompositions" to ""
[187.943s] -- Installing: /home/abdulrafi/Desktop/ROS2_Final_Project/kobuki_ws/install/ecl_core_apps/bin/ecl_bench_eigen3_transforms
[187.958s] -- Set non-toolchain portion of runtime path of "/home/abdulrafi/Desktop/ROS2_Final_Project/kobuki_ws/install/ecl_core_apps/bin/ecl_bench_eigen3_transforms" to ""
[187.959s] -- Installing: /home/abdulrafi/Desktop/ROS2_Final_Project/kobuki_ws/install/ecl_core_apps/lib/ecl_core_apps/ecl_hex
[187.959s] -- Set non-toolchain portion of runtime path of "/home/abdulrafi/Desktop/ROS2_Final_Project/kobuki_ws/install/ecl_core_apps/lib/ecl_core_apps/ecl_hex" to ""
[187.959s] -- Installing: /home/abdulrafi/Desktop/ROS2_Final_Project/kobuki_ws/install/ecl_core_apps/lib/ecl_core_apps/ecl_serial
[187.961s] -- Set non-toolchain portion of runtime path of "/home/abdulrafi/Desktop/ROS2_Final_Project/kobuki_ws/install/ecl_core_apps/lib/ecl_core_apps/ecl_serial" to ""
[187.961s] -- Installing: /home/abdulrafi/Desktop/ROS2_Final_Project/kobuki_ws/install/ecl_core_apps/lib/ecl_core_apps/ecl_socket_client
[187.969s] -- Set non-toolchain portion of runtime path of "/home/abdulrafi/Desktop/ROS2_Final_Project/kobuki_ws/install/ecl_core_apps/lib/ecl_core_apps/ecl_socket_client" to ""
[187.969s] -- Installing: /home/abdulrafi/Desktop/ROS2_Final_Project/kobuki_ws/install/ecl_core_apps/lib/ecl_core_apps/ecl_socket_server
[187.970s] -- Set non-toolchain portion of runtime path of "/home/abdulrafi/Desktop/ROS2_Final_Project/kobuki_ws/install/ecl_core_apps/lib/ecl_core_apps/ecl_socket_server" to ""
[187.970s] -- Installing: /home/abdulrafi/Desktop/ROS2_Final_Project/kobuki_ws/install/ecl_core_apps/bin/ecl_process_statistics
[187.970s] -- Set non-toolchain portion of runtime path of "/home/abdulrafi/Desktop/ROS2_Final_Project/kobuki_ws/install/ecl_core_apps/bin/ecl_process_statistics" to ""
[187.971s] -- Installing: /home/abdulrafi/Desktop/ROS2_Final_Project/kobuki_ws/install/ecl_core_apps/bin/ecl_quaternion2yaw
[187.976s] -- Set non-toolchain portion of runtime path of "/home/abdulrafi/Desktop/ROS2_Final_Project/kobuki_ws/install/ecl_core_apps/bin/ecl_quaternion2yaw" to ""
[187.976s] -- Installing: /home/abdulrafi/Desktop/ROS2_Final_Project/kobuki_ws/install/ecl_core_apps/bin/ecl_yaw2quaternion
[187.977s] -- Set non-toolchain portion of runtime path of "/home/abdulrafi/Desktop/ROS2_Final_Project/kobuki_ws/install/ecl_core_apps/bin/ecl_yaw2quaternion" to ""
[187.985s] Invoked command in '/home/abdulrafi/Desktop/ROS2_Final_Project/kobuki_ws/build/ecl_core_apps' returned '0': AMENT_PREFIX_PATH=/home/abdulrafi/Desktop/ROS2_Final_Project/kobuki_ws/install/ecl_streams:/home/abdulrafi/Desktop/ROS2_Final_Project/kobuki_ws/install/ecl_geometry:/home/abdulrafi/Desktop/ROS2_Final_Project/kobuki_ws/install/ecl_devices:/home/abdulrafi/Desktop/ROS2_Final_Project/kobuki_ws/install/ecl_sigslots:/home/abdulrafi/Desktop/ROS2_Final_Project/kobuki_ws/install/ecl_linear_algebra:/home/abdulrafi/Desktop/ROS2_Final_Project/kobuki_ws/install/ecl_ipc:/home/abdulrafi/Desktop/ROS2_Final_Project/kobuki_ws/install/ecl_containers:/home/abdulrafi/Desktop/ROS2_Final_Project/kobuki_ws/install/ecl_threads:/home/abdulrafi/Desktop/ROS2_Final_Project/kobuki_ws/install/ecl_formatters:/home/abdulrafi/Desktop/ROS2_Final_Project/kobuki_ws/install/ecl_utilities:/home/abdulrafi/Desktop/ROS2_Final_Project/kobuki_ws/install/ecl_time:/home/abdulrafi/Desktop/ROS2_Final_Project/kobuki_ws/install/ecl_converters:/home/abdulrafi/Desktop/ROS2_Final_Project/kobuki_ws/install/ecl_time_lite:/home/abdulrafi/Desktop/ROS2_Final_Project/kobuki_ws/install/ecl_math:/home/abdulrafi/Desktop/ROS2_Final_Project/kobuki_ws/install/ecl_exceptions:/home/abdulrafi/Desktop/ROS2_Final_Project/kobuki_ws/install/ecl_concepts:/home/abdulrafi/Desktop/ROS2_Final_Project/kobuki_ws/install/ecl_type_traits:/home/abdulrafi/Desktop/ROS2_Final_Project/kobuki_ws/install/ecl_errors:/home/abdulrafi/Desktop/ROS2_Final_Project/kobuki_ws/install/ecl_mpl:/home/abdulrafi/Desktop/ROS2_Final_Project/kobuki_ws/install/ecl_eigen:/home/abdulrafi/Desktop/ROS2_Final_Project/kobuki_ws/install/ecl_config:/home/abdulrafi/Desktop/ROS2_Final_Project/kobuki_ws/install/ecl_command_line:${AMENT_PREFIX_PATH} CMAKE_PREFIX_PATH=/home/abdulrafi/Desktop/ROS2_Final_Project/kobuki_ws/install/ecl_streams:/home/abdulrafi/Desktop/ROS2_Final_Project/kobuki_ws/install/ecl_geometry:/home/abdulrafi/Desktop/ROS2_Final_Project/kobuki_ws/install/ecl_devices:/home/abdulrafi/Desktop/ROS2_Final_Project/kobuki_ws/install/ecl_sigslots:/home/abdulrafi/Desktop/ROS2_Final_Project/kobuki_ws/install/ecl_linear_algebra:/home/abdulrafi/Desktop/ROS2_Final_Project/kobuki_ws/install/ecl_ipc:/home/abdulrafi/Desktop/ROS2_Final_Project/kobuki_ws/install/ecl_containers:/home/abdulrafi/Desktop/ROS2_Final_Project/kobuki_ws/install/ecl_threads:/home/abdulrafi/Desktop/ROS2_Final_Project/kobuki_ws/install/ecl_formatters:/home/abdulrafi/Desktop/ROS2_Final_Project/kobuki_ws/install/ecl_utilities:/home/abdulrafi/Desktop/ROS2_Final_Project/kobuki_ws/install/ecl_time:/home/abdulrafi/Desktop/ROS2_Final_Project/kobuki_ws/install/ecl_converters:/home/abdulrafi/Desktop/ROS2_Final_Project/kobuki_ws/install/ecl_time_lite:/home/abdulrafi/Desktop/ROS2_Final_Project/kobuki_ws/install/ecl_math:/home/abdulrafi/Desktop/ROS2_Final_Project/kobuki_ws/install/ecl_exceptions:/home/abdulrafi/Desktop/ROS2_Final_Project/kobuki_ws/install/ecl_concepts:/home/abdulrafi/Desktop/ROS2_Final_Project/kobuki_ws/install/ecl_type_traits:/home/abdulrafi/Desktop/ROS2_Final_Project/kobuki_ws/install/ecl_errors:/home/abdulrafi/Desktop/ROS2_Final_Project/kobuki_ws/install/ecl_mpl:/home/abdulrafi/Desktop/ROS2_Final_Project/kobuki_ws/install/ecl_eigen:/home/abdulrafi/Desktop/ROS2_Final_Project/kobuki_ws/install/ecl_config:/home/abdulrafi/Desktop/ROS2_Final_Project/kobuki_ws/install/ecl_command_line:/opt/ros/jazzy/opt/gz_sim_vendor:/opt/ros/jazzy/opt/gz_sensors_vendor:/opt/ros/jazzy/opt/gz_physics_vendor:/opt/ros/jazzy/opt/sdformat_vendor:/opt/ros/jazzy/opt/gz_gui_vendor:/opt/ros/jazzy/opt/gz_transport_vendor:/opt/ros/jazzy/opt/gz_rendering_vendor:/opt/ros/jazzy/opt/gz_plugin_vendor:/opt/ros/jazzy/opt/gz_fuel_tools_vendor:/opt/ros/jazzy/opt/gz_msgs_vendor:/opt/ros/jazzy/opt/gz_common_vendor:/opt/ros/jazzy/opt/gz_math_vendor:/opt/ros/jazzy/opt/gz_utils_vendor:/opt/ros/jazzy/opt/gz_tools_vendor:/opt/ros/jazzy/opt/gz_ogre_next_vendor:/opt/ros/jazzy/opt/gz_dartsim_vendor:/opt/ros/jazzy/opt/gz_cmake_vendor:/opt/ros/jazzy DEBUGINFOD_URLS=https://debuginfod.ubuntu.com LD_LIBRARY_PATH=/home/abdulrafi/Desktop/ROS2_Final_Project/kobuki_ws/install/ecl_streams/lib:/home/abdulrafi/Desktop/ROS2_Final_Project/kobuki_ws/install/ecl_geometry/lib:/home/abdulrafi/Desktop/ROS2_Final_Project/kobuki_ws/install/ecl_devices/lib:/home/abdulrafi/Desktop/ROS2_Final_Project/kobuki_ws/install/ecl_linear_algebra/lib:/home/abdulrafi/Desktop/ROS2_Final_Project/kobuki_ws/install/ecl_ipc/lib:/home/abdulrafi/Desktop/ROS2_Final_Project/kobuki_ws/install/ecl_threads/lib:/home/abdulrafi/Desktop/ROS2_Final_Project/kobuki_ws/install/ecl_formatters/lib:/home/abdulrafi/Desktop/ROS2_Final_Project/kobuki_ws/install/ecl_time/lib:/home/abdulrafi/Desktop/ROS2_Final_Project/kobuki_ws/install/ecl_time_lite/lib:/home/abdulrafi/Desktop/ROS2_Final_Project/kobuki_ws/install/ecl_exceptions/lib:/home/abdulrafi/Desktop/ROS2_Final_Project/kobuki_ws/install/ecl_type_traits/lib:/home/abdulrafi/Desktop/ROS2_Final_Project/kobuki_ws/install/ecl_errors/lib:${LD_LIBRARY_PATH} PATH=/home/abdulrafi/Desktop/ROS2_Final_Project/kobuki_ws/install/ecl_type_traits/bin:/home/abdulrafi/Desktop/ROS2_Final_Project/kobuki_ws/install/ecl_config/bin:${PATH} /usr/bin/cmake --install /home/abdulrafi/Desktop/ROS2_Final_Project/kobuki_ws/build/ecl_core_apps
