-- The C compiler identification is GNU 13.3.0
-- The CXX compiler identification is GNU 13.3.0
-- Detecting C compiler ABI info
-- Detecting C compiler ABI info - done
-- Check for working C compiler: /usr/bin/cc - skipped
-- Detecting C compile features
-- Detecting C compile features - done
-- Detecting CXX compiler ABI info
-- Detecting CXX compiler ABI info - done
-- Check for working CXX compiler: /usr/bin/c++ - skipped
-- Detecting CXX compile features
-- Detecting CXX compile features - done
-- Found ament_cmake: 2.5.6 (/opt/ros/jazzy/share/ament_cmake/cmake)
-- Found Python3: /usr/bin/python3 (found version "3.12.3") found components: Interpreter 
-- Found ros_gz_sim: 1.0.22 (/opt/ros/jazzy/share/ros_gz_sim/cmake)
-- Found rosidl_generator_c: 4.6.7 (/opt/ros/jazzy/share/rosidl_generator_c/cmake)
-- Found rosidl_generator_cpp: 4.6.7 (/opt/ros/jazzy/share/rosidl_generator_cpp/cmake)
-- Using all available rosidl_typesupport_c: rosidl_typesupport_fastrtps_c;rosidl_typesupport_introspection_c
-- Using all available rosidl_typesupport_cpp: rosidl_typesupport_fastrtps_cpp;rosidl_typesupport_introspection_cpp
-- Found rmw_implementation_cmake: 7.3.3 (/opt/ros/jazzy/share/rmw_implementation_cmake/cmake)
-- Found rmw_fastrtps_cpp: 8.4.3 (/opt/ros/jazzy/share/rmw_fastrtps_cpp/cmake)
-- Found OpenSSL: /usr/lib/aarch64-linux-gnu/libcrypto.so (found version "3.0.13")  
-- Found FastRTPS: /opt/ros/jazzy/include (Required is at least version "2.13") 
-- Using RMW implementation 'rmw_fastrtps_cpp' as default
-- Configuring done (7.2s)
-- Generating done (0.0s)
-- Build files have been written to: /home/abdulrafi/Desktop/ROS2_Final_Project/kobuki_ws/build/aws_robomaker_bookstore_world
-- Install configuration: ""
-- Installing: /home/abdulrafi/Desktop/ROS2_Final_Project/kobuki_ws/install/aws_robomaker_bookstore_world/share/aws_robomaker_bookstore_world/launch
-- Installing: /home/abdulrafi/Desktop/ROS2_Final_Project/kobuki_ws/install/aws_robomaker_bookstore_world/share/aws_robomaker_bookstore_world/launch/bookstore.launch.py
-- Installing: /home/abdulrafi/Desktop/ROS2_Final_Project/kobuki_ws/install/aws_robomaker_bookstore_world/share/aws_robomaker_bookstore_world/launch/view_bookstore.launch.py
-- Installing: /home/abdulrafi/Desktop/ROS2_Final_Project/kobuki_ws/install/aws_robomaker_bookstore_world/share/aws_robomaker_bookstore_world/maps
-- Installing: /home/abdulrafi/Desktop/ROS2_Final_Project/kobuki_ws/install/aws_robomaker_bookstore_world/share/aws_robomaker_bookstore_world/maps/turtlebot3_waffle_pi
-- Installing: /home/abdulrafi/Desktop/ROS2_Final_Project/kobuki_ws/install/aws_robomaker_bookstore_world/share/aws_robomaker_bookstore_world/maps/turtlebot3_waffle_pi/map.yaml
-- Installing: /home/abdulrafi/Desktop/ROS2_Final_Project/kobuki_ws/install/aws_robomaker_bookstore_world/share/aws_robomaker_bookstore_world/maps/turtlebot3_waffle_pi/map.pgm
-- Installing: /home/abdulrafi/Desktop/ROS2_Final_Project/kobuki_ws/install/aws_robomaker_bookstore_world/share/aws_robomaker_bookstore_world/models
-- Installing: /home/abdulrafi/Desktop/ROS2_Final_Project/kobuki_ws/install/aws_robomaker_bookstore_world/share/aws_robomaker_bookstore_world/models/aws_robomaker_retail_ColumnB_01
-- Installing: /home/abdulrafi/Desktop/ROS2_Final_Project/kobuki_ws/install/aws_robomaker_bookstore_world/share/aws_robomaker_bookstore_world/models/aws_robomaker_retail_ColumnB_01/model.sdf
-- Installing: /home/abdulrafi/Desktop/ROS2_Final_Project/kobuki_ws/install/aws_robomaker_bookstore_world/share/aws_robomaker_bookstore_world/models/aws_robomaker_retail_ColumnB_01/materials
-- Installing: /home/abdulrafi/Desktop/ROS2_Final_Project/kobuki_ws/install/aws_robomaker_bookstore_world/share/aws_robomaker_bookstore_world/models/aws_robomaker_retail_ColumnB_01/materials/textures
-- Installing: /home/abdulrafi/Desktop/ROS2_Final_Project/kobuki_ws/install/aws_robomaker_bookstore_world/share/aws_robomaker_bookstore_world/models/aws_robomaker_retail_ColumnB_01/materials/textures/aws_ColumnB_01.png
-- Installing: /home/abdulrafi/Desktop/ROS2_Final_Project/kobuki_ws/install/aws_robomaker_bookstore_world/share/aws_robomaker_bookstore_world/models/aws_robomaker_retail_ColumnB_01/meshes
-- Installing: /home/abdulrafi/Desktop/ROS2_Final_Project/kobuki_ws/install/aws_robomaker_bookstore_world/share/aws_robomaker_bookstore_world/models/aws_robomaker_retail_ColumnB_01/meshes/aws_ColumnB_01_collision.DAE
-- Installing: /home/abdulrafi/Desktop/ROS2_Final_Project/kobuki_ws/install/aws_robomaker_bookstore_world/share/aws_robomaker_bookstore_world/models/aws_robomaker_retail_ColumnB_01/meshes/aws_ColumnB_01_visual.DAE
-- Installing: /home/abdulrafi/Desktop/ROS2_Final_Project/kobuki_ws/install/aws_robomaker_bookstore_world/share/aws_robomaker_bookstore_world/models/aws_robomaker_retail_ColumnB_01/model.config
-- Installing: /home/abdulrafi/Desktop/ROS2_Final_Project/kobuki_ws/install/aws_robomaker_bookstore_world/share/aws_robomaker_bookstore_world/models/aws_robomaker_retail_RetailShopCeiling_01
-- Installing: /home/abdulrafi/Desktop/ROS2_Final_Project/kobuki_ws/install/aws_robomaker_bookstore_world/share/aws_robomaker_bookstore_world/models/aws_robomaker_retail_RetailShopCeiling_01/model.sdf
-- Installing: /home/abdulrafi/Desktop/ROS2_Final_Project/kobuki_ws/install/aws_robomaker_bookstore_world/share/aws_robomaker_bookstore_world/models/aws_robomaker_retail_RetailShopCeiling_01/materials
-- Installing: /home/abdulrafi/Desktop/ROS2_Final_Project/kobuki_ws/install/aws_robomaker_bookstore_world/share/aws_robomaker_bookstore_world/models/aws_robomaker_retail_RetailShopCeiling_01/materials/textures
-- Installing: /home/abdulrafi/Desktop/ROS2_Final_Project/kobuki_ws/install/aws_robomaker_bookstore_world/share/aws_robomaker_bookstore_world/models/aws_robomaker_retail_RetailShopCeiling_01/materials/textures/aws_RetailShopCeiling_01.png
-- Installing: /home/abdulrafi/Desktop/ROS2_Final_Project/kobuki_ws/install/aws_robomaker_bookstore_world/share/aws_robomaker_bookstore_world/models/aws_robomaker_retail_RetailShopCeiling_01/meshes
-- Installing: /home/abdulrafi/Desktop/ROS2_Final_Project/kobuki_ws/install/aws_robomaker_bookstore_world/share/aws_robomaker_bookstore_world/models/aws_robomaker_retail_RetailShopCeiling_01/meshes/aws_RetailShopCeiling_01_visual.DAE
-- Installing: /home/abdulrafi/Desktop/ROS2_Final_Project/kobuki_ws/install/aws_robomaker_bookstore_world/share/aws_robomaker_bookstore_world/models/aws_robomaker_retail_RetailShopCeiling_01/meshes/aws_RetailShopCeiling_01_collision.DAE
-- Installing: /home/abdulrafi/Desktop/ROS2_Final_Project/kobuki_ws/install/aws_robomaker_bookstore_world/share/aws_robomaker_bookstore_world/models/aws_robomaker_retail_RetailShopCeiling_01/model.config
-- Installing: /home/abdulrafi/Desktop/ROS2_Final_Project/kobuki_ws/install/aws_robomaker_bookstore_world/share/aws_robomaker_bookstore_world/models/aws_robomaker_retail_DoorB_01
-- Installing: /home/abdulrafi/Desktop/ROS2_Final_Project/kobuki_ws/install/aws_robomaker_bookstore_world/share/aws_robomaker_bookstore_world/models/aws_robomaker_retail_DoorB_01/model.sdf
-- Installing: /home/abdulrafi/Desktop/ROS2_Final_Project/kobuki_ws/install/aws_robomaker_bookstore_world/share/aws_robomaker_bookstore_world/models/aws_robomaker_retail_DoorB_01/materials
-- Installing: /home/abdulrafi/Desktop/ROS2_Final_Project/kobuki_ws/install/aws_robomaker_bookstore_world/share/aws_robomaker_bookstore_world/models/aws_robomaker_retail_DoorB_01/materials/textures
-- Installing: /home/abdulrafi/Desktop/ROS2_Final_Project/kobuki_ws/install/aws_robomaker_bookstore_world/share/aws_robomaker_bookstore_world/models/aws_robomaker_retail_DoorB_01/materials/textures/aws_DoorB_01.png
-- Installing: /home/abdulrafi/Desktop/ROS2_Final_Project/kobuki_ws/install/aws_robomaker_bookstore_world/share/aws_robomaker_bookstore_world/models/aws_robomaker_retail_DoorB_01/meshes
-- Installing: /home/abdulrafi/Desktop/ROS2_Final_Project/kobuki_ws/install/aws_robomaker_bookstore_world/share/aws_robomaker_bookstore_world/models/aws_robomaker_retail_DoorB_01/meshes/aws_DoorB_01_collision.DAE
-- Installing: /home/abdulrafi/Desktop/ROS2_Final_Project/kobuki_ws/install/aws_robomaker_bookstore_world/share/aws_robomaker_bookstore_world/models/aws_robomaker_retail_DoorB_01/meshes/aws_DoorB_01_visual.DAE
-- Installing: /home/abdulrafi/Desktop/ROS2_Final_Project/kobuki_ws/install/aws_robomaker_bookstore_world/share/aws_robomaker_bookstore_world/models/aws_robomaker_retail_DoorB_01/model.config
-- Installing: /home/abdulrafi/Desktop/ROS2_Final_Project/kobuki_ws/install/aws_robomaker_bookstore_world/share/aws_robomaker_bookstore_world/models/aws_robomaker_retail_TabletB_01
-- Installing: /home/abdulrafi/Desktop/ROS2_Final_Project/kobuki_ws/install/aws_robomaker_bookstore_world/share/aws_robomaker_bookstore_world/models/aws_robomaker_retail_TabletB_01/model.sdf
-- Installing: /home/abdulrafi/Desktop/ROS2_Final_Project/kobuki_ws/install/aws_robomaker_bookstore_world/share/aws_robomaker_bookstore_world/models/aws_robomaker_retail_TabletB_01/materials
-- Installing: /home/abdulrafi/Desktop/ROS2_Final_Project/kobuki_ws/install/aws_robomaker_bookstore_world/share/aws_robomaker_bookstore_world/models/aws_robomaker_retail_TabletB_01/materials/textures
-- Installing: /home/abdulrafi/Desktop/ROS2_Final_Project/kobuki_ws/install/aws_robomaker_bookstore_world/share/aws_robomaker_bookstore_world/models/aws_robomaker_retail_TabletB_01/materials/textures/aws_TabletB_01.png
-- Installing: /home/abdulrafi/Desktop/ROS2_Final_Project/kobuki_ws/install/aws_robomaker_bookstore_world/share/aws_robomaker_bookstore_world/models/aws_robomaker_retail_TabletB_01/meshes
-- Installing: /home/abdulrafi/Desktop/ROS2_Final_Project/kobuki_ws/install/aws_robomaker_bookstore_world/share/aws_robomaker_bookstore_world/models/aws_robomaker_retail_TabletB_01/meshes/aws_TabletB_01_collision.DAE
-- Installing: /home/abdulrafi/Desktop/ROS2_Final_Project/kobuki_ws/install/aws_robomaker_bookstore_world/share/aws_robomaker_bookstore_world/models/aws_robomaker_retail_TabletB_01/meshes/aws_TabletB_01_visual.DAE
-- Installing: /home/abdulrafi/Desktop/ROS2_Final_Project/kobuki_ws/install/aws_robomaker_bookstore_world/share/aws_robomaker_bookstore_world/models/aws_robomaker_retail_TabletB_01/model.config
-- Installing: /home/abdulrafi/Desktop/ROS2_Final_Project/kobuki_ws/install/aws_robomaker_bookstore_world/share/aws_robomaker_bookstore_world/models/aws_robomaker_retail_BookB_01
-- Installing: /home/abdulrafi/Desktop/ROS2_Final_Project/kobuki_ws/install/aws_robomaker_bookstore_world/share/aws_robomaker_bookstore_world/models/aws_robomaker_retail_BookB_01/model.sdf
-- Installing: /home/abdulrafi/Desktop/ROS2_Final_Project/kobuki_ws/install/aws_robomaker_bookstore_world/share/aws_robomaker_bookstore_world/models/aws_robomaker_retail_BookB_01/materials
-- Installing: /home/abdulrafi/Desktop/ROS2_Final_Project/kobuki_ws/install/aws_robomaker_bookstore_world/share/aws_robomaker_bookstore_world/models/aws_robomaker_retail_BookB_01/materials/textures
-- Installing: /home/abdulrafi/Desktop/ROS2_Final_Project/kobuki_ws/install/aws_robomaker_bookstore_world/share/aws_robomaker_bookstore_world/models/aws_robomaker_retail_BookB_01/materials/textures/aws_BookB_01.png
-- Installing: /home/abdulrafi/Desktop/ROS2_Final_Project/kobuki_ws/install/aws_robomaker_bookstore_world/share/aws_robomaker_bookstore_world/models/aws_robomaker_retail_BookB_01/materials/textures/aws_BookB_02.png
-- Installing: /home/abdulrafi/Desktop/ROS2_Final_Project/kobuki_ws/install/aws_robomaker_bookstore_world/share/aws_robomaker_bookstore_world/models/aws_robomaker_retail_BookB_01/meshes
-- Installing: /home/abdulrafi/Desktop/ROS2_Final_Project/kobuki_ws/install/aws_robomaker_bookstore_world/share/aws_robomaker_bookstore_world/models/aws_robomaker_retail_BookB_01/meshes/aws_BookB_01_collision.DAE
-- Installing: /home/abdulrafi/Desktop/ROS2_Final_Project/kobuki_ws/install/aws_robomaker_bookstore_world/share/aws_robomaker_bookstore_world/models/aws_robomaker_retail_BookB_01/meshes/aws_BookB_01_visual.DAE
-- Installing: /home/abdulrafi/Desktop/ROS2_Final_Project/kobuki_ws/install/aws_robomaker_bookstore_world/share/aws_robomaker_bookstore_world/models/aws_robomaker_retail_BookB_01/model.config
-- Installing: /home/abdulrafi/Desktop/ROS2_Final_Project/kobuki_ws/install/aws_robomaker_bookstore_world/share/aws_robomaker_bookstore_world/models/aws_robomaker_retail_DeskB_01
-- Installing: /home/abdulrafi/Desktop/ROS2_Final_Project/kobuki_ws/install/aws_robomaker_bookstore_world/share/aws_robomaker_bookstore_world/models/aws_robomaker_retail_DeskB_01/model.sdf
-- Installing: /home/abdulrafi/Desktop/ROS2_Final_Project/kobuki_ws/install/aws_robomaker_bookstore_world/share/aws_robomaker_bookstore_world/models/aws_robomaker_retail_DeskB_01/materials
-- Installing: /home/abdulrafi/Desktop/ROS2_Final_Project/kobuki_ws/install/aws_robomaker_bookstore_world/share/aws_robomaker_bookstore_world/models/aws_robomaker_retail_DeskB_01/materials/textures
-- Installing: /home/abdulrafi/Desktop/ROS2_Final_Project/kobuki_ws/install/aws_robomaker_bookstore_world/share/aws_robomaker_bookstore_world/models/aws_robomaker_retail_DeskB_01/materials/textures/aws_DeskB_01.png
-- Installing: /home/abdulrafi/Desktop/ROS2_Final_Project/kobuki_ws/install/aws_robomaker_bookstore_world/share/aws_robomaker_bookstore_world/models/aws_robomaker_retail_DeskB_01/meshes
-- Installing: /home/abdulrafi/Desktop/ROS2_Final_Project/kobuki_ws/install/aws_robomaker_bookstore_world/share/aws_robomaker_bookstore_world/models/aws_robomaker_retail_DeskB_01/meshes/aws_DeskB_01_visual.DAE
-- Installing: /home/abdulrafi/Desktop/ROS2_Final_Project/kobuki_ws/install/aws_robomaker_bookstore_world/share/aws_robomaker_bookstore_world/models/aws_robomaker_retail_DeskB_01/meshes/aws_DeskB_01_collision.DAE
-- Installing: /home/abdulrafi/Desktop/ROS2_Final_Project/kobuki_ws/install/aws_robomaker_bookstore_world/share/aws_robomaker_bookstore_world/models/aws_robomaker_retail_DeskB_01/model.config
-- Installing: /home/abdulrafi/Desktop/ROS2_Final_Project/kobuki_ws/install/aws_robomaker_bookstore_world/share/aws_robomaker_bookstore_world/models/aws_robomaker_retail_MagicCube_01
-- Installing: /home/abdulrafi/Desktop/ROS2_Final_Project/kobuki_ws/install/aws_robomaker_bookstore_world/share/aws_robomaker_bookstore_world/models/aws_robomaker_retail_MagicCube_01/model.sdf
-- Installing: /home/abdulrafi/Desktop/ROS2_Final_Project/kobuki_ws/install/aws_robomaker_bookstore_world/share/aws_robomaker_bookstore_world/models/aws_robomaker_retail_MagicCube_01/materials
-- Installing: /home/abdulrafi/Desktop/ROS2_Final_Project/kobuki_ws/install/aws_robomaker_bookstore_world/share/aws_robomaker_bookstore_world/models/aws_robomaker_retail_MagicCube_01/materials/textures
-- Installing: /home/abdulrafi/Desktop/ROS2_Final_Project/kobuki_ws/install/aws_robomaker_bookstore_world/share/aws_robomaker_bookstore_world/models/aws_robomaker_retail_MagicCube_01/materials/textures/aws_MagicCube_01.png
-- Installing: /home/abdulrafi/Desktop/ROS2_Final_Project/kobuki_ws/install/aws_robomaker_bookstore_world/share/aws_robomaker_bookstore_world/models/aws_robomaker_retail_MagicCube_01/meshes
-- Installing: /home/abdulrafi/Desktop/ROS2_Final_Project/kobuki_ws/install/aws_robomaker_bookstore_world/share/aws_robomaker_bookstore_world/models/aws_robomaker_retail_MagicCube_01/meshes/aws_MagicCube_01_visual.DAE
-- Installing: /home/abdulrafi/Desktop/ROS2_Final_Project/kobuki_ws/install/aws_robomaker_bookstore_world/share/aws_robomaker_bookstore_world/models/aws_robomaker_retail_MagicCube_01/meshes/aws_MagicCube_01_collision.DAE
-- Installing: /home/abdulrafi/Desktop/ROS2_Final_Project/kobuki_ws/install/aws_robomaker_bookstore_world/share/aws_robomaker_bookstore_world/models/aws_robomaker_retail_MagicCube_01/model.config
-- Installing: /home/abdulrafi/Desktop/ROS2_Final_Project/kobuki_ws/install/aws_robomaker_bookstore_world/share/aws_robomaker_bookstore_world/models/aws_robomaker_retail_Spotlight_01
-- Installing: /home/abdulrafi/Desktop/ROS2_Final_Project/kobuki_ws/install/aws_robomaker_bookstore_world/share/aws_robomaker_bookstore_world/models/aws_robomaker_retail_Spotlight_01/model.sdf
-- Installing: /home/abdulrafi/Desktop/ROS2_Final_Project/kobuki_ws/install/aws_robomaker_bookstore_world/share/aws_robomaker_bookstore_world/models/aws_robomaker_retail_Spotlight_01/materials
-- Installing: /home/abdulrafi/Desktop/ROS2_Final_Project/kobuki_ws/install/aws_robomaker_bookstore_world/share/aws_robomaker_bookstore_world/models/aws_robomaker_retail_Spotlight_01/materials/textures
-- Installing: /home/abdulrafi/Desktop/ROS2_Final_Project/kobuki_ws/install/aws_robomaker_bookstore_world/share/aws_robomaker_bookstore_world/models/aws_robomaker_retail_Spotlight_01/materials/textures/aws_SpotlightDiffuse_01.png
-- Installing: /home/abdulrafi/Desktop/ROS2_Final_Project/kobuki_ws/install/aws_robomaker_bookstore_world/share/aws_robomaker_bookstore_world/models/aws_robomaker_retail_Spotlight_01/meshes
-- Installing: /home/abdulrafi/Desktop/ROS2_Final_Project/kobuki_ws/install/aws_robomaker_bookstore_world/share/aws_robomaker_bookstore_world/models/aws_robomaker_retail_Spotlight_01/meshes/aws_spotlight_01_visual.DAE
-- Installing: /home/abdulrafi/Desktop/ROS2_Final_Project/kobuki_ws/install/aws_robomaker_bookstore_world/share/aws_robomaker_bookstore_world/models/aws_robomaker_retail_Spotlight_01/meshes/aws_spotlight_01_collision.DAE
-- Installing: /home/abdulrafi/Desktop/ROS2_Final_Project/kobuki_ws/install/aws_robomaker_bookstore_world/share/aws_robomaker_bookstore_world/models/aws_robomaker_retail_Spotlight_01/model.config
-- Installing: /home/abdulrafi/Desktop/ROS2_Final_Project/kobuki_ws/install/aws_robomaker_bookstore_world/share/aws_robomaker_bookstore_world/models/aws_robomaker_retail_BookC_01
-- Installing: /home/abdulrafi/Desktop/ROS2_Final_Project/kobuki_ws/install/aws_robomaker_bookstore_world/share/aws_robomaker_bookstore_world/models/aws_robomaker_retail_BookC_01/model.sdf
-- Installing: /home/abdulrafi/Desktop/ROS2_Final_Project/kobuki_ws/install/aws_robomaker_bookstore_world/share/aws_robomaker_bookstore_world/models/aws_robomaker_retail_BookC_01/materials
-- Installing: /home/abdulrafi/Desktop/ROS2_Final_Project/kobuki_ws/install/aws_robomaker_bookstore_world/share/aws_robomaker_bookstore_world/models/aws_robomaker_retail_BookC_01/materials/textures
-- Installing: /home/abdulrafi/Desktop/ROS2_Final_Project/kobuki_ws/install/aws_robomaker_bookstore_world/share/aws_robomaker_bookstore_world/models/aws_robomaker_retail_BookC_01/materials/textures/aws_BookC_01.png
-- Installing: /home/abdulrafi/Desktop/ROS2_Final_Project/kobuki_ws/install/aws_robomaker_bookstore_world/share/aws_robomaker_bookstore_world/models/aws_robomaker_retail_BookC_01/meshes
-- Installing: /home/abdulrafi/Desktop/ROS2_Final_Project/kobuki_ws/install/aws_robomaker_bookstore_world/share/aws_robomaker_bookstore_world/models/aws_robomaker_retail_BookC_01/meshes/aws_BookC_01_visual.DAE
-- Installing: /home/abdulrafi/Desktop/ROS2_Final_Project/kobuki_ws/install/aws_robomaker_bookstore_world/share/aws_robomaker_bookstore_world/models/aws_robomaker_retail_BookC_01/meshes/aws_BookC_01_collision.DAE
-- Installing: /home/abdulrafi/Desktop/ROS2_Final_Project/kobuki_ws/install/aws_robomaker_bookstore_world/share/aws_robomaker_bookstore_world/models/aws_robomaker_retail_BookC_01/model.config
-- Installing: /home/abdulrafi/Desktop/ROS2_Final_Project/kobuki_ws/install/aws_robomaker_bookstore_world/share/aws_robomaker_bookstore_world/models/aws_robomaker_retail_Holder_01
-- Installing: /home/abdulrafi/Desktop/ROS2_Final_Project/kobuki_ws/install/aws_robomaker_bookstore_world/share/aws_robomaker_bookstore_world/models/aws_robomaker_retail_Holder_01/model.sdf
-- Installing: /home/abdulrafi/Desktop/ROS2_Final_Project/kobuki_ws/install/aws_robomaker_bookstore_world/share/aws_robomaker_bookstore_world/models/aws_robomaker_retail_Holder_01/materials
-- Installing: /home/abdulrafi/Desktop/ROS2_Final_Project/kobuki_ws/install/aws_robomaker_bookstore_world/share/aws_robomaker_bookstore_world/models/aws_robomaker_retail_Holder_01/materials/textures
-- Installing: /home/abdulrafi/Desktop/ROS2_Final_Project/kobuki_ws/install/aws_robomaker_bookstore_world/share/aws_robomaker_bookstore_world/models/aws_robomaker_retail_Holder_01/materials/textures/aws_Holder_01.png
-- Installing: /home/abdulrafi/Desktop/ROS2_Final_Project/kobuki_ws/install/aws_robomaker_bookstore_world/share/aws_robomaker_bookstore_world/models/aws_robomaker_retail_Holder_01/meshes
-- Installing: /home/abdulrafi/Desktop/ROS2_Final_Project/kobuki_ws/install/aws_robomaker_bookstore_world/share/aws_robomaker_bookstore_world/models/aws_robomaker_retail_Holder_01/meshes/aws_Holder_01_visual.DAE
-- Installing: /home/abdulrafi/Desktop/ROS2_Final_Project/kobuki_ws/install/aws_robomaker_bookstore_world/share/aws_robomaker_bookstore_world/models/aws_robomaker_retail_Holder_01/meshes/aws_Holder_01_collision.DAE
-- Installing: /home/abdulrafi/Desktop/ROS2_Final_Project/kobuki_ws/install/aws_robomaker_bookstore_world/share/aws_robomaker_bookstore_world/models/aws_robomaker_retail_Holder_01/model.config
-- Installing: /home/abdulrafi/Desktop/ROS2_Final_Project/kobuki_ws/install/aws_robomaker_bookstore_world/share/aws_robomaker_bookstore_world/models/aws_robomaker_retail_Tablet_01
-- Installing: /home/abdulrafi/Desktop/ROS2_Final_Project/kobuki_ws/install/aws_robomaker_bookstore_world/share/aws_robomaker_bookstore_world/models/aws_robomaker_retail_Tablet_01/model.sdf
-- Installing: /home/abdulrafi/Desktop/ROS2_Final_Project/kobuki_ws/install/aws_robomaker_bookstore_world/share/aws_robomaker_bookstore_world/models/aws_robomaker_retail_Tablet_01/materials
-- Installing: /home/abdulrafi/Desktop/ROS2_Final_Project/kobuki_ws/install/aws_robomaker_bookstore_world/share/aws_robomaker_bookstore_world/models/aws_robomaker_retail_Tablet_01/materials/textures
-- Installing: /home/abdulrafi/Desktop/ROS2_Final_Project/kobuki_ws/install/aws_robomaker_bookstore_world/share/aws_robomaker_bookstore_world/models/aws_robomaker_retail_Tablet_01/materials/textures/aws_Tablet_01_nologo.png
-- Installing: /home/abdulrafi/Desktop/ROS2_Final_Project/kobuki_ws/install/aws_robomaker_bookstore_world/share/aws_robomaker_bookstore_world/models/aws_robomaker_retail_Tablet_01/meshes
-- Installing: /home/abdulrafi/Desktop/ROS2_Final_Project/kobuki_ws/install/aws_robomaker_bookstore_world/share/aws_robomaker_bookstore_world/models/aws_robomaker_retail_Tablet_01/meshes/aws_Tablet_01_visual.DAE
-- Installing: /home/abdulrafi/Desktop/ROS2_Final_Project/kobuki_ws/install/aws_robomaker_bookstore_world/share/aws_robomaker_bookstore_world/models/aws_robomaker_retail_Tablet_01/meshes/aws_Tablet_01_collision.DAE
-- Installing: /home/abdulrafi/Desktop/ROS2_Final_Project/kobuki_ws/install/aws_robomaker_bookstore_world/share/aws_robomaker_bookstore_world/models/aws_robomaker_retail_Tablet_01/model.config
-- Installing: /home/abdulrafi/Desktop/ROS2_Final_Project/kobuki_ws/install/aws_robomaker_bookstore_world/share/aws_robomaker_bookstore_world/models/aws_robomaker_retail_BookshelfA_01
-- Installing: /home/abdulrafi/Desktop/ROS2_Final_Project/kobuki_ws/install/aws_robomaker_bookstore_world/share/aws_robomaker_bookstore_world/models/aws_robomaker_retail_BookshelfA_01/model.sdf
-- Installing: /home/abdulrafi/Desktop/ROS2_Final_Project/kobuki_ws/install/aws_robomaker_bookstore_world/share/aws_robomaker_bookstore_world/models/aws_robomaker_retail_BookshelfA_01/materials
-- Installing: /home/abdulrafi/Desktop/ROS2_Final_Project/kobuki_ws/install/aws_robomaker_bookstore_world/share/aws_robomaker_bookstore_world/models/aws_robomaker_retail_BookshelfA_01/materials/textures
-- Installing: /home/abdulrafi/Desktop/ROS2_Final_Project/kobuki_ws/install/aws_robomaker_bookstore_world/share/aws_robomaker_bookstore_world/models/aws_robomaker_retail_BookshelfA_01/materials/textures/aws_BookshelfA_03.png
-- Installing: /home/abdulrafi/Desktop/ROS2_Final_Project/kobuki_ws/install/aws_robomaker_bookstore_world/share/aws_robomaker_bookstore_world/models/aws_robomaker_retail_BookshelfA_01/materials/textures/aws_BookshelfA_02.png
-- Installing: /home/abdulrafi/Desktop/ROS2_Final_Project/kobuki_ws/install/aws_robomaker_bookstore_world/share/aws_robomaker_bookstore_world/models/aws_robomaker_retail_BookshelfA_01/materials/textures/aws_BookshelfA_01.png
-- Installing: /home/abdulrafi/Desktop/ROS2_Final_Project/kobuki_ws/install/aws_robomaker_bookstore_world/share/aws_robomaker_bookstore_world/models/aws_robomaker_retail_BookshelfA_01/meshes
-- Installing: /home/abdulrafi/Desktop/ROS2_Final_Project/kobuki_ws/install/aws_robomaker_bookstore_world/share/aws_robomaker_bookstore_world/models/aws_robomaker_retail_BookshelfA_01/meshes/aws_BookshelfA_01_visual.DAE
-- Installing: /home/abdulrafi/Desktop/ROS2_Final_Project/kobuki_ws/install/aws_robomaker_bookstore_world/share/aws_robomaker_bookstore_world/models/aws_robomaker_retail_BookshelfA_01/meshes/aws_BookshelfA_01_collision.DAE
-- Installing: /home/abdulrafi/Desktop/ROS2_Final_Project/kobuki_ws/install/aws_robomaker_bookstore_world/share/aws_robomaker_bookstore_world/models/aws_robomaker_retail_BookshelfA_01/model.config
-- Installing: /home/abdulrafi/Desktop/ROS2_Final_Project/kobuki_ws/install/aws_robomaker_bookstore_world/share/aws_robomaker_bookstore_world/models/aws_robomaker_retail_BookE_01
-- Installing: /home/abdulrafi/Desktop/ROS2_Final_Project/kobuki_ws/install/aws_robomaker_bookstore_world/share/aws_robomaker_bookstore_world/models/aws_robomaker_retail_BookE_01/model.sdf
-- Installing: /home/abdulrafi/Desktop/ROS2_Final_Project/kobuki_ws/install/aws_robomaker_bookstore_world/share/aws_robomaker_bookstore_world/models/aws_robomaker_retail_BookE_01/materials
-- Installing: /home/abdulrafi/Desktop/ROS2_Final_Project/kobuki_ws/install/aws_robomaker_bookstore_world/share/aws_robomaker_bookstore_world/models/aws_robomaker_retail_BookE_01/materials/textures
-- Installing: /home/abdulrafi/Desktop/ROS2_Final_Project/kobuki_ws/install/aws_robomaker_bookstore_world/share/aws_robomaker_bookstore_world/models/aws_robomaker_retail_BookE_01/materials/textures/aws_BookE_02.png
-- Installing: /home/abdulrafi/Desktop/ROS2_Final_Project/kobuki_ws/install/aws_robomaker_bookstore_world/share/aws_robomaker_bookstore_world/models/aws_robomaker_retail_BookE_01/materials/textures/aws_BookE_01.png
-- Installing: /home/abdulrafi/Desktop/ROS2_Final_Project/kobuki_ws/install/aws_robomaker_bookstore_world/share/aws_robomaker_bookstore_world/models/aws_robomaker_retail_BookE_01/meshes
-- Installing: /home/abdulrafi/Desktop/ROS2_Final_Project/kobuki_ws/install/aws_robomaker_bookstore_world/share/aws_robomaker_bookstore_world/models/aws_robomaker_retail_BookE_01/meshes/aws_BookE_01_collision.DAE
-- Installing: /home/abdulrafi/Desktop/ROS2_Final_Project/kobuki_ws/install/aws_robomaker_bookstore_world/share/aws_robomaker_bookstore_world/models/aws_robomaker_retail_BookE_01/meshes/aws_BookE_01_visual.DAE
-- Installing: /home/abdulrafi/Desktop/ROS2_Final_Project/kobuki_ws/install/aws_robomaker_bookstore_world/share/aws_robomaker_bookstore_world/models/aws_robomaker_retail_BookE_01/model.config
-- Installing: /home/abdulrafi/Desktop/ROS2_Final_Project/kobuki_ws/install/aws_robomaker_bookstore_world/share/aws_robomaker_bookstore_world/models/aws_robomaker_retail_RetailShopFloor_01
-- Installing: /home/abdulrafi/Desktop/ROS2_Final_Project/kobuki_ws/install/aws_robomaker_bookstore_world/share/aws_robomaker_bookstore_world/models/aws_robomaker_retail_RetailShopFloor_01/model.sdf
-- Installing: /home/abdulrafi/Desktop/ROS2_Final_Project/kobuki_ws/install/aws_robomaker_bookstore_world/share/aws_robomaker_bookstore_world/models/aws_robomaker_retail_RetailShopFloor_01/materials
-- Installing: /home/abdulrafi/Desktop/ROS2_Final_Project/kobuki_ws/install/aws_robomaker_bookstore_world/share/aws_robomaker_bookstore_world/models/aws_robomaker_retail_RetailShopFloor_01/materials/textures
-- Installing: /home/abdulrafi/Desktop/ROS2_Final_Project/kobuki_ws/install/aws_robomaker_bookstore_world/share/aws_robomaker_bookstore_world/models/aws_robomaker_retail_RetailShopFloor_01/materials/textures/aws_RetailShopFloor_01.png
-- Installing: /home/abdulrafi/Desktop/ROS2_Final_Project/kobuki_ws/install/aws_robomaker_bookstore_world/share/aws_robomaker_bookstore_world/models/aws_robomaker_retail_RetailShopFloor_01/meshes
-- Installing: /home/abdulrafi/Desktop/ROS2_Final_Project/kobuki_ws/install/aws_robomaker_bookstore_world/share/aws_robomaker_bookstore_world/models/aws_robomaker_retail_RetailShopFloor_01/meshes/aws_RetailShopFloor_01_collision.DAE
-- Installing: /home/abdulrafi/Desktop/ROS2_Final_Project/kobuki_ws/install/aws_robomaker_bookstore_world/share/aws_robomaker_bookstore_world/models/aws_robomaker_retail_RetailShopFloor_01/meshes/aws_RetailShopFloor_01_visual.DAE
-- Installing: /home/abdulrafi/Desktop/ROS2_Final_Project/kobuki_ws/install/aws_robomaker_bookstore_world/share/aws_robomaker_bookstore_world/models/aws_robomaker_retail_RetailShopFloor_01/model.config
-- Installing: /home/abdulrafi/Desktop/ROS2_Final_Project/kobuki_ws/install/aws_robomaker_bookstore_world/share/aws_robomaker_bookstore_world/models/aws_robomaker_retail_SecurityCamera_01
-- Installing: /home/abdulrafi/Desktop/ROS2_Final_Project/kobuki_ws/install/aws_robomaker_bookstore_world/share/aws_robomaker_bookstore_world/models/aws_robomaker_retail_SecurityCamera_01/model.sdf
-- Installing: /home/abdulrafi/Desktop/ROS2_Final_Project/kobuki_ws/install/aws_robomaker_bookstore_world/share/aws_robomaker_bookstore_world/models/aws_robomaker_retail_SecurityCamera_01/materials
-- Installing: /home/abdulrafi/Desktop/ROS2_Final_Project/kobuki_ws/install/aws_robomaker_bookstore_world/share/aws_robomaker_bookstore_world/models/aws_robomaker_retail_SecurityCamera_01/materials/textures
-- Installing: /home/abdulrafi/Desktop/ROS2_Final_Project/kobuki_ws/install/aws_robomaker_bookstore_world/share/aws_robomaker_bookstore_world/models/aws_robomaker_retail_SecurityCamera_01/materials/textures/aws_SecurityCamera_01.png
-- Installing: /home/abdulrafi/Desktop/ROS2_Final_Project/kobuki_ws/install/aws_robomaker_bookstore_world/share/aws_robomaker_bookstore_world/models/aws_robomaker_retail_SecurityCamera_01/meshes
-- Installing: /home/abdulrafi/Desktop/ROS2_Final_Project/kobuki_ws/install/aws_robomaker_bookstore_world/share/aws_robomaker_bookstore_world/models/aws_robomaker_retail_SecurityCamera_01/meshes/aws_SecurityCamera_01_visual.DAE
-- Installing: /home/abdulrafi/Desktop/ROS2_Final_Project/kobuki_ws/install/aws_robomaker_bookstore_world/share/aws_robomaker_bookstore_world/models/aws_robomaker_retail_SecurityCamera_01/meshes/aws_SecurityCamera_01_collision.DAE
-- Installing: /home/abdulrafi/Desktop/ROS2_Final_Project/kobuki_ws/install/aws_robomaker_bookstore_world/share/aws_robomaker_bookstore_world/models/aws_robomaker_retail_SecurityCamera_01/model.config
-- Installing: /home/abdulrafi/Desktop/ROS2_Final_Project/kobuki_ws/install/aws_robomaker_bookstore_world/share/aws_robomaker_bookstore_world/models/aws_robomaker_retail_SmartSpeakerTall_01
-- Installing: /home/abdulrafi/Desktop/ROS2_Final_Project/kobuki_ws/install/aws_robomaker_bookstore_world/share/aws_robomaker_bookstore_world/models/aws_robomaker_retail_SmartSpeakerTall_01/model.sdf
-- Installing: /home/abdulrafi/Desktop/ROS2_Final_Project/kobuki_ws/install/aws_robomaker_bookstore_world/share/aws_robomaker_bookstore_world/models/aws_robomaker_retail_SmartSpeakerTall_01/materials
-- Installing: /home/abdulrafi/Desktop/ROS2_Final_Project/kobuki_ws/install/aws_robomaker_bookstore_world/share/aws_robomaker_bookstore_world/models/aws_robomaker_retail_SmartSpeakerTall_01/materials/textures
-- Installing: /home/abdulrafi/Desktop/ROS2_Final_Project/kobuki_ws/install/aws_robomaker_bookstore_world/share/aws_robomaker_bookstore_world/models/aws_robomaker_retail_SmartSpeakerTall_01/materials/textures/aws_SmartSpeakerTall_01.png
-- Installing: /home/abdulrafi/Desktop/ROS2_Final_Project/kobuki_ws/install/aws_robomaker_bookstore_world/share/aws_robomaker_bookstore_world/models/aws_robomaker_retail_SmartSpeakerTall_01/meshes
-- Installing: /home/abdulrafi/Desktop/ROS2_Final_Project/kobuki_ws/install/aws_robomaker_bookstore_world/share/aws_robomaker_bookstore_world/models/aws_robomaker_retail_SmartSpeakerTall_01/meshes/aws_SmartSpeakerTall_01_collision.DAE
-- Installing: /home/abdulrafi/Desktop/ROS2_Final_Project/kobuki_ws/install/aws_robomaker_bookstore_world/share/aws_robomaker_bookstore_world/models/aws_robomaker_retail_SmartSpeakerTall_01/meshes/aws_SmartSpeakerTall_01_visual.DAE
-- Installing: /home/abdulrafi/Desktop/ROS2_Final_Project/kobuki_ws/install/aws_robomaker_bookstore_world/share/aws_robomaker_bookstore_world/models/aws_robomaker_retail_SmartSpeakerTall_01/model.config
-- Installing: /home/abdulrafi/Desktop/ROS2_Final_Project/kobuki_ws/install/aws_robomaker_bookstore_world/share/aws_robomaker_bookstore_world/models/aws_robomaker_retail_BookshelfB_01
-- Installing: /home/abdulrafi/Desktop/ROS2_Final_Project/kobuki_ws/install/aws_robomaker_bookstore_world/share/aws_robomaker_bookstore_world/models/aws_robomaker_retail_BookshelfB_01/model.sdf
-- Installing: /home/abdulrafi/Desktop/ROS2_Final_Project/kobuki_ws/install/aws_robomaker_bookstore_world/share/aws_robomaker_bookstore_world/models/aws_robomaker_retail_BookshelfB_01/materials
-- Installing: /home/abdulrafi/Desktop/ROS2_Final_Project/kobuki_ws/install/aws_robomaker_bookstore_world/share/aws_robomaker_bookstore_world/models/aws_robomaker_retail_BookshelfB_01/materials/textures
-- Installing: /home/abdulrafi/Desktop/ROS2_Final_Project/kobuki_ws/install/aws_robomaker_bookstore_world/share/aws_robomaker_bookstore_world/models/aws_robomaker_retail_BookshelfB_01/materials/textures/aws_BookshelfB_01.png
-- Installing: /home/abdulrafi/Desktop/ROS2_Final_Project/kobuki_ws/install/aws_robomaker_bookstore_world/share/aws_robomaker_bookstore_world/models/aws_robomaker_retail_BookshelfB_01/materials/textures/aws_BookshelfB_02.png
-- Installing: /home/abdulrafi/Desktop/ROS2_Final_Project/kobuki_ws/install/aws_robomaker_bookstore_world/share/aws_robomaker_bookstore_world/models/aws_robomaker_retail_BookshelfB_01/meshes
-- Installing: /home/abdulrafi/Desktop/ROS2_Final_Project/kobuki_ws/install/aws_robomaker_bookstore_world/share/aws_robomaker_bookstore_world/models/aws_robomaker_retail_BookshelfB_01/meshes/aws_BookshelfB_01_visual.DAE
-- Installing: /home/abdulrafi/Desktop/ROS2_Final_Project/kobuki_ws/install/aws_robomaker_bookstore_world/share/aws_robomaker_bookstore_world/models/aws_robomaker_retail_BookshelfB_01/meshes/aws_BookshelfB_01_collision.DAE
-- Installing: /home/abdulrafi/Desktop/ROS2_Final_Project/kobuki_ws/install/aws_robomaker_bookstore_world/share/aws_robomaker_bookstore_world/models/aws_robomaker_retail_BookshelfB_01/model.config
-- Installing: /home/abdulrafi/Desktop/ROS2_Final_Project/kobuki_ws/install/aws_robomaker_bookstore_world/share/aws_robomaker_bookstore_world/models/aws_robomaker_retail_BookD_01
-- Installing: /home/abdulrafi/Desktop/ROS2_Final_Project/kobuki_ws/install/aws_robomaker_bookstore_world/share/aws_robomaker_bookstore_world/models/aws_robomaker_retail_BookD_01/model.sdf
-- Installing: /home/abdulrafi/Desktop/ROS2_Final_Project/kobuki_ws/install/aws_robomaker_bookstore_world/share/aws_robomaker_bookstore_world/models/aws_robomaker_retail_BookD_01/materials
-- Installing: /home/abdulrafi/Desktop/ROS2_Final_Project/kobuki_ws/install/aws_robomaker_bookstore_world/share/aws_robomaker_bookstore_world/models/aws_robomaker_retail_BookD_01/materials/textures
-- Installing: /home/abdulrafi/Desktop/ROS2_Final_Project/kobuki_ws/install/aws_robomaker_bookstore_world/share/aws_robomaker_bookstore_world/models/aws_robomaker_retail_BookD_01/materials/textures/aws_BookD_01.png
-- Installing: /home/abdulrafi/Desktop/ROS2_Final_Project/kobuki_ws/install/aws_robomaker_bookstore_world/share/aws_robomaker_bookstore_world/models/aws_robomaker_retail_BookD_01/meshes
-- Installing: /home/abdulrafi/Desktop/ROS2_Final_Project/kobuki_ws/install/aws_robomaker_bookstore_world/share/aws_robomaker_bookstore_world/models/aws_robomaker_retail_BookD_01/meshes/aws_BookD_01_visual.DAE
-- Installing: /home/abdulrafi/Desktop/ROS2_Final_Project/kobuki_ws/install/aws_robomaker_bookstore_world/share/aws_robomaker_bookstore_world/models/aws_robomaker_retail_BookD_01/meshes/aws_BookD_01_collision.DAE
-- Installing: /home/abdulrafi/Desktop/ROS2_Final_Project/kobuki_ws/install/aws_robomaker_bookstore_world/share/aws_robomaker_bookstore_world/models/aws_robomaker_retail_BookD_01/model.config
-- Installing: /home/abdulrafi/Desktop/ROS2_Final_Project/kobuki_ws/install/aws_robomaker_bookstore_world/share/aws_robomaker_bookstore_world/models/aws_robomaker_retail_InfoDesk_01
-- Installing: /home/abdulrafi/Desktop/ROS2_Final_Project/kobuki_ws/install/aws_robomaker_bookstore_world/share/aws_robomaker_bookstore_world/models/aws_robomaker_retail_InfoDesk_01/model.sdf
-- Installing: /home/abdulrafi/Desktop/ROS2_Final_Project/kobuki_ws/install/aws_robomaker_bookstore_world/share/aws_robomaker_bookstore_world/models/aws_robomaker_retail_InfoDesk_01/materials
-- Installing: /home/abdulrafi/Desktop/ROS2_Final_Project/kobuki_ws/install/aws_robomaker_bookstore_world/share/aws_robomaker_bookstore_world/models/aws_robomaker_retail_InfoDesk_01/materials/textures
-- Installing: /home/abdulrafi/Desktop/ROS2_Final_Project/kobuki_ws/install/aws_robomaker_bookstore_world/share/aws_robomaker_bookstore_world/models/aws_robomaker_retail_InfoDesk_01/materials/textures/aws_InfoDesk_01.png
-- Installing: /home/abdulrafi/Desktop/ROS2_Final_Project/kobuki_ws/install/aws_robomaker_bookstore_world/share/aws_robomaker_bookstore_world/models/aws_robomaker_retail_InfoDesk_01/meshes
-- Installing: /home/abdulrafi/Desktop/ROS2_Final_Project/kobuki_ws/install/aws_robomaker_bookstore_world/share/aws_robomaker_bookstore_world/models/aws_robomaker_retail_InfoDesk_01/meshes/aws_InfoDesk_01_collision.DAE
-- Installing: /home/abdulrafi/Desktop/ROS2_Final_Project/kobuki_ws/install/aws_robomaker_bookstore_world/share/aws_robomaker_bookstore_world/models/aws_robomaker_retail_InfoDesk_01/meshes/aws_InfoDesk_01_visual.DAE
-- Installing: /home/abdulrafi/Desktop/ROS2_Final_Project/kobuki_ws/install/aws_robomaker_bookstore_world/share/aws_robomaker_bookstore_world/models/aws_robomaker_retail_InfoDesk_01/model.config
-- Installing: /home/abdulrafi/Desktop/ROS2_Final_Project/kobuki_ws/install/aws_robomaker_bookstore_world/share/aws_robomaker_bookstore_world/models/aws_robomaker_retail_DeskA_01
-- Installing: /home/abdulrafi/Desktop/ROS2_Final_Project/kobuki_ws/install/aws_robomaker_bookstore_world/share/aws_robomaker_bookstore_world/models/aws_robomaker_retail_DeskA_01/model.sdf
-- Installing: /home/abdulrafi/Desktop/ROS2_Final_Project/kobuki_ws/install/aws_robomaker_bookstore_world/share/aws_robomaker_bookstore_world/models/aws_robomaker_retail_DeskA_01/materials
-- Installing: /home/abdulrafi/Desktop/ROS2_Final_Project/kobuki_ws/install/aws_robomaker_bookstore_world/share/aws_robomaker_bookstore_world/models/aws_robomaker_retail_DeskA_01/materials/textures
-- Installing: /home/abdulrafi/Desktop/ROS2_Final_Project/kobuki_ws/install/aws_robomaker_bookstore_world/share/aws_robomaker_bookstore_world/models/aws_robomaker_retail_DeskA_01/materials/textures/aws_DeskA_02.png
-- Installing: /home/abdulrafi/Desktop/ROS2_Final_Project/kobuki_ws/install/aws_robomaker_bookstore_world/share/aws_robomaker_bookstore_world/models/aws_robomaker_retail_DeskA_01/materials/textures/aws_DeskA_01.png
-- Installing: /home/abdulrafi/Desktop/ROS2_Final_Project/kobuki_ws/install/aws_robomaker_bookstore_world/share/aws_robomaker_bookstore_world/models/aws_robomaker_retail_DeskA_01/materials/textures/aws_DeskA_03.png
-- Installing: /home/abdulrafi/Desktop/ROS2_Final_Project/kobuki_ws/install/aws_robomaker_bookstore_world/share/aws_robomaker_bookstore_world/models/aws_robomaker_retail_DeskA_01/meshes
-- Installing: /home/abdulrafi/Desktop/ROS2_Final_Project/kobuki_ws/install/aws_robomaker_bookstore_world/share/aws_robomaker_bookstore_world/models/aws_robomaker_retail_DeskA_01/meshes/aws_DeskA_01_visual.DAE
-- Installing: /home/abdulrafi/Desktop/ROS2_Final_Project/kobuki_ws/install/aws_robomaker_bookstore_world/share/aws_robomaker_bookstore_world/models/aws_robomaker_retail_DeskA_01/meshes/aws_DeskA_01_collision.DAE
-- Installing: /home/abdulrafi/Desktop/ROS2_Final_Project/kobuki_ws/install/aws_robomaker_bookstore_world/share/aws_robomaker_bookstore_world/models/aws_robomaker_retail_DeskA_01/model.config
-- Installing: /home/abdulrafi/Desktop/ROS2_Final_Project/kobuki_ws/install/aws_robomaker_bookstore_world/share/aws_robomaker_bookstore_world/models/aws_robomaker_retail_BookstoreLogo_01
-- Installing: /home/abdulrafi/Desktop/ROS2_Final_Project/kobuki_ws/install/aws_robomaker_bookstore_world/share/aws_robomaker_bookstore_world/models/aws_robomaker_retail_BookstoreLogo_01/model.sdf
-- Installing: /home/abdulrafi/Desktop/ROS2_Final_Project/kobuki_ws/install/aws_robomaker_bookstore_world/share/aws_robomaker_bookstore_world/models/aws_robomaker_retail_BookstoreLogo_01/materials
-- Installing: /home/abdulrafi/Desktop/ROS2_Final_Project/kobuki_ws/install/aws_robomaker_bookstore_world/share/aws_robomaker_bookstore_world/models/aws_robomaker_retail_BookstoreLogo_01/materials/textures
-- Installing: /home/abdulrafi/Desktop/ROS2_Final_Project/kobuki_ws/install/aws_robomaker_bookstore_world/share/aws_robomaker_bookstore_world/models/aws_robomaker_retail_BookstoreLogo_01/materials/textures/aws_BookstoreLogo_01.png
-- Installing: /home/abdulrafi/Desktop/ROS2_Final_Project/kobuki_ws/install/aws_robomaker_bookstore_world/share/aws_robomaker_bookstore_world/models/aws_robomaker_retail_BookstoreLogo_01/meshes
-- Installing: /home/abdulrafi/Desktop/ROS2_Final_Project/kobuki_ws/install/aws_robomaker_bookstore_world/share/aws_robomaker_bookstore_world/models/aws_robomaker_retail_BookstoreLogo_01/meshes/aws_BookstoreLogo_01_collision.DAE
-- Installing: /home/abdulrafi/Desktop/ROS2_Final_Project/kobuki_ws/install/aws_robomaker_bookstore_world/share/aws_robomaker_bookstore_world/models/aws_robomaker_retail_BookstoreLogo_01/meshes/aws_BookstoreLogo_01_visual.DAE
-- Installing: /home/abdulrafi/Desktop/ROS2_Final_Project/kobuki_ws/install/aws_robomaker_bookstore_world/share/aws_robomaker_bookstore_world/models/aws_robomaker_retail_BookstoreLogo_01/model.config
-- Installing: /home/abdulrafi/Desktop/ROS2_Final_Project/kobuki_ws/install/aws_robomaker_bookstore_world/share/aws_robomaker_bookstore_world/models/aws_robomaker_retail_RetailShopWall_01
-- Installing: /home/abdulrafi/Desktop/ROS2_Final_Project/kobuki_ws/install/aws_robomaker_bookstore_world/share/aws_robomaker_bookstore_world/models/aws_robomaker_retail_RetailShopWall_01/model.sdf
-- Installing: /home/abdulrafi/Desktop/ROS2_Final_Project/kobuki_ws/install/aws_robomaker_bookstore_world/share/aws_robomaker_bookstore_world/models/aws_robomaker_retail_RetailShopWall_01/materials
-- Installing: /home/abdulrafi/Desktop/ROS2_Final_Project/kobuki_ws/install/aws_robomaker_bookstore_world/share/aws_robomaker_bookstore_world/models/aws_robomaker_retail_RetailShopWall_01/materials/textures
-- Installing: /home/abdulrafi/Desktop/ROS2_Final_Project/kobuki_ws/install/aws_robomaker_bookstore_world/share/aws_robomaker_bookstore_world/models/aws_robomaker_retail_RetailShopWall_01/materials/textures/aws_RetailShopWall_01.png
-- Installing: /home/abdulrafi/Desktop/ROS2_Final_Project/kobuki_ws/install/aws_robomaker_bookstore_world/share/aws_robomaker_bookstore_world/models/aws_robomaker_retail_RetailShopWall_01/meshes
-- Installing: /home/abdulrafi/Desktop/ROS2_Final_Project/kobuki_ws/install/aws_robomaker_bookstore_world/share/aws_robomaker_bookstore_world/models/aws_robomaker_retail_RetailShopWall_01/meshes/aws_RetailShopWall_01_visual.DAE
-- Installing: /home/abdulrafi/Desktop/ROS2_Final_Project/kobuki_ws/install/aws_robomaker_bookstore_world/share/aws_robomaker_bookstore_world/models/aws_robomaker_retail_RetailShopWall_01/meshes/aws_RetailShopWall_01_collision.DAE
-- Installing: /home/abdulrafi/Desktop/ROS2_Final_Project/kobuki_ws/install/aws_robomaker_bookstore_world/share/aws_robomaker_bookstore_world/models/aws_robomaker_retail_RetailShopWall_01/model.config
-- Installing: /home/abdulrafi/Desktop/ROS2_Final_Project/kobuki_ws/install/aws_robomaker_bookstore_world/share/aws_robomaker_bookstore_world/models/aws_robomaker_retail_Bicycle_01
-- Installing: /home/abdulrafi/Desktop/ROS2_Final_Project/kobuki_ws/install/aws_robomaker_bookstore_world/share/aws_robomaker_bookstore_world/models/aws_robomaker_retail_Bicycle_01/model.sdf
-- Installing: /home/abdulrafi/Desktop/ROS2_Final_Project/kobuki_ws/install/aws_robomaker_bookstore_world/share/aws_robomaker_bookstore_world/models/aws_robomaker_retail_Bicycle_01/materials
-- Installing: /home/abdulrafi/Desktop/ROS2_Final_Project/kobuki_ws/install/aws_robomaker_bookstore_world/share/aws_robomaker_bookstore_world/models/aws_robomaker_retail_Bicycle_01/materials/textures
-- Installing: /home/abdulrafi/Desktop/ROS2_Final_Project/kobuki_ws/install/aws_robomaker_bookstore_world/share/aws_robomaker_bookstore_world/models/aws_robomaker_retail_Bicycle_01/materials/textures/aws_Bicycle_01.png
-- Installing: /home/abdulrafi/Desktop/ROS2_Final_Project/kobuki_ws/install/aws_robomaker_bookstore_world/share/aws_robomaker_bookstore_world/models/aws_robomaker_retail_Bicycle_01/meshes
-- Installing: /home/abdulrafi/Desktop/ROS2_Final_Project/kobuki_ws/install/aws_robomaker_bookstore_world/share/aws_robomaker_bookstore_world/models/aws_robomaker_retail_Bicycle_01/meshes/aws_Bicycle_01_visual.DAE
-- Installing: /home/abdulrafi/Desktop/ROS2_Final_Project/kobuki_ws/install/aws_robomaker_bookstore_world/share/aws_robomaker_bookstore_world/models/aws_robomaker_retail_Bicycle_01/meshes/aws_Bicycle_01_collision.DAE
-- Installing: /home/abdulrafi/Desktop/ROS2_Final_Project/kobuki_ws/install/aws_robomaker_bookstore_world/share/aws_robomaker_bookstore_world/models/aws_robomaker_retail_Bicycle_01/model.config
-- Installing: /home/abdulrafi/Desktop/ROS2_Final_Project/kobuki_ws/install/aws_robomaker_bookstore_world/share/aws_robomaker_bookstore_world/models/aws_robomaker_retail_ShopWindow_01
-- Installing: /home/abdulrafi/Desktop/ROS2_Final_Project/kobuki_ws/install/aws_robomaker_bookstore_world/share/aws_robomaker_bookstore_world/models/aws_robomaker_retail_ShopWindow_01/model.sdf
-- Installing: /home/abdulrafi/Desktop/ROS2_Final_Project/kobuki_ws/install/aws_robomaker_bookstore_world/share/aws_robomaker_bookstore_world/models/aws_robomaker_retail_ShopWindow_01/materials
-- Installing: /home/abdulrafi/Desktop/ROS2_Final_Project/kobuki_ws/install/aws_robomaker_bookstore_world/share/aws_robomaker_bookstore_world/models/aws_robomaker_retail_ShopWindow_01/materials/textures
-- Installing: /home/abdulrafi/Desktop/ROS2_Final_Project/kobuki_ws/install/aws_robomaker_bookstore_world/share/aws_robomaker_bookstore_world/models/aws_robomaker_retail_ShopWindow_01/materials/textures/aws_ShopWindow_01.png
-- Installing: /home/abdulrafi/Desktop/ROS2_Final_Project/kobuki_ws/install/aws_robomaker_bookstore_world/share/aws_robomaker_bookstore_world/models/aws_robomaker_retail_ShopWindow_01/meshes
-- Installing: /home/abdulrafi/Desktop/ROS2_Final_Project/kobuki_ws/install/aws_robomaker_bookstore_world/share/aws_robomaker_bookstore_world/models/aws_robomaker_retail_ShopWindow_01/meshes/aws_ShopWindow_01_collision.DAE
-- Installing: /home/abdulrafi/Desktop/ROS2_Final_Project/kobuki_ws/install/aws_robomaker_bookstore_world/share/aws_robomaker_bookstore_world/models/aws_robomaker_retail_ShopWindow_01/meshes/aws_ShopWindow_01_visual.DAE
-- Installing: /home/abdulrafi/Desktop/ROS2_Final_Project/kobuki_ws/install/aws_robomaker_bookstore_world/share/aws_robomaker_bookstore_world/models/aws_robomaker_retail_ShopWindow_01/model.config
-- Installing: /home/abdulrafi/Desktop/ROS2_Final_Project/kobuki_ws/install/aws_robomaker_bookstore_world/share/aws_robomaker_bookstore_world/models/aws_robomaker_retail_SmartSpeakerSmall_01
-- Installing: /home/abdulrafi/Desktop/ROS2_Final_Project/kobuki_ws/install/aws_robomaker_bookstore_world/share/aws_robomaker_bookstore_world/models/aws_robomaker_retail_SmartSpeakerSmall_01/model.sdf
-- Installing: /home/abdulrafi/Desktop/ROS2_Final_Project/kobuki_ws/install/aws_robomaker_bookstore_world/share/aws_robomaker_bookstore_world/models/aws_robomaker_retail_SmartSpeakerSmall_01/materials
-- Installing: /home/abdulrafi/Desktop/ROS2_Final_Project/kobuki_ws/install/aws_robomaker_bookstore_world/share/aws_robomaker_bookstore_world/models/aws_robomaker_retail_SmartSpeakerSmall_01/materials/textures
-- Installing: /home/abdulrafi/Desktop/ROS2_Final_Project/kobuki_ws/install/aws_robomaker_bookstore_world/share/aws_robomaker_bookstore_world/models/aws_robomaker_retail_SmartSpeakerSmall_01/materials/textures/aws_SmartSpeakerSmall_01.png
-- Installing: /home/abdulrafi/Desktop/ROS2_Final_Project/kobuki_ws/install/aws_robomaker_bookstore_world/share/aws_robomaker_bookstore_world/models/aws_robomaker_retail_SmartSpeakerSmall_01/meshes
-- Installing: /home/abdulrafi/Desktop/ROS2_Final_Project/kobuki_ws/install/aws_robomaker_bookstore_world/share/aws_robomaker_bookstore_world/models/aws_robomaker_retail_SmartSpeakerSmall_01/meshes/aws_SmartSpeakerSmall_01_collision.DAE
-- Installing: /home/abdulrafi/Desktop/ROS2_Final_Project/kobuki_ws/install/aws_robomaker_bookstore_world/share/aws_robomaker_bookstore_world/models/aws_robomaker_retail_SmartSpeakerSmall_01/meshes/aws_SmartSpeakerSmall_01_visual.DAE
-- Installing: /home/abdulrafi/Desktop/ROS2_Final_Project/kobuki_ws/install/aws_robomaker_bookstore_world/share/aws_robomaker_bookstore_world/models/aws_robomaker_retail_SmartSpeakerSmall_01/model.config
-- Installing: /home/abdulrafi/Desktop/ROS2_Final_Project/kobuki_ws/install/aws_robomaker_bookstore_world/share/aws_robomaker_bookstore_world/models/aws_robomaker_retail_ColumnA_01
-- Installing: /home/abdulrafi/Desktop/ROS2_Final_Project/kobuki_ws/install/aws_robomaker_bookstore_world/share/aws_robomaker_bookstore_world/models/aws_robomaker_retail_ColumnA_01/model.sdf
-- Installing: /home/abdulrafi/Desktop/ROS2_Final_Project/kobuki_ws/install/aws_robomaker_bookstore_world/share/aws_robomaker_bookstore_world/models/aws_robomaker_retail_ColumnA_01/materials
-- Installing: /home/abdulrafi/Desktop/ROS2_Final_Project/kobuki_ws/install/aws_robomaker_bookstore_world/share/aws_robomaker_bookstore_world/models/aws_robomaker_retail_ColumnA_01/materials/textures
-- Installing: /home/abdulrafi/Desktop/ROS2_Final_Project/kobuki_ws/install/aws_robomaker_bookstore_world/share/aws_robomaker_bookstore_world/models/aws_robomaker_retail_ColumnA_01/materials/textures/aws_ColumnA_01.png
-- Installing: /home/abdulrafi/Desktop/ROS2_Final_Project/kobuki_ws/install/aws_robomaker_bookstore_world/share/aws_robomaker_bookstore_world/models/aws_robomaker_retail_ColumnA_01/meshes
-- Installing: /home/abdulrafi/Desktop/ROS2_Final_Project/kobuki_ws/install/aws_robomaker_bookstore_world/share/aws_robomaker_bookstore_world/models/aws_robomaker_retail_ColumnA_01/meshes/aws_ColumnA_01_visual.DAE
-- Installing: /home/abdulrafi/Desktop/ROS2_Final_Project/kobuki_ws/install/aws_robomaker_bookstore_world/share/aws_robomaker_bookstore_world/models/aws_robomaker_retail_ColumnA_01/meshes/aws_ColumnA_01_collision.DAE
-- Installing: /home/abdulrafi/Desktop/ROS2_Final_Project/kobuki_ws/install/aws_robomaker_bookstore_world/share/aws_robomaker_bookstore_world/models/aws_robomaker_retail_ColumnA_01/model.config
-- Installing: /home/abdulrafi/Desktop/ROS2_Final_Project/kobuki_ws/install/aws_robomaker_bookstore_world/share/aws_robomaker_bookstore_world/models/aws_robomaker_retail_AirConditionerC_01
-- Installing: /home/abdulrafi/Desktop/ROS2_Final_Project/kobuki_ws/install/aws_robomaker_bookstore_world/share/aws_robomaker_bookstore_world/models/aws_robomaker_retail_AirConditionerC_01/model.sdf
-- Installing: /home/abdulrafi/Desktop/ROS2_Final_Project/kobuki_ws/install/aws_robomaker_bookstore_world/share/aws_robomaker_bookstore_world/models/aws_robomaker_retail_AirConditionerC_01/materials
-- Installing: /home/abdulrafi/Desktop/ROS2_Final_Project/kobuki_ws/install/aws_robomaker_bookstore_world/share/aws_robomaker_bookstore_world/models/aws_robomaker_retail_AirConditionerC_01/materials/textures
-- Installing: /home/abdulrafi/Desktop/ROS2_Final_Project/kobuki_ws/install/aws_robomaker_bookstore_world/share/aws_robomaker_bookstore_world/models/aws_robomaker_retail_AirConditionerC_01/materials/textures/aws_AirConditionerC_01.png
-- Installing: /home/abdulrafi/Desktop/ROS2_Final_Project/kobuki_ws/install/aws_robomaker_bookstore_world/share/aws_robomaker_bookstore_world/models/aws_robomaker_retail_AirConditionerC_01/meshes
-- Installing: /home/abdulrafi/Desktop/ROS2_Final_Project/kobuki_ws/install/aws_robomaker_bookstore_world/share/aws_robomaker_bookstore_world/models/aws_robomaker_retail_AirConditionerC_01/meshes/aws_AirConditionerC_01_collision.DAE
-- Installing: /home/abdulrafi/Desktop/ROS2_Final_Project/kobuki_ws/install/aws_robomaker_bookstore_world/share/aws_robomaker_bookstore_world/models/aws_robomaker_retail_AirConditionerC_01/meshes/aws_AirConditionerC_01_visual.DAE
-- Installing: /home/abdulrafi/Desktop/ROS2_Final_Project/kobuki_ws/install/aws_robomaker_bookstore_world/share/aws_robomaker_bookstore_world/models/aws_robomaker_retail_AirConditionerC_01/model.config
-- Installing: /home/abdulrafi/Desktop/ROS2_Final_Project/kobuki_ws/install/aws_robomaker_bookstore_world/share/aws_robomaker_bookstore_world/models/aws_robomaker_retail_Computer_01
-- Installing: /home/abdulrafi/Desktop/ROS2_Final_Project/kobuki_ws/install/aws_robomaker_bookstore_world/share/aws_robomaker_bookstore_world/models/aws_robomaker_retail_Computer_01/model.sdf
-- Installing: /home/abdulrafi/Desktop/ROS2_Final_Project/kobuki_ws/install/aws_robomaker_bookstore_world/share/aws_robomaker_bookstore_world/models/aws_robomaker_retail_Computer_01/materials
-- Installing: /home/abdulrafi/Desktop/ROS2_Final_Project/kobuki_ws/install/aws_robomaker_bookstore_world/share/aws_robomaker_bookstore_world/models/aws_robomaker_retail_Computer_01/materials/textures
-- Installing: /home/abdulrafi/Desktop/ROS2_Final_Project/kobuki_ws/install/aws_robomaker_bookstore_world/share/aws_robomaker_bookstore_world/models/aws_robomaker_retail_Computer_01/materials/textures/aws_Computer_01.png
-- Installing: /home/abdulrafi/Desktop/ROS2_Final_Project/kobuki_ws/install/aws_robomaker_bookstore_world/share/aws_robomaker_bookstore_world/models/aws_robomaker_retail_Computer_01/meshes
-- Installing: /home/abdulrafi/Desktop/ROS2_Final_Project/kobuki_ws/install/aws_robomaker_bookstore_world/share/aws_robomaker_bookstore_world/models/aws_robomaker_retail_Computer_01/meshes/aws_Computer_01_collision.DAE
-- Installing: /home/abdulrafi/Desktop/ROS2_Final_Project/kobuki_ws/install/aws_robomaker_bookstore_world/share/aws_robomaker_bookstore_world/models/aws_robomaker_retail_Computer_01/meshes/aws_Computer_01_visual.DAE
-- Installing: /home/abdulrafi/Desktop/ROS2_Final_Project/kobuki_ws/install/aws_robomaker_bookstore_world/share/aws_robomaker_bookstore_world/models/aws_robomaker_retail_Computer_01/model.config
-- Installing: /home/abdulrafi/Desktop/ROS2_Final_Project/kobuki_ws/install/aws_robomaker_bookstore_world/share/aws_robomaker_bookstore_world/models/aws_robomaker_retail_BookshelfC_01
-- Installing: /home/abdulrafi/Desktop/ROS2_Final_Project/kobuki_ws/install/aws_robomaker_bookstore_world/share/aws_robomaker_bookstore_world/models/aws_robomaker_retail_BookshelfC_01/model.sdf
-- Installing: /home/abdulrafi/Desktop/ROS2_Final_Project/kobuki_ws/install/aws_robomaker_bookstore_world/share/aws_robomaker_bookstore_world/models/aws_robomaker_retail_BookshelfC_01/materials
-- Installing: /home/abdulrafi/Desktop/ROS2_Final_Project/kobuki_ws/install/aws_robomaker_bookstore_world/share/aws_robomaker_bookstore_world/models/aws_robomaker_retail_BookshelfC_01/materials/textures
-- Installing: /home/abdulrafi/Desktop/ROS2_Final_Project/kobuki_ws/install/aws_robomaker_bookstore_world/share/aws_robomaker_bookstore_world/models/aws_robomaker_retail_BookshelfC_01/materials/textures/aws_BookshelfC_01.png
-- Installing: /home/abdulrafi/Desktop/ROS2_Final_Project/kobuki_ws/install/aws_robomaker_bookstore_world/share/aws_robomaker_bookstore_world/models/aws_robomaker_retail_BookshelfC_01/meshes
-- Installing: /home/abdulrafi/Desktop/ROS2_Final_Project/kobuki_ws/install/aws_robomaker_bookstore_world/share/aws_robomaker_bookstore_world/models/aws_robomaker_retail_BookshelfC_01/meshes/aws_BookshelfC_01_visual.DAE
-- Installing: /home/abdulrafi/Desktop/ROS2_Final_Project/kobuki_ws/install/aws_robomaker_bookstore_world/share/aws_robomaker_bookstore_world/models/aws_robomaker_retail_BookshelfC_01/meshes/aws_BookshelfC_01_collision.DAE
-- Installing: /home/abdulrafi/Desktop/ROS2_Final_Project/kobuki_ws/install/aws_robomaker_bookstore_world/share/aws_robomaker_bookstore_world/models/aws_robomaker_retail_BookshelfC_01/model.config
-- Installing: /home/abdulrafi/Desktop/ROS2_Final_Project/kobuki_ws/install/aws_robomaker_bookstore_world/share/aws_robomaker_bookstore_world/models/aws_robomaker_retail_ChairB_01
-- Installing: /home/abdulrafi/Desktop/ROS2_Final_Project/kobuki_ws/install/aws_robomaker_bookstore_world/share/aws_robomaker_bookstore_world/models/aws_robomaker_retail_ChairB_01/model.sdf
-- Installing: /home/abdulrafi/Desktop/ROS2_Final_Project/kobuki_ws/install/aws_robomaker_bookstore_world/share/aws_robomaker_bookstore_world/models/aws_robomaker_retail_ChairB_01/materials
-- Installing: /home/abdulrafi/Desktop/ROS2_Final_Project/kobuki_ws/install/aws_robomaker_bookstore_world/share/aws_robomaker_bookstore_world/models/aws_robomaker_retail_ChairB_01/materials/textures
-- Installing: /home/abdulrafi/Desktop/ROS2_Final_Project/kobuki_ws/install/aws_robomaker_bookstore_world/share/aws_robomaker_bookstore_world/models/aws_robomaker_retail_ChairB_01/materials/textures/aws_ChairB_01.png
-- Installing: /home/abdulrafi/Desktop/ROS2_Final_Project/kobuki_ws/install/aws_robomaker_bookstore_world/share/aws_robomaker_bookstore_world/models/aws_robomaker_retail_ChairB_01/meshes
-- Installing: /home/abdulrafi/Desktop/ROS2_Final_Project/kobuki_ws/install/aws_robomaker_bookstore_world/share/aws_robomaker_bookstore_world/models/aws_robomaker_retail_ChairB_01/meshes/aws_ChairB_01_collision.DAE
-- Installing: /home/abdulrafi/Desktop/ROS2_Final_Project/kobuki_ws/install/aws_robomaker_bookstore_world/share/aws_robomaker_bookstore_world/models/aws_robomaker_retail_ChairB_01/meshes/aws_ChairB_01_visual.DAE
-- Installing: /home/abdulrafi/Desktop/ROS2_Final_Project/kobuki_ws/install/aws_robomaker_bookstore_world/share/aws_robomaker_bookstore_world/models/aws_robomaker_retail_ChairB_01/model.config
-- Installing: /home/abdulrafi/Desktop/ROS2_Final_Project/kobuki_ws/install/aws_robomaker_bookstore_world/share/aws_robomaker_bookstore_world/models/aws_robomaker_retail_LightA_01
-- Installing: /home/abdulrafi/Desktop/ROS2_Final_Project/kobuki_ws/install/aws_robomaker_bookstore_world/share/aws_robomaker_bookstore_world/models/aws_robomaker_retail_LightA_01/model.sdf
-- Installing: /home/abdulrafi/Desktop/ROS2_Final_Project/kobuki_ws/install/aws_robomaker_bookstore_world/share/aws_robomaker_bookstore_world/models/aws_robomaker_retail_LightA_01/materials
-- Installing: /home/abdulrafi/Desktop/ROS2_Final_Project/kobuki_ws/install/aws_robomaker_bookstore_world/share/aws_robomaker_bookstore_world/models/aws_robomaker_retail_LightA_01/materials/textures
-- Installing: /home/abdulrafi/Desktop/ROS2_Final_Project/kobuki_ws/install/aws_robomaker_bookstore_world/share/aws_robomaker_bookstore_world/models/aws_robomaker_retail_LightA_01/materials/textures/aws_LightA_01.png
-- Installing: /home/abdulrafi/Desktop/ROS2_Final_Project/kobuki_ws/install/aws_robomaker_bookstore_world/share/aws_robomaker_bookstore_world/models/aws_robomaker_retail_LightA_01/meshes
-- Installing: /home/abdulrafi/Desktop/ROS2_Final_Project/kobuki_ws/install/aws_robomaker_bookstore_world/share/aws_robomaker_bookstore_world/models/aws_robomaker_retail_LightA_01/meshes/aws_LightA_01_visual.DAE
-- Installing: /home/abdulrafi/Desktop/ROS2_Final_Project/kobuki_ws/install/aws_robomaker_bookstore_world/share/aws_robomaker_bookstore_world/models/aws_robomaker_retail_LightA_01/meshes/aws_LightA_01_collision.DAE
-- Installing: /home/abdulrafi/Desktop/ROS2_Final_Project/kobuki_ws/install/aws_robomaker_bookstore_world/share/aws_robomaker_bookstore_world/models/aws_robomaker_retail_LightA_01/model.config
-- Installing: /home/abdulrafi/Desktop/ROS2_Final_Project/kobuki_ws/install/aws_robomaker_bookstore_world/share/aws_robomaker_bookstore_world/models/aws_robomaker_retail_Horologe_01
-- Installing: /home/abdulrafi/Desktop/ROS2_Final_Project/kobuki_ws/install/aws_robomaker_bookstore_world/share/aws_robomaker_bookstore_world/models/aws_robomaker_retail_Horologe_01/model.sdf
-- Installing: /home/abdulrafi/Desktop/ROS2_Final_Project/kobuki_ws/install/aws_robomaker_bookstore_world/share/aws_robomaker_bookstore_world/models/aws_robomaker_retail_Horologe_01/materials
-- Installing: /home/abdulrafi/Desktop/ROS2_Final_Project/kobuki_ws/install/aws_robomaker_bookstore_world/share/aws_robomaker_bookstore_world/models/aws_robomaker_retail_Horologe_01/materials/textures
-- Installing: /home/abdulrafi/Desktop/ROS2_Final_Project/kobuki_ws/install/aws_robomaker_bookstore_world/share/aws_robomaker_bookstore_world/models/aws_robomaker_retail_Horologe_01/materials/textures/aws_Horologe_01.png
-- Installing: /home/abdulrafi/Desktop/ROS2_Final_Project/kobuki_ws/install/aws_robomaker_bookstore_world/share/aws_robomaker_bookstore_world/models/aws_robomaker_retail_Horologe_01/meshes
-- Installing: /home/abdulrafi/Desktop/ROS2_Final_Project/kobuki_ws/install/aws_robomaker_bookstore_world/share/aws_robomaker_bookstore_world/models/aws_robomaker_retail_Horologe_01/meshes/aws_Horologe_01_collision.DAE
-- Installing: /home/abdulrafi/Desktop/ROS2_Final_Project/kobuki_ws/install/aws_robomaker_bookstore_world/share/aws_robomaker_bookstore_world/models/aws_robomaker_retail_Horologe_01/meshes/aws_Horologe_01_visual.DAE
-- Installing: /home/abdulrafi/Desktop/ROS2_Final_Project/kobuki_ws/install/aws_robomaker_bookstore_world/share/aws_robomaker_bookstore_world/models/aws_robomaker_retail_Horologe_01/model.config
-- Installing: /home/abdulrafi/Desktop/ROS2_Final_Project/kobuki_ws/install/aws_robomaker_bookstore_world/share/aws_robomaker_bookstore_world/models/aws_robomaker_retail_BookA_01
-- Installing: /home/abdulrafi/Desktop/ROS2_Final_Project/kobuki_ws/install/aws_robomaker_bookstore_world/share/aws_robomaker_bookstore_world/models/aws_robomaker_retail_BookA_01/model.sdf
-- Installing: /home/abdulrafi/Desktop/ROS2_Final_Project/kobuki_ws/install/aws_robomaker_bookstore_world/share/aws_robomaker_bookstore_world/models/aws_robomaker_retail_BookA_01/materials
-- Installing: /home/abdulrafi/Desktop/ROS2_Final_Project/kobuki_ws/install/aws_robomaker_bookstore_world/share/aws_robomaker_bookstore_world/models/aws_robomaker_retail_BookA_01/materials/textures
-- Installing: /home/abdulrafi/Desktop/ROS2_Final_Project/kobuki_ws/install/aws_robomaker_bookstore_world/share/aws_robomaker_bookstore_world/models/aws_robomaker_retail_BookA_01/materials/textures/aws_BookA_01.png
-- Installing: /home/abdulrafi/Desktop/ROS2_Final_Project/kobuki_ws/install/aws_robomaker_bookstore_world/share/aws_robomaker_bookstore_world/models/aws_robomaker_retail_BookA_01/meshes
-- Installing: /home/abdulrafi/Desktop/ROS2_Final_Project/kobuki_ws/install/aws_robomaker_bookstore_world/share/aws_robomaker_bookstore_world/models/aws_robomaker_retail_BookA_01/meshes/aws_BookA_01_visual.DAE
-- Installing: /home/abdulrafi/Desktop/ROS2_Final_Project/kobuki_ws/install/aws_robomaker_bookstore_world/share/aws_robomaker_bookstore_world/models/aws_robomaker_retail_BookA_01/meshes/aws_BookA_01_collision.DAE
-- Installing: /home/abdulrafi/Desktop/ROS2_Final_Project/kobuki_ws/install/aws_robomaker_bookstore_world/share/aws_robomaker_bookstore_world/models/aws_robomaker_retail_BookA_01/model.config
-- Installing: /home/abdulrafi/Desktop/ROS2_Final_Project/kobuki_ws/install/aws_robomaker_bookstore_world/share/aws_robomaker_bookstore_world/models/aws_robomaker_retail_BookF_01
-- Installing: /home/abdulrafi/Desktop/ROS2_Final_Project/kobuki_ws/install/aws_robomaker_bookstore_world/share/aws_robomaker_bookstore_world/models/aws_robomaker_retail_BookF_01/model.sdf
-- Installing: /home/abdulrafi/Desktop/ROS2_Final_Project/kobuki_ws/install/aws_robomaker_bookstore_world/share/aws_robomaker_bookstore_world/models/aws_robomaker_retail_BookF_01/materials
-- Installing: /home/abdulrafi/Desktop/ROS2_Final_Project/kobuki_ws/install/aws_robomaker_bookstore_world/share/aws_robomaker_bookstore_world/models/aws_robomaker_retail_BookF_01/materials/textures
-- Installing: /home/abdulrafi/Desktop/ROS2_Final_Project/kobuki_ws/install/aws_robomaker_bookstore_world/share/aws_robomaker_bookstore_world/models/aws_robomaker_retail_BookF_01/materials/textures/aws_BookF_01.png
-- Installing: /home/abdulrafi/Desktop/ROS2_Final_Project/kobuki_ws/install/aws_robomaker_bookstore_world/share/aws_robomaker_bookstore_world/models/aws_robomaker_retail_BookF_01/meshes
-- Installing: /home/abdulrafi/Desktop/ROS2_Final_Project/kobuki_ws/install/aws_robomaker_bookstore_world/share/aws_robomaker_bookstore_world/models/aws_robomaker_retail_BookF_01/meshes/aws_BookF_01_visual.DAE
-- Installing: /home/abdulrafi/Desktop/ROS2_Final_Project/kobuki_ws/install/aws_robomaker_bookstore_world/share/aws_robomaker_bookstore_world/models/aws_robomaker_retail_BookF_01/meshes/aws_BookF_01_collision.DAE
-- Installing: /home/abdulrafi/Desktop/ROS2_Final_Project/kobuki_ws/install/aws_robomaker_bookstore_world/share/aws_robomaker_bookstore_world/models/aws_robomaker_retail_BookF_01/model.config
-- Installing: /home/abdulrafi/Desktop/ROS2_Final_Project/kobuki_ws/install/aws_robomaker_bookstore_world/share/aws_robomaker_bookstore_world/routes
-- Installing: /home/abdulrafi/Desktop/ROS2_Final_Project/kobuki_ws/install/aws_robomaker_bookstore_world/share/aws_robomaker_bookstore_world/routes/route.yaml
-- Installing: /home/abdulrafi/Desktop/ROS2_Final_Project/kobuki_ws/install/aws_robomaker_bookstore_world/share/aws_robomaker_bookstore_world/param
-- Installing: /home/abdulrafi/Desktop/ROS2_Final_Project/kobuki_ws/install/aws_robomaker_bookstore_world/share/aws_robomaker_bookstore_world/param/waffle.yaml
-- Installing: /home/abdulrafi/Desktop/ROS2_Final_Project/kobuki_ws/install/aws_robomaker_bookstore_world/share/aws_robomaker_bookstore_world/param/burger.yaml
-- Installing: /home/abdulrafi/Desktop/ROS2_Final_Project/kobuki_ws/install/aws_robomaker_bookstore_world/share/aws_robomaker_bookstore_world/param/waffle_pi.yaml
-- Installing: /home/abdulrafi/Desktop/ROS2_Final_Project/kobuki_ws/install/aws_robomaker_bookstore_world/share/aws_robomaker_bookstore_world/worlds
-- Installing: /home/abdulrafi/Desktop/ROS2_Final_Project/kobuki_ws/install/aws_robomaker_bookstore_world/share/aws_robomaker_bookstore_world/worlds/bookstore.world
-- Installing: /home/abdulrafi/Desktop/ROS2_Final_Project/kobuki_ws/install/aws_robomaker_bookstore_world/share/aws_robomaker_bookstore_world/environment/aws_robomaker_bookstore_world.dsv
-- Installing: /home/abdulrafi/Desktop/ROS2_Final_Project/kobuki_ws/install/aws_robomaker_bookstore_world/share/ament_index/resource_index/package_run_dependencies/aws_robomaker_bookstore_world
-- Installing: /home/abdulrafi/Desktop/ROS2_Final_Project/kobuki_ws/install/aws_robomaker_bookstore_world/share/ament_index/resource_index/parent_prefix_path/aws_robomaker_bookstore_world
-- Installing: /home/abdulrafi/Desktop/ROS2_Final_Project/kobuki_ws/install/aws_robomaker_bookstore_world/share/aws_robomaker_bookstore_world/environment/ament_prefix_path.sh
-- Installing: /home/abdulrafi/Desktop/ROS2_Final_Project/kobuki_ws/install/aws_robomaker_bookstore_world/share/aws_robomaker_bookstore_world/environment/ament_prefix_path.dsv
-- Installing: /home/abdulrafi/Desktop/ROS2_Final_Project/kobuki_ws/install/aws_robomaker_bookstore_world/share/aws_robomaker_bookstore_world/environment/path.sh
-- Installing: /home/abdulrafi/Desktop/ROS2_Final_Project/kobuki_ws/install/aws_robomaker_bookstore_world/share/aws_robomaker_bookstore_world/environment/path.dsv
-- Installing: /home/abdulrafi/Desktop/ROS2_Final_Project/kobuki_ws/install/aws_robomaker_bookstore_world/share/aws_robomaker_bookstore_world/local_setup.bash
-- Installing: /home/abdulrafi/Desktop/ROS2_Final_Project/kobuki_ws/install/aws_robomaker_bookstore_world/share/aws_robomaker_bookstore_world/local_setup.sh
-- Installing: /home/abdulrafi/Desktop/ROS2_Final_Project/kobuki_ws/install/aws_robomaker_bookstore_world/share/aws_robomaker_bookstore_world/local_setup.zsh
-- Installing: /home/abdulrafi/Desktop/ROS2_Final_Project/kobuki_ws/install/aws_robomaker_bookstore_world/share/aws_robomaker_bookstore_world/local_setup.dsv
-- Installing: /home/abdulrafi/Desktop/ROS2_Final_Project/kobuki_ws/install/aws_robomaker_bookstore_world/share/aws_robomaker_bookstore_world/package.dsv
-- Installing: /home/abdulrafi/Desktop/ROS2_Final_Project/kobuki_ws/install/aws_robomaker_bookstore_world/share/ament_index/resource_index/packages/aws_robomaker_bookstore_world
-- Installing: /home/abdulrafi/Desktop/ROS2_Final_Project/kobuki_ws/install/aws_robomaker_bookstore_world/share/aws_robomaker_bookstore_world/cmake/ament_cmake_export_dependencies-extras.cmake
-- Installing: /home/abdulrafi/Desktop/ROS2_Final_Project/kobuki_ws/install/aws_robomaker_bookstore_world/share/aws_robomaker_bookstore_world/cmake/aws_robomaker_bookstore_worldConfig.cmake
-- Installing: /home/abdulrafi/Desktop/ROS2_Final_Project/kobuki_ws/install/aws_robomaker_bookstore_world/share/aws_robomaker_bookstore_world/cmake/aws_robomaker_bookstore_worldConfig-version.cmake
-- Installing: /home/abdulrafi/Desktop/ROS2_Final_Project/kobuki_ws/install/aws_robomaker_bookstore_world/share/aws_robomaker_bookstore_world/package.xml
