[0.070s] Invoking command in '/home/abdulrafi/Desktop/ROS2_Final_Project/kobuki_ws/build/aws_robomaker_bookstore_world': CMAKE_PREFIX_PATH=${CMAKE_PREFIX_PATH}:/opt/ros/jazzy DEBUGINFOD_URLS=https://debuginfod.ubuntu.com /usr/bin/cmake /home/abdulrafi/Desktop/ROS2_Final_Project/kobuki_ws/src/ThirdParty/aws-robomaker-bookstore-world -DCMAKE_INSTALL_PREFIX=/home/abdulrafi/Desktop/ROS2_Final_Project/kobuki_ws/install/aws_robomaker_bookstore_world
[0.524s] -- The C compiler identification is GNU 13.3.0
[0.804s] -- The CXX compiler identification is GNU 13.3.0
[0.879s] -- Detecting C compiler ABI info
[1.395s] -- Detecting C compiler ABI info - done
[1.470s] -- Check for working C compiler: /usr/bin/cc - skipped
[1.471s] -- Detecting C compile features
[1.473s] -- Detecting C compile features - done
[1.535s] -- Detecting CXX compiler ABI info
[2.228s] -- Detecting CXX compiler ABI info - done
[2.291s] -- Check for working CXX compiler: /usr/bin/c++ - skipped
[2.294s] -- Detecting CXX compile features
[2.294s] -- Detecting CXX compile features - done
[2.309s] -- Found ament_cmake: 2.5.6 (/opt/ros/jazzy/share/ament_cmake/cmake)
[3.083s] -- Found Python3: /usr/bin/python3 (found version "3.12.3") found components: Interpreter 
[3.574s] -- Found ros_gz_sim: 1.0.22 (/opt/ros/jazzy/share/ros_gz_sim/cmake)
[3.863s] -- Found rosidl_generator_c: 4.6.7 (/opt/ros/jazzy/share/rosidl_generator_c/cmake)
[3.927s] -- Found rosidl_generator_cpp: 4.6.7 (/opt/ros/jazzy/share/rosidl_generator_cpp/cmake)
[4.028s] -- Using all available rosidl_typesupport_c: rosidl_typesupport_fastrtps_c;rosidl_typesupport_introspection_c
[4.176s] -- Using all available rosidl_typesupport_cpp: rosidl_typesupport_fastrtps_cpp;rosidl_typesupport_introspection_cpp
[4.650s] -- Found rmw_implementation_cmake: 7.3.3 (/opt/ros/jazzy/share/rmw_implementation_cmake/cmake)
[4.698s] -- Found rmw_fastrtps_cpp: 8.4.3 (/opt/ros/jazzy/share/rmw_fastrtps_cpp/cmake)
[5.394s] -- Found OpenSSL: /usr/lib/aarch64-linux-gnu/libcrypto.so (found version "3.0.13")  
[5.523s] -- Found FastRTPS: /opt/ros/jazzy/include (Required is at least version "2.13") 
[5.653s] -- Using RMW implementation 'rmw_fastrtps_cpp' as default
[7.385s] -- Configuring done (7.2s)
[7.454s] -- Generating done (0.0s)
[7.503s] -- Build files have been written to: /home/abdulrafi/Desktop/ROS2_Final_Project/kobuki_ws/build/aws_robomaker_bookstore_world
[7.586s] Invoked command in '/home/abdulrafi/Desktop/ROS2_Final_Project/kobuki_ws/build/aws_robomaker_bookstore_world' returned '0': CMAKE_PREFIX_PATH=${CMAKE_PREFIX_PATH}:/opt/ros/jazzy DEBUGINFOD_URLS=https://debuginfod.ubuntu.com /usr/bin/cmake /home/abdulrafi/Desktop/ROS2_Final_Project/kobuki_ws/src/ThirdParty/aws-robomaker-bookstore-world -DCMAKE_INSTALL_PREFIX=/home/abdulrafi/Desktop/ROS2_Final_Project/kobuki_ws/install/aws_robomaker_bookstore_world
[7.591s] Invoking command in '/home/abdulrafi/Desktop/ROS2_Final_Project/kobuki_ws/build/aws_robomaker_bookstore_world': CMAKE_PREFIX_PATH=${CMAKE_PREFIX_PATH}:/opt/ros/jazzy DEBUGINFOD_URLS=https://debuginfod.ubuntu.com /usr/bin/cmake --build /home/abdulrafi/Desktop/ROS2_Final_Project/kobuki_ws/build/aws_robomaker_bookstore_world -- -j4 -l4
[7.808s] Invoked command in '/home/abdulrafi/Desktop/ROS2_Final_Project/kobuki_ws/build/aws_robomaker_bookstore_world' returned '0': CMAKE_PREFIX_PATH=${CMAKE_PREFIX_PATH}:/opt/ros/jazzy DEBUGINFOD_URLS=https://debuginfod.ubuntu.com /usr/bin/cmake --build /home/abdulrafi/Desktop/ROS2_Final_Project/kobuki_ws/build/aws_robomaker_bookstore_world -- -j4 -l4
[7.814s] Invoking command in '/home/abdulrafi/Desktop/ROS2_Final_Project/kobuki_ws/build/aws_robomaker_bookstore_world': CMAKE_PREFIX_PATH=${CMAKE_PREFIX_PATH}:/opt/ros/jazzy DEBUGINFOD_URLS=https://debuginfod.ubuntu.com /usr/bin/cmake --install /home/abdulrafi/Desktop/ROS2_Final_Project/kobuki_ws/build/aws_robomaker_bookstore_world
[7.857s] -- Install configuration: ""
[7.858s] -- Installing: /home/abdulrafi/Desktop/ROS2_Final_Project/kobuki_ws/install/aws_robomaker_bookstore_world/share/aws_robomaker_bookstore_world/launch
[7.861s] -- Installing: /home/abdulrafi/Desktop/ROS2_Final_Project/kobuki_ws/install/aws_robomaker_bookstore_world/share/aws_robomaker_bookstore_world/launch/bookstore.launch.py
[7.863s] -- Installing: /home/abdulrafi/Desktop/ROS2_Final_Project/kobuki_ws/install/aws_robomaker_bookstore_world/share/aws_robomaker_bookstore_world/launch/view_bookstore.launch.py
[7.865s] -- Installing: /home/abdulrafi/Desktop/ROS2_Final_Project/kobuki_ws/install/aws_robomaker_bookstore_world/share/aws_robomaker_bookstore_world/maps
[7.868s] -- Installing: /home/abdulrafi/Desktop/ROS2_Final_Project/kobuki_ws/install/aws_robomaker_bookstore_world/share/aws_robomaker_bookstore_world/maps/turtlebot3_waffle_pi
[7.870s] -- Installing: /home/abdulrafi/Desktop/ROS2_Final_Project/kobuki_ws/install/aws_robomaker_bookstore_world/share/aws_robomaker_bookstore_world/maps/turtlebot3_waffle_pi/map.yaml
[7.884s] -- Installing: /home/abdulrafi/Desktop/ROS2_Final_Project/kobuki_ws/install/aws_robomaker_bookstore_world/share/aws_robomaker_bookstore_world/maps/turtlebot3_waffle_pi/map.pgm
[7.889s] -- Installing: /home/abdulrafi/Desktop/ROS2_Final_Project/kobuki_ws/install/aws_robomaker_bookstore_world/share/aws_robomaker_bookstore_world/models
[7.892s] -- Installing: /home/abdulrafi/Desktop/ROS2_Final_Project/kobuki_ws/install/aws_robomaker_bookstore_world/share/aws_robomaker_bookstore_world/models/aws_robomaker_retail_ColumnB_01
[7.892s] -- Installing: /home/abdulrafi/Desktop/ROS2_Final_Project/kobuki_ws/install/aws_robomaker_bookstore_world/share/aws_robomaker_bookstore_world/models/aws_robomaker_retail_ColumnB_01/model.sdf
[7.894s] -- Installing: /home/abdulrafi/Desktop/ROS2_Final_Project/kobuki_ws/install/aws_robomaker_bookstore_world/share/aws_robomaker_bookstore_world/models/aws_robomaker_retail_ColumnB_01/materials
[7.895s] -- Installing: /home/abdulrafi/Desktop/ROS2_Final_Project/kobuki_ws/install/aws_robomaker_bookstore_world/share/aws_robomaker_bookstore_world/models/aws_robomaker_retail_ColumnB_01/materials/textures
[7.900s] -- Installing: /home/abdulrafi/Desktop/ROS2_Final_Project/kobuki_ws/install/aws_robomaker_bookstore_world/share/aws_robomaker_bookstore_world/models/aws_robomaker_retail_ColumnB_01/materials/textures/aws_ColumnB_01.png
[7.952s] -- Installing: /home/abdulrafi/Desktop/ROS2_Final_Project/kobuki_ws/install/aws_robomaker_bookstore_world/share/aws_robomaker_bookstore_world/models/aws_robomaker_retail_ColumnB_01/meshes
[7.955s] -- Installing: /home/abdulrafi/Desktop/ROS2_Final_Project/kobuki_ws/install/aws_robomaker_bookstore_world/share/aws_robomaker_bookstore_world/models/aws_robomaker_retail_ColumnB_01/meshes/aws_ColumnB_01_collision.DAE
[7.956s] -- Installing: /home/abdulrafi/Desktop/ROS2_Final_Project/kobuki_ws/install/aws_robomaker_bookstore_world/share/aws_robomaker_bookstore_world/models/aws_robomaker_retail_ColumnB_01/meshes/aws_ColumnB_01_visual.DAE
[7.956s] -- Installing: /home/abdulrafi/Desktop/ROS2_Final_Project/kobuki_ws/install/aws_robomaker_bookstore_world/share/aws_robomaker_bookstore_world/models/aws_robomaker_retail_ColumnB_01/model.config
[7.959s] -- Installing: /home/abdulrafi/Desktop/ROS2_Final_Project/kobuki_ws/install/aws_robomaker_bookstore_world/share/aws_robomaker_bookstore_world/models/aws_robomaker_retail_RetailShopCeiling_01
[7.963s] -- Installing: /home/abdulrafi/Desktop/ROS2_Final_Project/kobuki_ws/install/aws_robomaker_bookstore_world/share/aws_robomaker_bookstore_world/models/aws_robomaker_retail_RetailShopCeiling_01/model.sdf
[7.965s] -- Installing: /home/abdulrafi/Desktop/ROS2_Final_Project/kobuki_ws/install/aws_robomaker_bookstore_world/share/aws_robomaker_bookstore_world/models/aws_robomaker_retail_RetailShopCeiling_01/materials
[7.967s] -- Installing: /home/abdulrafi/Desktop/ROS2_Final_Project/kobuki_ws/install/aws_robomaker_bookstore_world/share/aws_robomaker_bookstore_world/models/aws_robomaker_retail_RetailShopCeiling_01/materials/textures
[7.979s] -- Installing: /home/abdulrafi/Desktop/ROS2_Final_Project/kobuki_ws/install/aws_robomaker_bookstore_world/share/aws_robomaker_bookstore_world/models/aws_robomaker_retail_RetailShopCeiling_01/materials/textures/aws_RetailShopCeiling_01.png
[7.995s] -- Installing: /home/abdulrafi/Desktop/ROS2_Final_Project/kobuki_ws/install/aws_robomaker_bookstore_world/share/aws_robomaker_bookstore_world/models/aws_robomaker_retail_RetailShopCeiling_01/meshes
[7.997s] -- Installing: /home/abdulrafi/Desktop/ROS2_Final_Project/kobuki_ws/install/aws_robomaker_bookstore_world/share/aws_robomaker_bookstore_world/models/aws_robomaker_retail_RetailShopCeiling_01/meshes/aws_RetailShopCeiling_01_visual.DAE
[8.001s] -- Installing: /home/abdulrafi/Desktop/ROS2_Final_Project/kobuki_ws/install/aws_robomaker_bookstore_world/share/aws_robomaker_bookstore_world/models/aws_robomaker_retail_RetailShopCeiling_01/meshes/aws_RetailShopCeiling_01_collision.DAE
[8.005s] -- Installing: /home/abdulrafi/Desktop/ROS2_Final_Project/kobuki_ws/install/aws_robomaker_bookstore_world/share/aws_robomaker_bookstore_world/models/aws_robomaker_retail_RetailShopCeiling_01/model.config
[8.011s] -- Installing: /home/abdulrafi/Desktop/ROS2_Final_Project/kobuki_ws/install/aws_robomaker_bookstore_world/share/aws_robomaker_bookstore_world/models/aws_robomaker_retail_DoorB_01
[8.014s] -- Installing: /home/abdulrafi/Desktop/ROS2_Final_Project/kobuki_ws/install/aws_robomaker_bookstore_world/share/aws_robomaker_bookstore_world/models/aws_robomaker_retail_DoorB_01/model.sdf
[8.015s] -- Installing: /home/abdulrafi/Desktop/ROS2_Final_Project/kobuki_ws/install/aws_robomaker_bookstore_world/share/aws_robomaker_bookstore_world/models/aws_robomaker_retail_DoorB_01/materials
[8.017s] -- Installing: /home/abdulrafi/Desktop/ROS2_Final_Project/kobuki_ws/install/aws_robomaker_bookstore_world/share/aws_robomaker_bookstore_world/models/aws_robomaker_retail_DoorB_01/materials/textures
[8.019s] -- Installing: /home/abdulrafi/Desktop/ROS2_Final_Project/kobuki_ws/install/aws_robomaker_bookstore_world/share/aws_robomaker_bookstore_world/models/aws_robomaker_retail_DoorB_01/materials/textures/aws_DoorB_01.png
[8.031s] -- Installing: /home/abdulrafi/Desktop/ROS2_Final_Project/kobuki_ws/install/aws_robomaker_bookstore_world/share/aws_robomaker_bookstore_world/models/aws_robomaker_retail_DoorB_01/meshes
[8.041s] -- Installing: /home/abdulrafi/Desktop/ROS2_Final_Project/kobuki_ws/install/aws_robomaker_bookstore_world/share/aws_robomaker_bookstore_world/models/aws_robomaker_retail_DoorB_01/meshes/aws_DoorB_01_collision.DAE
[8.046s] -- Installing: /home/abdulrafi/Desktop/ROS2_Final_Project/kobuki_ws/install/aws_robomaker_bookstore_world/share/aws_robomaker_bookstore_world/models/aws_robomaker_retail_DoorB_01/meshes/aws_DoorB_01_visual.DAE
[8.056s] -- Installing: /home/abdulrafi/Desktop/ROS2_Final_Project/kobuki_ws/install/aws_robomaker_bookstore_world/share/aws_robomaker_bookstore_world/models/aws_robomaker_retail_DoorB_01/model.config
[8.057s] -- Installing: /home/abdulrafi/Desktop/ROS2_Final_Project/kobuki_ws/install/aws_robomaker_bookstore_world/share/aws_robomaker_bookstore_world/models/aws_robomaker_retail_TabletB_01
[8.058s] -- Installing: /home/abdulrafi/Desktop/ROS2_Final_Project/kobuki_ws/install/aws_robomaker_bookstore_world/share/aws_robomaker_bookstore_world/models/aws_robomaker_retail_TabletB_01/model.sdf
[8.060s] -- Installing: /home/abdulrafi/Desktop/ROS2_Final_Project/kobuki_ws/install/aws_robomaker_bookstore_world/share/aws_robomaker_bookstore_world/models/aws_robomaker_retail_TabletB_01/materials
[8.060s] -- Installing: /home/abdulrafi/Desktop/ROS2_Final_Project/kobuki_ws/install/aws_robomaker_bookstore_world/share/aws_robomaker_bookstore_world/models/aws_robomaker_retail_TabletB_01/materials/textures
[8.060s] -- Installing: /home/abdulrafi/Desktop/ROS2_Final_Project/kobuki_ws/install/aws_robomaker_bookstore_world/share/aws_robomaker_bookstore_world/models/aws_robomaker_retail_TabletB_01/materials/textures/aws_TabletB_01.png
[8.062s] -- Installing: /home/abdulrafi/Desktop/ROS2_Final_Project/kobuki_ws/install/aws_robomaker_bookstore_world/share/aws_robomaker_bookstore_world/models/aws_robomaker_retail_TabletB_01/meshes
[8.063s] -- Installing: /home/abdulrafi/Desktop/ROS2_Final_Project/kobuki_ws/install/aws_robomaker_bookstore_world/share/aws_robomaker_bookstore_world/models/aws_robomaker_retail_TabletB_01/meshes/aws_TabletB_01_collision.DAE
[8.066s] -- Installing: /home/abdulrafi/Desktop/ROS2_Final_Project/kobuki_ws/install/aws_robomaker_bookstore_world/share/aws_robomaker_bookstore_world/models/aws_robomaker_retail_TabletB_01/meshes/aws_TabletB_01_visual.DAE
[8.071s] -- Installing: /home/abdulrafi/Desktop/ROS2_Final_Project/kobuki_ws/install/aws_robomaker_bookstore_world/share/aws_robomaker_bookstore_world/models/aws_robomaker_retail_TabletB_01/model.config
[8.072s] -- Installing: /home/abdulrafi/Desktop/ROS2_Final_Project/kobuki_ws/install/aws_robomaker_bookstore_world/share/aws_robomaker_bookstore_world/models/aws_robomaker_retail_BookB_01
[8.077s] -- Installing: /home/abdulrafi/Desktop/ROS2_Final_Project/kobuki_ws/install/aws_robomaker_bookstore_world/share/aws_robomaker_bookstore_world/models/aws_robomaker_retail_BookB_01/model.sdf
[8.092s] -- Installing: /home/abdulrafi/Desktop/ROS2_Final_Project/kobuki_ws/install/aws_robomaker_bookstore_world/share/aws_robomaker_bookstore_world/models/aws_robomaker_retail_BookB_01/materials
[8.094s] -- Installing: /home/abdulrafi/Desktop/ROS2_Final_Project/kobuki_ws/install/aws_robomaker_bookstore_world/share/aws_robomaker_bookstore_world/models/aws_robomaker_retail_BookB_01/materials/textures
[8.095s] -- Installing: /home/abdulrafi/Desktop/ROS2_Final_Project/kobuki_ws/install/aws_robomaker_bookstore_world/share/aws_robomaker_bookstore_world/models/aws_robomaker_retail_BookB_01/materials/textures/aws_BookB_01.png
[8.155s] -- Installing: /home/abdulrafi/Desktop/ROS2_Final_Project/kobuki_ws/install/aws_robomaker_bookstore_world/share/aws_robomaker_bookstore_world/models/aws_robomaker_retail_BookB_01/materials/textures/aws_BookB_02.png
[8.159s] -- Installing: /home/abdulrafi/Desktop/ROS2_Final_Project/kobuki_ws/install/aws_robomaker_bookstore_world/share/aws_robomaker_bookstore_world/models/aws_robomaker_retail_BookB_01/meshes
[8.160s] -- Installing: /home/abdulrafi/Desktop/ROS2_Final_Project/kobuki_ws/install/aws_robomaker_bookstore_world/share/aws_robomaker_bookstore_world/models/aws_robomaker_retail_BookB_01/meshes/aws_BookB_01_collision.DAE
[8.161s] -- Installing: /home/abdulrafi/Desktop/ROS2_Final_Project/kobuki_ws/install/aws_robomaker_bookstore_world/share/aws_robomaker_bookstore_world/models/aws_robomaker_retail_BookB_01/meshes/aws_BookB_01_visual.DAE
[8.224s] -- Installing: /home/abdulrafi/Desktop/ROS2_Final_Project/kobuki_ws/install/aws_robomaker_bookstore_world/share/aws_robomaker_bookstore_world/models/aws_robomaker_retail_BookB_01/model.config
[8.224s] -- Installing: /home/abdulrafi/Desktop/ROS2_Final_Project/kobuki_ws/install/aws_robomaker_bookstore_world/share/aws_robomaker_bookstore_world/models/aws_robomaker_retail_DeskB_01
[8.233s] -- Installing: /home/abdulrafi/Desktop/ROS2_Final_Project/kobuki_ws/install/aws_robomaker_bookstore_world/share/aws_robomaker_bookstore_world/models/aws_robomaker_retail_DeskB_01/model.sdf
[8.241s] -- Installing: /home/abdulrafi/Desktop/ROS2_Final_Project/kobuki_ws/install/aws_robomaker_bookstore_world/share/aws_robomaker_bookstore_world/models/aws_robomaker_retail_DeskB_01/materials
[8.248s] -- Installing: /home/abdulrafi/Desktop/ROS2_Final_Project/kobuki_ws/install/aws_robomaker_bookstore_world/share/aws_robomaker_bookstore_world/models/aws_robomaker_retail_DeskB_01/materials/textures
[8.250s] -- Installing: /home/abdulrafi/Desktop/ROS2_Final_Project/kobuki_ws/install/aws_robomaker_bookstore_world/share/aws_robomaker_bookstore_world/models/aws_robomaker_retail_DeskB_01/materials/textures/aws_DeskB_01.png
[8.295s] -- Installing: /home/abdulrafi/Desktop/ROS2_Final_Project/kobuki_ws/install/aws_robomaker_bookstore_world/share/aws_robomaker_bookstore_world/models/aws_robomaker_retail_DeskB_01/meshes
[8.300s] -- Installing: /home/abdulrafi/Desktop/ROS2_Final_Project/kobuki_ws/install/aws_robomaker_bookstore_world/share/aws_robomaker_bookstore_world/models/aws_robomaker_retail_DeskB_01/meshes/aws_DeskB_01_visual.DAE
[8.309s] -- Installing: /home/abdulrafi/Desktop/ROS2_Final_Project/kobuki_ws/install/aws_robomaker_bookstore_world/share/aws_robomaker_bookstore_world/models/aws_robomaker_retail_DeskB_01/meshes/aws_DeskB_01_collision.DAE
[8.315s] -- Installing: /home/abdulrafi/Desktop/ROS2_Final_Project/kobuki_ws/install/aws_robomaker_bookstore_world/share/aws_robomaker_bookstore_world/models/aws_robomaker_retail_DeskB_01/model.config
[8.318s] -- Installing: /home/abdulrafi/Desktop/ROS2_Final_Project/kobuki_ws/install/aws_robomaker_bookstore_world/share/aws_robomaker_bookstore_world/models/aws_robomaker_retail_MagicCube_01
[8.325s] -- Installing: /home/abdulrafi/Desktop/ROS2_Final_Project/kobuki_ws/install/aws_robomaker_bookstore_world/share/aws_robomaker_bookstore_world/models/aws_robomaker_retail_MagicCube_01/model.sdf
[8.325s] -- Installing: /home/abdulrafi/Desktop/ROS2_Final_Project/kobuki_ws/install/aws_robomaker_bookstore_world/share/aws_robomaker_bookstore_world/models/aws_robomaker_retail_MagicCube_01/materials
[8.326s] -- Installing: /home/abdulrafi/Desktop/ROS2_Final_Project/kobuki_ws/install/aws_robomaker_bookstore_world/share/aws_robomaker_bookstore_world/models/aws_robomaker_retail_MagicCube_01/materials/textures
[8.326s] -- Installing: /home/abdulrafi/Desktop/ROS2_Final_Project/kobuki_ws/install/aws_robomaker_bookstore_world/share/aws_robomaker_bookstore_world/models/aws_robomaker_retail_MagicCube_01/materials/textures/aws_MagicCube_01.png
[8.326s] -- Installing: /home/abdulrafi/Desktop/ROS2_Final_Project/kobuki_ws/install/aws_robomaker_bookstore_world/share/aws_robomaker_bookstore_world/models/aws_robomaker_retail_MagicCube_01/meshes
[8.327s] -- Installing: /home/abdulrafi/Desktop/ROS2_Final_Project/kobuki_ws/install/aws_robomaker_bookstore_world/share/aws_robomaker_bookstore_world/models/aws_robomaker_retail_MagicCube_01/meshes/aws_MagicCube_01_visual.DAE
[8.334s] -- Installing: /home/abdulrafi/Desktop/ROS2_Final_Project/kobuki_ws/install/aws_robomaker_bookstore_world/share/aws_robomaker_bookstore_world/models/aws_robomaker_retail_MagicCube_01/meshes/aws_MagicCube_01_collision.DAE
[8.339s] -- Installing: /home/abdulrafi/Desktop/ROS2_Final_Project/kobuki_ws/install/aws_robomaker_bookstore_world/share/aws_robomaker_bookstore_world/models/aws_robomaker_retail_MagicCube_01/model.config
[8.340s] -- Installing: /home/abdulrafi/Desktop/ROS2_Final_Project/kobuki_ws/install/aws_robomaker_bookstore_world/share/aws_robomaker_bookstore_world/models/aws_robomaker_retail_Spotlight_01
[8.350s] -- Installing: /home/abdulrafi/Desktop/ROS2_Final_Project/kobuki_ws/install/aws_robomaker_bookstore_world/share/aws_robomaker_bookstore_world/models/aws_robomaker_retail_Spotlight_01/model.sdf
[8.352s] -- Installing: /home/abdulrafi/Desktop/ROS2_Final_Project/kobuki_ws/install/aws_robomaker_bookstore_world/share/aws_robomaker_bookstore_world/models/aws_robomaker_retail_Spotlight_01/materials
[8.355s] -- Installing: /home/abdulrafi/Desktop/ROS2_Final_Project/kobuki_ws/install/aws_robomaker_bookstore_world/share/aws_robomaker_bookstore_world/models/aws_robomaker_retail_Spotlight_01/materials/textures
[8.357s] -- Installing: /home/abdulrafi/Desktop/ROS2_Final_Project/kobuki_ws/install/aws_robomaker_bookstore_world/share/aws_robomaker_bookstore_world/models/aws_robomaker_retail_Spotlight_01/materials/textures/aws_SpotlightDiffuse_01.png
[8.365s] -- Installing: /home/abdulrafi/Desktop/ROS2_Final_Project/kobuki_ws/install/aws_robomaker_bookstore_world/share/aws_robomaker_bookstore_world/models/aws_robomaker_retail_Spotlight_01/meshes
[8.369s] -- Installing: /home/abdulrafi/Desktop/ROS2_Final_Project/kobuki_ws/install/aws_robomaker_bookstore_world/share/aws_robomaker_bookstore_world/models/aws_robomaker_retail_Spotlight_01/meshes/aws_spotlight_01_visual.DAE
[8.385s] -- Installing: /home/abdulrafi/Desktop/ROS2_Final_Project/kobuki_ws/install/aws_robomaker_bookstore_world/share/aws_robomaker_bookstore_world/models/aws_robomaker_retail_Spotlight_01/meshes/aws_spotlight_01_collision.DAE
[8.389s] -- Installing: /home/abdulrafi/Desktop/ROS2_Final_Project/kobuki_ws/install/aws_robomaker_bookstore_world/share/aws_robomaker_bookstore_world/models/aws_robomaker_retail_Spotlight_01/model.config
[8.390s] -- Installing: /home/abdulrafi/Desktop/ROS2_Final_Project/kobuki_ws/install/aws_robomaker_bookstore_world/share/aws_robomaker_bookstore_world/models/aws_robomaker_retail_BookC_01
[8.391s] -- Installing: /home/abdulrafi/Desktop/ROS2_Final_Project/kobuki_ws/install/aws_robomaker_bookstore_world/share/aws_robomaker_bookstore_world/models/aws_robomaker_retail_BookC_01/model.sdf
[8.393s] -- Installing: /home/abdulrafi/Desktop/ROS2_Final_Project/kobuki_ws/install/aws_robomaker_bookstore_world/share/aws_robomaker_bookstore_world/models/aws_robomaker_retail_BookC_01/materials
[8.395s] -- Installing: /home/abdulrafi/Desktop/ROS2_Final_Project/kobuki_ws/install/aws_robomaker_bookstore_world/share/aws_robomaker_bookstore_world/models/aws_robomaker_retail_BookC_01/materials/textures
[8.406s] -- Installing: /home/abdulrafi/Desktop/ROS2_Final_Project/kobuki_ws/install/aws_robomaker_bookstore_world/share/aws_robomaker_bookstore_world/models/aws_robomaker_retail_BookC_01/materials/textures/aws_BookC_01.png
[8.406s] -- Installing: /home/abdulrafi/Desktop/ROS2_Final_Project/kobuki_ws/install/aws_robomaker_bookstore_world/share/aws_robomaker_bookstore_world/models/aws_robomaker_retail_BookC_01/meshes
[8.413s] -- Installing: /home/abdulrafi/Desktop/ROS2_Final_Project/kobuki_ws/install/aws_robomaker_bookstore_world/share/aws_robomaker_bookstore_world/models/aws_robomaker_retail_BookC_01/meshes/aws_BookC_01_visual.DAE
[8.426s] -- Installing: /home/abdulrafi/Desktop/ROS2_Final_Project/kobuki_ws/install/aws_robomaker_bookstore_world/share/aws_robomaker_bookstore_world/models/aws_robomaker_retail_BookC_01/meshes/aws_BookC_01_collision.DAE
[8.434s] -- Installing: /home/abdulrafi/Desktop/ROS2_Final_Project/kobuki_ws/install/aws_robomaker_bookstore_world/share/aws_robomaker_bookstore_world/models/aws_robomaker_retail_BookC_01/model.config
[8.435s] -- Installing: /home/abdulrafi/Desktop/ROS2_Final_Project/kobuki_ws/install/aws_robomaker_bookstore_world/share/aws_robomaker_bookstore_world/models/aws_robomaker_retail_Holder_01
[8.437s] -- Installing: /home/abdulrafi/Desktop/ROS2_Final_Project/kobuki_ws/install/aws_robomaker_bookstore_world/share/aws_robomaker_bookstore_world/models/aws_robomaker_retail_Holder_01/model.sdf
[8.440s] -- Installing: /home/abdulrafi/Desktop/ROS2_Final_Project/kobuki_ws/install/aws_robomaker_bookstore_world/share/aws_robomaker_bookstore_world/models/aws_robomaker_retail_Holder_01/materials
[8.442s] -- Installing: /home/abdulrafi/Desktop/ROS2_Final_Project/kobuki_ws/install/aws_robomaker_bookstore_world/share/aws_robomaker_bookstore_world/models/aws_robomaker_retail_Holder_01/materials/textures
[8.443s] -- Installing: /home/abdulrafi/Desktop/ROS2_Final_Project/kobuki_ws/install/aws_robomaker_bookstore_world/share/aws_robomaker_bookstore_world/models/aws_robomaker_retail_Holder_01/materials/textures/aws_Holder_01.png
[8.444s] -- Installing: /home/abdulrafi/Desktop/ROS2_Final_Project/kobuki_ws/install/aws_robomaker_bookstore_world/share/aws_robomaker_bookstore_world/models/aws_robomaker_retail_Holder_01/meshes
[8.445s] -- Installing: /home/abdulrafi/Desktop/ROS2_Final_Project/kobuki_ws/install/aws_robomaker_bookstore_world/share/aws_robomaker_bookstore_world/models/aws_robomaker_retail_Holder_01/meshes/aws_Holder_01_visual.DAE
[8.448s] -- Installing: /home/abdulrafi/Desktop/ROS2_Final_Project/kobuki_ws/install/aws_robomaker_bookstore_world/share/aws_robomaker_bookstore_world/models/aws_robomaker_retail_Holder_01/meshes/aws_Holder_01_collision.DAE
[8.452s] -- Installing: /home/abdulrafi/Desktop/ROS2_Final_Project/kobuki_ws/install/aws_robomaker_bookstore_world/share/aws_robomaker_bookstore_world/models/aws_robomaker_retail_Holder_01/model.config
[8.452s] -- Installing: /home/abdulrafi/Desktop/ROS2_Final_Project/kobuki_ws/install/aws_robomaker_bookstore_world/share/aws_robomaker_bookstore_world/models/aws_robomaker_retail_Tablet_01
[8.461s] -- Installing: /home/abdulrafi/Desktop/ROS2_Final_Project/kobuki_ws/install/aws_robomaker_bookstore_world/share/aws_robomaker_bookstore_world/models/aws_robomaker_retail_Tablet_01/model.sdf
[8.465s] -- Installing: /home/abdulrafi/Desktop/ROS2_Final_Project/kobuki_ws/install/aws_robomaker_bookstore_world/share/aws_robomaker_bookstore_world/models/aws_robomaker_retail_Tablet_01/materials
[8.473s] -- Installing: /home/abdulrafi/Desktop/ROS2_Final_Project/kobuki_ws/install/aws_robomaker_bookstore_world/share/aws_robomaker_bookstore_world/models/aws_robomaker_retail_Tablet_01/materials/textures
[8.475s] -- Installing: /home/abdulrafi/Desktop/ROS2_Final_Project/kobuki_ws/install/aws_robomaker_bookstore_world/share/aws_robomaker_bookstore_world/models/aws_robomaker_retail_Tablet_01/materials/textures/aws_Tablet_01_nologo.png
[8.479s] -- Installing: /home/abdulrafi/Desktop/ROS2_Final_Project/kobuki_ws/install/aws_robomaker_bookstore_world/share/aws_robomaker_bookstore_world/models/aws_robomaker_retail_Tablet_01/meshes
[8.485s] -- Installing: /home/abdulrafi/Desktop/ROS2_Final_Project/kobuki_ws/install/aws_robomaker_bookstore_world/share/aws_robomaker_bookstore_world/models/aws_robomaker_retail_Tablet_01/meshes/aws_Tablet_01_visual.DAE
[8.485s] -- Installing: /home/abdulrafi/Desktop/ROS2_Final_Project/kobuki_ws/install/aws_robomaker_bookstore_world/share/aws_robomaker_bookstore_world/models/aws_robomaker_retail_Tablet_01/meshes/aws_Tablet_01_collision.DAE
[8.490s] -- Installing: /home/abdulrafi/Desktop/ROS2_Final_Project/kobuki_ws/install/aws_robomaker_bookstore_world/share/aws_robomaker_bookstore_world/models/aws_robomaker_retail_Tablet_01/model.config
[8.491s] -- Installing: /home/abdulrafi/Desktop/ROS2_Final_Project/kobuki_ws/install/aws_robomaker_bookstore_world/share/aws_robomaker_bookstore_world/models/aws_robomaker_retail_BookshelfA_01
[8.491s] -- Installing: /home/abdulrafi/Desktop/ROS2_Final_Project/kobuki_ws/install/aws_robomaker_bookstore_world/share/aws_robomaker_bookstore_world/models/aws_robomaker_retail_BookshelfA_01/model.sdf
[8.491s] -- Installing: /home/abdulrafi/Desktop/ROS2_Final_Project/kobuki_ws/install/aws_robomaker_bookstore_world/share/aws_robomaker_bookstore_world/models/aws_robomaker_retail_BookshelfA_01/materials
[8.494s] -- Installing: /home/abdulrafi/Desktop/ROS2_Final_Project/kobuki_ws/install/aws_robomaker_bookstore_world/share/aws_robomaker_bookstore_world/models/aws_robomaker_retail_BookshelfA_01/materials/textures
[8.495s] -- Installing: /home/abdulrafi/Desktop/ROS2_Final_Project/kobuki_ws/install/aws_robomaker_bookstore_world/share/aws_robomaker_bookstore_world/models/aws_robomaker_retail_BookshelfA_01/materials/textures/aws_BookshelfA_03.png
[8.500s] -- Installing: /home/abdulrafi/Desktop/ROS2_Final_Project/kobuki_ws/install/aws_robomaker_bookstore_world/share/aws_robomaker_bookstore_world/models/aws_robomaker_retail_BookshelfA_01/materials/textures/aws_BookshelfA_02.png
[8.538s] -- Installing: /home/abdulrafi/Desktop/ROS2_Final_Project/kobuki_ws/install/aws_robomaker_bookstore_world/share/aws_robomaker_bookstore_world/models/aws_robomaker_retail_BookshelfA_01/materials/textures/aws_BookshelfA_01.png
[8.574s] -- Installing: /home/abdulrafi/Desktop/ROS2_Final_Project/kobuki_ws/install/aws_robomaker_bookstore_world/share/aws_robomaker_bookstore_world/models/aws_robomaker_retail_BookshelfA_01/meshes
[8.575s] -- Installing: /home/abdulrafi/Desktop/ROS2_Final_Project/kobuki_ws/install/aws_robomaker_bookstore_world/share/aws_robomaker_bookstore_world/models/aws_robomaker_retail_BookshelfA_01/meshes/aws_BookshelfA_01_visual.DAE
[8.691s] -- Installing: /home/abdulrafi/Desktop/ROS2_Final_Project/kobuki_ws/install/aws_robomaker_bookstore_world/share/aws_robomaker_bookstore_world/models/aws_robomaker_retail_BookshelfA_01/meshes/aws_BookshelfA_01_collision.DAE
[8.695s] -- Installing: /home/abdulrafi/Desktop/ROS2_Final_Project/kobuki_ws/install/aws_robomaker_bookstore_world/share/aws_robomaker_bookstore_world/models/aws_robomaker_retail_BookshelfA_01/model.config
[8.696s] -- Installing: /home/abdulrafi/Desktop/ROS2_Final_Project/kobuki_ws/install/aws_robomaker_bookstore_world/share/aws_robomaker_bookstore_world/models/aws_robomaker_retail_BookE_01
[8.699s] -- Installing: /home/abdulrafi/Desktop/ROS2_Final_Project/kobuki_ws/install/aws_robomaker_bookstore_world/share/aws_robomaker_bookstore_world/models/aws_robomaker_retail_BookE_01/model.sdf
[8.700s] -- Installing: /home/abdulrafi/Desktop/ROS2_Final_Project/kobuki_ws/install/aws_robomaker_bookstore_world/share/aws_robomaker_bookstore_world/models/aws_robomaker_retail_BookE_01/materials
[8.705s] -- Installing: /home/abdulrafi/Desktop/ROS2_Final_Project/kobuki_ws/install/aws_robomaker_bookstore_world/share/aws_robomaker_bookstore_world/models/aws_robomaker_retail_BookE_01/materials/textures
[8.713s] -- Installing: /home/abdulrafi/Desktop/ROS2_Final_Project/kobuki_ws/install/aws_robomaker_bookstore_world/share/aws_robomaker_bookstore_world/models/aws_robomaker_retail_BookE_01/materials/textures/aws_BookE_02.png
[8.718s] -- Installing: /home/abdulrafi/Desktop/ROS2_Final_Project/kobuki_ws/install/aws_robomaker_bookstore_world/share/aws_robomaker_bookstore_world/models/aws_robomaker_retail_BookE_01/materials/textures/aws_BookE_01.png
[8.725s] -- Installing: /home/abdulrafi/Desktop/ROS2_Final_Project/kobuki_ws/install/aws_robomaker_bookstore_world/share/aws_robomaker_bookstore_world/models/aws_robomaker_retail_BookE_01/meshes
[8.725s] -- Installing: /home/abdulrafi/Desktop/ROS2_Final_Project/kobuki_ws/install/aws_robomaker_bookstore_world/share/aws_robomaker_bookstore_world/models/aws_robomaker_retail_BookE_01/meshes/aws_BookE_01_collision.DAE
[8.727s] -- Installing: /home/abdulrafi/Desktop/ROS2_Final_Project/kobuki_ws/install/aws_robomaker_bookstore_world/share/aws_robomaker_bookstore_world/models/aws_robomaker_retail_BookE_01/meshes/aws_BookE_01_visual.DAE
[8.730s] -- Installing: /home/abdulrafi/Desktop/ROS2_Final_Project/kobuki_ws/install/aws_robomaker_bookstore_world/share/aws_robomaker_bookstore_world/models/aws_robomaker_retail_BookE_01/model.config
[8.731s] -- Installing: /home/abdulrafi/Desktop/ROS2_Final_Project/kobuki_ws/install/aws_robomaker_bookstore_world/share/aws_robomaker_bookstore_world/models/aws_robomaker_retail_RetailShopFloor_01
[8.734s] -- Installing: /home/abdulrafi/Desktop/ROS2_Final_Project/kobuki_ws/install/aws_robomaker_bookstore_world/share/aws_robomaker_bookstore_world/models/aws_robomaker_retail_RetailShopFloor_01/model.sdf
[8.735s] -- Installing: /home/abdulrafi/Desktop/ROS2_Final_Project/kobuki_ws/install/aws_robomaker_bookstore_world/share/aws_robomaker_bookstore_world/models/aws_robomaker_retail_RetailShopFloor_01/materials
[8.736s] -- Installing: /home/abdulrafi/Desktop/ROS2_Final_Project/kobuki_ws/install/aws_robomaker_bookstore_world/share/aws_robomaker_bookstore_world/models/aws_robomaker_retail_RetailShopFloor_01/materials/textures
[8.739s] -- Installing: /home/abdulrafi/Desktop/ROS2_Final_Project/kobuki_ws/install/aws_robomaker_bookstore_world/share/aws_robomaker_bookstore_world/models/aws_robomaker_retail_RetailShopFloor_01/materials/textures/aws_RetailShopFloor_01.png
[8.747s] -- Installing: /home/abdulrafi/Desktop/ROS2_Final_Project/kobuki_ws/install/aws_robomaker_bookstore_world/share/aws_robomaker_bookstore_world/models/aws_robomaker_retail_RetailShopFloor_01/meshes
[8.759s] -- Installing: /home/abdulrafi/Desktop/ROS2_Final_Project/kobuki_ws/install/aws_robomaker_bookstore_world/share/aws_robomaker_bookstore_world/models/aws_robomaker_retail_RetailShopFloor_01/meshes/aws_RetailShopFloor_01_collision.DAE
[8.760s] -- Installing: /home/abdulrafi/Desktop/ROS2_Final_Project/kobuki_ws/install/aws_robomaker_bookstore_world/share/aws_robomaker_bookstore_world/models/aws_robomaker_retail_RetailShopFloor_01/meshes/aws_RetailShopFloor_01_visual.DAE
[8.761s] -- Installing: /home/abdulrafi/Desktop/ROS2_Final_Project/kobuki_ws/install/aws_robomaker_bookstore_world/share/aws_robomaker_bookstore_world/models/aws_robomaker_retail_RetailShopFloor_01/model.config
[8.764s] -- Installing: /home/abdulrafi/Desktop/ROS2_Final_Project/kobuki_ws/install/aws_robomaker_bookstore_world/share/aws_robomaker_bookstore_world/models/aws_robomaker_retail_SecurityCamera_01
[8.765s] -- Installing: /home/abdulrafi/Desktop/ROS2_Final_Project/kobuki_ws/install/aws_robomaker_bookstore_world/share/aws_robomaker_bookstore_world/models/aws_robomaker_retail_SecurityCamera_01/model.sdf
[8.767s] -- Installing: /home/abdulrafi/Desktop/ROS2_Final_Project/kobuki_ws/install/aws_robomaker_bookstore_world/share/aws_robomaker_bookstore_world/models/aws_robomaker_retail_SecurityCamera_01/materials
[8.767s] -- Installing: /home/abdulrafi/Desktop/ROS2_Final_Project/kobuki_ws/install/aws_robomaker_bookstore_world/share/aws_robomaker_bookstore_world/models/aws_robomaker_retail_SecurityCamera_01/materials/textures
[8.768s] -- Installing: /home/abdulrafi/Desktop/ROS2_Final_Project/kobuki_ws/install/aws_robomaker_bookstore_world/share/aws_robomaker_bookstore_world/models/aws_robomaker_retail_SecurityCamera_01/materials/textures/aws_SecurityCamera_01.png
[8.770s] -- Installing: /home/abdulrafi/Desktop/ROS2_Final_Project/kobuki_ws/install/aws_robomaker_bookstore_world/share/aws_robomaker_bookstore_world/models/aws_robomaker_retail_SecurityCamera_01/meshes
[8.773s] -- Installing: /home/abdulrafi/Desktop/ROS2_Final_Project/kobuki_ws/install/aws_robomaker_bookstore_world/share/aws_robomaker_bookstore_world/models/aws_robomaker_retail_SecurityCamera_01/meshes/aws_SecurityCamera_01_visual.DAE
[8.781s] -- Installing: /home/abdulrafi/Desktop/ROS2_Final_Project/kobuki_ws/install/aws_robomaker_bookstore_world/share/aws_robomaker_bookstore_world/models/aws_robomaker_retail_SecurityCamera_01/meshes/aws_SecurityCamera_01_collision.DAE
[8.784s] -- Installing: /home/abdulrafi/Desktop/ROS2_Final_Project/kobuki_ws/install/aws_robomaker_bookstore_world/share/aws_robomaker_bookstore_world/models/aws_robomaker_retail_SecurityCamera_01/model.config
[8.786s] -- Installing: /home/abdulrafi/Desktop/ROS2_Final_Project/kobuki_ws/install/aws_robomaker_bookstore_world/share/aws_robomaker_bookstore_world/models/aws_robomaker_retail_SmartSpeakerTall_01
[8.789s] -- Installing: /home/abdulrafi/Desktop/ROS2_Final_Project/kobuki_ws/install/aws_robomaker_bookstore_world/share/aws_robomaker_bookstore_world/models/aws_robomaker_retail_SmartSpeakerTall_01/model.sdf
[8.795s] -- Installing: /home/abdulrafi/Desktop/ROS2_Final_Project/kobuki_ws/install/aws_robomaker_bookstore_world/share/aws_robomaker_bookstore_world/models/aws_robomaker_retail_SmartSpeakerTall_01/materials
[8.796s] -- Installing: /home/abdulrafi/Desktop/ROS2_Final_Project/kobuki_ws/install/aws_robomaker_bookstore_world/share/aws_robomaker_bookstore_world/models/aws_robomaker_retail_SmartSpeakerTall_01/materials/textures
[8.808s] -- Installing: /home/abdulrafi/Desktop/ROS2_Final_Project/kobuki_ws/install/aws_robomaker_bookstore_world/share/aws_robomaker_bookstore_world/models/aws_robomaker_retail_SmartSpeakerTall_01/materials/textures/aws_SmartSpeakerTall_01.png
[8.817s] -- Installing: /home/abdulrafi/Desktop/ROS2_Final_Project/kobuki_ws/install/aws_robomaker_bookstore_world/share/aws_robomaker_bookstore_world/models/aws_robomaker_retail_SmartSpeakerTall_01/meshes
[8.824s] -- Installing: /home/abdulrafi/Desktop/ROS2_Final_Project/kobuki_ws/install/aws_robomaker_bookstore_world/share/aws_robomaker_bookstore_world/models/aws_robomaker_retail_SmartSpeakerTall_01/meshes/aws_SmartSpeakerTall_01_collision.DAE
[8.829s] -- Installing: /home/abdulrafi/Desktop/ROS2_Final_Project/kobuki_ws/install/aws_robomaker_bookstore_world/share/aws_robomaker_bookstore_world/models/aws_robomaker_retail_SmartSpeakerTall_01/meshes/aws_SmartSpeakerTall_01_visual.DAE
[8.830s] -- Installing: /home/abdulrafi/Desktop/ROS2_Final_Project/kobuki_ws/install/aws_robomaker_bookstore_world/share/aws_robomaker_bookstore_world/models/aws_robomaker_retail_SmartSpeakerTall_01/model.config
[8.835s] -- Installing: /home/abdulrafi/Desktop/ROS2_Final_Project/kobuki_ws/install/aws_robomaker_bookstore_world/share/aws_robomaker_bookstore_world/models/aws_robomaker_retail_BookshelfB_01
[8.835s] -- Installing: /home/abdulrafi/Desktop/ROS2_Final_Project/kobuki_ws/install/aws_robomaker_bookstore_world/share/aws_robomaker_bookstore_world/models/aws_robomaker_retail_BookshelfB_01/model.sdf
[8.840s] -- Installing: /home/abdulrafi/Desktop/ROS2_Final_Project/kobuki_ws/install/aws_robomaker_bookstore_world/share/aws_robomaker_bookstore_world/models/aws_robomaker_retail_BookshelfB_01/materials
[8.840s] -- Installing: /home/abdulrafi/Desktop/ROS2_Final_Project/kobuki_ws/install/aws_robomaker_bookstore_world/share/aws_robomaker_bookstore_world/models/aws_robomaker_retail_BookshelfB_01/materials/textures
[8.842s] -- Installing: /home/abdulrafi/Desktop/ROS2_Final_Project/kobuki_ws/install/aws_robomaker_bookstore_world/share/aws_robomaker_bookstore_world/models/aws_robomaker_retail_BookshelfB_01/materials/textures/aws_BookshelfB_01.png
[8.888s] -- Installing: /home/abdulrafi/Desktop/ROS2_Final_Project/kobuki_ws/install/aws_robomaker_bookstore_world/share/aws_robomaker_bookstore_world/models/aws_robomaker_retail_BookshelfB_01/materials/textures/aws_BookshelfB_02.png
[8.890s] -- Installing: /home/abdulrafi/Desktop/ROS2_Final_Project/kobuki_ws/install/aws_robomaker_bookstore_world/share/aws_robomaker_bookstore_world/models/aws_robomaker_retail_BookshelfB_01/meshes
[8.892s] -- Installing: /home/abdulrafi/Desktop/ROS2_Final_Project/kobuki_ws/install/aws_robomaker_bookstore_world/share/aws_robomaker_bookstore_world/models/aws_robomaker_retail_BookshelfB_01/meshes/aws_BookshelfB_01_visual.DAE
[8.912s] -- Installing: /home/abdulrafi/Desktop/ROS2_Final_Project/kobuki_ws/install/aws_robomaker_bookstore_world/share/aws_robomaker_bookstore_world/models/aws_robomaker_retail_BookshelfB_01/meshes/aws_BookshelfB_01_collision.DAE
[8.912s] -- Installing: /home/abdulrafi/Desktop/ROS2_Final_Project/kobuki_ws/install/aws_robomaker_bookstore_world/share/aws_robomaker_bookstore_world/models/aws_robomaker_retail_BookshelfB_01/model.config
[8.920s] -- Installing: /home/abdulrafi/Desktop/ROS2_Final_Project/kobuki_ws/install/aws_robomaker_bookstore_world/share/aws_robomaker_bookstore_world/models/aws_robomaker_retail_BookD_01
[8.922s] -- Installing: /home/abdulrafi/Desktop/ROS2_Final_Project/kobuki_ws/install/aws_robomaker_bookstore_world/share/aws_robomaker_bookstore_world/models/aws_robomaker_retail_BookD_01/model.sdf
[8.926s] -- Installing: /home/abdulrafi/Desktop/ROS2_Final_Project/kobuki_ws/install/aws_robomaker_bookstore_world/share/aws_robomaker_bookstore_world/models/aws_robomaker_retail_BookD_01/materials
[8.929s] -- Installing: /home/abdulrafi/Desktop/ROS2_Final_Project/kobuki_ws/install/aws_robomaker_bookstore_world/share/aws_robomaker_bookstore_world/models/aws_robomaker_retail_BookD_01/materials/textures
[8.929s] -- Installing: /home/abdulrafi/Desktop/ROS2_Final_Project/kobuki_ws/install/aws_robomaker_bookstore_world/share/aws_robomaker_bookstore_world/models/aws_robomaker_retail_BookD_01/materials/textures/aws_BookD_01.png
[8.930s] -- Installing: /home/abdulrafi/Desktop/ROS2_Final_Project/kobuki_ws/install/aws_robomaker_bookstore_world/share/aws_robomaker_bookstore_world/models/aws_robomaker_retail_BookD_01/meshes
[8.930s] -- Installing: /home/abdulrafi/Desktop/ROS2_Final_Project/kobuki_ws/install/aws_robomaker_bookstore_world/share/aws_robomaker_bookstore_world/models/aws_robomaker_retail_BookD_01/meshes/aws_BookD_01_visual.DAE
[8.931s] -- Installing: /home/abdulrafi/Desktop/ROS2_Final_Project/kobuki_ws/install/aws_robomaker_bookstore_world/share/aws_robomaker_bookstore_world/models/aws_robomaker_retail_BookD_01/meshes/aws_BookD_01_collision.DAE
[8.932s] -- Installing: /home/abdulrafi/Desktop/ROS2_Final_Project/kobuki_ws/install/aws_robomaker_bookstore_world/share/aws_robomaker_bookstore_world/models/aws_robomaker_retail_BookD_01/model.config
[8.932s] -- Installing: /home/abdulrafi/Desktop/ROS2_Final_Project/kobuki_ws/install/aws_robomaker_bookstore_world/share/aws_robomaker_bookstore_world/models/aws_robomaker_retail_InfoDesk_01
[8.934s] -- Installing: /home/abdulrafi/Desktop/ROS2_Final_Project/kobuki_ws/install/aws_robomaker_bookstore_world/share/aws_robomaker_bookstore_world/models/aws_robomaker_retail_InfoDesk_01/model.sdf
[8.936s] -- Installing: /home/abdulrafi/Desktop/ROS2_Final_Project/kobuki_ws/install/aws_robomaker_bookstore_world/share/aws_robomaker_bookstore_world/models/aws_robomaker_retail_InfoDesk_01/materials
[8.938s] -- Installing: /home/abdulrafi/Desktop/ROS2_Final_Project/kobuki_ws/install/aws_robomaker_bookstore_world/share/aws_robomaker_bookstore_world/models/aws_robomaker_retail_InfoDesk_01/materials/textures
[8.939s] -- Installing: /home/abdulrafi/Desktop/ROS2_Final_Project/kobuki_ws/install/aws_robomaker_bookstore_world/share/aws_robomaker_bookstore_world/models/aws_robomaker_retail_InfoDesk_01/materials/textures/aws_InfoDesk_01.png
[8.965s] -- Installing: /home/abdulrafi/Desktop/ROS2_Final_Project/kobuki_ws/install/aws_robomaker_bookstore_world/share/aws_robomaker_bookstore_world/models/aws_robomaker_retail_InfoDesk_01/meshes
[8.966s] -- Installing: /home/abdulrafi/Desktop/ROS2_Final_Project/kobuki_ws/install/aws_robomaker_bookstore_world/share/aws_robomaker_bookstore_world/models/aws_robomaker_retail_InfoDesk_01/meshes/aws_InfoDesk_01_collision.DAE
[8.978s] -- Installing: /home/abdulrafi/Desktop/ROS2_Final_Project/kobuki_ws/install/aws_robomaker_bookstore_world/share/aws_robomaker_bookstore_world/models/aws_robomaker_retail_InfoDesk_01/meshes/aws_InfoDesk_01_visual.DAE
[8.986s] -- Installing: /home/abdulrafi/Desktop/ROS2_Final_Project/kobuki_ws/install/aws_robomaker_bookstore_world/share/aws_robomaker_bookstore_world/models/aws_robomaker_retail_InfoDesk_01/model.config
[8.991s] -- Installing: /home/abdulrafi/Desktop/ROS2_Final_Project/kobuki_ws/install/aws_robomaker_bookstore_world/share/aws_robomaker_bookstore_world/models/aws_robomaker_retail_DeskA_01
[8.991s] -- Installing: /home/abdulrafi/Desktop/ROS2_Final_Project/kobuki_ws/install/aws_robomaker_bookstore_world/share/aws_robomaker_bookstore_world/models/aws_robomaker_retail_DeskA_01/model.sdf
[8.994s] -- Installing: /home/abdulrafi/Desktop/ROS2_Final_Project/kobuki_ws/install/aws_robomaker_bookstore_world/share/aws_robomaker_bookstore_world/models/aws_robomaker_retail_DeskA_01/materials
[8.996s] -- Installing: /home/abdulrafi/Desktop/ROS2_Final_Project/kobuki_ws/install/aws_robomaker_bookstore_world/share/aws_robomaker_bookstore_world/models/aws_robomaker_retail_DeskA_01/materials/textures
[8.996s] -- Installing: /home/abdulrafi/Desktop/ROS2_Final_Project/kobuki_ws/install/aws_robomaker_bookstore_world/share/aws_robomaker_bookstore_world/models/aws_robomaker_retail_DeskA_01/materials/textures/aws_DeskA_02.png
[9.064s] -- Installing: /home/abdulrafi/Desktop/ROS2_Final_Project/kobuki_ws/install/aws_robomaker_bookstore_world/share/aws_robomaker_bookstore_world/models/aws_robomaker_retail_DeskA_01/materials/textures/aws_DeskA_01.png
[9.173s] -- Installing: /home/abdulrafi/Desktop/ROS2_Final_Project/kobuki_ws/install/aws_robomaker_bookstore_world/share/aws_robomaker_bookstore_world/models/aws_robomaker_retail_DeskA_01/materials/textures/aws_DeskA_03.png
[9.185s] -- Installing: /home/abdulrafi/Desktop/ROS2_Final_Project/kobuki_ws/install/aws_robomaker_bookstore_world/share/aws_robomaker_bookstore_world/models/aws_robomaker_retail_DeskA_01/meshes
[9.186s] -- Installing: /home/abdulrafi/Desktop/ROS2_Final_Project/kobuki_ws/install/aws_robomaker_bookstore_world/share/aws_robomaker_bookstore_world/models/aws_robomaker_retail_DeskA_01/meshes/aws_DeskA_01_visual.DAE
[9.238s] -- Installing: /home/abdulrafi/Desktop/ROS2_Final_Project/kobuki_ws/install/aws_robomaker_bookstore_world/share/aws_robomaker_bookstore_world/models/aws_robomaker_retail_DeskA_01/meshes/aws_DeskA_01_collision.DAE
[9.243s] -- Installing: /home/abdulrafi/Desktop/ROS2_Final_Project/kobuki_ws/install/aws_robomaker_bookstore_world/share/aws_robomaker_bookstore_world/models/aws_robomaker_retail_DeskA_01/model.config
[9.246s] -- Installing: /home/abdulrafi/Desktop/ROS2_Final_Project/kobuki_ws/install/aws_robomaker_bookstore_world/share/aws_robomaker_bookstore_world/models/aws_robomaker_retail_BookstoreLogo_01
[9.249s] -- Installing: /home/abdulrafi/Desktop/ROS2_Final_Project/kobuki_ws/install/aws_robomaker_bookstore_world/share/aws_robomaker_bookstore_world/models/aws_robomaker_retail_BookstoreLogo_01/model.sdf
[9.252s] -- Installing: /home/abdulrafi/Desktop/ROS2_Final_Project/kobuki_ws/install/aws_robomaker_bookstore_world/share/aws_robomaker_bookstore_world/models/aws_robomaker_retail_BookstoreLogo_01/materials
[9.264s] -- Installing: /home/abdulrafi/Desktop/ROS2_Final_Project/kobuki_ws/install/aws_robomaker_bookstore_world/share/aws_robomaker_bookstore_world/models/aws_robomaker_retail_BookstoreLogo_01/materials/textures
[9.265s] -- Installing: /home/abdulrafi/Desktop/ROS2_Final_Project/kobuki_ws/install/aws_robomaker_bookstore_world/share/aws_robomaker_bookstore_world/models/aws_robomaker_retail_BookstoreLogo_01/materials/textures/aws_BookstoreLogo_01.png
[9.275s] -- Installing: /home/abdulrafi/Desktop/ROS2_Final_Project/kobuki_ws/install/aws_robomaker_bookstore_world/share/aws_robomaker_bookstore_world/models/aws_robomaker_retail_BookstoreLogo_01/meshes
[9.279s] -- Installing: /home/abdulrafi/Desktop/ROS2_Final_Project/kobuki_ws/install/aws_robomaker_bookstore_world/share/aws_robomaker_bookstore_world/models/aws_robomaker_retail_BookstoreLogo_01/meshes/aws_BookstoreLogo_01_collision.DAE
[9.280s] -- Installing: /home/abdulrafi/Desktop/ROS2_Final_Project/kobuki_ws/install/aws_robomaker_bookstore_world/share/aws_robomaker_bookstore_world/models/aws_robomaker_retail_BookstoreLogo_01/meshes/aws_BookstoreLogo_01_visual.DAE
[9.296s] -- Installing: /home/abdulrafi/Desktop/ROS2_Final_Project/kobuki_ws/install/aws_robomaker_bookstore_world/share/aws_robomaker_bookstore_world/models/aws_robomaker_retail_BookstoreLogo_01/model.config
[9.297s] -- Installing: /home/abdulrafi/Desktop/ROS2_Final_Project/kobuki_ws/install/aws_robomaker_bookstore_world/share/aws_robomaker_bookstore_world/models/aws_robomaker_retail_RetailShopWall_01
[9.302s] -- Installing: /home/abdulrafi/Desktop/ROS2_Final_Project/kobuki_ws/install/aws_robomaker_bookstore_world/share/aws_robomaker_bookstore_world/models/aws_robomaker_retail_RetailShopWall_01/model.sdf
[9.309s] -- Installing: /home/abdulrafi/Desktop/ROS2_Final_Project/kobuki_ws/install/aws_robomaker_bookstore_world/share/aws_robomaker_bookstore_world/models/aws_robomaker_retail_RetailShopWall_01/materials
[9.340s] -- Installing: /home/abdulrafi/Desktop/ROS2_Final_Project/kobuki_ws/install/aws_robomaker_bookstore_world/share/aws_robomaker_bookstore_world/models/aws_robomaker_retail_RetailShopWall_01/materials/textures
[9.366s] -- Installing: /home/abdulrafi/Desktop/ROS2_Final_Project/kobuki_ws/install/aws_robomaker_bookstore_world/share/aws_robomaker_bookstore_world/models/aws_robomaker_retail_RetailShopWall_01/materials/textures/aws_RetailShopWall_01.png
[9.366s] -- Installing: /home/abdulrafi/Desktop/ROS2_Final_Project/kobuki_ws/install/aws_robomaker_bookstore_world/share/aws_robomaker_bookstore_world/models/aws_robomaker_retail_RetailShopWall_01/meshes
[9.366s] -- Installing: /home/abdulrafi/Desktop/ROS2_Final_Project/kobuki_ws/install/aws_robomaker_bookstore_world/share/aws_robomaker_bookstore_world/models/aws_robomaker_retail_RetailShopWall_01/meshes/aws_RetailShopWall_01_visual.DAE
[9.367s] -- Installing: /home/abdulrafi/Desktop/ROS2_Final_Project/kobuki_ws/install/aws_robomaker_bookstore_world/share/aws_robomaker_bookstore_world/models/aws_robomaker_retail_RetailShopWall_01/meshes/aws_RetailShopWall_01_collision.DAE
[9.373s] -- Installing: /home/abdulrafi/Desktop/ROS2_Final_Project/kobuki_ws/install/aws_robomaker_bookstore_world/share/aws_robomaker_bookstore_world/models/aws_robomaker_retail_RetailShopWall_01/model.config
[9.378s] -- Installing: /home/abdulrafi/Desktop/ROS2_Final_Project/kobuki_ws/install/aws_robomaker_bookstore_world/share/aws_robomaker_bookstore_world/models/aws_robomaker_retail_Bicycle_01
[9.380s] -- Installing: /home/abdulrafi/Desktop/ROS2_Final_Project/kobuki_ws/install/aws_robomaker_bookstore_world/share/aws_robomaker_bookstore_world/models/aws_robomaker_retail_Bicycle_01/model.sdf
[9.387s] -- Installing: /home/abdulrafi/Desktop/ROS2_Final_Project/kobuki_ws/install/aws_robomaker_bookstore_world/share/aws_robomaker_bookstore_world/models/aws_robomaker_retail_Bicycle_01/materials
[9.387s] -- Installing: /home/abdulrafi/Desktop/ROS2_Final_Project/kobuki_ws/install/aws_robomaker_bookstore_world/share/aws_robomaker_bookstore_world/models/aws_robomaker_retail_Bicycle_01/materials/textures
[9.393s] -- Installing: /home/abdulrafi/Desktop/ROS2_Final_Project/kobuki_ws/install/aws_robomaker_bookstore_world/share/aws_robomaker_bookstore_world/models/aws_robomaker_retail_Bicycle_01/materials/textures/aws_Bicycle_01.png
[9.413s] -- Installing: /home/abdulrafi/Desktop/ROS2_Final_Project/kobuki_ws/install/aws_robomaker_bookstore_world/share/aws_robomaker_bookstore_world/models/aws_robomaker_retail_Bicycle_01/meshes
[9.416s] -- Installing: /home/abdulrafi/Desktop/ROS2_Final_Project/kobuki_ws/install/aws_robomaker_bookstore_world/share/aws_robomaker_bookstore_world/models/aws_robomaker_retail_Bicycle_01/meshes/aws_Bicycle_01_visual.DAE
[9.437s] -- Installing: /home/abdulrafi/Desktop/ROS2_Final_Project/kobuki_ws/install/aws_robomaker_bookstore_world/share/aws_robomaker_bookstore_world/models/aws_robomaker_retail_Bicycle_01/meshes/aws_Bicycle_01_collision.DAE
[9.444s] -- Installing: /home/abdulrafi/Desktop/ROS2_Final_Project/kobuki_ws/install/aws_robomaker_bookstore_world/share/aws_robomaker_bookstore_world/models/aws_robomaker_retail_Bicycle_01/model.config
[9.445s] -- Installing: /home/abdulrafi/Desktop/ROS2_Final_Project/kobuki_ws/install/aws_robomaker_bookstore_world/share/aws_robomaker_bookstore_world/models/aws_robomaker_retail_ShopWindow_01
[9.448s] -- Installing: /home/abdulrafi/Desktop/ROS2_Final_Project/kobuki_ws/install/aws_robomaker_bookstore_world/share/aws_robomaker_bookstore_world/models/aws_robomaker_retail_ShopWindow_01/model.sdf
[9.449s] -- Installing: /home/abdulrafi/Desktop/ROS2_Final_Project/kobuki_ws/install/aws_robomaker_bookstore_world/share/aws_robomaker_bookstore_world/models/aws_robomaker_retail_ShopWindow_01/materials
[9.451s] -- Installing: /home/abdulrafi/Desktop/ROS2_Final_Project/kobuki_ws/install/aws_robomaker_bookstore_world/share/aws_robomaker_bookstore_world/models/aws_robomaker_retail_ShopWindow_01/materials/textures
[9.454s] -- Installing: /home/abdulrafi/Desktop/ROS2_Final_Project/kobuki_ws/install/aws_robomaker_bookstore_world/share/aws_robomaker_bookstore_world/models/aws_robomaker_retail_ShopWindow_01/materials/textures/aws_ShopWindow_01.png
[9.460s] -- Installing: /home/abdulrafi/Desktop/ROS2_Final_Project/kobuki_ws/install/aws_robomaker_bookstore_world/share/aws_robomaker_bookstore_world/models/aws_robomaker_retail_ShopWindow_01/meshes
[9.463s] -- Installing: /home/abdulrafi/Desktop/ROS2_Final_Project/kobuki_ws/install/aws_robomaker_bookstore_world/share/aws_robomaker_bookstore_world/models/aws_robomaker_retail_ShopWindow_01/meshes/aws_ShopWindow_01_collision.DAE
[9.467s] -- Installing: /home/abdulrafi/Desktop/ROS2_Final_Project/kobuki_ws/install/aws_robomaker_bookstore_world/share/aws_robomaker_bookstore_world/models/aws_robomaker_retail_ShopWindow_01/meshes/aws_ShopWindow_01_visual.DAE
[9.479s] -- Installing: /home/abdulrafi/Desktop/ROS2_Final_Project/kobuki_ws/install/aws_robomaker_bookstore_world/share/aws_robomaker_bookstore_world/models/aws_robomaker_retail_ShopWindow_01/model.config
[9.481s] -- Installing: /home/abdulrafi/Desktop/ROS2_Final_Project/kobuki_ws/install/aws_robomaker_bookstore_world/share/aws_robomaker_bookstore_world/models/aws_robomaker_retail_SmartSpeakerSmall_01
[9.482s] -- Installing: /home/abdulrafi/Desktop/ROS2_Final_Project/kobuki_ws/install/aws_robomaker_bookstore_world/share/aws_robomaker_bookstore_world/models/aws_robomaker_retail_SmartSpeakerSmall_01/model.sdf
[9.486s] -- Installing: /home/abdulrafi/Desktop/ROS2_Final_Project/kobuki_ws/install/aws_robomaker_bookstore_world/share/aws_robomaker_bookstore_world/models/aws_robomaker_retail_SmartSpeakerSmall_01/materials
[9.490s] -- Installing: /home/abdulrafi/Desktop/ROS2_Final_Project/kobuki_ws/install/aws_robomaker_bookstore_world/share/aws_robomaker_bookstore_world/models/aws_robomaker_retail_SmartSpeakerSmall_01/materials/textures
[9.496s] -- Installing: /home/abdulrafi/Desktop/ROS2_Final_Project/kobuki_ws/install/aws_robomaker_bookstore_world/share/aws_robomaker_bookstore_world/models/aws_robomaker_retail_SmartSpeakerSmall_01/materials/textures/aws_SmartSpeakerSmall_01.png
[9.511s] -- Installing: /home/abdulrafi/Desktop/ROS2_Final_Project/kobuki_ws/install/aws_robomaker_bookstore_world/share/aws_robomaker_bookstore_world/models/aws_robomaker_retail_SmartSpeakerSmall_01/meshes
[9.511s] -- Installing: /home/abdulrafi/Desktop/ROS2_Final_Project/kobuki_ws/install/aws_robomaker_bookstore_world/share/aws_robomaker_bookstore_world/models/aws_robomaker_retail_SmartSpeakerSmall_01/meshes/aws_SmartSpeakerSmall_01_collision.DAE
[9.517s] -- Installing: /home/abdulrafi/Desktop/ROS2_Final_Project/kobuki_ws/install/aws_robomaker_bookstore_world/share/aws_robomaker_bookstore_world/models/aws_robomaker_retail_SmartSpeakerSmall_01/meshes/aws_SmartSpeakerSmall_01_visual.DAE
[9.537s] -- Installing: /home/abdulrafi/Desktop/ROS2_Final_Project/kobuki_ws/install/aws_robomaker_bookstore_world/share/aws_robomaker_bookstore_world/models/aws_robomaker_retail_SmartSpeakerSmall_01/model.config
[9.568s] -- Installing: /home/abdulrafi/Desktop/ROS2_Final_Project/kobuki_ws/install/aws_robomaker_bookstore_world/share/aws_robomaker_bookstore_world/models/aws_robomaker_retail_ColumnA_01
[9.569s] -- Installing: /home/abdulrafi/Desktop/ROS2_Final_Project/kobuki_ws/install/aws_robomaker_bookstore_world/share/aws_robomaker_bookstore_world/models/aws_robomaker_retail_ColumnA_01/model.sdf
[9.573s] -- Installing: /home/abdulrafi/Desktop/ROS2_Final_Project/kobuki_ws/install/aws_robomaker_bookstore_world/share/aws_robomaker_bookstore_world/models/aws_robomaker_retail_ColumnA_01/materials
[9.578s] -- Installing: /home/abdulrafi/Desktop/ROS2_Final_Project/kobuki_ws/install/aws_robomaker_bookstore_world/share/aws_robomaker_bookstore_world/models/aws_robomaker_retail_ColumnA_01/materials/textures
[9.580s] -- Installing: /home/abdulrafi/Desktop/ROS2_Final_Project/kobuki_ws/install/aws_robomaker_bookstore_world/share/aws_robomaker_bookstore_world/models/aws_robomaker_retail_ColumnA_01/materials/textures/aws_ColumnA_01.png
[9.679s] -- Installing: /home/abdulrafi/Desktop/ROS2_Final_Project/kobuki_ws/install/aws_robomaker_bookstore_world/share/aws_robomaker_bookstore_world/models/aws_robomaker_retail_ColumnA_01/meshes
[9.679s] -- Installing: /home/abdulrafi/Desktop/ROS2_Final_Project/kobuki_ws/install/aws_robomaker_bookstore_world/share/aws_robomaker_bookstore_world/models/aws_robomaker_retail_ColumnA_01/meshes/aws_ColumnA_01_visual.DAE
[9.686s] -- Installing: /home/abdulrafi/Desktop/ROS2_Final_Project/kobuki_ws/install/aws_robomaker_bookstore_world/share/aws_robomaker_bookstore_world/models/aws_robomaker_retail_ColumnA_01/meshes/aws_ColumnA_01_collision.DAE
[9.691s] -- Installing: /home/abdulrafi/Desktop/ROS2_Final_Project/kobuki_ws/install/aws_robomaker_bookstore_world/share/aws_robomaker_bookstore_world/models/aws_robomaker_retail_ColumnA_01/model.config
[9.695s] -- Installing: /home/abdulrafi/Desktop/ROS2_Final_Project/kobuki_ws/install/aws_robomaker_bookstore_world/share/aws_robomaker_bookstore_world/models/aws_robomaker_retail_AirConditionerC_01
[9.695s] -- Installing: /home/abdulrafi/Desktop/ROS2_Final_Project/kobuki_ws/install/aws_robomaker_bookstore_world/share/aws_robomaker_bookstore_world/models/aws_robomaker_retail_AirConditionerC_01/model.sdf
[9.695s] -- Installing: /home/abdulrafi/Desktop/ROS2_Final_Project/kobuki_ws/install/aws_robomaker_bookstore_world/share/aws_robomaker_bookstore_world/models/aws_robomaker_retail_AirConditionerC_01/materials
[9.696s] -- Installing: /home/abdulrafi/Desktop/ROS2_Final_Project/kobuki_ws/install/aws_robomaker_bookstore_world/share/aws_robomaker_bookstore_world/models/aws_robomaker_retail_AirConditionerC_01/materials/textures
[9.707s] -- Installing: /home/abdulrafi/Desktop/ROS2_Final_Project/kobuki_ws/install/aws_robomaker_bookstore_world/share/aws_robomaker_bookstore_world/models/aws_robomaker_retail_AirConditionerC_01/materials/textures/aws_AirConditionerC_01.png
[9.709s] -- Installing: /home/abdulrafi/Desktop/ROS2_Final_Project/kobuki_ws/install/aws_robomaker_bookstore_world/share/aws_robomaker_bookstore_world/models/aws_robomaker_retail_AirConditionerC_01/meshes
[9.714s] -- Installing: /home/abdulrafi/Desktop/ROS2_Final_Project/kobuki_ws/install/aws_robomaker_bookstore_world/share/aws_robomaker_bookstore_world/models/aws_robomaker_retail_AirConditionerC_01/meshes/aws_AirConditionerC_01_collision.DAE
[9.717s] -- Installing: /home/abdulrafi/Desktop/ROS2_Final_Project/kobuki_ws/install/aws_robomaker_bookstore_world/share/aws_robomaker_bookstore_world/models/aws_robomaker_retail_AirConditionerC_01/meshes/aws_AirConditionerC_01_visual.DAE
[9.723s] -- Installing: /home/abdulrafi/Desktop/ROS2_Final_Project/kobuki_ws/install/aws_robomaker_bookstore_world/share/aws_robomaker_bookstore_world/models/aws_robomaker_retail_AirConditionerC_01/model.config
[9.724s] -- Installing: /home/abdulrafi/Desktop/ROS2_Final_Project/kobuki_ws/install/aws_robomaker_bookstore_world/share/aws_robomaker_bookstore_world/models/aws_robomaker_retail_Computer_01
[9.726s] -- Installing: /home/abdulrafi/Desktop/ROS2_Final_Project/kobuki_ws/install/aws_robomaker_bookstore_world/share/aws_robomaker_bookstore_world/models/aws_robomaker_retail_Computer_01/model.sdf
[9.727s] -- Installing: /home/abdulrafi/Desktop/ROS2_Final_Project/kobuki_ws/install/aws_robomaker_bookstore_world/share/aws_robomaker_bookstore_world/models/aws_robomaker_retail_Computer_01/materials
[9.729s] -- Installing: /home/abdulrafi/Desktop/ROS2_Final_Project/kobuki_ws/install/aws_robomaker_bookstore_world/share/aws_robomaker_bookstore_world/models/aws_robomaker_retail_Computer_01/materials/textures
[9.730s] -- Installing: /home/abdulrafi/Desktop/ROS2_Final_Project/kobuki_ws/install/aws_robomaker_bookstore_world/share/aws_robomaker_bookstore_world/models/aws_robomaker_retail_Computer_01/materials/textures/aws_Computer_01.png
[9.734s] -- Installing: /home/abdulrafi/Desktop/ROS2_Final_Project/kobuki_ws/install/aws_robomaker_bookstore_world/share/aws_robomaker_bookstore_world/models/aws_robomaker_retail_Computer_01/meshes
[9.735s] -- Installing: /home/abdulrafi/Desktop/ROS2_Final_Project/kobuki_ws/install/aws_robomaker_bookstore_world/share/aws_robomaker_bookstore_world/models/aws_robomaker_retail_Computer_01/meshes/aws_Computer_01_collision.DAE
[9.737s] -- Installing: /home/abdulrafi/Desktop/ROS2_Final_Project/kobuki_ws/install/aws_robomaker_bookstore_world/share/aws_robomaker_bookstore_world/models/aws_robomaker_retail_Computer_01/meshes/aws_Computer_01_visual.DAE
[9.749s] -- Installing: /home/abdulrafi/Desktop/ROS2_Final_Project/kobuki_ws/install/aws_robomaker_bookstore_world/share/aws_robomaker_bookstore_world/models/aws_robomaker_retail_Computer_01/model.config
[9.752s] -- Installing: /home/abdulrafi/Desktop/ROS2_Final_Project/kobuki_ws/install/aws_robomaker_bookstore_world/share/aws_robomaker_bookstore_world/models/aws_robomaker_retail_BookshelfC_01
[9.753s] -- Installing: /home/abdulrafi/Desktop/ROS2_Final_Project/kobuki_ws/install/aws_robomaker_bookstore_world/share/aws_robomaker_bookstore_world/models/aws_robomaker_retail_BookshelfC_01/model.sdf
[9.753s] -- Installing: /home/abdulrafi/Desktop/ROS2_Final_Project/kobuki_ws/install/aws_robomaker_bookstore_world/share/aws_robomaker_bookstore_world/models/aws_robomaker_retail_BookshelfC_01/materials
[9.759s] -- Installing: /home/abdulrafi/Desktop/ROS2_Final_Project/kobuki_ws/install/aws_robomaker_bookstore_world/share/aws_robomaker_bookstore_world/models/aws_robomaker_retail_BookshelfC_01/materials/textures
[9.760s] -- Installing: /home/abdulrafi/Desktop/ROS2_Final_Project/kobuki_ws/install/aws_robomaker_bookstore_world/share/aws_robomaker_bookstore_world/models/aws_robomaker_retail_BookshelfC_01/materials/textures/aws_BookshelfC_01.png
[9.811s] -- Installing: /home/abdulrafi/Desktop/ROS2_Final_Project/kobuki_ws/install/aws_robomaker_bookstore_world/share/aws_robomaker_bookstore_world/models/aws_robomaker_retail_BookshelfC_01/meshes
[9.815s] -- Installing: /home/abdulrafi/Desktop/ROS2_Final_Project/kobuki_ws/install/aws_robomaker_bookstore_world/share/aws_robomaker_bookstore_world/models/aws_robomaker_retail_BookshelfC_01/meshes/aws_BookshelfC_01_visual.DAE
[9.818s] -- Installing: /home/abdulrafi/Desktop/ROS2_Final_Project/kobuki_ws/install/aws_robomaker_bookstore_world/share/aws_robomaker_bookstore_world/models/aws_robomaker_retail_BookshelfC_01/meshes/aws_BookshelfC_01_collision.DAE
[9.830s] -- Installing: /home/abdulrafi/Desktop/ROS2_Final_Project/kobuki_ws/install/aws_robomaker_bookstore_world/share/aws_robomaker_bookstore_world/models/aws_robomaker_retail_BookshelfC_01/model.config
[9.831s] -- Installing: /home/abdulrafi/Desktop/ROS2_Final_Project/kobuki_ws/install/aws_robomaker_bookstore_world/share/aws_robomaker_bookstore_world/models/aws_robomaker_retail_ChairB_01
[9.835s] -- Installing: /home/abdulrafi/Desktop/ROS2_Final_Project/kobuki_ws/install/aws_robomaker_bookstore_world/share/aws_robomaker_bookstore_world/models/aws_robomaker_retail_ChairB_01/model.sdf
[9.835s] -- Installing: /home/abdulrafi/Desktop/ROS2_Final_Project/kobuki_ws/install/aws_robomaker_bookstore_world/share/aws_robomaker_bookstore_world/models/aws_robomaker_retail_ChairB_01/materials
[9.840s] -- Installing: /home/abdulrafi/Desktop/ROS2_Final_Project/kobuki_ws/install/aws_robomaker_bookstore_world/share/aws_robomaker_bookstore_world/models/aws_robomaker_retail_ChairB_01/materials/textures
[9.847s] -- Installing: /home/abdulrafi/Desktop/ROS2_Final_Project/kobuki_ws/install/aws_robomaker_bookstore_world/share/aws_robomaker_bookstore_world/models/aws_robomaker_retail_ChairB_01/materials/textures/aws_ChairB_01.png
[9.912s] -- Installing: /home/abdulrafi/Desktop/ROS2_Final_Project/kobuki_ws/install/aws_robomaker_bookstore_world/share/aws_robomaker_bookstore_world/models/aws_robomaker_retail_ChairB_01/meshes
[9.914s] -- Installing: /home/abdulrafi/Desktop/ROS2_Final_Project/kobuki_ws/install/aws_robomaker_bookstore_world/share/aws_robomaker_bookstore_world/models/aws_robomaker_retail_ChairB_01/meshes/aws_ChairB_01_collision.DAE
[9.925s] -- Installing: /home/abdulrafi/Desktop/ROS2_Final_Project/kobuki_ws/install/aws_robomaker_bookstore_world/share/aws_robomaker_bookstore_world/models/aws_robomaker_retail_ChairB_01/meshes/aws_ChairB_01_visual.DAE
[9.933s] -- Installing: /home/abdulrafi/Desktop/ROS2_Final_Project/kobuki_ws/install/aws_robomaker_bookstore_world/share/aws_robomaker_bookstore_world/models/aws_robomaker_retail_ChairB_01/model.config
[9.933s] -- Installing: /home/abdulrafi/Desktop/ROS2_Final_Project/kobuki_ws/install/aws_robomaker_bookstore_world/share/aws_robomaker_bookstore_world/models/aws_robomaker_retail_LightA_01
[9.939s] -- Installing: /home/abdulrafi/Desktop/ROS2_Final_Project/kobuki_ws/install/aws_robomaker_bookstore_world/share/aws_robomaker_bookstore_world/models/aws_robomaker_retail_LightA_01/model.sdf
[9.945s] -- Installing: /home/abdulrafi/Desktop/ROS2_Final_Project/kobuki_ws/install/aws_robomaker_bookstore_world/share/aws_robomaker_bookstore_world/models/aws_robomaker_retail_LightA_01/materials
[9.952s] -- Installing: /home/abdulrafi/Desktop/ROS2_Final_Project/kobuki_ws/install/aws_robomaker_bookstore_world/share/aws_robomaker_bookstore_world/models/aws_robomaker_retail_LightA_01/materials/textures
[9.969s] -- Installing: /home/abdulrafi/Desktop/ROS2_Final_Project/kobuki_ws/install/aws_robomaker_bookstore_world/share/aws_robomaker_bookstore_world/models/aws_robomaker_retail_LightA_01/materials/textures/aws_LightA_01.png
[9.984s] -- Installing: /home/abdulrafi/Desktop/ROS2_Final_Project/kobuki_ws/install/aws_robomaker_bookstore_world/share/aws_robomaker_bookstore_world/models/aws_robomaker_retail_LightA_01/meshes
[9.986s] -- Installing: /home/abdulrafi/Desktop/ROS2_Final_Project/kobuki_ws/install/aws_robomaker_bookstore_world/share/aws_robomaker_bookstore_world/models/aws_robomaker_retail_LightA_01/meshes/aws_LightA_01_visual.DAE
[9.996s] -- Installing: /home/abdulrafi/Desktop/ROS2_Final_Project/kobuki_ws/install/aws_robomaker_bookstore_world/share/aws_robomaker_bookstore_world/models/aws_robomaker_retail_LightA_01/meshes/aws_LightA_01_collision.DAE
[9.999s] -- Installing: /home/abdulrafi/Desktop/ROS2_Final_Project/kobuki_ws/install/aws_robomaker_bookstore_world/share/aws_robomaker_bookstore_world/models/aws_robomaker_retail_LightA_01/model.config
[10.000s] -- Installing: /home/abdulrafi/Desktop/ROS2_Final_Project/kobuki_ws/install/aws_robomaker_bookstore_world/share/aws_robomaker_bookstore_world/models/aws_robomaker_retail_Horologe_01
[10.000s] -- Installing: /home/abdulrafi/Desktop/ROS2_Final_Project/kobuki_ws/install/aws_robomaker_bookstore_world/share/aws_robomaker_bookstore_world/models/aws_robomaker_retail_Horologe_01/model.sdf
[10.001s] -- Installing: /home/abdulrafi/Desktop/ROS2_Final_Project/kobuki_ws/install/aws_robomaker_bookstore_world/share/aws_robomaker_bookstore_world/models/aws_robomaker_retail_Horologe_01/materials
[10.002s] -- Installing: /home/abdulrafi/Desktop/ROS2_Final_Project/kobuki_ws/install/aws_robomaker_bookstore_world/share/aws_robomaker_bookstore_world/models/aws_robomaker_retail_Horologe_01/materials/textures
[10.002s] -- Installing: /home/abdulrafi/Desktop/ROS2_Final_Project/kobuki_ws/install/aws_robomaker_bookstore_world/share/aws_robomaker_bookstore_world/models/aws_robomaker_retail_Horologe_01/materials/textures/aws_Horologe_01.png
[10.087s] -- Installing: /home/abdulrafi/Desktop/ROS2_Final_Project/kobuki_ws/install/aws_robomaker_bookstore_world/share/aws_robomaker_bookstore_world/models/aws_robomaker_retail_Horologe_01/meshes
[10.091s] -- Installing: /home/abdulrafi/Desktop/ROS2_Final_Project/kobuki_ws/install/aws_robomaker_bookstore_world/share/aws_robomaker_bookstore_world/models/aws_robomaker_retail_Horologe_01/meshes/aws_Horologe_01_collision.DAE
[10.091s] -- Installing: /home/abdulrafi/Desktop/ROS2_Final_Project/kobuki_ws/install/aws_robomaker_bookstore_world/share/aws_robomaker_bookstore_world/models/aws_robomaker_retail_Horologe_01/meshes/aws_Horologe_01_visual.DAE
[10.096s] -- Installing: /home/abdulrafi/Desktop/ROS2_Final_Project/kobuki_ws/install/aws_robomaker_bookstore_world/share/aws_robomaker_bookstore_world/models/aws_robomaker_retail_Horologe_01/model.config
[10.097s] -- Installing: /home/abdulrafi/Desktop/ROS2_Final_Project/kobuki_ws/install/aws_robomaker_bookstore_world/share/aws_robomaker_bookstore_world/models/aws_robomaker_retail_BookA_01
[10.098s] -- Installing: /home/abdulrafi/Desktop/ROS2_Final_Project/kobuki_ws/install/aws_robomaker_bookstore_world/share/aws_robomaker_bookstore_world/models/aws_robomaker_retail_BookA_01/model.sdf
[10.098s] -- Installing: /home/abdulrafi/Desktop/ROS2_Final_Project/kobuki_ws/install/aws_robomaker_bookstore_world/share/aws_robomaker_bookstore_world/models/aws_robomaker_retail_BookA_01/materials
[10.102s] -- Installing: /home/abdulrafi/Desktop/ROS2_Final_Project/kobuki_ws/install/aws_robomaker_bookstore_world/share/aws_robomaker_bookstore_world/models/aws_robomaker_retail_BookA_01/materials/textures
[10.102s] -- Installing: /home/abdulrafi/Desktop/ROS2_Final_Project/kobuki_ws/install/aws_robomaker_bookstore_world/share/aws_robomaker_bookstore_world/models/aws_robomaker_retail_BookA_01/materials/textures/aws_BookA_01.png
[10.104s] -- Installing: /home/abdulrafi/Desktop/ROS2_Final_Project/kobuki_ws/install/aws_robomaker_bookstore_world/share/aws_robomaker_bookstore_world/models/aws_robomaker_retail_BookA_01/meshes
[10.105s] -- Installing: /home/abdulrafi/Desktop/ROS2_Final_Project/kobuki_ws/install/aws_robomaker_bookstore_world/share/aws_robomaker_bookstore_world/models/aws_robomaker_retail_BookA_01/meshes/aws_BookA_01_visual.DAE
[10.106s] -- Installing: /home/abdulrafi/Desktop/ROS2_Final_Project/kobuki_ws/install/aws_robomaker_bookstore_world/share/aws_robomaker_bookstore_world/models/aws_robomaker_retail_BookA_01/meshes/aws_BookA_01_collision.DAE
[10.110s] -- Installing: /home/abdulrafi/Desktop/ROS2_Final_Project/kobuki_ws/install/aws_robomaker_bookstore_world/share/aws_robomaker_bookstore_world/models/aws_robomaker_retail_BookA_01/model.config
[10.110s] -- Installing: /home/abdulrafi/Desktop/ROS2_Final_Project/kobuki_ws/install/aws_robomaker_bookstore_world/share/aws_robomaker_bookstore_world/models/aws_robomaker_retail_BookF_01
[10.112s] -- Installing: /home/abdulrafi/Desktop/ROS2_Final_Project/kobuki_ws/install/aws_robomaker_bookstore_world/share/aws_robomaker_bookstore_world/models/aws_robomaker_retail_BookF_01/model.sdf
[10.121s] -- Installing: /home/abdulrafi/Desktop/ROS2_Final_Project/kobuki_ws/install/aws_robomaker_bookstore_world/share/aws_robomaker_bookstore_world/models/aws_robomaker_retail_BookF_01/materials
[10.142s] -- Installing: /home/abdulrafi/Desktop/ROS2_Final_Project/kobuki_ws/install/aws_robomaker_bookstore_world/share/aws_robomaker_bookstore_world/models/aws_robomaker_retail_BookF_01/materials/textures
[10.156s] -- Installing: /home/abdulrafi/Desktop/ROS2_Final_Project/kobuki_ws/install/aws_robomaker_bookstore_world/share/aws_robomaker_bookstore_world/models/aws_robomaker_retail_BookF_01/materials/textures/aws_BookF_01.png
[10.189s] -- Installing: /home/abdulrafi/Desktop/ROS2_Final_Project/kobuki_ws/install/aws_robomaker_bookstore_world/share/aws_robomaker_bookstore_world/models/aws_robomaker_retail_BookF_01/meshes
[10.202s] -- Installing: /home/abdulrafi/Desktop/ROS2_Final_Project/kobuki_ws/install/aws_robomaker_bookstore_world/share/aws_robomaker_bookstore_world/models/aws_robomaker_retail_BookF_01/meshes/aws_BookF_01_visual.DAE
[10.247s] -- Installing: /home/abdulrafi/Desktop/ROS2_Final_Project/kobuki_ws/install/aws_robomaker_bookstore_world/share/aws_robomaker_bookstore_world/models/aws_robomaker_retail_BookF_01/meshes/aws_BookF_01_collision.DAE
[10.249s] -- Installing: /home/abdulrafi/Desktop/ROS2_Final_Project/kobuki_ws/install/aws_robomaker_bookstore_world/share/aws_robomaker_bookstore_world/models/aws_robomaker_retail_BookF_01/model.config
[10.249s] -- Installing: /home/abdulrafi/Desktop/ROS2_Final_Project/kobuki_ws/install/aws_robomaker_bookstore_world/share/aws_robomaker_bookstore_world/routes
[10.250s] -- Installing: /home/abdulrafi/Desktop/ROS2_Final_Project/kobuki_ws/install/aws_robomaker_bookstore_world/share/aws_robomaker_bookstore_world/routes/route.yaml
[10.252s] -- Installing: /home/abdulrafi/Desktop/ROS2_Final_Project/kobuki_ws/install/aws_robomaker_bookstore_world/share/aws_robomaker_bookstore_world/param
[10.255s] -- Installing: /home/abdulrafi/Desktop/ROS2_Final_Project/kobuki_ws/install/aws_robomaker_bookstore_world/share/aws_robomaker_bookstore_world/param/waffle.yaml
[10.259s] -- Installing: /home/abdulrafi/Desktop/ROS2_Final_Project/kobuki_ws/install/aws_robomaker_bookstore_world/share/aws_robomaker_bookstore_world/param/burger.yaml
[10.279s] -- Installing: /home/abdulrafi/Desktop/ROS2_Final_Project/kobuki_ws/install/aws_robomaker_bookstore_world/share/aws_robomaker_bookstore_world/param/waffle_pi.yaml
[10.283s] -- Installing: /home/abdulrafi/Desktop/ROS2_Final_Project/kobuki_ws/install/aws_robomaker_bookstore_world/share/aws_robomaker_bookstore_world/worlds
[10.284s] -- Installing: /home/abdulrafi/Desktop/ROS2_Final_Project/kobuki_ws/install/aws_robomaker_bookstore_world/share/aws_robomaker_bookstore_world/worlds/bookstore.world
[10.289s] -- Installing: /home/abdulrafi/Desktop/ROS2_Final_Project/kobuki_ws/install/aws_robomaker_bookstore_world/share/aws_robomaker_bookstore_world/environment/aws_robomaker_bookstore_world.dsv
[10.298s] -- Installing: /home/abdulrafi/Desktop/ROS2_Final_Project/kobuki_ws/install/aws_robomaker_bookstore_world/share/ament_index/resource_index/package_run_dependencies/aws_robomaker_bookstore_world
[10.305s] -- Installing: /home/abdulrafi/Desktop/ROS2_Final_Project/kobuki_ws/install/aws_robomaker_bookstore_world/share/ament_index/resource_index/parent_prefix_path/aws_robomaker_bookstore_world
[10.305s] -- Installing: /home/abdulrafi/Desktop/ROS2_Final_Project/kobuki_ws/install/aws_robomaker_bookstore_world/share/aws_robomaker_bookstore_world/environment/ament_prefix_path.sh
[10.311s] -- Installing: /home/abdulrafi/Desktop/ROS2_Final_Project/kobuki_ws/install/aws_robomaker_bookstore_world/share/aws_robomaker_bookstore_world/environment/ament_prefix_path.dsv
[10.312s] -- Installing: /home/abdulrafi/Desktop/ROS2_Final_Project/kobuki_ws/install/aws_robomaker_bookstore_world/share/aws_robomaker_bookstore_world/environment/path.sh
[10.312s] -- Installing: /home/abdulrafi/Desktop/ROS2_Final_Project/kobuki_ws/install/aws_robomaker_bookstore_world/share/aws_robomaker_bookstore_world/environment/path.dsv
[10.318s] -- Installing: /home/abdulrafi/Desktop/ROS2_Final_Project/kobuki_ws/install/aws_robomaker_bookstore_world/share/aws_robomaker_bookstore_world/local_setup.bash
[10.322s] -- Installing: /home/abdulrafi/Desktop/ROS2_Final_Project/kobuki_ws/install/aws_robomaker_bookstore_world/share/aws_robomaker_bookstore_world/local_setup.sh
[10.323s] -- Installing: /home/abdulrafi/Desktop/ROS2_Final_Project/kobuki_ws/install/aws_robomaker_bookstore_world/share/aws_robomaker_bookstore_world/local_setup.zsh
[10.323s] -- Installing: /home/abdulrafi/Desktop/ROS2_Final_Project/kobuki_ws/install/aws_robomaker_bookstore_world/share/aws_robomaker_bookstore_world/local_setup.dsv
[10.331s] -- Installing: /home/abdulrafi/Desktop/ROS2_Final_Project/kobuki_ws/install/aws_robomaker_bookstore_world/share/aws_robomaker_bookstore_world/package.dsv
[10.332s] -- Installing: /home/abdulrafi/Desktop/ROS2_Final_Project/kobuki_ws/install/aws_robomaker_bookstore_world/share/ament_index/resource_index/packages/aws_robomaker_bookstore_world
[10.342s] -- Installing: /home/abdulrafi/Desktop/ROS2_Final_Project/kobuki_ws/install/aws_robomaker_bookstore_world/share/aws_robomaker_bookstore_world/cmake/ament_cmake_export_dependencies-extras.cmake
[10.343s] -- Installing: /home/abdulrafi/Desktop/ROS2_Final_Project/kobuki_ws/install/aws_robomaker_bookstore_world/share/aws_robomaker_bookstore_world/cmake/aws_robomaker_bookstore_worldConfig.cmake
[10.355s] -- Installing: /home/abdulrafi/Desktop/ROS2_Final_Project/kobuki_ws/install/aws_robomaker_bookstore_world/share/aws_robomaker_bookstore_world/cmake/aws_robomaker_bookstore_worldConfig-version.cmake
[10.355s] -- Installing: /home/abdulrafi/Desktop/ROS2_Final_Project/kobuki_ws/install/aws_robomaker_bookstore_world/share/aws_robomaker_bookstore_world/package.xml
[10.356s] Invoked command in '/home/abdulrafi/Desktop/ROS2_Final_Project/kobuki_ws/build/aws_robomaker_bookstore_world' returned '0': CMAKE_PREFIX_PATH=${CMAKE_PREFIX_PATH}:/opt/ros/jazzy DEBUGINFOD_URLS=https://debuginfod.ubuntu.com /usr/bin/cmake --install /home/abdulrafi/Desktop/ROS2_Final_Project/kobuki_ws/build/aws_robomaker_bookstore_world
