-- The C compiler identification is GNU 13.3.0
-- The CXX compiler identification is GNU 13.3.0
-- Detecting C compiler ABI info
-- Detecting C compiler ABI info - done
-- Check for working C compiler: /usr/bin/cc - skipped
-- Detecting C compile features
-- Detecting C compile features - done
-- Detecting CXX compiler ABI info
-- Detecting CXX compiler ABI info - done
-- Check for working CXX compiler: /usr/bin/c++ - skipped
-- Detecting CXX compile features
-- Detecting CXX compile features - done
-- Found ament_cmake_ros: 0.12.0 (/opt/ros/jazzy/share/ament_cmake_ros/cmake)
-- Found Python3: /usr/bin/python3 (found version "3.12.3") found components: Interpreter 
-- Found ecl_build: 1.0.3 (/opt/ros/jazzy/share/ecl_build/cmake)
[0mCMake Deprecation Warning at /opt/ros/jazzy/share/ecl_build/cmake/cotire.cmake:45 (cmake_minimum_required):
  Compatibility with CMake < 3.5 will be removed from a future version of
  CMake.

  Update the VERSION argument <min> value or use a ...<max> suffix to tell
  CMake that the project does not need compatibility with older versions.
Call Stack (most recent call first):
  /opt/ros/jazzy/share/ecl_build/cmake/ecl_buildConfig.cmake:41 (include)
  CMakeLists.txt:20 (find_package)

[0m
-- Found ecl_config: 1.2.0 (/home/abdulrafi/Desktop/ROS2_Final_Project/kobuki_ws/install/ecl_config/share/ecl_config/cmake)
-- Found ecl_linear_algebra: 1.2.1 (/home/abdulrafi/Desktop/ROS2_Final_Project/kobuki_ws/install/ecl_linear_algebra/share/ecl_linear_algebra/cmake)
-- Performing Test CMAKE_HAVE_LIBC_PTHREAD
-- Performing Test CMAKE_HAVE_LIBC_PTHREAD - Success
-- Found Threads: TRUE  
-- Found AMD headers in: /usr/include/suitesparse
-- Found AMD library: /usr/lib/aarch64-linux-gnu/libamd.so
-- Found CAMD headers in: /usr/include/suitesparse
-- Found CAMD library: /usr/lib/aarch64-linux-gnu/libcamd.so
-- Found CCOLAMD headers in: /usr/include/suitesparse
-- Found CCOLAMD library: /usr/lib/aarch64-linux-gnu/libccolamd.so
-- Found CHOLMOD headers in: /usr/include/suitesparse
-- Found CHOLMOD library: /usr/lib/aarch64-linux-gnu/libcholmod.so
-- Found COLAMD headers in: /usr/include/suitesparse
-- Found COLAMD library: /usr/lib/aarch64-linux-gnu/libcolamd.so
-- Found SPQR headers in: /usr/include/suitesparse
-- Found SPQR library: /usr/lib/aarch64-linux-gnu/libspqr.so
-- Found Config headers in: /usr/include/suitesparse
-- Found Config library: /usr/lib/aarch64-linux-gnu/libsuitesparseconfig.so
-- Found Intel Thread Building Blocks (TBB) library (2021.11 / ) include location: . Assuming SuiteSparseQR was compiled with TBB.
-- Looking for shm_open in rt
-- Looking for shm_open in rt - found
-- Adding librt to SuiteSparse_config libraries (required on Linux & Unix [not OSX] if SuiteSparse is compiled with timing).
-- Could NOT find METIS (missing: METIS_INCLUDE_DIR METIS_LIBRARY) 
-- Found ament_lint_auto: 0.17.5 (/opt/ros/jazzy/share/ament_lint_auto/cmake)
-- Found gtest sources under '/opt/ros/jazzy/src/gtest_vendor': C++ tests using 'Google Test' will be built
-- Configuring done (8.7s)
-- Generating done (0.1s)
-- Build files have been written to: /home/abdulrafi/Desktop/ROS2_Final_Project/kobuki_ws/build/ecl_statistics
[ 10%] [32mBuilding CXX object src/lib/CMakeFiles/ecl_statistics.dir/covariance_ellipsoid.cpp.o[0m
[ 20%] [32m[1mLinking CXX shared library libecl_statistics.so[0m
[ 20%] Built target ecl_statistics
[ 30%] [32mBuilding CXX object gtest/CMakeFiles/gtest.dir/src/gtest-all.cc.o[0m
[ 40%] [32m[1mLinking CXX static library libgtest.a[0m
[ 40%] Built target gtest
[ 50%] [32mBuilding CXX object gtest/CMakeFiles/gtest_main.dir/src/gtest_main.cc.o[0m
[ 60%] [32m[1mLinking CXX static library libgtest_main.a[0m
[ 60%] Built target gtest_main
[ 70%] [32mBuilding CXX object src/test/CMakeFiles/ecl_test_covariance_ellipsoids.dir/covariance_ellipsoids.cpp.o[0m
[ 80%] [32m[1mLinking CXX executable ecl_test_covariance_ellipsoids[0m
[ 80%] Built target ecl_test_covariance_ellipsoids
[ 90%] [32mBuilding CXX object src/test/CMakeFiles/ecl_test_cumulative_statistics.dir/cumulative_statistics.cpp.o[0m
[100%] [32m[1mLinking CXX executable ecl_test_cumulative_statistics[0m
[100%] Built target ecl_test_cumulative_statistics
-- Install configuration: ""
-- Installing: /home/abdulrafi/Desktop/ROS2_Final_Project/kobuki_ws/install/ecl_statistics/share/ecl_statistics/environment/library_path.sh
-- Installing: /home/abdulrafi/Desktop/ROS2_Final_Project/kobuki_ws/install/ecl_statistics/share/ecl_statistics/environment/library_path.dsv
-- Installing: /home/abdulrafi/Desktop/ROS2_Final_Project/kobuki_ws/install/ecl_statistics/share/ament_index/resource_index/package_run_dependencies/ecl_statistics
-- Installing: /home/abdulrafi/Desktop/ROS2_Final_Project/kobuki_ws/install/ecl_statistics/share/ament_index/resource_index/parent_prefix_path/ecl_statistics
-- Installing: /home/abdulrafi/Desktop/ROS2_Final_Project/kobuki_ws/install/ecl_statistics/share/ecl_statistics/environment/ament_prefix_path.sh
-- Installing: /home/abdulrafi/Desktop/ROS2_Final_Project/kobuki_ws/install/ecl_statistics/share/ecl_statistics/environment/ament_prefix_path.dsv
-- Installing: /home/abdulrafi/Desktop/ROS2_Final_Project/kobuki_ws/install/ecl_statistics/share/ecl_statistics/environment/path.sh
-- Installing: /home/abdulrafi/Desktop/ROS2_Final_Project/kobuki_ws/install/ecl_statistics/share/ecl_statistics/environment/path.dsv
-- Installing: /home/abdulrafi/Desktop/ROS2_Final_Project/kobuki_ws/install/ecl_statistics/share/ecl_statistics/local_setup.bash
-- Installing: /home/abdulrafi/Desktop/ROS2_Final_Project/kobuki_ws/install/ecl_statistics/share/ecl_statistics/local_setup.sh
-- Installing: /home/abdulrafi/Desktop/ROS2_Final_Project/kobuki_ws/install/ecl_statistics/share/ecl_statistics/local_setup.zsh
-- Installing: /home/abdulrafi/Desktop/ROS2_Final_Project/kobuki_ws/install/ecl_statistics/share/ecl_statistics/local_setup.dsv
-- Installing: /home/abdulrafi/Desktop/ROS2_Final_Project/kobuki_ws/install/ecl_statistics/share/ecl_statistics/package.dsv
-- Installing: /home/abdulrafi/Desktop/ROS2_Final_Project/kobuki_ws/install/ecl_statistics/share/ament_index/resource_index/packages/ecl_statistics
-- Installing: /home/abdulrafi/Desktop/ROS2_Final_Project/kobuki_ws/install/ecl_statistics/share/ecl_statistics/cmake/ecl_statisticsExport.cmake
-- Installing: /home/abdulrafi/Desktop/ROS2_Final_Project/kobuki_ws/install/ecl_statistics/share/ecl_statistics/cmake/ecl_statisticsExport-noconfig.cmake
-- Installing: /home/abdulrafi/Desktop/ROS2_Final_Project/kobuki_ws/install/ecl_statistics/share/ecl_statistics/cmake/ament_cmake_export_targets-extras.cmake
-- Installing: /home/abdulrafi/Desktop/ROS2_Final_Project/kobuki_ws/install/ecl_statistics/share/ecl_statistics/cmake/ament_cmake_export_include_directories-extras.cmake
-- Installing: /home/abdulrafi/Desktop/ROS2_Final_Project/kobuki_ws/install/ecl_statistics/share/ecl_statistics/cmake/ament_cmake_export_libraries-extras.cmake
-- Installing: /home/abdulrafi/Desktop/ROS2_Final_Project/kobuki_ws/install/ecl_statistics/share/ecl_statistics/cmake/ament_cmake_export_dependencies-extras.cmake
-- Installing: /home/abdulrafi/Desktop/ROS2_Final_Project/kobuki_ws/install/ecl_statistics/share/ecl_statistics/cmake/ecl_statisticsConfig.cmake
-- Installing: /home/abdulrafi/Desktop/ROS2_Final_Project/kobuki_ws/install/ecl_statistics/share/ecl_statistics/cmake/ecl_statisticsConfig-version.cmake
-- Installing: /home/abdulrafi/Desktop/ROS2_Final_Project/kobuki_ws/install/ecl_statistics/share/ecl_statistics/package.xml
-- Installing: /home/abdulrafi/Desktop/ROS2_Final_Project/kobuki_ws/install/ecl_statistics/include/ecl/statistics.hpp
-- Installing: /home/abdulrafi/Desktop/ROS2_Final_Project/kobuki_ws/install/ecl_statistics/include/ecl/statistics/covariance_ellipsoid.hpp
-- Installing: /home/abdulrafi/Desktop/ROS2_Final_Project/kobuki_ws/install/ecl_statistics/include/ecl/statistics/cumulative_statistics.hpp
-- Installing: /home/abdulrafi/Desktop/ROS2_Final_Project/kobuki_ws/install/ecl_statistics/lib/libecl_statistics.so.1.2.1
-- Set non-toolchain portion of runtime path of "/home/abdulrafi/Desktop/ROS2_Final_Project/kobuki_ws/install/ecl_statistics/lib/libecl_statistics.so.1.2.1" to ""
-- Installing: /home/abdulrafi/Desktop/ROS2_Final_Project/kobuki_ws/install/ecl_statistics/lib/libecl_statistics.so
