/home/abdulrafi/Desktop/ROS2_Final_Project/kobuki_ws/install/qbot_nav/lib/python3.12/site-packages/qbot_nav/navigation_server.py
/home/abdulrafi/Desktop/ROS2_Final_Project/kobuki_ws/install/qbot_nav/lib/python3.12/site-packages/qbot_nav/__init__.py
/home/abdulrafi/Desktop/ROS2_Final_Project/kobuki_ws/install/qbot_nav/lib/python3.12/site-packages/qbot_nav/qbot_controller.py
/home/abdulrafi/Desktop/ROS2_Final_Project/kobuki_ws/install/qbot_nav/lib/python3.12/site-packages/qbot_nav/slam_pose_publisher.py
/home/abdulrafi/Desktop/ROS2_Final_Project/kobuki_ws/install/qbot_nav/lib/python3.12/site-packages/qbot_nav/__pycache__/navigation_server.cpython-312.pyc
/home/abdulrafi/Desktop/ROS2_Final_Project/kobuki_ws/install/qbot_nav/lib/python3.12/site-packages/qbot_nav/__pycache__/__init__.cpython-312.pyc
/home/abdulrafi/Desktop/ROS2_Final_Project/kobuki_ws/install/qbot_nav/lib/python3.12/site-packages/qbot_nav/__pycache__/qbot_controller.cpython-312.pyc
/home/abdulrafi/Desktop/ROS2_Final_Project/kobuki_ws/install/qbot_nav/lib/python3.12/site-packages/qbot_nav/__pycache__/slam_pose_publisher.cpython-312.pyc
/home/abdulrafi/Desktop/ROS2_Final_Project/kobuki_ws/install/qbot_nav/share/ament_index/resource_index/packages/qbot_nav
/home/abdulrafi/Desktop/ROS2_Final_Project/kobuki_ws/install/qbot_nav/share/qbot_nav/package.xml
/home/abdulrafi/Desktop/ROS2_Final_Project/kobuki_ws/install/qbot_nav/share/qbot_nav/launch/qbot_hardware.launch.py
/home/abdulrafi/Desktop/ROS2_Final_Project/kobuki_ws/install/qbot_nav/share/qbot_nav/config/slam_toolbox_params.yaml
/home/abdulrafi/Desktop/ROS2_Final_Project/kobuki_ws/install/qbot_nav/lib/python3.12/site-packages/qbot_nav-0.0.0-py3.12.egg-info/requires.txt
/home/abdulrafi/Desktop/ROS2_Final_Project/kobuki_ws/install/qbot_nav/lib/python3.12/site-packages/qbot_nav-0.0.0-py3.12.egg-info/top_level.txt
/home/abdulrafi/Desktop/ROS2_Final_Project/kobuki_ws/install/qbot_nav/lib/python3.12/site-packages/qbot_nav-0.0.0-py3.12.egg-info/zip-safe
/home/abdulrafi/Desktop/ROS2_Final_Project/kobuki_ws/install/qbot_nav/lib/python3.12/site-packages/qbot_nav-0.0.0-py3.12.egg-info/PKG-INFO
/home/abdulrafi/Desktop/ROS2_Final_Project/kobuki_ws/install/qbot_nav/lib/python3.12/site-packages/qbot_nav-0.0.0-py3.12.egg-info/SOURCES.txt
/home/abdulrafi/Desktop/ROS2_Final_Project/kobuki_ws/install/qbot_nav/lib/python3.12/site-packages/qbot_nav-0.0.0-py3.12.egg-info/dependency_links.txt
/home/abdulrafi/Desktop/ROS2_Final_Project/kobuki_ws/install/qbot_nav/lib/python3.12/site-packages/qbot_nav-0.0.0-py3.12.egg-info/entry_points.txt
/home/abdulrafi/Desktop/ROS2_Final_Project/kobuki_ws/install/qbot_nav/lib/qbot_nav/navigation_server
/home/abdulrafi/Desktop/ROS2_Final_Project/kobuki_ws/install/qbot_nav/lib/qbot_nav/qbot_controller
/home/abdulrafi/Desktop/ROS2_Final_Project/kobuki_ws/install/qbot_nav/lib/qbot_nav/slam_pose_publisher
