[0.022s] Invoking command in '/home/abdulrafi/Desktop/ROS2_Final_Project/kobuki_ws/build/astra_camera': AMENT_PREFIX_PATH=/home/abdulrafi/Desktop/ROS2_Final_Project/kobuki_ws/install/astra_camera_msgs:${AMENT_PREFIX_PATH} CMAKE_PREFIX_PATH=/home/abdulrafi/Desktop/ROS2_Final_Project/kobuki_ws/install/astra_camera_msgs:/opt/ros/jazzy/opt/gz_sim_vendor:/opt/ros/jazzy/opt/gz_sensors_vendor:/opt/ros/jazzy/opt/gz_physics_vendor:/opt/ros/jazzy/opt/sdformat_vendor:/opt/ros/jazzy/opt/gz_gui_vendor:/opt/ros/jazzy/opt/gz_transport_vendor:/opt/ros/jazzy/opt/gz_rendering_vendor:/opt/ros/jazzy/opt/gz_plugin_vendor:/opt/ros/jazzy/opt/gz_fuel_tools_vendor:/opt/ros/jazzy/opt/gz_msgs_vendor:/opt/ros/jazzy/opt/gz_common_vendor:/opt/ros/jazzy/opt/gz_math_vendor:/opt/ros/jazzy/opt/gz_utils_vendor:/opt/ros/jazzy/opt/gz_tools_vendor:/opt/ros/jazzy/opt/gz_ogre_next_vendor:/opt/ros/jazzy/opt/gz_dartsim_vendor:/opt/ros/jazzy/opt/gz_cmake_vendor:/opt/ros/jazzy DEBUGINFOD_URLS=https://debuginfod.ubuntu.com LD_LIBRARY_PATH=/home/abdulrafi/Desktop/ROS2_Final_Project/kobuki_ws/install/astra_camera_msgs/lib:${LD_LIBRARY_PATH} PYTHONPATH=/home/abdulrafi/Desktop/ROS2_Final_Project/kobuki_ws/install/astra_camera_msgs/lib/python3.12/site-packages:${PYTHONPATH} /usr/bin/cmake --build /home/abdulrafi/Desktop/ROS2_Final_Project/kobuki_ws/build/astra_camera
[0.561s] [ 88%] Built target astra_camera
[0.647s] [100%] Built target list_devices_node
[0.673s] Invoked command in '/home/abdulrafi/Desktop/ROS2_Final_Project/kobuki_ws/build/astra_camera' returned '0': AMENT_PREFIX_PATH=/home/abdulrafi/Desktop/ROS2_Final_Project/kobuki_ws/install/astra_camera_msgs:${AMENT_PREFIX_PATH} CMAKE_PREFIX_PATH=/home/abdulrafi/Desktop/ROS2_Final_Project/kobuki_ws/install/astra_camera_msgs:/opt/ros/jazzy/opt/gz_sim_vendor:/opt/ros/jazzy/opt/gz_sensors_vendor:/opt/ros/jazzy/opt/gz_physics_vendor:/opt/ros/jazzy/opt/sdformat_vendor:/opt/ros/jazzy/opt/gz_gui_vendor:/opt/ros/jazzy/opt/gz_transport_vendor:/opt/ros/jazzy/opt/gz_rendering_vendor:/opt/ros/jazzy/opt/gz_plugin_vendor:/opt/ros/jazzy/opt/gz_fuel_tools_vendor:/opt/ros/jazzy/opt/gz_msgs_vendor:/opt/ros/jazzy/opt/gz_common_vendor:/opt/ros/jazzy/opt/gz_math_vendor:/opt/ros/jazzy/opt/gz_utils_vendor:/opt/ros/jazzy/opt/gz_tools_vendor:/opt/ros/jazzy/opt/gz_ogre_next_vendor:/opt/ros/jazzy/opt/gz_dartsim_vendor:/opt/ros/jazzy/opt/gz_cmake_vendor:/opt/ros/jazzy DEBUGINFOD_URLS=https://debuginfod.ubuntu.com LD_LIBRARY_PATH=/home/abdulrafi/Desktop/ROS2_Final_Project/kobuki_ws/install/astra_camera_msgs/lib:${LD_LIBRARY_PATH} PYTHONPATH=/home/abdulrafi/Desktop/ROS2_Final_Project/kobuki_ws/install/astra_camera_msgs/lib/python3.12/site-packages:${PYTHONPATH} /usr/bin/cmake --build /home/abdulrafi/Desktop/ROS2_Final_Project/kobuki_ws/build/astra_camera
[0.677s] Invoking command in '/home/abdulrafi/Desktop/ROS2_Final_Project/kobuki_ws/build/astra_camera': AMENT_PREFIX_PATH=/home/abdulrafi/Desktop/ROS2_Final_Project/kobuki_ws/install/astra_camera_msgs:${AMENT_PREFIX_PATH} CMAKE_PREFIX_PATH=/home/abdulrafi/Desktop/ROS2_Final_Project/kobuki_ws/install/astra_camera_msgs:/opt/ros/jazzy/opt/gz_sim_vendor:/opt/ros/jazzy/opt/gz_sensors_vendor:/opt/ros/jazzy/opt/gz_physics_vendor:/opt/ros/jazzy/opt/sdformat_vendor:/opt/ros/jazzy/opt/gz_gui_vendor:/opt/ros/jazzy/opt/gz_transport_vendor:/opt/ros/jazzy/opt/gz_rendering_vendor:/opt/ros/jazzy/opt/gz_plugin_vendor:/opt/ros/jazzy/opt/gz_fuel_tools_vendor:/opt/ros/jazzy/opt/gz_msgs_vendor:/opt/ros/jazzy/opt/gz_common_vendor:/opt/ros/jazzy/opt/gz_math_vendor:/opt/ros/jazzy/opt/gz_utils_vendor:/opt/ros/jazzy/opt/gz_tools_vendor:/opt/ros/jazzy/opt/gz_ogre_next_vendor:/opt/ros/jazzy/opt/gz_dartsim_vendor:/opt/ros/jazzy/opt/gz_cmake_vendor:/opt/ros/jazzy DEBUGINFOD_URLS=https://debuginfod.ubuntu.com LD_LIBRARY_PATH=/home/abdulrafi/Desktop/ROS2_Final_Project/kobuki_ws/install/astra_camera_msgs/lib:${LD_LIBRARY_PATH} PYTHONPATH=/home/abdulrafi/Desktop/ROS2_Final_Project/kobuki_ws/install/astra_camera_msgs/lib/python3.12/site-packages:${PYTHONPATH} /usr/bin/cmake --install /home/abdulrafi/Desktop/ROS2_Final_Project/kobuki_ws/build/astra_camera
[0.701s] -- Install configuration: "Release"
[0.701s] -- Installing: /home/abdulrafi/Desktop/ROS2_Final_Project/kobuki_ws/install/astra_camera/lib/libastra_camera.so
[0.712s] -- Set non-toolchain portion of runtime path of "/home/abdulrafi/Desktop/ROS2_Final_Project/kobuki_ws/install/astra_camera/lib/libastra_camera.so" to ""
[0.713s] -- Installing: /home/abdulrafi/Desktop/ROS2_Final_Project/kobuki_ws/install/astra_camera/lib/libOpenNI2.so
[0.720s] -- Installing: /home/abdulrafi/Desktop/ROS2_Final_Project/kobuki_ws/install/astra_camera/lib//OpenNI2
[0.721s] -- Installing: /home/abdulrafi/Desktop/ROS2_Final_Project/kobuki_ws/install/astra_camera/lib//OpenNI2/Drivers
[0.722s] -- Installing: /home/abdulrafi/Desktop/ROS2_Final_Project/kobuki_ws/install/astra_camera/lib//OpenNI2/Drivers/libOniFile.so
[0.732s] -- Installing: /home/abdulrafi/Desktop/ROS2_Final_Project/kobuki_ws/install/astra_camera/lib//OpenNI2/Drivers/liborbbec.so
[0.753s] -- Installing: /home/abdulrafi/Desktop/ROS2_Final_Project/kobuki_ws/install/astra_camera/lib//OpenNI2/Drivers/OniFile.ini
[0.754s] -- Installing: /home/abdulrafi/Desktop/ROS2_Final_Project/kobuki_ws/install/astra_camera/lib//OpenNI2/Drivers/orbbec.ini
[0.754s] -- Installing: /home/abdulrafi/Desktop/ROS2_Final_Project/kobuki_ws/install/astra_camera/lib/astra_camera/list_devices_node
[0.756s] -- Set non-toolchain portion of runtime path of "/home/abdulrafi/Desktop/ROS2_Final_Project/kobuki_ws/install/astra_camera/lib/astra_camera/list_devices_node" to ""
[0.756s] -- Installing: /home/abdulrafi/Desktop/ROS2_Final_Project/kobuki_ws/install/astra_camera/include
[0.757s] -- Installing: /home/abdulrafi/Desktop/ROS2_Final_Project/kobuki_ws/install/astra_camera/include/astra_camera
[0.757s] -- Installing: /home/abdulrafi/Desktop/ROS2_Final_Project/kobuki_ws/install/astra_camera/include/astra_camera/point_cloud_proc
[0.757s] -- Installing: /home/abdulrafi/Desktop/ROS2_Final_Project/kobuki_ws/install/astra_camera/include/astra_camera/point_cloud_proc/point_cloud_xyz.h
[0.758s] -- Installing: /home/abdulrafi/Desktop/ROS2_Final_Project/kobuki_ws/install/astra_camera/include/astra_camera/point_cloud_proc/point_cloud_xyzrgb.h
[0.759s] -- Installing: /home/abdulrafi/Desktop/ROS2_Final_Project/kobuki_ws/install/astra_camera/include/astra_camera/point_cloud_proc/depth_traits.h
[0.760s] -- Installing: /home/abdulrafi/Desktop/ROS2_Final_Project/kobuki_ws/install/astra_camera/include/astra_camera/ros_param_backend.h
[0.760s] -- Installing: /home/abdulrafi/Desktop/ROS2_Final_Project/kobuki_ws/install/astra_camera/include/astra_camera/dynamic_params.h
[0.761s] -- Installing: /home/abdulrafi/Desktop/ROS2_Final_Project/kobuki_ws/install/astra_camera/include/astra_camera/constants.h
[0.761s] -- Installing: /home/abdulrafi/Desktop/ROS2_Final_Project/kobuki_ws/install/astra_camera/include/astra_camera/ob_camera_node_factory.h
[0.774s] -- Installing: /home/abdulrafi/Desktop/ROS2_Final_Project/kobuki_ws/install/astra_camera/include/astra_camera/uvc_camera_driver.h
[0.775s] -- Installing: /home/abdulrafi/Desktop/ROS2_Final_Project/kobuki_ws/install/astra_camera/include/astra_camera/ob_frame_listener.h
[0.775s] -- Installing: /home/abdulrafi/Desktop/ROS2_Final_Project/kobuki_ws/install/astra_camera/include/astra_camera/ob_context.h
[0.777s] -- Installing: /home/abdulrafi/Desktop/ROS2_Final_Project/kobuki_ws/install/astra_camera/include/astra_camera/ob_camera_node.h
[0.777s] -- Installing: /home/abdulrafi/Desktop/ROS2_Final_Project/kobuki_ws/install/astra_camera/include/astra_camera/types.h
[0.777s] -- Installing: /home/abdulrafi/Desktop/ROS2_Final_Project/kobuki_ws/install/astra_camera/include/astra_camera/ob_timer_filter.h
[0.777s] -- Installing: /home/abdulrafi/Desktop/ROS2_Final_Project/kobuki_ws/install/astra_camera/include/astra_camera/utils.h
[0.778s] -- Installing: /home/abdulrafi/Desktop/ROS2_Final_Project/kobuki_ws/install/astra_camera/include/astra_camera/device_listener.h
[0.780s] -- Installing: /home/abdulrafi/Desktop/ROS2_Final_Project/kobuki_ws/install/astra_camera/include/openni2
[0.780s] -- Installing: /home/abdulrafi/Desktop/ROS2_Final_Project/kobuki_ws/install/astra_camera/include/openni2/OniProperties.h
[0.780s] -- Installing: /home/abdulrafi/Desktop/ROS2_Final_Project/kobuki_ws/install/astra_camera/include/openni2/OniCAPI.h
[0.780s] -- Installing: /home/abdulrafi/Desktop/ROS2_Final_Project/kobuki_ws/install/astra_camera/include/openni2/OniTest.h
[0.780s] -- Installing: /home/abdulrafi/Desktop/ROS2_Final_Project/kobuki_ws/install/astra_camera/include/openni2/OniCTypes.h
[0.780s] -- Installing: /home/abdulrafi/Desktop/ROS2_Final_Project/kobuki_ws/install/astra_camera/include/openni2/Android-Arm
[0.780s] -- Installing: /home/abdulrafi/Desktop/ROS2_Final_Project/kobuki_ws/install/astra_camera/include/openni2/Android-Arm/OniPlatformAndroid-Arm.h
[0.781s] -- Installing: /home/abdulrafi/Desktop/ROS2_Final_Project/kobuki_ws/install/astra_camera/include/openni2/OniEnums.h
[0.781s] -- Installing: /home/abdulrafi/Desktop/ROS2_Final_Project/kobuki_ws/install/astra_camera/include/openni2/OniVersion.h
[0.781s] -- Installing: /home/abdulrafi/Desktop/ROS2_Final_Project/kobuki_ws/install/astra_camera/include/openni2/Linux-x86
[0.784s] -- Installing: /home/abdulrafi/Desktop/ROS2_Final_Project/kobuki_ws/install/astra_camera/include/openni2/Linux-x86/OniPlatformLinux-x86.h
[0.784s] -- Installing: /home/abdulrafi/Desktop/ROS2_Final_Project/kobuki_ws/install/astra_camera/include/openni2/OpenNI.h
[0.784s] -- Installing: /home/abdulrafi/Desktop/ROS2_Final_Project/kobuki_ws/install/astra_camera/include/openni2/KinectProperties.h
[0.784s] -- Installing: /home/abdulrafi/Desktop/ROS2_Final_Project/kobuki_ws/install/astra_camera/include/openni2/OniPlatform.h
[0.785s] -- Installing: /home/abdulrafi/Desktop/ROS2_Final_Project/kobuki_ws/install/astra_camera/include/openni2/PS1080.h
[0.785s] -- Installing: /home/abdulrafi/Desktop/ROS2_Final_Project/kobuki_ws/install/astra_camera/include/openni2/PSLink.h
[0.785s] -- Installing: /home/abdulrafi/Desktop/ROS2_Final_Project/kobuki_ws/install/astra_camera/include/openni2/util.h
[0.786s] -- Installing: /home/abdulrafi/Desktop/ROS2_Final_Project/kobuki_ws/install/astra_camera/include/openni2/SonixCamera.h
[0.787s] -- Installing: /home/abdulrafi/Desktop/ROS2_Final_Project/kobuki_ws/install/astra_camera/include/openni2/OniCProperties.h
[0.789s] -- Installing: /home/abdulrafi/Desktop/ROS2_Final_Project/kobuki_ws/install/astra_camera/include/openni2/MacOSX
[0.790s] -- Installing: /home/abdulrafi/Desktop/ROS2_Final_Project/kobuki_ws/install/astra_camera/include/openni2/MacOSX/OniPlatformMacOSX.h
[0.790s] -- Installing: /home/abdulrafi/Desktop/ROS2_Final_Project/kobuki_ws/install/astra_camera/include/openni2/OniCEnums.h
[0.790s] -- Installing: /home/abdulrafi/Desktop/ROS2_Final_Project/kobuki_ws/install/astra_camera/include/openni2/Linux-Arm
[0.790s] -- Installing: /home/abdulrafi/Desktop/ROS2_Final_Project/kobuki_ws/install/astra_camera/include/openni2/Linux-Arm/OniPlatformLinux-Arm.h
[0.790s] -- Installing: /home/abdulrafi/Desktop/ROS2_Final_Project/kobuki_ws/install/astra_camera/include/openni2/PrimeSense.h
[0.790s] -- Installing: /home/abdulrafi/Desktop/ROS2_Final_Project/kobuki_ws/install/astra_camera/include/openni2/Driver
[0.791s] -- Installing: /home/abdulrafi/Desktop/ROS2_Final_Project/kobuki_ws/install/astra_camera/include/openni2/Driver/OniDriverAPI.h
[0.791s] -- Installing: /home/abdulrafi/Desktop/ROS2_Final_Project/kobuki_ws/install/astra_camera/include/openni2/Driver/OniDriverTypes.h
[0.791s] -- Installing: /home/abdulrafi/Desktop/ROS2_Final_Project/kobuki_ws/install/astra_camera/share/astra_camera//launch
[0.792s] -- Installing: /home/abdulrafi/Desktop/ROS2_Final_Project/kobuki_ws/install/astra_camera/share/astra_camera//launch/launch_utils.py
[0.793s] -- Installing: /home/abdulrafi/Desktop/ROS2_Final_Project/kobuki_ws/install/astra_camera/share/astra_camera//launch/astra_mini.launch.py
[0.793s] -- Installing: /home/abdulrafi/Desktop/ROS2_Final_Project/kobuki_ws/install/astra_camera/share/astra_camera//launch/multi_astra_mini.launch.py
[0.794s] -- Installing: /home/abdulrafi/Desktop/ROS2_Final_Project/kobuki_ws/install/astra_camera/share/astra_camera//launch/dabai_dcw.launch.py
[0.794s] -- Installing: /home/abdulrafi/Desktop/ROS2_Final_Project/kobuki_ws/install/astra_camera/share/astra_camera//launch/dabai_dw.launch.py
[0.794s] -- Installing: /home/abdulrafi/Desktop/ROS2_Final_Project/kobuki_ws/install/astra_camera/share/astra_camera//launch/.gitkeep
[0.795s] -- Installing: /home/abdulrafi/Desktop/ROS2_Final_Project/kobuki_ws/install/astra_camera/share/astra_camera//launch/multi_dabai_pro.launch.py
[0.795s] -- Installing: /home/abdulrafi/Desktop/ROS2_Final_Project/kobuki_ws/install/astra_camera/share/astra_camera//launch/dabai_pro.launch.py
[0.795s] -- Installing: /home/abdulrafi/Desktop/ROS2_Final_Project/kobuki_ws/install/astra_camera/share/astra_camera//launch/dabai_u3.launch.py
[0.796s] -- Installing: /home/abdulrafi/Desktop/ROS2_Final_Project/kobuki_ws/install/astra_camera/share/astra_camera//launch/multi_dabai.launch.py
[0.796s] -- Installing: /home/abdulrafi/Desktop/ROS2_Final_Project/kobuki_ws/install/astra_camera/share/astra_camera//launch/multi_dabai_dw.launch.py
[0.797s] -- Installing: /home/abdulrafi/Desktop/ROS2_Final_Project/kobuki_ws/install/astra_camera/share/astra_camera//launch/multi_dabai_dcw.launch.py
[0.797s] -- Installing: /home/abdulrafi/Desktop/ROS2_Final_Project/kobuki_ws/install/astra_camera/share/astra_camera//config
[0.798s] -- Installing: /home/abdulrafi/Desktop/ROS2_Final_Project/kobuki_ws/install/astra_camera/share/astra_camera//config/.gitkeep
[0.798s] -- Installing: /home/abdulrafi/Desktop/ROS2_Final_Project/kobuki_ws/install/astra_camera/share/astra_camera//params
[0.798s] -- Installing: /home/abdulrafi/Desktop/ROS2_Final_Project/kobuki_ws/install/astra_camera/share/astra_camera//params/dabai_dw_params.yaml
[0.799s] -- Installing: /home/abdulrafi/Desktop/ROS2_Final_Project/kobuki_ws/install/astra_camera/share/astra_camera//params/dabai_pro_params.yaml
[0.799s] -- Installing: /home/abdulrafi/Desktop/ROS2_Final_Project/kobuki_ws/install/astra_camera/share/astra_camera//params/dabai_dcw_params.yaml
[0.799s] -- Installing: /home/abdulrafi/Desktop/ROS2_Final_Project/kobuki_ws/install/astra_camera/share/astra_camera//params/dabai_params.yaml
[0.800s] -- Installing: /home/abdulrafi/Desktop/ROS2_Final_Project/kobuki_ws/install/astra_camera/share/astra_camera//params/camera_params_template.yaml
[0.800s] -- Installing: /home/abdulrafi/Desktop/ROS2_Final_Project/kobuki_ws/install/astra_camera/share/astra_camera//params/.gitkeep
[0.800s] -- Installing: /home/abdulrafi/Desktop/ROS2_Final_Project/kobuki_ws/install/astra_camera/share/astra_camera//params/astra_mini_params.yaml
[0.801s] -- Installing: /home/abdulrafi/Desktop/ROS2_Final_Project/kobuki_ws/install/astra_camera/share/astra_camera//params/configurable_params.yaml
[0.801s] -- Installing: /home/abdulrafi/Desktop/ROS2_Final_Project/kobuki_ws/install/astra_camera/share/astra_camera//rviz
[0.801s] -- Installing: /home/abdulrafi/Desktop/ROS2_Final_Project/kobuki_ws/install/astra_camera/share/astra_camera//rviz/multi_camera.rviz
[0.804s] -- Installing: /home/abdulrafi/Desktop/ROS2_Final_Project/kobuki_ws/install/astra_camera/share/astra_camera//rviz/pointcloud.rviz
[0.804s] -- Installing: /home/abdulrafi/Desktop/ROS2_Final_Project/kobuki_ws/install/astra_camera/share/astra_camera//rviz/.gitkeep
[0.804s] -- Installing: /home/abdulrafi/Desktop/ROS2_Final_Project/kobuki_ws/install/astra_camera/share/astra_camera/environment/library_path.sh
[0.804s] -- Installing: /home/abdulrafi/Desktop/ROS2_Final_Project/kobuki_ws/install/astra_camera/share/astra_camera/environment/library_path.dsv
[0.805s] -- Installing: /home/abdulrafi/Desktop/ROS2_Final_Project/kobuki_ws/install/astra_camera/share/ament_index/resource_index/package_run_dependencies/astra_camera
[0.805s] -- Installing: /home/abdulrafi/Desktop/ROS2_Final_Project/kobuki_ws/install/astra_camera/share/ament_index/resource_index/parent_prefix_path/astra_camera
[0.805s] -- Installing: /home/abdulrafi/Desktop/ROS2_Final_Project/kobuki_ws/install/astra_camera/share/astra_camera/environment/ament_prefix_path.sh
[0.806s] -- Installing: /home/abdulrafi/Desktop/ROS2_Final_Project/kobuki_ws/install/astra_camera/share/astra_camera/environment/ament_prefix_path.dsv
[0.807s] -- Installing: /home/abdulrafi/Desktop/ROS2_Final_Project/kobuki_ws/install/astra_camera/share/astra_camera/environment/path.sh
[0.807s] -- Installing: /home/abdulrafi/Desktop/ROS2_Final_Project/kobuki_ws/install/astra_camera/share/astra_camera/environment/path.dsv
[0.807s] -- Installing: /home/abdulrafi/Desktop/ROS2_Final_Project/kobuki_ws/install/astra_camera/share/astra_camera/local_setup.bash
[0.808s] -- Installing: /home/abdulrafi/Desktop/ROS2_Final_Project/kobuki_ws/install/astra_camera/share/astra_camera/local_setup.sh
[0.808s] -- Installing: /home/abdulrafi/Desktop/ROS2_Final_Project/kobuki_ws/install/astra_camera/share/astra_camera/local_setup.zsh
[0.809s] -- Installing: /home/abdulrafi/Desktop/ROS2_Final_Project/kobuki_ws/install/astra_camera/share/astra_camera/local_setup.dsv
[0.809s] -- Installing: /home/abdulrafi/Desktop/ROS2_Final_Project/kobuki_ws/install/astra_camera/share/astra_camera/package.dsv
[0.809s] -- Installing: /home/abdulrafi/Desktop/ROS2_Final_Project/kobuki_ws/install/astra_camera/share/ament_index/resource_index/packages/astra_camera
[0.810s] -- Installing: /home/abdulrafi/Desktop/ROS2_Final_Project/kobuki_ws/install/astra_camera/share/ament_index/resource_index/rclcpp_components/astra_camera
[0.812s] -- Installing: /home/abdulrafi/Desktop/ROS2_Final_Project/kobuki_ws/install/astra_camera/share/astra_camera/cmake/ament_cmake_export_include_directories-extras.cmake
[0.812s] -- Installing: /home/abdulrafi/Desktop/ROS2_Final_Project/kobuki_ws/install/astra_camera/share/astra_camera/cmake/ament_cmake_export_libraries-extras.cmake
[0.812s] -- Installing: /home/abdulrafi/Desktop/ROS2_Final_Project/kobuki_ws/install/astra_camera/share/astra_camera/cmake/ament_cmake_export_dependencies-extras.cmake
[0.812s] -- Installing: /home/abdulrafi/Desktop/ROS2_Final_Project/kobuki_ws/install/astra_camera/share/astra_camera/cmake/astra_cameraConfig.cmake
[0.812s] -- Installing: /home/abdulrafi/Desktop/ROS2_Final_Project/kobuki_ws/install/astra_camera/share/astra_camera/cmake/astra_cameraConfig-version.cmake
[0.868s] -- Installing: /home/abdulrafi/Desktop/ROS2_Final_Project/kobuki_ws/install/astra_camera/share/astra_camera/package.xml
[0.872s] Invoked command in '/home/abdulrafi/Desktop/ROS2_Final_Project/kobuki_ws/build/astra_camera' returned '0': AMENT_PREFIX_PATH=/home/abdulrafi/Desktop/ROS2_Final_Project/kobuki_ws/install/astra_camera_msgs:${AMENT_PREFIX_PATH} CMAKE_PREFIX_PATH=/home/abdulrafi/Desktop/ROS2_Final_Project/kobuki_ws/install/astra_camera_msgs:/opt/ros/jazzy/opt/gz_sim_vendor:/opt/ros/jazzy/opt/gz_sensors_vendor:/opt/ros/jazzy/opt/gz_physics_vendor:/opt/ros/jazzy/opt/sdformat_vendor:/opt/ros/jazzy/opt/gz_gui_vendor:/opt/ros/jazzy/opt/gz_transport_vendor:/opt/ros/jazzy/opt/gz_rendering_vendor:/opt/ros/jazzy/opt/gz_plugin_vendor:/opt/ros/jazzy/opt/gz_fuel_tools_vendor:/opt/ros/jazzy/opt/gz_msgs_vendor:/opt/ros/jazzy/opt/gz_common_vendor:/opt/ros/jazzy/opt/gz_math_vendor:/opt/ros/jazzy/opt/gz_utils_vendor:/opt/ros/jazzy/opt/gz_tools_vendor:/opt/ros/jazzy/opt/gz_ogre_next_vendor:/opt/ros/jazzy/opt/gz_dartsim_vendor:/opt/ros/jazzy/opt/gz_cmake_vendor:/opt/ros/jazzy DEBUGINFOD_URLS=https://debuginfod.ubuntu.com LD_LIBRARY_PATH=/home/abdulrafi/Desktop/ROS2_Final_Project/kobuki_ws/install/astra_camera_msgs/lib:${LD_LIBRARY_PATH} PYTHONPATH=/home/abdulrafi/Desktop/ROS2_Final_Project/kobuki_ws/install/astra_camera_msgs/lib/python3.12/site-packages:${PYTHONPATH} /usr/bin/cmake --install /home/abdulrafi/Desktop/ROS2_Final_Project/kobuki_ws/build/astra_camera
