-- The C compiler identification is GNU 13.3.0
-- The CXX compiler identification is GNU 13.3.0
-- Detecting C compiler ABI info
-- Detecting C compiler ABI info - done
-- Check for working C compiler: /usr/bin/cc - skipped
-- Detecting C compile features
-- Detecting C compile features - done
-- Detecting CXX compiler ABI info
-- Detecting CXX compiler ABI info - done
-- Check for working CXX compiler: /usr/bin/c++ - skipped
-- Detecting CXX compile features
-- Detecting CXX compile features - done
-- Found ament_cmake_ros: 0.12.0 (/opt/ros/jazzy/share/ament_cmake_ros/cmake)
-- Found Python3: /usr/bin/python3 (found version "3.12.3") found components: Interpreter 
-- Found ecl_build: 1.0.3 (/opt/ros/jazzy/share/ecl_build/cmake)
[0mCMake Deprecation Warning at /opt/ros/jazzy/share/ecl_build/cmake/cotire.cmake:45 (cmake_minimum_required):
  Compatibility with CMake < 3.5 will be removed from a future version of
  CMake.

  Update the VERSION argument <min> value or use a ...<max> suffix to tell
  CMake that the project does not need compatibility with older versions.
Call Stack (most recent call first):
  /opt/ros/jazzy/share/ecl_build/cmake/ecl_buildConfig.cmake:41 (include)
  CMakeLists.txt:17 (find_package)

[0m
-- Found ecl_concepts: 1.2.1 (/home/abdulrafi/Desktop/ROS2_Final_Project/kobuki_ws/install/ecl_concepts/share/ecl_concepts/cmake)
-- Found ament_lint_auto: 0.17.5 (/opt/ros/jazzy/share/ament_lint_auto/cmake)
-- Found gtest sources under '/opt/ros/jazzy/src/gtest_vendor': C++ tests using 'Google Test' will be built
-- Performing Test CMAKE_HAVE_LIBC_PTHREAD
-- Performing Test CMAKE_HAVE_LIBC_PTHREAD - Success
-- Found Threads: TRUE  
-- Configuring done (5.0s)
-- Generating done (0.2s)
-- Build files have been written to: /home/abdulrafi/Desktop/ROS2_Final_Project/kobuki_ws/build/ecl_utilities
[  6%] [32mBuilding CXX object src/examples/CMakeFiles/ecl_demo_constructors.dir/constructors.cpp.o[0m
[ 12%] [32m[1mLinking CXX executable demo_constructors[0m
[ 12%] Built target ecl_demo_constructors
[ 18%] [32mBuilding CXX object gtest/CMakeFiles/gtest.dir/src/gtest-all.cc.o[0m
[ 25%] [32m[1mLinking CXX static library libgtest.a[0m
[ 25%] Built target gtest
[ 31%] [32mBuilding CXX object gtest/CMakeFiles/gtest_main.dir/src/gtest_main.cc.o[0m
[ 37%] [32m[1mLinking CXX static library libgtest_main.a[0m
[ 37%] Built target gtest_main
[ 43%] [32mBuilding CXX object src/test/CMakeFiles/ecl_test_function_objects.dir/function_objects.cpp.o[0m
[ 50%] [32m[1mLinking CXX executable ecl_test_function_objects[0m
[ 50%] Built target ecl_test_function_objects
[ 56%] [32mBuilding CXX object src/test/CMakeFiles/ecl_test_parameters.dir/parameters.cpp.o[0m
[ 62%] [32m[1mLinking CXX executable ecl_test_parameters[0m
[ 62%] Built target ecl_test_parameters
[ 68%] [32mBuilding CXX object src/test/CMakeFiles/ecl_test_flags.dir/flags.cpp.o[0m
[ 75%] [32m[1mLinking CXX executable ecl_test_flags[0m
[ 75%] Built target ecl_test_flags
[ 81%] [32mBuilding CXX object src/test/CMakeFiles/ecl_test_singleton.dir/singleton.cpp.o[0m
[ 87%] [32m[1mLinking CXX executable ecl_test_singleton[0m
[ 87%] Built target ecl_test_singleton
[ 93%] [32mBuilding CXX object src/test/CMakeFiles/ecl_test_references.dir/references.cpp.o[0m
[100%] [32m[1mLinking CXX executable ecl_test_references[0m
[100%] Built target ecl_test_references
-- Install configuration: ""
-- Installing: /home/abdulrafi/Desktop/ROS2_Final_Project/kobuki_ws/install/ecl_utilities/share/ament_index/resource_index/package_run_dependencies/ecl_utilities
-- Installing: /home/abdulrafi/Desktop/ROS2_Final_Project/kobuki_ws/install/ecl_utilities/share/ament_index/resource_index/parent_prefix_path/ecl_utilities
-- Installing: /home/abdulrafi/Desktop/ROS2_Final_Project/kobuki_ws/install/ecl_utilities/share/ecl_utilities/environment/ament_prefix_path.sh
-- Installing: /home/abdulrafi/Desktop/ROS2_Final_Project/kobuki_ws/install/ecl_utilities/share/ecl_utilities/environment/ament_prefix_path.dsv
-- Installing: /home/abdulrafi/Desktop/ROS2_Final_Project/kobuki_ws/install/ecl_utilities/share/ecl_utilities/environment/path.sh
-- Installing: /home/abdulrafi/Desktop/ROS2_Final_Project/kobuki_ws/install/ecl_utilities/share/ecl_utilities/environment/path.dsv
-- Installing: /home/abdulrafi/Desktop/ROS2_Final_Project/kobuki_ws/install/ecl_utilities/share/ecl_utilities/local_setup.bash
-- Installing: /home/abdulrafi/Desktop/ROS2_Final_Project/kobuki_ws/install/ecl_utilities/share/ecl_utilities/local_setup.sh
-- Installing: /home/abdulrafi/Desktop/ROS2_Final_Project/kobuki_ws/install/ecl_utilities/share/ecl_utilities/local_setup.zsh
-- Installing: /home/abdulrafi/Desktop/ROS2_Final_Project/kobuki_ws/install/ecl_utilities/share/ecl_utilities/local_setup.dsv
-- Installing: /home/abdulrafi/Desktop/ROS2_Final_Project/kobuki_ws/install/ecl_utilities/share/ecl_utilities/package.dsv
-- Installing: /home/abdulrafi/Desktop/ROS2_Final_Project/kobuki_ws/install/ecl_utilities/share/ament_index/resource_index/packages/ecl_utilities
-- Installing: /home/abdulrafi/Desktop/ROS2_Final_Project/kobuki_ws/install/ecl_utilities/share/ecl_utilities/cmake/ecl_utilitiesExport.cmake
-- Installing: /home/abdulrafi/Desktop/ROS2_Final_Project/kobuki_ws/install/ecl_utilities/share/ecl_utilities/cmake/ament_cmake_export_targets-extras.cmake
-- Installing: /home/abdulrafi/Desktop/ROS2_Final_Project/kobuki_ws/install/ecl_utilities/share/ecl_utilities/cmake/ament_cmake_export_include_directories-extras.cmake
-- Installing: /home/abdulrafi/Desktop/ROS2_Final_Project/kobuki_ws/install/ecl_utilities/share/ecl_utilities/cmake/ament_cmake_export_dependencies-extras.cmake
-- Installing: /home/abdulrafi/Desktop/ROS2_Final_Project/kobuki_ws/install/ecl_utilities/share/ecl_utilities/cmake/ecl_utilitiesConfig.cmake
-- Installing: /home/abdulrafi/Desktop/ROS2_Final_Project/kobuki_ws/install/ecl_utilities/share/ecl_utilities/cmake/ecl_utilitiesConfig-version.cmake
-- Installing: /home/abdulrafi/Desktop/ROS2_Final_Project/kobuki_ws/install/ecl_utilities/share/ecl_utilities/package.xml
-- Installing: /home/abdulrafi/Desktop/ROS2_Final_Project/kobuki_ws/install/ecl_utilities/include/ecl/utilities.hpp
-- Installing: /home/abdulrafi/Desktop/ROS2_Final_Project/kobuki_ws/install/ecl_utilities/include/ecl/utilities/blueprints.hpp
-- Installing: /home/abdulrafi/Desktop/ROS2_Final_Project/kobuki_ws/install/ecl_utilities/include/ecl/utilities/flags.hpp
-- Installing: /home/abdulrafi/Desktop/ROS2_Final_Project/kobuki_ws/install/ecl_utilities/include/ecl/utilities/function_objects.hpp
-- Installing: /home/abdulrafi/Desktop/ROS2_Final_Project/kobuki_ws/install/ecl_utilities/include/ecl/utilities/parameter.hpp
-- Installing: /home/abdulrafi/Desktop/ROS2_Final_Project/kobuki_ws/install/ecl_utilities/include/ecl/utilities/references.hpp
-- Installing: /home/abdulrafi/Desktop/ROS2_Final_Project/kobuki_ws/install/ecl_utilities/include/ecl/utilities/singleton.hpp
-- Installing: /home/abdulrafi/Desktop/ROS2_Final_Project/kobuki_ws/install/ecl_utilities/include/ecl/utilities/void.hpp
-- Installing: /home/abdulrafi/Desktop/ROS2_Final_Project/kobuki_ws/install/ecl_utilities/lib/ecl_utilities/demo_constructors
-- Set non-toolchain portion of runtime path of "/home/abdulrafi/Desktop/ROS2_Final_Project/kobuki_ws/install/ecl_utilities/lib/ecl_utilities/demo_constructors" to ""
