[0.399s] Invoking command in '/home/abdulrafi/Desktop/ROS2_Final_Project/kobuki_ws/build/ecl_manipulators': AMENT_PREFIX_PATH=/home/abdulrafi/Desktop/ROS2_Final_Project/kobuki_ws/install/ecl_geometry:/home/abdulrafi/Desktop/ROS2_Final_Project/kobuki_ws/install/ecl_linear_algebra:/home/abdulrafi/Desktop/ROS2_Final_Project/kobuki_ws/install/ecl_containers:/home/abdulrafi/Desktop/ROS2_Final_Project/kobuki_ws/install/ecl_formatters:/home/abdulrafi/Desktop/ROS2_Final_Project/kobuki_ws/install/ecl_utilities:/home/abdulrafi/Desktop/ROS2_Final_Project/kobuki_ws/install/ecl_converters:/home/abdulrafi/Desktop/ROS2_Final_Project/kobuki_ws/install/ecl_math:/home/abdulrafi/Desktop/ROS2_Final_Project/kobuki_ws/install/ecl_exceptions:/home/abdulrafi/Desktop/ROS2_Final_Project/kobuki_ws/install/ecl_concepts:/home/abdulrafi/Desktop/ROS2_Final_Project/kobuki_ws/install/ecl_type_traits:/home/abdulrafi/Desktop/ROS2_Final_Project/kobuki_ws/install/ecl_errors:/home/abdulrafi/Desktop/ROS2_Final_Project/kobuki_ws/install/ecl_mpl:/home/abdulrafi/Desktop/ROS2_Final_Project/kobuki_ws/install/ecl_eigen:/home/abdulrafi/Desktop/ROS2_Final_Project/kobuki_ws/install/ecl_config:${AMENT_PREFIX_PATH} CMAKE_PREFIX_PATH=/home/abdulrafi/Desktop/ROS2_Final_Project/kobuki_ws/install/ecl_geometry:/home/abdulrafi/Desktop/ROS2_Final_Project/kobuki_ws/install/ecl_linear_algebra:/home/abdulrafi/Desktop/ROS2_Final_Project/kobuki_ws/install/ecl_containers:/home/abdulrafi/Desktop/ROS2_Final_Project/kobuki_ws/install/ecl_formatters:/home/abdulrafi/Desktop/ROS2_Final_Project/kobuki_ws/install/ecl_utilities:/home/abdulrafi/Desktop/ROS2_Final_Project/kobuki_ws/install/ecl_converters:/home/abdulrafi/Desktop/ROS2_Final_Project/kobuki_ws/install/ecl_math:/home/abdulrafi/Desktop/ROS2_Final_Project/kobuki_ws/install/ecl_exceptions:/home/abdulrafi/Desktop/ROS2_Final_Project/kobuki_ws/install/ecl_concepts:/home/abdulrafi/Desktop/ROS2_Final_Project/kobuki_ws/install/ecl_type_traits:/home/abdulrafi/Desktop/ROS2_Final_Project/kobuki_ws/install/ecl_errors:/home/abdulrafi/Desktop/ROS2_Final_Project/kobuki_ws/install/ecl_mpl:/home/abdulrafi/Desktop/ROS2_Final_Project/kobuki_ws/install/ecl_eigen:/home/abdulrafi/Desktop/ROS2_Final_Project/kobuki_ws/install/ecl_config:/opt/ros/jazzy/opt/gz_sim_vendor:/opt/ros/jazzy/opt/gz_sensors_vendor:/opt/ros/jazzy/opt/gz_physics_vendor:/opt/ros/jazzy/opt/sdformat_vendor:/opt/ros/jazzy/opt/gz_gui_vendor:/opt/ros/jazzy/opt/gz_transport_vendor:/opt/ros/jazzy/opt/gz_rendering_vendor:/opt/ros/jazzy/opt/gz_plugin_vendor:/opt/ros/jazzy/opt/gz_fuel_tools_vendor:/opt/ros/jazzy/opt/gz_msgs_vendor:/opt/ros/jazzy/opt/gz_common_vendor:/opt/ros/jazzy/opt/gz_math_vendor:/opt/ros/jazzy/opt/gz_utils_vendor:/opt/ros/jazzy/opt/gz_tools_vendor:/opt/ros/jazzy/opt/gz_ogre_next_vendor:/opt/ros/jazzy/opt/gz_dartsim_vendor:/opt/ros/jazzy/opt/gz_cmake_vendor:/opt/ros/jazzy DEBUGINFOD_URLS=https://debuginfod.ubuntu.com LD_LIBRARY_PATH=/home/abdulrafi/Desktop/ROS2_Final_Project/kobuki_ws/install/ecl_geometry/lib:/home/abdulrafi/Desktop/ROS2_Final_Project/kobuki_ws/install/ecl_linear_algebra/lib:/home/abdulrafi/Desktop/ROS2_Final_Project/kobuki_ws/install/ecl_formatters/lib:/home/abdulrafi/Desktop/ROS2_Final_Project/kobuki_ws/install/ecl_exceptions/lib:/home/abdulrafi/Desktop/ROS2_Final_Project/kobuki_ws/install/ecl_type_traits/lib:/home/abdulrafi/Desktop/ROS2_Final_Project/kobuki_ws/install/ecl_errors/lib:${LD_LIBRARY_PATH} PATH=/home/abdulrafi/Desktop/ROS2_Final_Project/kobuki_ws/install/ecl_type_traits/bin:/home/abdulrafi/Desktop/ROS2_Final_Project/kobuki_ws/install/ecl_config/bin:${PATH} /usr/bin/cmake /home/abdulrafi/Desktop/ROS2_Final_Project/kobuki_ws/src/ThirdParty/ecl/ecl_core/ecl_manipulators -DCMAKE_INSTALL_PREFIX=/home/abdulrafi/Desktop/ROS2_Final_Project/kobuki_ws/install/ecl_manipulators
[0.734s] -- The C compiler identification is GNU 13.3.0
[1.018s] -- The CXX compiler identification is GNU 13.3.0
[1.096s] -- Detecting C compiler ABI info
[1.724s] -- Detecting C compiler ABI info - done
[1.765s] -- Check for working C compiler: /usr/bin/cc - skipped
[1.767s] -- Detecting C compile features
[1.770s] -- Detecting C compile features - done
[1.815s] -- Detecting CXX compiler ABI info
[2.447s] -- Detecting CXX compiler ABI info - done
[2.464s] -- Check for working CXX compiler: /usr/bin/c++ - skipped
[2.466s] -- Detecting CXX compile features
[2.466s] -- Detecting CXX compile features - done
[2.489s] -- Found ament_cmake_ros: 0.12.0 (/opt/ros/jazzy/share/ament_cmake_ros/cmake)
[3.534s] -- Found Python3: /usr/bin/python3 (found version "3.12.3") found components: Interpreter 
[4.268s] -- Found ecl_build: 1.0.3 (/opt/ros/jazzy/share/ecl_build/cmake)
[4.297s] [0mCMake Deprecation Warning at /opt/ros/jazzy/share/ecl_build/cmake/cotire.cmake:45 (cmake_minimum_required):
[4.298s]   Compatibility with CMake < 3.5 will be removed from a future version of
[4.298s]   CMake.
[4.298s] 
[4.298s]   Update the VERSION argument <min> value or use a ...<max> suffix to tell
[4.299s]   CMake that the project does not need compatibility with older versions.
[4.299s] Call Stack (most recent call first):
[4.302s]   /opt/ros/jazzy/share/ecl_build/cmake/ecl_buildConfig.cmake:41 (include)
[4.302s]   CMakeLists.txt:20 (find_package)
[4.302s] 
[4.303s] [0m
[4.316s] -- Found ecl_exceptions: 1.2.1 (/home/abdulrafi/Desktop/ROS2_Final_Project/kobuki_ws/install/ecl_exceptions/share/ecl_exceptions/cmake)
[4.408s] -- Found ecl_formatters: 1.2.1 (/home/abdulrafi/Desktop/ROS2_Final_Project/kobuki_ws/install/ecl_formatters/share/ecl_formatters/cmake)
[4.515s] -- Found ecl_geometry: 1.2.1 (/home/abdulrafi/Desktop/ROS2_Final_Project/kobuki_ws/install/ecl_geometry/share/ecl_geometry/cmake)
[5.186s] -- Performing Test CMAKE_HAVE_LIBC_PTHREAD
[5.892s] -- Performing Test CMAKE_HAVE_LIBC_PTHREAD - Success
[5.901s] -- Found Threads: TRUE  
[8.265s] -- Found AMD headers in: /usr/include/suitesparse
[8.275s] -- Found AMD library: /usr/lib/aarch64-linux-gnu/libamd.so
[8.289s] -- Found CAMD headers in: /usr/include/suitesparse
[8.290s] -- Found CAMD library: /usr/lib/aarch64-linux-gnu/libcamd.so
[8.290s] -- Found CCOLAMD headers in: /usr/include/suitesparse
[8.296s] -- Found CCOLAMD library: /usr/lib/aarch64-linux-gnu/libccolamd.so
[8.301s] -- Found CHOLMOD headers in: /usr/include/suitesparse
[8.307s] -- Found CHOLMOD library: /usr/lib/aarch64-linux-gnu/libcholmod.so
[8.312s] -- Found COLAMD headers in: /usr/include/suitesparse
[8.318s] -- Found COLAMD library: /usr/lib/aarch64-linux-gnu/libcolamd.so
[8.322s] -- Found SPQR headers in: /usr/include/suitesparse
[8.328s] -- Found SPQR library: /usr/lib/aarch64-linux-gnu/libspqr.so
[8.333s] -- Found Config headers in: /usr/include/suitesparse
[8.338s] -- Found Config library: /usr/lib/aarch64-linux-gnu/libsuitesparseconfig.so
[8.365s] -- Found Intel Thread Building Blocks (TBB) library (2021.11 / ) include location: . Assuming SuiteSparseQR was compiled with TBB.
[8.367s] -- Looking for shm_open in rt
[8.857s] -- Looking for shm_open in rt - found
[8.861s] -- Adding librt to SuiteSparse_config libraries (required on Linux & Unix [not OSX] if SuiteSparse is compiled with timing).
[8.905s] -- Could NOT find METIS (missing: METIS_INCLUDE_DIR METIS_LIBRARY) 
[9.469s] -- Found ament_lint_auto: 0.17.5 (/opt/ros/jazzy/share/ament_lint_auto/cmake)
[9.832s] -- Found gtest sources under '/opt/ros/jazzy/src/gtest_vendor': C++ tests using 'Google Test' will be built
[9.923s] -- Configuring done (9.5s)
[10.021s] -- Generating done (0.1s)
[10.050s] -- Build files have been written to: /home/abdulrafi/Desktop/ROS2_Final_Project/kobuki_ws/build/ecl_manipulators
[10.079s] Invoked command in '/home/abdulrafi/Desktop/ROS2_Final_Project/kobuki_ws/build/ecl_manipulators' returned '0': AMENT_PREFIX_PATH=/home/abdulrafi/Desktop/ROS2_Final_Project/kobuki_ws/install/ecl_geometry:/home/abdulrafi/Desktop/ROS2_Final_Project/kobuki_ws/install/ecl_linear_algebra:/home/abdulrafi/Desktop/ROS2_Final_Project/kobuki_ws/install/ecl_containers:/home/abdulrafi/Desktop/ROS2_Final_Project/kobuki_ws/install/ecl_formatters:/home/abdulrafi/Desktop/ROS2_Final_Project/kobuki_ws/install/ecl_utilities:/home/abdulrafi/Desktop/ROS2_Final_Project/kobuki_ws/install/ecl_converters:/home/abdulrafi/Desktop/ROS2_Final_Project/kobuki_ws/install/ecl_math:/home/abdulrafi/Desktop/ROS2_Final_Project/kobuki_ws/install/ecl_exceptions:/home/abdulrafi/Desktop/ROS2_Final_Project/kobuki_ws/install/ecl_concepts:/home/abdulrafi/Desktop/ROS2_Final_Project/kobuki_ws/install/ecl_type_traits:/home/abdulrafi/Desktop/ROS2_Final_Project/kobuki_ws/install/ecl_errors:/home/abdulrafi/Desktop/ROS2_Final_Project/kobuki_ws/install/ecl_mpl:/home/abdulrafi/Desktop/ROS2_Final_Project/kobuki_ws/install/ecl_eigen:/home/abdulrafi/Desktop/ROS2_Final_Project/kobuki_ws/install/ecl_config:${AMENT_PREFIX_PATH} CMAKE_PREFIX_PATH=/home/abdulrafi/Desktop/ROS2_Final_Project/kobuki_ws/install/ecl_geometry:/home/abdulrafi/Desktop/ROS2_Final_Project/kobuki_ws/install/ecl_linear_algebra:/home/abdulrafi/Desktop/ROS2_Final_Project/kobuki_ws/install/ecl_containers:/home/abdulrafi/Desktop/ROS2_Final_Project/kobuki_ws/install/ecl_formatters:/home/abdulrafi/Desktop/ROS2_Final_Project/kobuki_ws/install/ecl_utilities:/home/abdulrafi/Desktop/ROS2_Final_Project/kobuki_ws/install/ecl_converters:/home/abdulrafi/Desktop/ROS2_Final_Project/kobuki_ws/install/ecl_math:/home/abdulrafi/Desktop/ROS2_Final_Project/kobuki_ws/install/ecl_exceptions:/home/abdulrafi/Desktop/ROS2_Final_Project/kobuki_ws/install/ecl_concepts:/home/abdulrafi/Desktop/ROS2_Final_Project/kobuki_ws/install/ecl_type_traits:/home/abdulrafi/Desktop/ROS2_Final_Project/kobuki_ws/install/ecl_errors:/home/abdulrafi/Desktop/ROS2_Final_Project/kobuki_ws/install/ecl_mpl:/home/abdulrafi/Desktop/ROS2_Final_Project/kobuki_ws/install/ecl_eigen:/home/abdulrafi/Desktop/ROS2_Final_Project/kobuki_ws/install/ecl_config:/opt/ros/jazzy/opt/gz_sim_vendor:/opt/ros/jazzy/opt/gz_sensors_vendor:/opt/ros/jazzy/opt/gz_physics_vendor:/opt/ros/jazzy/opt/sdformat_vendor:/opt/ros/jazzy/opt/gz_gui_vendor:/opt/ros/jazzy/opt/gz_transport_vendor:/opt/ros/jazzy/opt/gz_rendering_vendor:/opt/ros/jazzy/opt/gz_plugin_vendor:/opt/ros/jazzy/opt/gz_fuel_tools_vendor:/opt/ros/jazzy/opt/gz_msgs_vendor:/opt/ros/jazzy/opt/gz_common_vendor:/opt/ros/jazzy/opt/gz_math_vendor:/opt/ros/jazzy/opt/gz_utils_vendor:/opt/ros/jazzy/opt/gz_tools_vendor:/opt/ros/jazzy/opt/gz_ogre_next_vendor:/opt/ros/jazzy/opt/gz_dartsim_vendor:/opt/ros/jazzy/opt/gz_cmake_vendor:/opt/ros/jazzy DEBUGINFOD_URLS=https://debuginfod.ubuntu.com LD_LIBRARY_PATH=/home/abdulrafi/Desktop/ROS2_Final_Project/kobuki_ws/install/ecl_geometry/lib:/home/abdulrafi/Desktop/ROS2_Final_Project/kobuki_ws/install/ecl_linear_algebra/lib:/home/abdulrafi/Desktop/ROS2_Final_Project/kobuki_ws/install/ecl_formatters/lib:/home/abdulrafi/Desktop/ROS2_Final_Project/kobuki_ws/install/ecl_exceptions/lib:/home/abdulrafi/Desktop/ROS2_Final_Project/kobuki_ws/install/ecl_type_traits/lib:/home/abdulrafi/Desktop/ROS2_Final_Project/kobuki_ws/install/ecl_errors/lib:${LD_LIBRARY_PATH} PATH=/home/abdulrafi/Desktop/ROS2_Final_Project/kobuki_ws/install/ecl_type_traits/bin:/home/abdulrafi/Desktop/ROS2_Final_Project/kobuki_ws/install/ecl_config/bin:${PATH} /usr/bin/cmake /home/abdulrafi/Desktop/ROS2_Final_Project/kobuki_ws/src/ThirdParty/ecl/ecl_core/ecl_manipulators -DCMAKE_INSTALL_PREFIX=/home/abdulrafi/Desktop/ROS2_Final_Project/kobuki_ws/install/ecl_manipulators
[10.083s] Invoking command in '/home/abdulrafi/Desktop/ROS2_Final_Project/kobuki_ws/build/ecl_manipulators': AMENT_PREFIX_PATH=/home/abdulrafi/Desktop/ROS2_Final_Project/kobuki_ws/install/ecl_geometry:/home/abdulrafi/Desktop/ROS2_Final_Project/kobuki_ws/install/ecl_linear_algebra:/home/abdulrafi/Desktop/ROS2_Final_Project/kobuki_ws/install/ecl_containers:/home/abdulrafi/Desktop/ROS2_Final_Project/kobuki_ws/install/ecl_formatters:/home/abdulrafi/Desktop/ROS2_Final_Project/kobuki_ws/install/ecl_utilities:/home/abdulrafi/Desktop/ROS2_Final_Project/kobuki_ws/install/ecl_converters:/home/abdulrafi/Desktop/ROS2_Final_Project/kobuki_ws/install/ecl_math:/home/abdulrafi/Desktop/ROS2_Final_Project/kobuki_ws/install/ecl_exceptions:/home/abdulrafi/Desktop/ROS2_Final_Project/kobuki_ws/install/ecl_concepts:/home/abdulrafi/Desktop/ROS2_Final_Project/kobuki_ws/install/ecl_type_traits:/home/abdulrafi/Desktop/ROS2_Final_Project/kobuki_ws/install/ecl_errors:/home/abdulrafi/Desktop/ROS2_Final_Project/kobuki_ws/install/ecl_mpl:/home/abdulrafi/Desktop/ROS2_Final_Project/kobuki_ws/install/ecl_eigen:/home/abdulrafi/Desktop/ROS2_Final_Project/kobuki_ws/install/ecl_config:${AMENT_PREFIX_PATH} CMAKE_PREFIX_PATH=/home/abdulrafi/Desktop/ROS2_Final_Project/kobuki_ws/install/ecl_geometry:/home/abdulrafi/Desktop/ROS2_Final_Project/kobuki_ws/install/ecl_linear_algebra:/home/abdulrafi/Desktop/ROS2_Final_Project/kobuki_ws/install/ecl_containers:/home/abdulrafi/Desktop/ROS2_Final_Project/kobuki_ws/install/ecl_formatters:/home/abdulrafi/Desktop/ROS2_Final_Project/kobuki_ws/install/ecl_utilities:/home/abdulrafi/Desktop/ROS2_Final_Project/kobuki_ws/install/ecl_converters:/home/abdulrafi/Desktop/ROS2_Final_Project/kobuki_ws/install/ecl_math:/home/abdulrafi/Desktop/ROS2_Final_Project/kobuki_ws/install/ecl_exceptions:/home/abdulrafi/Desktop/ROS2_Final_Project/kobuki_ws/install/ecl_concepts:/home/abdulrafi/Desktop/ROS2_Final_Project/kobuki_ws/install/ecl_type_traits:/home/abdulrafi/Desktop/ROS2_Final_Project/kobuki_ws/install/ecl_errors:/home/abdulrafi/Desktop/ROS2_Final_Project/kobuki_ws/install/ecl_mpl:/home/abdulrafi/Desktop/ROS2_Final_Project/kobuki_ws/install/ecl_eigen:/home/abdulrafi/Desktop/ROS2_Final_Project/kobuki_ws/install/ecl_config:/opt/ros/jazzy/opt/gz_sim_vendor:/opt/ros/jazzy/opt/gz_sensors_vendor:/opt/ros/jazzy/opt/gz_physics_vendor:/opt/ros/jazzy/opt/sdformat_vendor:/opt/ros/jazzy/opt/gz_gui_vendor:/opt/ros/jazzy/opt/gz_transport_vendor:/opt/ros/jazzy/opt/gz_rendering_vendor:/opt/ros/jazzy/opt/gz_plugin_vendor:/opt/ros/jazzy/opt/gz_fuel_tools_vendor:/opt/ros/jazzy/opt/gz_msgs_vendor:/opt/ros/jazzy/opt/gz_common_vendor:/opt/ros/jazzy/opt/gz_math_vendor:/opt/ros/jazzy/opt/gz_utils_vendor:/opt/ros/jazzy/opt/gz_tools_vendor:/opt/ros/jazzy/opt/gz_ogre_next_vendor:/opt/ros/jazzy/opt/gz_dartsim_vendor:/opt/ros/jazzy/opt/gz_cmake_vendor:/opt/ros/jazzy DEBUGINFOD_URLS=https://debuginfod.ubuntu.com LD_LIBRARY_PATH=/home/abdulrafi/Desktop/ROS2_Final_Project/kobuki_ws/install/ecl_geometry/lib:/home/abdulrafi/Desktop/ROS2_Final_Project/kobuki_ws/install/ecl_linear_algebra/lib:/home/abdulrafi/Desktop/ROS2_Final_Project/kobuki_ws/install/ecl_formatters/lib:/home/abdulrafi/Desktop/ROS2_Final_Project/kobuki_ws/install/ecl_exceptions/lib:/home/abdulrafi/Desktop/ROS2_Final_Project/kobuki_ws/install/ecl_type_traits/lib:/home/abdulrafi/Desktop/ROS2_Final_Project/kobuki_ws/install/ecl_errors/lib:${LD_LIBRARY_PATH} PATH=/home/abdulrafi/Desktop/ROS2_Final_Project/kobuki_ws/install/ecl_type_traits/bin:/home/abdulrafi/Desktop/ROS2_Final_Project/kobuki_ws/install/ecl_config/bin:${PATH} /usr/bin/cmake --build /home/abdulrafi/Desktop/ROS2_Final_Project/kobuki_ws/build/ecl_manipulators -- -j4 -l4
[10.379s] [  9%] [32mBuilding CXX object src/lib/CMakeFiles/ecl_manipulators.dir/trajectory.cpp.o[0m
[23.080s] [ 18%] [32mBuilding CXX object src/lib/CMakeFiles/ecl_manipulators.dir/waypoint.cpp.o[0m
[24.894s] [ 27%] [32m[1mLinking CXX shared library libecl_manipulators.so[0m
[25.528s] [ 27%] Built target ecl_manipulators
[25.681s] [ 36%] [32mBuilding CXX object gtest/CMakeFiles/gtest.dir/src/gtest-all.cc.o[0m
[39.594s] [ 45%] [32m[1mLinking CXX static library libgtest.a[0m
[40.146s] [ 45%] Built target gtest
[40.250s] [ 54%] [32mBuilding CXX object gtest/CMakeFiles/gtest_main.dir/src/gtest_main.cc.o[0m
[43.051s] [ 63%] [32m[1mLinking CXX static library libgtest_main.a[0m
[43.302s] [ 63%] Built target gtest_main
[43.438s] [ 72%] [32mBuilding CXX object src/test/CMakeFiles/ecl_test_trajectories.dir/trajectories.cpp.o[0m
[54.376s] [ 81%] [32m[1mLinking CXX executable ecl_test_trajectories[0m
[54.891s] [ 81%] Built target ecl_test_trajectories
[54.986s] [ 90%] [32mBuilding CXX object src/test/CMakeFiles/ecl_test_waypoints.dir/waypoints.cpp.o[0m
[59.311s] [100%] [32m[1mLinking CXX executable ecl_test_waypoints[0m
[59.909s] [100%] Built target ecl_test_waypoints
[60.015s] Invoked command in '/home/abdulrafi/Desktop/ROS2_Final_Project/kobuki_ws/build/ecl_manipulators' returned '0': AMENT_PREFIX_PATH=/home/abdulrafi/Desktop/ROS2_Final_Project/kobuki_ws/install/ecl_geometry:/home/abdulrafi/Desktop/ROS2_Final_Project/kobuki_ws/install/ecl_linear_algebra:/home/abdulrafi/Desktop/ROS2_Final_Project/kobuki_ws/install/ecl_containers:/home/abdulrafi/Desktop/ROS2_Final_Project/kobuki_ws/install/ecl_formatters:/home/abdulrafi/Desktop/ROS2_Final_Project/kobuki_ws/install/ecl_utilities:/home/abdulrafi/Desktop/ROS2_Final_Project/kobuki_ws/install/ecl_converters:/home/abdulrafi/Desktop/ROS2_Final_Project/kobuki_ws/install/ecl_math:/home/abdulrafi/Desktop/ROS2_Final_Project/kobuki_ws/install/ecl_exceptions:/home/abdulrafi/Desktop/ROS2_Final_Project/kobuki_ws/install/ecl_concepts:/home/abdulrafi/Desktop/ROS2_Final_Project/kobuki_ws/install/ecl_type_traits:/home/abdulrafi/Desktop/ROS2_Final_Project/kobuki_ws/install/ecl_errors:/home/abdulrafi/Desktop/ROS2_Final_Project/kobuki_ws/install/ecl_mpl:/home/abdulrafi/Desktop/ROS2_Final_Project/kobuki_ws/install/ecl_eigen:/home/abdulrafi/Desktop/ROS2_Final_Project/kobuki_ws/install/ecl_config:${AMENT_PREFIX_PATH} CMAKE_PREFIX_PATH=/home/abdulrafi/Desktop/ROS2_Final_Project/kobuki_ws/install/ecl_geometry:/home/abdulrafi/Desktop/ROS2_Final_Project/kobuki_ws/install/ecl_linear_algebra:/home/abdulrafi/Desktop/ROS2_Final_Project/kobuki_ws/install/ecl_containers:/home/abdulrafi/Desktop/ROS2_Final_Project/kobuki_ws/install/ecl_formatters:/home/abdulrafi/Desktop/ROS2_Final_Project/kobuki_ws/install/ecl_utilities:/home/abdulrafi/Desktop/ROS2_Final_Project/kobuki_ws/install/ecl_converters:/home/abdulrafi/Desktop/ROS2_Final_Project/kobuki_ws/install/ecl_math:/home/abdulrafi/Desktop/ROS2_Final_Project/kobuki_ws/install/ecl_exceptions:/home/abdulrafi/Desktop/ROS2_Final_Project/kobuki_ws/install/ecl_concepts:/home/abdulrafi/Desktop/ROS2_Final_Project/kobuki_ws/install/ecl_type_traits:/home/abdulrafi/Desktop/ROS2_Final_Project/kobuki_ws/install/ecl_errors:/home/abdulrafi/Desktop/ROS2_Final_Project/kobuki_ws/install/ecl_mpl:/home/abdulrafi/Desktop/ROS2_Final_Project/kobuki_ws/install/ecl_eigen:/home/abdulrafi/Desktop/ROS2_Final_Project/kobuki_ws/install/ecl_config:/opt/ros/jazzy/opt/gz_sim_vendor:/opt/ros/jazzy/opt/gz_sensors_vendor:/opt/ros/jazzy/opt/gz_physics_vendor:/opt/ros/jazzy/opt/sdformat_vendor:/opt/ros/jazzy/opt/gz_gui_vendor:/opt/ros/jazzy/opt/gz_transport_vendor:/opt/ros/jazzy/opt/gz_rendering_vendor:/opt/ros/jazzy/opt/gz_plugin_vendor:/opt/ros/jazzy/opt/gz_fuel_tools_vendor:/opt/ros/jazzy/opt/gz_msgs_vendor:/opt/ros/jazzy/opt/gz_common_vendor:/opt/ros/jazzy/opt/gz_math_vendor:/opt/ros/jazzy/opt/gz_utils_vendor:/opt/ros/jazzy/opt/gz_tools_vendor:/opt/ros/jazzy/opt/gz_ogre_next_vendor:/opt/ros/jazzy/opt/gz_dartsim_vendor:/opt/ros/jazzy/opt/gz_cmake_vendor:/opt/ros/jazzy DEBUGINFOD_URLS=https://debuginfod.ubuntu.com LD_LIBRARY_PATH=/home/abdulrafi/Desktop/ROS2_Final_Project/kobuki_ws/install/ecl_geometry/lib:/home/abdulrafi/Desktop/ROS2_Final_Project/kobuki_ws/install/ecl_linear_algebra/lib:/home/abdulrafi/Desktop/ROS2_Final_Project/kobuki_ws/install/ecl_formatters/lib:/home/abdulrafi/Desktop/ROS2_Final_Project/kobuki_ws/install/ecl_exceptions/lib:/home/abdulrafi/Desktop/ROS2_Final_Project/kobuki_ws/install/ecl_type_traits/lib:/home/abdulrafi/Desktop/ROS2_Final_Project/kobuki_ws/install/ecl_errors/lib:${LD_LIBRARY_PATH} PATH=/home/abdulrafi/Desktop/ROS2_Final_Project/kobuki_ws/install/ecl_type_traits/bin:/home/abdulrafi/Desktop/ROS2_Final_Project/kobuki_ws/install/ecl_config/bin:${PATH} /usr/bin/cmake --build /home/abdulrafi/Desktop/ROS2_Final_Project/kobuki_ws/build/ecl_manipulators -- -j4 -l4
[60.017s] Invoking command in '/home/abdulrafi/Desktop/ROS2_Final_Project/kobuki_ws/build/ecl_manipulators': AMENT_PREFIX_PATH=/home/abdulrafi/Desktop/ROS2_Final_Project/kobuki_ws/install/ecl_geometry:/home/abdulrafi/Desktop/ROS2_Final_Project/kobuki_ws/install/ecl_linear_algebra:/home/abdulrafi/Desktop/ROS2_Final_Project/kobuki_ws/install/ecl_containers:/home/abdulrafi/Desktop/ROS2_Final_Project/kobuki_ws/install/ecl_formatters:/home/abdulrafi/Desktop/ROS2_Final_Project/kobuki_ws/install/ecl_utilities:/home/abdulrafi/Desktop/ROS2_Final_Project/kobuki_ws/install/ecl_converters:/home/abdulrafi/Desktop/ROS2_Final_Project/kobuki_ws/install/ecl_math:/home/abdulrafi/Desktop/ROS2_Final_Project/kobuki_ws/install/ecl_exceptions:/home/abdulrafi/Desktop/ROS2_Final_Project/kobuki_ws/install/ecl_concepts:/home/abdulrafi/Desktop/ROS2_Final_Project/kobuki_ws/install/ecl_type_traits:/home/abdulrafi/Desktop/ROS2_Final_Project/kobuki_ws/install/ecl_errors:/home/abdulrafi/Desktop/ROS2_Final_Project/kobuki_ws/install/ecl_mpl:/home/abdulrafi/Desktop/ROS2_Final_Project/kobuki_ws/install/ecl_eigen:/home/abdulrafi/Desktop/ROS2_Final_Project/kobuki_ws/install/ecl_config:${AMENT_PREFIX_PATH} CMAKE_PREFIX_PATH=/home/abdulrafi/Desktop/ROS2_Final_Project/kobuki_ws/install/ecl_geometry:/home/abdulrafi/Desktop/ROS2_Final_Project/kobuki_ws/install/ecl_linear_algebra:/home/abdulrafi/Desktop/ROS2_Final_Project/kobuki_ws/install/ecl_containers:/home/abdulrafi/Desktop/ROS2_Final_Project/kobuki_ws/install/ecl_formatters:/home/abdulrafi/Desktop/ROS2_Final_Project/kobuki_ws/install/ecl_utilities:/home/abdulrafi/Desktop/ROS2_Final_Project/kobuki_ws/install/ecl_converters:/home/abdulrafi/Desktop/ROS2_Final_Project/kobuki_ws/install/ecl_math:/home/abdulrafi/Desktop/ROS2_Final_Project/kobuki_ws/install/ecl_exceptions:/home/abdulrafi/Desktop/ROS2_Final_Project/kobuki_ws/install/ecl_concepts:/home/abdulrafi/Desktop/ROS2_Final_Project/kobuki_ws/install/ecl_type_traits:/home/abdulrafi/Desktop/ROS2_Final_Project/kobuki_ws/install/ecl_errors:/home/abdulrafi/Desktop/ROS2_Final_Project/kobuki_ws/install/ecl_mpl:/home/abdulrafi/Desktop/ROS2_Final_Project/kobuki_ws/install/ecl_eigen:/home/abdulrafi/Desktop/ROS2_Final_Project/kobuki_ws/install/ecl_config:/opt/ros/jazzy/opt/gz_sim_vendor:/opt/ros/jazzy/opt/gz_sensors_vendor:/opt/ros/jazzy/opt/gz_physics_vendor:/opt/ros/jazzy/opt/sdformat_vendor:/opt/ros/jazzy/opt/gz_gui_vendor:/opt/ros/jazzy/opt/gz_transport_vendor:/opt/ros/jazzy/opt/gz_rendering_vendor:/opt/ros/jazzy/opt/gz_plugin_vendor:/opt/ros/jazzy/opt/gz_fuel_tools_vendor:/opt/ros/jazzy/opt/gz_msgs_vendor:/opt/ros/jazzy/opt/gz_common_vendor:/opt/ros/jazzy/opt/gz_math_vendor:/opt/ros/jazzy/opt/gz_utils_vendor:/opt/ros/jazzy/opt/gz_tools_vendor:/opt/ros/jazzy/opt/gz_ogre_next_vendor:/opt/ros/jazzy/opt/gz_dartsim_vendor:/opt/ros/jazzy/opt/gz_cmake_vendor:/opt/ros/jazzy DEBUGINFOD_URLS=https://debuginfod.ubuntu.com LD_LIBRARY_PATH=/home/abdulrafi/Desktop/ROS2_Final_Project/kobuki_ws/install/ecl_geometry/lib:/home/abdulrafi/Desktop/ROS2_Final_Project/kobuki_ws/install/ecl_linear_algebra/lib:/home/abdulrafi/Desktop/ROS2_Final_Project/kobuki_ws/install/ecl_formatters/lib:/home/abdulrafi/Desktop/ROS2_Final_Project/kobuki_ws/install/ecl_exceptions/lib:/home/abdulrafi/Desktop/ROS2_Final_Project/kobuki_ws/install/ecl_type_traits/lib:/home/abdulrafi/Desktop/ROS2_Final_Project/kobuki_ws/install/ecl_errors/lib:${LD_LIBRARY_PATH} PATH=/home/abdulrafi/Desktop/ROS2_Final_Project/kobuki_ws/install/ecl_type_traits/bin:/home/abdulrafi/Desktop/ROS2_Final_Project/kobuki_ws/install/ecl_config/bin:${PATH} /usr/bin/cmake --install /home/abdulrafi/Desktop/ROS2_Final_Project/kobuki_ws/build/ecl_manipulators
[60.071s] -- Install configuration: ""
[60.073s] -- Installing: /home/abdulrafi/Desktop/ROS2_Final_Project/kobuki_ws/install/ecl_manipulators/share/ecl_manipulators/scripts
[60.074s] -- Installing: /home/abdulrafi/Desktop/ROS2_Final_Project/kobuki_ws/install/ecl_manipulators/share/ecl_manipulators/scripts/tension.x11
[60.076s] -- Installing: /home/abdulrafi/Desktop/ROS2_Final_Project/kobuki_ws/install/ecl_manipulators/share/ecl_manipulators/scripts/linear.x11
[60.077s] -- Installing: /home/abdulrafi/Desktop/ROS2_Final_Project/kobuki_ws/install/ecl_manipulators/share/ecl_manipulators/scripts/Makefile
[60.080s] -- Installing: /home/abdulrafi/Desktop/ROS2_Final_Project/kobuki_ws/install/ecl_manipulators/share/ecl_manipulators/environment/library_path.sh
[60.080s] -- Installing: /home/abdulrafi/Desktop/ROS2_Final_Project/kobuki_ws/install/ecl_manipulators/share/ecl_manipulators/environment/library_path.dsv
[60.083s] -- Installing: /home/abdulrafi/Desktop/ROS2_Final_Project/kobuki_ws/install/ecl_manipulators/share/ament_index/resource_index/package_run_dependencies/ecl_manipulators
[60.084s] -- Installing: /home/abdulrafi/Desktop/ROS2_Final_Project/kobuki_ws/install/ecl_manipulators/share/ament_index/resource_index/parent_prefix_path/ecl_manipulators
[60.085s] -- Installing: /home/abdulrafi/Desktop/ROS2_Final_Project/kobuki_ws/install/ecl_manipulators/share/ecl_manipulators/environment/ament_prefix_path.sh
[60.087s] -- Installing: /home/abdulrafi/Desktop/ROS2_Final_Project/kobuki_ws/install/ecl_manipulators/share/ecl_manipulators/environment/ament_prefix_path.dsv
[60.089s] -- Installing: /home/abdulrafi/Desktop/ROS2_Final_Project/kobuki_ws/install/ecl_manipulators/share/ecl_manipulators/environment/path.sh
[60.091s] -- Installing: /home/abdulrafi/Desktop/ROS2_Final_Project/kobuki_ws/install/ecl_manipulators/share/ecl_manipulators/environment/path.dsv
[60.091s] -- Installing: /home/abdulrafi/Desktop/ROS2_Final_Project/kobuki_ws/install/ecl_manipulators/share/ecl_manipulators/local_setup.bash
[60.093s] -- Installing: /home/abdulrafi/Desktop/ROS2_Final_Project/kobuki_ws/install/ecl_manipulators/share/ecl_manipulators/local_setup.sh
[60.093s] -- Installing: /home/abdulrafi/Desktop/ROS2_Final_Project/kobuki_ws/install/ecl_manipulators/share/ecl_manipulators/local_setup.zsh
[60.095s] -- Installing: /home/abdulrafi/Desktop/ROS2_Final_Project/kobuki_ws/install/ecl_manipulators/share/ecl_manipulators/local_setup.dsv
[60.096s] -- Installing: /home/abdulrafi/Desktop/ROS2_Final_Project/kobuki_ws/install/ecl_manipulators/share/ecl_manipulators/package.dsv
[60.099s] -- Installing: /home/abdulrafi/Desktop/ROS2_Final_Project/kobuki_ws/install/ecl_manipulators/share/ament_index/resource_index/packages/ecl_manipulators
[60.100s] -- Installing: /home/abdulrafi/Desktop/ROS2_Final_Project/kobuki_ws/install/ecl_manipulators/share/ecl_manipulators/cmake/ecl_manipulatorsExport.cmake
[60.102s] -- Installing: /home/abdulrafi/Desktop/ROS2_Final_Project/kobuki_ws/install/ecl_manipulators/share/ecl_manipulators/cmake/ecl_manipulatorsExport-noconfig.cmake
[60.102s] -- Installing: /home/abdulrafi/Desktop/ROS2_Final_Project/kobuki_ws/install/ecl_manipulators/share/ecl_manipulators/cmake/ament_cmake_export_targets-extras.cmake
[60.104s] -- Installing: /home/abdulrafi/Desktop/ROS2_Final_Project/kobuki_ws/install/ecl_manipulators/share/ecl_manipulators/cmake/ament_cmake_export_include_directories-extras.cmake
[60.106s] -- Installing: /home/abdulrafi/Desktop/ROS2_Final_Project/kobuki_ws/install/ecl_manipulators/share/ecl_manipulators/cmake/ament_cmake_export_libraries-extras.cmake
[60.106s] -- Installing: /home/abdulrafi/Desktop/ROS2_Final_Project/kobuki_ws/install/ecl_manipulators/share/ecl_manipulators/cmake/ament_cmake_export_dependencies-extras.cmake
[60.108s] -- Installing: /home/abdulrafi/Desktop/ROS2_Final_Project/kobuki_ws/install/ecl_manipulators/share/ecl_manipulators/cmake/ecl_manipulatorsConfig.cmake
[60.111s] -- Installing: /home/abdulrafi/Desktop/ROS2_Final_Project/kobuki_ws/install/ecl_manipulators/share/ecl_manipulators/cmake/ecl_manipulatorsConfig-version.cmake
[60.111s] -- Installing: /home/abdulrafi/Desktop/ROS2_Final_Project/kobuki_ws/install/ecl_manipulators/share/ecl_manipulators/package.xml
[60.115s] -- Installing: /home/abdulrafi/Desktop/ROS2_Final_Project/kobuki_ws/install/ecl_manipulators/include/ecl/manipulators.hpp
[60.117s] -- Installing: /home/abdulrafi/Desktop/ROS2_Final_Project/kobuki_ws/install/ecl_manipulators/include/ecl/manipulators/trajectory.hpp
[60.121s] -- Installing: /home/abdulrafi/Desktop/ROS2_Final_Project/kobuki_ws/install/ecl_manipulators/include/ecl/manipulators/types.hpp
[60.122s] -- Installing: /home/abdulrafi/Desktop/ROS2_Final_Project/kobuki_ws/install/ecl_manipulators/include/ecl/manipulators/waypoint.hpp
[60.125s] -- Installing: /home/abdulrafi/Desktop/ROS2_Final_Project/kobuki_ws/install/ecl_manipulators/lib/libecl_manipulators.so.1.2.1
[60.130s] -- Set non-toolchain portion of runtime path of "/home/abdulrafi/Desktop/ROS2_Final_Project/kobuki_ws/install/ecl_manipulators/lib/libecl_manipulators.so.1.2.1" to ""
[60.131s] -- Installing: /home/abdulrafi/Desktop/ROS2_Final_Project/kobuki_ws/install/ecl_manipulators/lib/libecl_manipulators.so
[60.142s] Invoked command in '/home/abdulrafi/Desktop/ROS2_Final_Project/kobuki_ws/build/ecl_manipulators' returned '0': AMENT_PREFIX_PATH=/home/abdulrafi/Desktop/ROS2_Final_Project/kobuki_ws/install/ecl_geometry:/home/abdulrafi/Desktop/ROS2_Final_Project/kobuki_ws/install/ecl_linear_algebra:/home/abdulrafi/Desktop/ROS2_Final_Project/kobuki_ws/install/ecl_containers:/home/abdulrafi/Desktop/ROS2_Final_Project/kobuki_ws/install/ecl_formatters:/home/abdulrafi/Desktop/ROS2_Final_Project/kobuki_ws/install/ecl_utilities:/home/abdulrafi/Desktop/ROS2_Final_Project/kobuki_ws/install/ecl_converters:/home/abdulrafi/Desktop/ROS2_Final_Project/kobuki_ws/install/ecl_math:/home/abdulrafi/Desktop/ROS2_Final_Project/kobuki_ws/install/ecl_exceptions:/home/abdulrafi/Desktop/ROS2_Final_Project/kobuki_ws/install/ecl_concepts:/home/abdulrafi/Desktop/ROS2_Final_Project/kobuki_ws/install/ecl_type_traits:/home/abdulrafi/Desktop/ROS2_Final_Project/kobuki_ws/install/ecl_errors:/home/abdulrafi/Desktop/ROS2_Final_Project/kobuki_ws/install/ecl_mpl:/home/abdulrafi/Desktop/ROS2_Final_Project/kobuki_ws/install/ecl_eigen:/home/abdulrafi/Desktop/ROS2_Final_Project/kobuki_ws/install/ecl_config:${AMENT_PREFIX_PATH} CMAKE_PREFIX_PATH=/home/abdulrafi/Desktop/ROS2_Final_Project/kobuki_ws/install/ecl_geometry:/home/abdulrafi/Desktop/ROS2_Final_Project/kobuki_ws/install/ecl_linear_algebra:/home/abdulrafi/Desktop/ROS2_Final_Project/kobuki_ws/install/ecl_containers:/home/abdulrafi/Desktop/ROS2_Final_Project/kobuki_ws/install/ecl_formatters:/home/abdulrafi/Desktop/ROS2_Final_Project/kobuki_ws/install/ecl_utilities:/home/abdulrafi/Desktop/ROS2_Final_Project/kobuki_ws/install/ecl_converters:/home/abdulrafi/Desktop/ROS2_Final_Project/kobuki_ws/install/ecl_math:/home/abdulrafi/Desktop/ROS2_Final_Project/kobuki_ws/install/ecl_exceptions:/home/abdulrafi/Desktop/ROS2_Final_Project/kobuki_ws/install/ecl_concepts:/home/abdulrafi/Desktop/ROS2_Final_Project/kobuki_ws/install/ecl_type_traits:/home/abdulrafi/Desktop/ROS2_Final_Project/kobuki_ws/install/ecl_errors:/home/abdulrafi/Desktop/ROS2_Final_Project/kobuki_ws/install/ecl_mpl:/home/abdulrafi/Desktop/ROS2_Final_Project/kobuki_ws/install/ecl_eigen:/home/abdulrafi/Desktop/ROS2_Final_Project/kobuki_ws/install/ecl_config:/opt/ros/jazzy/opt/gz_sim_vendor:/opt/ros/jazzy/opt/gz_sensors_vendor:/opt/ros/jazzy/opt/gz_physics_vendor:/opt/ros/jazzy/opt/sdformat_vendor:/opt/ros/jazzy/opt/gz_gui_vendor:/opt/ros/jazzy/opt/gz_transport_vendor:/opt/ros/jazzy/opt/gz_rendering_vendor:/opt/ros/jazzy/opt/gz_plugin_vendor:/opt/ros/jazzy/opt/gz_fuel_tools_vendor:/opt/ros/jazzy/opt/gz_msgs_vendor:/opt/ros/jazzy/opt/gz_common_vendor:/opt/ros/jazzy/opt/gz_math_vendor:/opt/ros/jazzy/opt/gz_utils_vendor:/opt/ros/jazzy/opt/gz_tools_vendor:/opt/ros/jazzy/opt/gz_ogre_next_vendor:/opt/ros/jazzy/opt/gz_dartsim_vendor:/opt/ros/jazzy/opt/gz_cmake_vendor:/opt/ros/jazzy DEBUGINFOD_URLS=https://debuginfod.ubuntu.com LD_LIBRARY_PATH=/home/abdulrafi/Desktop/ROS2_Final_Project/kobuki_ws/install/ecl_geometry/lib:/home/abdulrafi/Desktop/ROS2_Final_Project/kobuki_ws/install/ecl_linear_algebra/lib:/home/abdulrafi/Desktop/ROS2_Final_Project/kobuki_ws/install/ecl_formatters/lib:/home/abdulrafi/Desktop/ROS2_Final_Project/kobuki_ws/install/ecl_exceptions/lib:/home/abdulrafi/Desktop/ROS2_Final_Project/kobuki_ws/install/ecl_type_traits/lib:/home/abdulrafi/Desktop/ROS2_Final_Project/kobuki_ws/install/ecl_errors/lib:${LD_LIBRARY_PATH} PATH=/home/abdulrafi/Desktop/ROS2_Final_Project/kobuki_ws/install/ecl_type_traits/bin:/home/abdulrafi/Desktop/ROS2_Final_Project/kobuki_ws/install/ecl_config/bin:${PATH} /usr/bin/cmake --install /home/abdulrafi/Desktop/ROS2_Final_Project/kobuki_ws/build/ecl_manipulators
