[0.021s] Invoking command in '/home/abdulrafi/Desktop/ROS2_Final_Project/kobuki_ws/build/aws_robomaker_bookstore_world': CMAKE_PREFIX_PATH=${CMAKE_PREFIX_PATH}:/opt/ros/jazzy DEBUGINFOD_URLS=https://debuginfod.ubuntu.com /usr/bin/cmake --build /home/abdulrafi/Desktop/ROS2_Final_Project/kobuki_ws/build/aws_robomaker_bookstore_world
[0.136s] Invoked command in '/home/abdulrafi/Desktop/ROS2_Final_Project/kobuki_ws/build/aws_robomaker_bookstore_world' returned '0': CMAKE_PREFIX_PATH=${CMAKE_PREFIX_PATH}:/opt/ros/jazzy DEBUGINFOD_URLS=https://debuginfod.ubuntu.com /usr/bin/cmake --build /home/abdulrafi/Desktop/ROS2_Final_Project/kobuki_ws/build/aws_robomaker_bookstore_world
[0.140s] Invoking command in '/home/abdulrafi/Desktop/ROS2_Final_Project/kobuki_ws/build/aws_robomaker_bookstore_world': CMAKE_PREFIX_PATH=${CMAKE_PREFIX_PATH}:/opt/ros/jazzy DEBUGINFOD_URLS=https://debuginfod.ubuntu.com /usr/bin/cmake --install /home/abdulrafi/Desktop/ROS2_Final_Project/kobuki_ws/build/aws_robomaker_bookstore_world
[0.159s] -- Install configuration: ""
[0.159s] -- Up-to-date: /home/abdulrafi/Desktop/ROS2_Final_Project/kobuki_ws/install/aws_robomaker_bookstore_world/share/aws_robomaker_bookstore_world/launch
[0.159s] -- Up-to-date: /home/abdulrafi/Desktop/ROS2_Final_Project/kobuki_ws/install/aws_robomaker_bookstore_world/share/aws_robomaker_bookstore_world/launch/bookstore.launch.py
[0.159s] -- Up-to-date: /home/abdulrafi/Desktop/ROS2_Final_Project/kobuki_ws/install/aws_robomaker_bookstore_world/share/aws_robomaker_bookstore_world/launch/view_bookstore.launch.py
[0.159s] -- Up-to-date: /home/abdulrafi/Desktop/ROS2_Final_Project/kobuki_ws/install/aws_robomaker_bookstore_world/share/aws_robomaker_bookstore_world/maps
[0.159s] -- Up-to-date: /home/abdulrafi/Desktop/ROS2_Final_Project/kobuki_ws/install/aws_robomaker_bookstore_world/share/aws_robomaker_bookstore_world/maps/turtlebot3_waffle_pi
[0.160s] -- Up-to-date: /home/abdulrafi/Desktop/ROS2_Final_Project/kobuki_ws/install/aws_robomaker_bookstore_world/share/aws_robomaker_bookstore_world/maps/turtlebot3_waffle_pi/map.yaml
[0.160s] -- Up-to-date: /home/abdulrafi/Desktop/ROS2_Final_Project/kobuki_ws/install/aws_robomaker_bookstore_world/share/aws_robomaker_bookstore_world/maps/turtlebot3_waffle_pi/map.pgm
[0.160s] -- Up-to-date: /home/abdulrafi/Desktop/ROS2_Final_Project/kobuki_ws/install/aws_robomaker_bookstore_world/share/aws_robomaker_bookstore_world/models
[0.160s] -- Up-to-date: /home/abdulrafi/Desktop/ROS2_Final_Project/kobuki_ws/install/aws_robomaker_bookstore_world/share/aws_robomaker_bookstore_world/models/aws_robomaker_retail_ColumnB_01
[0.161s] -- Up-to-date: /home/abdulrafi/Desktop/ROS2_Final_Project/kobuki_ws/install/aws_robomaker_bookstore_world/share/aws_robomaker_bookstore_world/models/aws_robomaker_retail_ColumnB_01/model.sdf
[0.161s] -- Up-to-date: /home/abdulrafi/Desktop/ROS2_Final_Project/kobuki_ws/install/aws_robomaker_bookstore_world/share/aws_robomaker_bookstore_world/models/aws_robomaker_retail_ColumnB_01/materials
[0.161s] -- Up-to-date: /home/abdulrafi/Desktop/ROS2_Final_Project/kobuki_ws/install/aws_robomaker_bookstore_world/share/aws_robomaker_bookstore_world/models/aws_robomaker_retail_ColumnB_01/materials/textures
[0.162s] -- Up-to-date: /home/abdulrafi/Desktop/ROS2_Final_Project/kobuki_ws/install/aws_robomaker_bookstore_world/share/aws_robomaker_bookstore_world/models/aws_robomaker_retail_ColumnB_01/materials/textures/aws_ColumnB_01.png
[0.162s] -- Up-to-date: /home/abdulrafi/Desktop/ROS2_Final_Project/kobuki_ws/install/aws_robomaker_bookstore_world/share/aws_robomaker_bookstore_world/models/aws_robomaker_retail_ColumnB_01/meshes
[0.162s] -- Up-to-date: /home/abdulrafi/Desktop/ROS2_Final_Project/kobuki_ws/install/aws_robomaker_bookstore_world/share/aws_robomaker_bookstore_world/models/aws_robomaker_retail_ColumnB_01/meshes/aws_ColumnB_01_collision.DAE
[0.162s] -- Up-to-date: /home/abdulrafi/Desktop/ROS2_Final_Project/kobuki_ws/install/aws_robomaker_bookstore_world/share/aws_robomaker_bookstore_world/models/aws_robomaker_retail_ColumnB_01/meshes/aws_ColumnB_01_visual.DAE
[0.163s] -- Up-to-date: /home/abdulrafi/Desktop/ROS2_Final_Project/kobuki_ws/install/aws_robomaker_bookstore_world/share/aws_robomaker_bookstore_world/models/aws_robomaker_retail_ColumnB_01/model.config
[0.163s] -- Up-to-date: /home/abdulrafi/Desktop/ROS2_Final_Project/kobuki_ws/install/aws_robomaker_bookstore_world/share/aws_robomaker_bookstore_world/models/aws_robomaker_retail_RetailShopCeiling_01
[0.163s] -- Up-to-date: /home/abdulrafi/Desktop/ROS2_Final_Project/kobuki_ws/install/aws_robomaker_bookstore_world/share/aws_robomaker_bookstore_world/models/aws_robomaker_retail_RetailShopCeiling_01/model.sdf
[0.163s] -- Up-to-date: /home/abdulrafi/Desktop/ROS2_Final_Project/kobuki_ws/install/aws_robomaker_bookstore_world/share/aws_robomaker_bookstore_world/models/aws_robomaker_retail_RetailShopCeiling_01/materials
[0.163s] -- Up-to-date: /home/abdulrafi/Desktop/ROS2_Final_Project/kobuki_ws/install/aws_robomaker_bookstore_world/share/aws_robomaker_bookstore_world/models/aws_robomaker_retail_RetailShopCeiling_01/materials/textures
[0.164s] -- Up-to-date: /home/abdulrafi/Desktop/ROS2_Final_Project/kobuki_ws/install/aws_robomaker_bookstore_world/share/aws_robomaker_bookstore_world/models/aws_robomaker_retail_RetailShopCeiling_01/materials/textures/aws_RetailShopCeiling_01.png
[0.164s] -- Up-to-date: /home/abdulrafi/Desktop/ROS2_Final_Project/kobuki_ws/install/aws_robomaker_bookstore_world/share/aws_robomaker_bookstore_world/models/aws_robomaker_retail_RetailShopCeiling_01/meshes
[0.164s] -- Up-to-date: /home/abdulrafi/Desktop/ROS2_Final_Project/kobuki_ws/install/aws_robomaker_bookstore_world/share/aws_robomaker_bookstore_world/models/aws_robomaker_retail_RetailShopCeiling_01/meshes/aws_RetailShopCeiling_01_visual.DAE
[0.164s] -- Up-to-date: /home/abdulrafi/Desktop/ROS2_Final_Project/kobuki_ws/install/aws_robomaker_bookstore_world/share/aws_robomaker_bookstore_world/models/aws_robomaker_retail_RetailShopCeiling_01/meshes/aws_RetailShopCeiling_01_collision.DAE
[0.165s] -- Up-to-date: /home/abdulrafi/Desktop/ROS2_Final_Project/kobuki_ws/install/aws_robomaker_bookstore_world/share/aws_robomaker_bookstore_world/models/aws_robomaker_retail_RetailShopCeiling_01/model.config
[0.165s] -- Up-to-date: /home/abdulrafi/Desktop/ROS2_Final_Project/kobuki_ws/install/aws_robomaker_bookstore_world/share/aws_robomaker_bookstore_world/models/aws_robomaker_retail_DoorB_01
[0.165s] -- Up-to-date: /home/abdulrafi/Desktop/ROS2_Final_Project/kobuki_ws/install/aws_robomaker_bookstore_world/share/aws_robomaker_bookstore_world/models/aws_robomaker_retail_DoorB_01/model.sdf
[0.165s] -- Up-to-date: /home/abdulrafi/Desktop/ROS2_Final_Project/kobuki_ws/install/aws_robomaker_bookstore_world/share/aws_robomaker_bookstore_world/models/aws_robomaker_retail_DoorB_01/materials
[0.166s] -- Up-to-date: /home/abdulrafi/Desktop/ROS2_Final_Project/kobuki_ws/install/aws_robomaker_bookstore_world/share/aws_robomaker_bookstore_world/models/aws_robomaker_retail_DoorB_01/materials/textures
[0.166s] -- Up-to-date: /home/abdulrafi/Desktop/ROS2_Final_Project/kobuki_ws/install/aws_robomaker_bookstore_world/share/aws_robomaker_bookstore_world/models/aws_robomaker_retail_DoorB_01/materials/textures/aws_DoorB_01.png
[0.166s] -- Up-to-date: /home/abdulrafi/Desktop/ROS2_Final_Project/kobuki_ws/install/aws_robomaker_bookstore_world/share/aws_robomaker_bookstore_world/models/aws_robomaker_retail_DoorB_01/meshes
[0.167s] -- Up-to-date: /home/abdulrafi/Desktop/ROS2_Final_Project/kobuki_ws/install/aws_robomaker_bookstore_world/share/aws_robomaker_bookstore_world/models/aws_robomaker_retail_DoorB_01/meshes/aws_DoorB_01_collision.DAE
[0.167s] -- Up-to-date: /home/abdulrafi/Desktop/ROS2_Final_Project/kobuki_ws/install/aws_robomaker_bookstore_world/share/aws_robomaker_bookstore_world/models/aws_robomaker_retail_DoorB_01/meshes/aws_DoorB_01_visual.DAE
[0.168s] -- Up-to-date: /home/abdulrafi/Desktop/ROS2_Final_Project/kobuki_ws/install/aws_robomaker_bookstore_world/share/aws_robomaker_bookstore_world/models/aws_robomaker_retail_DoorB_01/model.config
[0.168s] -- Up-to-date: /home/abdulrafi/Desktop/ROS2_Final_Project/kobuki_ws/install/aws_robomaker_bookstore_world/share/aws_robomaker_bookstore_world/models/aws_robomaker_retail_TabletB_01
[0.168s] -- Up-to-date: /home/abdulrafi/Desktop/ROS2_Final_Project/kobuki_ws/install/aws_robomaker_bookstore_world/share/aws_robomaker_bookstore_world/models/aws_robomaker_retail_TabletB_01/model.sdf
[0.169s] -- Up-to-date: /home/abdulrafi/Desktop/ROS2_Final_Project/kobuki_ws/install/aws_robomaker_bookstore_world/share/aws_robomaker_bookstore_world/models/aws_robomaker_retail_TabletB_01/materials
[0.169s] -- Up-to-date: /home/abdulrafi/Desktop/ROS2_Final_Project/kobuki_ws/install/aws_robomaker_bookstore_world/share/aws_robomaker_bookstore_world/models/aws_robomaker_retail_TabletB_01/materials/textures
[0.169s] -- Up-to-date: /home/abdulrafi/Desktop/ROS2_Final_Project/kobuki_ws/install/aws_robomaker_bookstore_world/share/aws_robomaker_bookstore_world/models/aws_robomaker_retail_TabletB_01/materials/textures/aws_TabletB_01.png
[0.170s] -- Up-to-date: /home/abdulrafi/Desktop/ROS2_Final_Project/kobuki_ws/install/aws_robomaker_bookstore_world/share/aws_robomaker_bookstore_world/models/aws_robomaker_retail_TabletB_01/meshes
[0.170s] -- Up-to-date: /home/abdulrafi/Desktop/ROS2_Final_Project/kobuki_ws/install/aws_robomaker_bookstore_world/share/aws_robomaker_bookstore_world/models/aws_robomaker_retail_TabletB_01/meshes/aws_TabletB_01_collision.DAE
[0.170s] -- Up-to-date: /home/abdulrafi/Desktop/ROS2_Final_Project/kobuki_ws/install/aws_robomaker_bookstore_world/share/aws_robomaker_bookstore_world/models/aws_robomaker_retail_TabletB_01/meshes/aws_TabletB_01_visual.DAE
[0.170s] -- Up-to-date: /home/abdulrafi/Desktop/ROS2_Final_Project/kobuki_ws/install/aws_robomaker_bookstore_world/share/aws_robomaker_bookstore_world/models/aws_robomaker_retail_TabletB_01/model.config
[0.170s] -- Up-to-date: /home/abdulrafi/Desktop/ROS2_Final_Project/kobuki_ws/install/aws_robomaker_bookstore_world/share/aws_robomaker_bookstore_world/models/aws_robomaker_retail_BookB_01
[0.171s] -- Up-to-date: /home/abdulrafi/Desktop/ROS2_Final_Project/kobuki_ws/install/aws_robomaker_bookstore_world/share/aws_robomaker_bookstore_world/models/aws_robomaker_retail_BookB_01/model.sdf
[0.171s] -- Up-to-date: /home/abdulrafi/Desktop/ROS2_Final_Project/kobuki_ws/install/aws_robomaker_bookstore_world/share/aws_robomaker_bookstore_world/models/aws_robomaker_retail_BookB_01/materials
[0.171s] -- Up-to-date: /home/abdulrafi/Desktop/ROS2_Final_Project/kobuki_ws/install/aws_robomaker_bookstore_world/share/aws_robomaker_bookstore_world/models/aws_robomaker_retail_BookB_01/materials/textures
[0.172s] -- Up-to-date: /home/abdulrafi/Desktop/ROS2_Final_Project/kobuki_ws/install/aws_robomaker_bookstore_world/share/aws_robomaker_bookstore_world/models/aws_robomaker_retail_BookB_01/materials/textures/aws_BookB_01.png
[0.172s] -- Up-to-date: /home/abdulrafi/Desktop/ROS2_Final_Project/kobuki_ws/install/aws_robomaker_bookstore_world/share/aws_robomaker_bookstore_world/models/aws_robomaker_retail_BookB_01/materials/textures/aws_BookB_02.png
[0.172s] -- Up-to-date: /home/abdulrafi/Desktop/ROS2_Final_Project/kobuki_ws/install/aws_robomaker_bookstore_world/share/aws_robomaker_bookstore_world/models/aws_robomaker_retail_BookB_01/meshes
[0.172s] -- Up-to-date: /home/abdulrafi/Desktop/ROS2_Final_Project/kobuki_ws/install/aws_robomaker_bookstore_world/share/aws_robomaker_bookstore_world/models/aws_robomaker_retail_BookB_01/meshes/aws_BookB_01_collision.DAE
[0.172s] -- Up-to-date: /home/abdulrafi/Desktop/ROS2_Final_Project/kobuki_ws/install/aws_robomaker_bookstore_world/share/aws_robomaker_bookstore_world/models/aws_robomaker_retail_BookB_01/meshes/aws_BookB_01_visual.DAE
[0.173s] -- Up-to-date: /home/abdulrafi/Desktop/ROS2_Final_Project/kobuki_ws/install/aws_robomaker_bookstore_world/share/aws_robomaker_bookstore_world/models/aws_robomaker_retail_BookB_01/model.config
[0.173s] -- Up-to-date: /home/abdulrafi/Desktop/ROS2_Final_Project/kobuki_ws/install/aws_robomaker_bookstore_world/share/aws_robomaker_bookstore_world/models/aws_robomaker_retail_DeskB_01
[0.173s] -- Up-to-date: /home/abdulrafi/Desktop/ROS2_Final_Project/kobuki_ws/install/aws_robomaker_bookstore_world/share/aws_robomaker_bookstore_world/models/aws_robomaker_retail_DeskB_01/model.sdf
[0.173s] -- Up-to-date: /home/abdulrafi/Desktop/ROS2_Final_Project/kobuki_ws/install/aws_robomaker_bookstore_world/share/aws_robomaker_bookstore_world/models/aws_robomaker_retail_DeskB_01/materials
[0.174s] -- Up-to-date: /home/abdulrafi/Desktop/ROS2_Final_Project/kobuki_ws/install/aws_robomaker_bookstore_world/share/aws_robomaker_bookstore_world/models/aws_robomaker_retail_DeskB_01/materials/textures
[0.174s] -- Up-to-date: /home/abdulrafi/Desktop/ROS2_Final_Project/kobuki_ws/install/aws_robomaker_bookstore_world/share/aws_robomaker_bookstore_world/models/aws_robomaker_retail_DeskB_01/materials/textures/aws_DeskB_01.png
[0.174s] -- Up-to-date: /home/abdulrafi/Desktop/ROS2_Final_Project/kobuki_ws/install/aws_robomaker_bookstore_world/share/aws_robomaker_bookstore_world/models/aws_robomaker_retail_DeskB_01/meshes
[0.175s] -- Up-to-date: /home/abdulrafi/Desktop/ROS2_Final_Project/kobuki_ws/install/aws_robomaker_bookstore_world/share/aws_robomaker_bookstore_world/models/aws_robomaker_retail_DeskB_01/meshes/aws_DeskB_01_visual.DAE
[0.175s] -- Up-to-date: /home/abdulrafi/Desktop/ROS2_Final_Project/kobuki_ws/install/aws_robomaker_bookstore_world/share/aws_robomaker_bookstore_world/models/aws_robomaker_retail_DeskB_01/meshes/aws_DeskB_01_collision.DAE
[0.175s] -- Up-to-date: /home/abdulrafi/Desktop/ROS2_Final_Project/kobuki_ws/install/aws_robomaker_bookstore_world/share/aws_robomaker_bookstore_world/models/aws_robomaker_retail_DeskB_01/model.config
[0.175s] -- Up-to-date: /home/abdulrafi/Desktop/ROS2_Final_Project/kobuki_ws/install/aws_robomaker_bookstore_world/share/aws_robomaker_bookstore_world/models/aws_robomaker_retail_MagicCube_01
[0.175s] -- Up-to-date: /home/abdulrafi/Desktop/ROS2_Final_Project/kobuki_ws/install/aws_robomaker_bookstore_world/share/aws_robomaker_bookstore_world/models/aws_robomaker_retail_MagicCube_01/model.sdf
[0.175s] -- Up-to-date: /home/abdulrafi/Desktop/ROS2_Final_Project/kobuki_ws/install/aws_robomaker_bookstore_world/share/aws_robomaker_bookstore_world/models/aws_robomaker_retail_MagicCube_01/materials
[0.176s] -- Up-to-date: /home/abdulrafi/Desktop/ROS2_Final_Project/kobuki_ws/install/aws_robomaker_bookstore_world/share/aws_robomaker_bookstore_world/models/aws_robomaker_retail_MagicCube_01/materials/textures
[0.176s] -- Up-to-date: /home/abdulrafi/Desktop/ROS2_Final_Project/kobuki_ws/install/aws_robomaker_bookstore_world/share/aws_robomaker_bookstore_world/models/aws_robomaker_retail_MagicCube_01/materials/textures/aws_MagicCube_01.png
[0.176s] -- Up-to-date: /home/abdulrafi/Desktop/ROS2_Final_Project/kobuki_ws/install/aws_robomaker_bookstore_world/share/aws_robomaker_bookstore_world/models/aws_robomaker_retail_MagicCube_01/meshes
[0.177s] -- Up-to-date: /home/abdulrafi/Desktop/ROS2_Final_Project/kobuki_ws/install/aws_robomaker_bookstore_world/share/aws_robomaker_bookstore_world/models/aws_robomaker_retail_MagicCube_01/meshes/aws_MagicCube_01_visual.DAE
[0.177s] -- Up-to-date: /home/abdulrafi/Desktop/ROS2_Final_Project/kobuki_ws/install/aws_robomaker_bookstore_world/share/aws_robomaker_bookstore_world/models/aws_robomaker_retail_MagicCube_01/meshes/aws_MagicCube_01_collision.DAE
[0.177s] -- Up-to-date: /home/abdulrafi/Desktop/ROS2_Final_Project/kobuki_ws/install/aws_robomaker_bookstore_world/share/aws_robomaker_bookstore_world/models/aws_robomaker_retail_MagicCube_01/model.config
[0.177s] -- Up-to-date: /home/abdulrafi/Desktop/ROS2_Final_Project/kobuki_ws/install/aws_robomaker_bookstore_world/share/aws_robomaker_bookstore_world/models/aws_robomaker_retail_Spotlight_01
[0.178s] -- Up-to-date: /home/abdulrafi/Desktop/ROS2_Final_Project/kobuki_ws/install/aws_robomaker_bookstore_world/share/aws_robomaker_bookstore_world/models/aws_robomaker_retail_Spotlight_01/model.sdf
[0.178s] -- Up-to-date: /home/abdulrafi/Desktop/ROS2_Final_Project/kobuki_ws/install/aws_robomaker_bookstore_world/share/aws_robomaker_bookstore_world/models/aws_robomaker_retail_Spotlight_01/materials
[0.178s] -- Up-to-date: /home/abdulrafi/Desktop/ROS2_Final_Project/kobuki_ws/install/aws_robomaker_bookstore_world/share/aws_robomaker_bookstore_world/models/aws_robomaker_retail_Spotlight_01/materials/textures
[0.178s] -- Up-to-date: /home/abdulrafi/Desktop/ROS2_Final_Project/kobuki_ws/install/aws_robomaker_bookstore_world/share/aws_robomaker_bookstore_world/models/aws_robomaker_retail_Spotlight_01/materials/textures/aws_SpotlightDiffuse_01.png
[0.179s] -- Up-to-date: /home/abdulrafi/Desktop/ROS2_Final_Project/kobuki_ws/install/aws_robomaker_bookstore_world/share/aws_robomaker_bookstore_world/models/aws_robomaker_retail_Spotlight_01/meshes
[0.179s] -- Up-to-date: /home/abdulrafi/Desktop/ROS2_Final_Project/kobuki_ws/install/aws_robomaker_bookstore_world/share/aws_robomaker_bookstore_world/models/aws_robomaker_retail_Spotlight_01/meshes/aws_spotlight_01_visual.DAE
[0.179s] -- Up-to-date: /home/abdulrafi/Desktop/ROS2_Final_Project/kobuki_ws/install/aws_robomaker_bookstore_world/share/aws_robomaker_bookstore_world/models/aws_robomaker_retail_Spotlight_01/meshes/aws_spotlight_01_collision.DAE
[0.179s] -- Up-to-date: /home/abdulrafi/Desktop/ROS2_Final_Project/kobuki_ws/install/aws_robomaker_bookstore_world/share/aws_robomaker_bookstore_world/models/aws_robomaker_retail_Spotlight_01/model.config
[0.179s] -- Up-to-date: /home/abdulrafi/Desktop/ROS2_Final_Project/kobuki_ws/install/aws_robomaker_bookstore_world/share/aws_robomaker_bookstore_world/models/aws_robomaker_retail_BookC_01
[0.179s] -- Up-to-date: /home/abdulrafi/Desktop/ROS2_Final_Project/kobuki_ws/install/aws_robomaker_bookstore_world/share/aws_robomaker_bookstore_world/models/aws_robomaker_retail_BookC_01/model.sdf
[0.180s] -- Up-to-date: /home/abdulrafi/Desktop/ROS2_Final_Project/kobuki_ws/install/aws_robomaker_bookstore_world/share/aws_robomaker_bookstore_world/models/aws_robomaker_retail_BookC_01/materials
[0.180s] -- Up-to-date: /home/abdulrafi/Desktop/ROS2_Final_Project/kobuki_ws/install/aws_robomaker_bookstore_world/share/aws_robomaker_bookstore_world/models/aws_robomaker_retail_BookC_01/materials/textures
[0.180s] -- Up-to-date: /home/abdulrafi/Desktop/ROS2_Final_Project/kobuki_ws/install/aws_robomaker_bookstore_world/share/aws_robomaker_bookstore_world/models/aws_robomaker_retail_BookC_01/materials/textures/aws_BookC_01.png
[0.180s] -- Up-to-date: /home/abdulrafi/Desktop/ROS2_Final_Project/kobuki_ws/install/aws_robomaker_bookstore_world/share/aws_robomaker_bookstore_world/models/aws_robomaker_retail_BookC_01/meshes
[0.181s] -- Up-to-date: /home/abdulrafi/Desktop/ROS2_Final_Project/kobuki_ws/install/aws_robomaker_bookstore_world/share/aws_robomaker_bookstore_world/models/aws_robomaker_retail_BookC_01/meshes/aws_BookC_01_visual.DAE
[0.181s] -- Up-to-date: /home/abdulrafi/Desktop/ROS2_Final_Project/kobuki_ws/install/aws_robomaker_bookstore_world/share/aws_robomaker_bookstore_world/models/aws_robomaker_retail_BookC_01/meshes/aws_BookC_01_collision.DAE
[0.181s] -- Up-to-date: /home/abdulrafi/Desktop/ROS2_Final_Project/kobuki_ws/install/aws_robomaker_bookstore_world/share/aws_robomaker_bookstore_world/models/aws_robomaker_retail_BookC_01/model.config
[0.181s] -- Up-to-date: /home/abdulrafi/Desktop/ROS2_Final_Project/kobuki_ws/install/aws_robomaker_bookstore_world/share/aws_robomaker_bookstore_world/models/aws_robomaker_retail_Holder_01
[0.181s] -- Up-to-date: /home/abdulrafi/Desktop/ROS2_Final_Project/kobuki_ws/install/aws_robomaker_bookstore_world/share/aws_robomaker_bookstore_world/models/aws_robomaker_retail_Holder_01/model.sdf
[0.181s] -- Up-to-date: /home/abdulrafi/Desktop/ROS2_Final_Project/kobuki_ws/install/aws_robomaker_bookstore_world/share/aws_robomaker_bookstore_world/models/aws_robomaker_retail_Holder_01/materials
[0.182s] -- Up-to-date: /home/abdulrafi/Desktop/ROS2_Final_Project/kobuki_ws/install/aws_robomaker_bookstore_world/share/aws_robomaker_bookstore_world/models/aws_robomaker_retail_Holder_01/materials/textures
[0.182s] -- Up-to-date: /home/abdulrafi/Desktop/ROS2_Final_Project/kobuki_ws/install/aws_robomaker_bookstore_world/share/aws_robomaker_bookstore_world/models/aws_robomaker_retail_Holder_01/materials/textures/aws_Holder_01.png
[0.182s] -- Up-to-date: /home/abdulrafi/Desktop/ROS2_Final_Project/kobuki_ws/install/aws_robomaker_bookstore_world/share/aws_robomaker_bookstore_world/models/aws_robomaker_retail_Holder_01/meshes
[0.183s] -- Up-to-date: /home/abdulrafi/Desktop/ROS2_Final_Project/kobuki_ws/install/aws_robomaker_bookstore_world/share/aws_robomaker_bookstore_world/models/aws_robomaker_retail_Holder_01/meshes/aws_Holder_01_visual.DAE
[0.183s] -- Up-to-date: /home/abdulrafi/Desktop/ROS2_Final_Project/kobuki_ws/install/aws_robomaker_bookstore_world/share/aws_robomaker_bookstore_world/models/aws_robomaker_retail_Holder_01/meshes/aws_Holder_01_collision.DAE
[0.183s] -- Up-to-date: /home/abdulrafi/Desktop/ROS2_Final_Project/kobuki_ws/install/aws_robomaker_bookstore_world/share/aws_robomaker_bookstore_world/models/aws_robomaker_retail_Holder_01/model.config
[0.183s] -- Up-to-date: /home/abdulrafi/Desktop/ROS2_Final_Project/kobuki_ws/install/aws_robomaker_bookstore_world/share/aws_robomaker_bookstore_world/models/aws_robomaker_retail_Tablet_01
[0.183s] -- Up-to-date: /home/abdulrafi/Desktop/ROS2_Final_Project/kobuki_ws/install/aws_robomaker_bookstore_world/share/aws_robomaker_bookstore_world/models/aws_robomaker_retail_Tablet_01/model.sdf
[0.183s] -- Up-to-date: /home/abdulrafi/Desktop/ROS2_Final_Project/kobuki_ws/install/aws_robomaker_bookstore_world/share/aws_robomaker_bookstore_world/models/aws_robomaker_retail_Tablet_01/materials
[0.184s] -- Up-to-date: /home/abdulrafi/Desktop/ROS2_Final_Project/kobuki_ws/install/aws_robomaker_bookstore_world/share/aws_robomaker_bookstore_world/models/aws_robomaker_retail_Tablet_01/materials/textures
[0.184s] -- Up-to-date: /home/abdulrafi/Desktop/ROS2_Final_Project/kobuki_ws/install/aws_robomaker_bookstore_world/share/aws_robomaker_bookstore_world/models/aws_robomaker_retail_Tablet_01/materials/textures/aws_Tablet_01_nologo.png
[0.184s] -- Up-to-date: /home/abdulrafi/Desktop/ROS2_Final_Project/kobuki_ws/install/aws_robomaker_bookstore_world/share/aws_robomaker_bookstore_world/models/aws_robomaker_retail_Tablet_01/meshes
[0.184s] -- Up-to-date: /home/abdulrafi/Desktop/ROS2_Final_Project/kobuki_ws/install/aws_robomaker_bookstore_world/share/aws_robomaker_bookstore_world/models/aws_robomaker_retail_Tablet_01/meshes/aws_Tablet_01_visual.DAE
[0.185s] -- Up-to-date: /home/abdulrafi/Desktop/ROS2_Final_Project/kobuki_ws/install/aws_robomaker_bookstore_world/share/aws_robomaker_bookstore_world/models/aws_robomaker_retail_Tablet_01/meshes/aws_Tablet_01_collision.DAE
[0.185s] -- Up-to-date: /home/abdulrafi/Desktop/ROS2_Final_Project/kobuki_ws/install/aws_robomaker_bookstore_world/share/aws_robomaker_bookstore_world/models/aws_robomaker_retail_Tablet_01/model.config
[0.185s] -- Up-to-date: /home/abdulrafi/Desktop/ROS2_Final_Project/kobuki_ws/install/aws_robomaker_bookstore_world/share/aws_robomaker_bookstore_world/models/aws_robomaker_retail_BookshelfA_01
[0.185s] -- Up-to-date: /home/abdulrafi/Desktop/ROS2_Final_Project/kobuki_ws/install/aws_robomaker_bookstore_world/share/aws_robomaker_bookstore_world/models/aws_robomaker_retail_BookshelfA_01/model.sdf
[0.185s] -- Up-to-date: /home/abdulrafi/Desktop/ROS2_Final_Project/kobuki_ws/install/aws_robomaker_bookstore_world/share/aws_robomaker_bookstore_world/models/aws_robomaker_retail_BookshelfA_01/materials
[0.185s] -- Up-to-date: /home/abdulrafi/Desktop/ROS2_Final_Project/kobuki_ws/install/aws_robomaker_bookstore_world/share/aws_robomaker_bookstore_world/models/aws_robomaker_retail_BookshelfA_01/materials/textures
[0.186s] -- Up-to-date: /home/abdulrafi/Desktop/ROS2_Final_Project/kobuki_ws/install/aws_robomaker_bookstore_world/share/aws_robomaker_bookstore_world/models/aws_robomaker_retail_BookshelfA_01/materials/textures/aws_BookshelfA_03.png
[0.186s] -- Up-to-date: /home/abdulrafi/Desktop/ROS2_Final_Project/kobuki_ws/install/aws_robomaker_bookstore_world/share/aws_robomaker_bookstore_world/models/aws_robomaker_retail_BookshelfA_01/materials/textures/aws_BookshelfA_02.png
[0.186s] -- Up-to-date: /home/abdulrafi/Desktop/ROS2_Final_Project/kobuki_ws/install/aws_robomaker_bookstore_world/share/aws_robomaker_bookstore_world/models/aws_robomaker_retail_BookshelfA_01/materials/textures/aws_BookshelfA_01.png
[0.186s] -- Up-to-date: /home/abdulrafi/Desktop/ROS2_Final_Project/kobuki_ws/install/aws_robomaker_bookstore_world/share/aws_robomaker_bookstore_world/models/aws_robomaker_retail_BookshelfA_01/meshes
[0.186s] -- Up-to-date: /home/abdulrafi/Desktop/ROS2_Final_Project/kobuki_ws/install/aws_robomaker_bookstore_world/share/aws_robomaker_bookstore_world/models/aws_robomaker_retail_BookshelfA_01/meshes/aws_BookshelfA_01_visual.DAE
[0.187s] -- Up-to-date: /home/abdulrafi/Desktop/ROS2_Final_Project/kobuki_ws/install/aws_robomaker_bookstore_world/share/aws_robomaker_bookstore_world/models/aws_robomaker_retail_BookshelfA_01/meshes/aws_BookshelfA_01_collision.DAE
[0.187s] -- Up-to-date: /home/abdulrafi/Desktop/ROS2_Final_Project/kobuki_ws/install/aws_robomaker_bookstore_world/share/aws_robomaker_bookstore_world/models/aws_robomaker_retail_BookshelfA_01/model.config
[0.187s] -- Up-to-date: /home/abdulrafi/Desktop/ROS2_Final_Project/kobuki_ws/install/aws_robomaker_bookstore_world/share/aws_robomaker_bookstore_world/models/aws_robomaker_retail_BookE_01
[0.187s] -- Up-to-date: /home/abdulrafi/Desktop/ROS2_Final_Project/kobuki_ws/install/aws_robomaker_bookstore_world/share/aws_robomaker_bookstore_world/models/aws_robomaker_retail_BookE_01/model.sdf
[0.187s] -- Up-to-date: /home/abdulrafi/Desktop/ROS2_Final_Project/kobuki_ws/install/aws_robomaker_bookstore_world/share/aws_robomaker_bookstore_world/models/aws_robomaker_retail_BookE_01/materials
[0.187s] -- Up-to-date: /home/abdulrafi/Desktop/ROS2_Final_Project/kobuki_ws/install/aws_robomaker_bookstore_world/share/aws_robomaker_bookstore_world/models/aws_robomaker_retail_BookE_01/materials/textures
[0.188s] -- Up-to-date: /home/abdulrafi/Desktop/ROS2_Final_Project/kobuki_ws/install/aws_robomaker_bookstore_world/share/aws_robomaker_bookstore_world/models/aws_robomaker_retail_BookE_01/materials/textures/aws_BookE_02.png
[0.188s] -- Up-to-date: /home/abdulrafi/Desktop/ROS2_Final_Project/kobuki_ws/install/aws_robomaker_bookstore_world/share/aws_robomaker_bookstore_world/models/aws_robomaker_retail_BookE_01/materials/textures/aws_BookE_01.png
[0.188s] -- Up-to-date: /home/abdulrafi/Desktop/ROS2_Final_Project/kobuki_ws/install/aws_robomaker_bookstore_world/share/aws_robomaker_bookstore_world/models/aws_robomaker_retail_BookE_01/meshes
[0.188s] -- Up-to-date: /home/abdulrafi/Desktop/ROS2_Final_Project/kobuki_ws/install/aws_robomaker_bookstore_world/share/aws_robomaker_bookstore_world/models/aws_robomaker_retail_BookE_01/meshes/aws_BookE_01_collision.DAE
[0.189s] -- Up-to-date: /home/abdulrafi/Desktop/ROS2_Final_Project/kobuki_ws/install/aws_robomaker_bookstore_world/share/aws_robomaker_bookstore_world/models/aws_robomaker_retail_BookE_01/meshes/aws_BookE_01_visual.DAE
[0.189s] -- Up-to-date: /home/abdulrafi/Desktop/ROS2_Final_Project/kobuki_ws/install/aws_robomaker_bookstore_world/share/aws_robomaker_bookstore_world/models/aws_robomaker_retail_BookE_01/model.config
[0.189s] -- Up-to-date: /home/abdulrafi/Desktop/ROS2_Final_Project/kobuki_ws/install/aws_robomaker_bookstore_world/share/aws_robomaker_bookstore_world/models/aws_robomaker_retail_RetailShopFloor_01
[0.189s] -- Up-to-date: /home/abdulrafi/Desktop/ROS2_Final_Project/kobuki_ws/install/aws_robomaker_bookstore_world/share/aws_robomaker_bookstore_world/models/aws_robomaker_retail_RetailShopFloor_01/model.sdf
[0.189s] -- Up-to-date: /home/abdulrafi/Desktop/ROS2_Final_Project/kobuki_ws/install/aws_robomaker_bookstore_world/share/aws_robomaker_bookstore_world/models/aws_robomaker_retail_RetailShopFloor_01/materials
[0.189s] -- Up-to-date: /home/abdulrafi/Desktop/ROS2_Final_Project/kobuki_ws/install/aws_robomaker_bookstore_world/share/aws_robomaker_bookstore_world/models/aws_robomaker_retail_RetailShopFloor_01/materials/textures
[0.191s] -- Up-to-date: /home/abdulrafi/Desktop/ROS2_Final_Project/kobuki_ws/install/aws_robomaker_bookstore_world/share/aws_robomaker_bookstore_world/models/aws_robomaker_retail_RetailShopFloor_01/materials/textures/aws_RetailShopFloor_01.png
[0.191s] -- Up-to-date: /home/abdulrafi/Desktop/ROS2_Final_Project/kobuki_ws/install/aws_robomaker_bookstore_world/share/aws_robomaker_bookstore_world/models/aws_robomaker_retail_RetailShopFloor_01/meshes
[0.191s] -- Up-to-date: /home/abdulrafi/Desktop/ROS2_Final_Project/kobuki_ws/install/aws_robomaker_bookstore_world/share/aws_robomaker_bookstore_world/models/aws_robomaker_retail_RetailShopFloor_01/meshes/aws_RetailShopFloor_01_collision.DAE
[0.191s] -- Up-to-date: /home/abdulrafi/Desktop/ROS2_Final_Project/kobuki_ws/install/aws_robomaker_bookstore_world/share/aws_robomaker_bookstore_world/models/aws_robomaker_retail_RetailShopFloor_01/meshes/aws_RetailShopFloor_01_visual.DAE
[0.191s] -- Up-to-date: /home/abdulrafi/Desktop/ROS2_Final_Project/kobuki_ws/install/aws_robomaker_bookstore_world/share/aws_robomaker_bookstore_world/models/aws_robomaker_retail_RetailShopFloor_01/model.config
[0.192s] -- Up-to-date: /home/abdulrafi/Desktop/ROS2_Final_Project/kobuki_ws/install/aws_robomaker_bookstore_world/share/aws_robomaker_bookstore_world/models/aws_robomaker_retail_SecurityCamera_01
[0.192s] -- Up-to-date: /home/abdulrafi/Desktop/ROS2_Final_Project/kobuki_ws/install/aws_robomaker_bookstore_world/share/aws_robomaker_bookstore_world/models/aws_robomaker_retail_SecurityCamera_01/model.sdf
[0.192s] -- Up-to-date: /home/abdulrafi/Desktop/ROS2_Final_Project/kobuki_ws/install/aws_robomaker_bookstore_world/share/aws_robomaker_bookstore_world/models/aws_robomaker_retail_SecurityCamera_01/materials
[0.192s] -- Up-to-date: /home/abdulrafi/Desktop/ROS2_Final_Project/kobuki_ws/install/aws_robomaker_bookstore_world/share/aws_robomaker_bookstore_world/models/aws_robomaker_retail_SecurityCamera_01/materials/textures
[0.193s] -- Up-to-date: /home/abdulrafi/Desktop/ROS2_Final_Project/kobuki_ws/install/aws_robomaker_bookstore_world/share/aws_robomaker_bookstore_world/models/aws_robomaker_retail_SecurityCamera_01/materials/textures/aws_SecurityCamera_01.png
[0.193s] -- Up-to-date: /home/abdulrafi/Desktop/ROS2_Final_Project/kobuki_ws/install/aws_robomaker_bookstore_world/share/aws_robomaker_bookstore_world/models/aws_robomaker_retail_SecurityCamera_01/meshes
[0.193s] -- Up-to-date: /home/abdulrafi/Desktop/ROS2_Final_Project/kobuki_ws/install/aws_robomaker_bookstore_world/share/aws_robomaker_bookstore_world/models/aws_robomaker_retail_SecurityCamera_01/meshes/aws_SecurityCamera_01_visual.DAE
[0.193s] -- Up-to-date: /home/abdulrafi/Desktop/ROS2_Final_Project/kobuki_ws/install/aws_robomaker_bookstore_world/share/aws_robomaker_bookstore_world/models/aws_robomaker_retail_SecurityCamera_01/meshes/aws_SecurityCamera_01_collision.DAE
[0.193s] -- Up-to-date: /home/abdulrafi/Desktop/ROS2_Final_Project/kobuki_ws/install/aws_robomaker_bookstore_world/share/aws_robomaker_bookstore_world/models/aws_robomaker_retail_SecurityCamera_01/model.config
[0.194s] -- Up-to-date: /home/abdulrafi/Desktop/ROS2_Final_Project/kobuki_ws/install/aws_robomaker_bookstore_world/share/aws_robomaker_bookstore_world/models/aws_robomaker_retail_SmartSpeakerTall_01
[0.194s] -- Up-to-date: /home/abdulrafi/Desktop/ROS2_Final_Project/kobuki_ws/install/aws_robomaker_bookstore_world/share/aws_robomaker_bookstore_world/models/aws_robomaker_retail_SmartSpeakerTall_01/model.sdf
[0.194s] -- Up-to-date: /home/abdulrafi/Desktop/ROS2_Final_Project/kobuki_ws/install/aws_robomaker_bookstore_world/share/aws_robomaker_bookstore_world/models/aws_robomaker_retail_SmartSpeakerTall_01/materials
[0.194s] -- Up-to-date: /home/abdulrafi/Desktop/ROS2_Final_Project/kobuki_ws/install/aws_robomaker_bookstore_world/share/aws_robomaker_bookstore_world/models/aws_robomaker_retail_SmartSpeakerTall_01/materials/textures
[0.195s] -- Up-to-date: /home/abdulrafi/Desktop/ROS2_Final_Project/kobuki_ws/install/aws_robomaker_bookstore_world/share/aws_robomaker_bookstore_world/models/aws_robomaker_retail_SmartSpeakerTall_01/materials/textures/aws_SmartSpeakerTall_01.png
[0.195s] -- Up-to-date: /home/abdulrafi/Desktop/ROS2_Final_Project/kobuki_ws/install/aws_robomaker_bookstore_world/share/aws_robomaker_bookstore_world/models/aws_robomaker_retail_SmartSpeakerTall_01/meshes
[0.195s] -- Up-to-date: /home/abdulrafi/Desktop/ROS2_Final_Project/kobuki_ws/install/aws_robomaker_bookstore_world/share/aws_robomaker_bookstore_world/models/aws_robomaker_retail_SmartSpeakerTall_01/meshes/aws_SmartSpeakerTall_01_collision.DAE
[0.195s] -- Up-to-date: /home/abdulrafi/Desktop/ROS2_Final_Project/kobuki_ws/install/aws_robomaker_bookstore_world/share/aws_robomaker_bookstore_world/models/aws_robomaker_retail_SmartSpeakerTall_01/meshes/aws_SmartSpeakerTall_01_visual.DAE
[0.195s] -- Up-to-date: /home/abdulrafi/Desktop/ROS2_Final_Project/kobuki_ws/install/aws_robomaker_bookstore_world/share/aws_robomaker_bookstore_world/models/aws_robomaker_retail_SmartSpeakerTall_01/model.config
[0.196s] -- Up-to-date: /home/abdulrafi/Desktop/ROS2_Final_Project/kobuki_ws/install/aws_robomaker_bookstore_world/share/aws_robomaker_bookstore_world/models/aws_robomaker_retail_BookshelfB_01
[0.196s] -- Up-to-date: /home/abdulrafi/Desktop/ROS2_Final_Project/kobuki_ws/install/aws_robomaker_bookstore_world/share/aws_robomaker_bookstore_world/models/aws_robomaker_retail_BookshelfB_01/model.sdf
[0.196s] -- Up-to-date: /home/abdulrafi/Desktop/ROS2_Final_Project/kobuki_ws/install/aws_robomaker_bookstore_world/share/aws_robomaker_bookstore_world/models/aws_robomaker_retail_BookshelfB_01/materials
[0.196s] -- Up-to-date: /home/abdulrafi/Desktop/ROS2_Final_Project/kobuki_ws/install/aws_robomaker_bookstore_world/share/aws_robomaker_bookstore_world/models/aws_robomaker_retail_BookshelfB_01/materials/textures
[0.197s] -- Up-to-date: /home/abdulrafi/Desktop/ROS2_Final_Project/kobuki_ws/install/aws_robomaker_bookstore_world/share/aws_robomaker_bookstore_world/models/aws_robomaker_retail_BookshelfB_01/materials/textures/aws_BookshelfB_01.png
[0.197s] -- Up-to-date: /home/abdulrafi/Desktop/ROS2_Final_Project/kobuki_ws/install/aws_robomaker_bookstore_world/share/aws_robomaker_bookstore_world/models/aws_robomaker_retail_BookshelfB_01/materials/textures/aws_BookshelfB_02.png
[0.197s] -- Up-to-date: /home/abdulrafi/Desktop/ROS2_Final_Project/kobuki_ws/install/aws_robomaker_bookstore_world/share/aws_robomaker_bookstore_world/models/aws_robomaker_retail_BookshelfB_01/meshes
[0.197s] -- Up-to-date: /home/abdulrafi/Desktop/ROS2_Final_Project/kobuki_ws/install/aws_robomaker_bookstore_world/share/aws_robomaker_bookstore_world/models/aws_robomaker_retail_BookshelfB_01/meshes/aws_BookshelfB_01_visual.DAE
[0.198s] -- Up-to-date: /home/abdulrafi/Desktop/ROS2_Final_Project/kobuki_ws/install/aws_robomaker_bookstore_world/share/aws_robomaker_bookstore_world/models/aws_robomaker_retail_BookshelfB_01/meshes/aws_BookshelfB_01_collision.DAE
[0.198s] -- Up-to-date: /home/abdulrafi/Desktop/ROS2_Final_Project/kobuki_ws/install/aws_robomaker_bookstore_world/share/aws_robomaker_bookstore_world/models/aws_robomaker_retail_BookshelfB_01/model.config
[0.198s] -- Up-to-date: /home/abdulrafi/Desktop/ROS2_Final_Project/kobuki_ws/install/aws_robomaker_bookstore_world/share/aws_robomaker_bookstore_world/models/aws_robomaker_retail_BookD_01
[0.198s] -- Up-to-date: /home/abdulrafi/Desktop/ROS2_Final_Project/kobuki_ws/install/aws_robomaker_bookstore_world/share/aws_robomaker_bookstore_world/models/aws_robomaker_retail_BookD_01/model.sdf
[0.198s] -- Up-to-date: /home/abdulrafi/Desktop/ROS2_Final_Project/kobuki_ws/install/aws_robomaker_bookstore_world/share/aws_robomaker_bookstore_world/models/aws_robomaker_retail_BookD_01/materials
[0.198s] -- Up-to-date: /home/abdulrafi/Desktop/ROS2_Final_Project/kobuki_ws/install/aws_robomaker_bookstore_world/share/aws_robomaker_bookstore_world/models/aws_robomaker_retail_BookD_01/materials/textures
[0.199s] -- Up-to-date: /home/abdulrafi/Desktop/ROS2_Final_Project/kobuki_ws/install/aws_robomaker_bookstore_world/share/aws_robomaker_bookstore_world/models/aws_robomaker_retail_BookD_01/materials/textures/aws_BookD_01.png
[0.199s] -- Up-to-date: /home/abdulrafi/Desktop/ROS2_Final_Project/kobuki_ws/install/aws_robomaker_bookstore_world/share/aws_robomaker_bookstore_world/models/aws_robomaker_retail_BookD_01/meshes
[0.199s] -- Up-to-date: /home/abdulrafi/Desktop/ROS2_Final_Project/kobuki_ws/install/aws_robomaker_bookstore_world/share/aws_robomaker_bookstore_world/models/aws_robomaker_retail_BookD_01/meshes/aws_BookD_01_visual.DAE
[0.199s] -- Up-to-date: /home/abdulrafi/Desktop/ROS2_Final_Project/kobuki_ws/install/aws_robomaker_bookstore_world/share/aws_robomaker_bookstore_world/models/aws_robomaker_retail_BookD_01/meshes/aws_BookD_01_collision.DAE
[0.199s] -- Up-to-date: /home/abdulrafi/Desktop/ROS2_Final_Project/kobuki_ws/install/aws_robomaker_bookstore_world/share/aws_robomaker_bookstore_world/models/aws_robomaker_retail_BookD_01/model.config
[0.200s] -- Up-to-date: /home/abdulrafi/Desktop/ROS2_Final_Project/kobuki_ws/install/aws_robomaker_bookstore_world/share/aws_robomaker_bookstore_world/models/aws_robomaker_retail_InfoDesk_01
[0.200s] -- Up-to-date: /home/abdulrafi/Desktop/ROS2_Final_Project/kobuki_ws/install/aws_robomaker_bookstore_world/share/aws_robomaker_bookstore_world/models/aws_robomaker_retail_InfoDesk_01/model.sdf
[0.200s] -- Up-to-date: /home/abdulrafi/Desktop/ROS2_Final_Project/kobuki_ws/install/aws_robomaker_bookstore_world/share/aws_robomaker_bookstore_world/models/aws_robomaker_retail_InfoDesk_01/materials
[0.200s] -- Up-to-date: /home/abdulrafi/Desktop/ROS2_Final_Project/kobuki_ws/install/aws_robomaker_bookstore_world/share/aws_robomaker_bookstore_world/models/aws_robomaker_retail_InfoDesk_01/materials/textures
[0.201s] -- Up-to-date: /home/abdulrafi/Desktop/ROS2_Final_Project/kobuki_ws/install/aws_robomaker_bookstore_world/share/aws_robomaker_bookstore_world/models/aws_robomaker_retail_InfoDesk_01/materials/textures/aws_InfoDesk_01.png
[0.201s] -- Up-to-date: /home/abdulrafi/Desktop/ROS2_Final_Project/kobuki_ws/install/aws_robomaker_bookstore_world/share/aws_robomaker_bookstore_world/models/aws_robomaker_retail_InfoDesk_01/meshes
[0.201s] -- Up-to-date: /home/abdulrafi/Desktop/ROS2_Final_Project/kobuki_ws/install/aws_robomaker_bookstore_world/share/aws_robomaker_bookstore_world/models/aws_robomaker_retail_InfoDesk_01/meshes/aws_InfoDesk_01_collision.DAE
[0.201s] -- Up-to-date: /home/abdulrafi/Desktop/ROS2_Final_Project/kobuki_ws/install/aws_robomaker_bookstore_world/share/aws_robomaker_bookstore_world/models/aws_robomaker_retail_InfoDesk_01/meshes/aws_InfoDesk_01_visual.DAE
[0.201s] -- Up-to-date: /home/abdulrafi/Desktop/ROS2_Final_Project/kobuki_ws/install/aws_robomaker_bookstore_world/share/aws_robomaker_bookstore_world/models/aws_robomaker_retail_InfoDesk_01/model.config
[0.202s] -- Up-to-date: /home/abdulrafi/Desktop/ROS2_Final_Project/kobuki_ws/install/aws_robomaker_bookstore_world/share/aws_robomaker_bookstore_world/models/aws_robomaker_retail_DeskA_01
[0.202s] -- Up-to-date: /home/abdulrafi/Desktop/ROS2_Final_Project/kobuki_ws/install/aws_robomaker_bookstore_world/share/aws_robomaker_bookstore_world/models/aws_robomaker_retail_DeskA_01/model.sdf
[0.202s] -- Up-to-date: /home/abdulrafi/Desktop/ROS2_Final_Project/kobuki_ws/install/aws_robomaker_bookstore_world/share/aws_robomaker_bookstore_world/models/aws_robomaker_retail_DeskA_01/materials
[0.202s] -- Up-to-date: /home/abdulrafi/Desktop/ROS2_Final_Project/kobuki_ws/install/aws_robomaker_bookstore_world/share/aws_robomaker_bookstore_world/models/aws_robomaker_retail_DeskA_01/materials/textures
[0.203s] -- Up-to-date: /home/abdulrafi/Desktop/ROS2_Final_Project/kobuki_ws/install/aws_robomaker_bookstore_world/share/aws_robomaker_bookstore_world/models/aws_robomaker_retail_DeskA_01/materials/textures/aws_DeskA_02.png
[0.203s] -- Up-to-date: /home/abdulrafi/Desktop/ROS2_Final_Project/kobuki_ws/install/aws_robomaker_bookstore_world/share/aws_robomaker_bookstore_world/models/aws_robomaker_retail_DeskA_01/materials/textures/aws_DeskA_01.png
[0.203s] -- Up-to-date: /home/abdulrafi/Desktop/ROS2_Final_Project/kobuki_ws/install/aws_robomaker_bookstore_world/share/aws_robomaker_bookstore_world/models/aws_robomaker_retail_DeskA_01/materials/textures/aws_DeskA_03.png
[0.203s] -- Up-to-date: /home/abdulrafi/Desktop/ROS2_Final_Project/kobuki_ws/install/aws_robomaker_bookstore_world/share/aws_robomaker_bookstore_world/models/aws_robomaker_retail_DeskA_01/meshes
[0.203s] -- Up-to-date: /home/abdulrafi/Desktop/ROS2_Final_Project/kobuki_ws/install/aws_robomaker_bookstore_world/share/aws_robomaker_bookstore_world/models/aws_robomaker_retail_DeskA_01/meshes/aws_DeskA_01_visual.DAE
[0.203s] -- Up-to-date: /home/abdulrafi/Desktop/ROS2_Final_Project/kobuki_ws/install/aws_robomaker_bookstore_world/share/aws_robomaker_bookstore_world/models/aws_robomaker_retail_DeskA_01/meshes/aws_DeskA_01_collision.DAE
[0.203s] -- Up-to-date: /home/abdulrafi/Desktop/ROS2_Final_Project/kobuki_ws/install/aws_robomaker_bookstore_world/share/aws_robomaker_bookstore_world/models/aws_robomaker_retail_DeskA_01/model.config
[0.204s] -- Up-to-date: /home/abdulrafi/Desktop/ROS2_Final_Project/kobuki_ws/install/aws_robomaker_bookstore_world/share/aws_robomaker_bookstore_world/models/aws_robomaker_retail_BookstoreLogo_01
[0.204s] -- Up-to-date: /home/abdulrafi/Desktop/ROS2_Final_Project/kobuki_ws/install/aws_robomaker_bookstore_world/share/aws_robomaker_bookstore_world/models/aws_robomaker_retail_BookstoreLogo_01/model.sdf
[0.204s] -- Up-to-date: /home/abdulrafi/Desktop/ROS2_Final_Project/kobuki_ws/install/aws_robomaker_bookstore_world/share/aws_robomaker_bookstore_world/models/aws_robomaker_retail_BookstoreLogo_01/materials
[0.204s] -- Up-to-date: /home/abdulrafi/Desktop/ROS2_Final_Project/kobuki_ws/install/aws_robomaker_bookstore_world/share/aws_robomaker_bookstore_world/models/aws_robomaker_retail_BookstoreLogo_01/materials/textures
[0.205s] -- Up-to-date: /home/abdulrafi/Desktop/ROS2_Final_Project/kobuki_ws/install/aws_robomaker_bookstore_world/share/aws_robomaker_bookstore_world/models/aws_robomaker_retail_BookstoreLogo_01/materials/textures/aws_BookstoreLogo_01.png
[0.205s] -- Up-to-date: /home/abdulrafi/Desktop/ROS2_Final_Project/kobuki_ws/install/aws_robomaker_bookstore_world/share/aws_robomaker_bookstore_world/models/aws_robomaker_retail_BookstoreLogo_01/meshes
[0.205s] -- Up-to-date: /home/abdulrafi/Desktop/ROS2_Final_Project/kobuki_ws/install/aws_robomaker_bookstore_world/share/aws_robomaker_bookstore_world/models/aws_robomaker_retail_BookstoreLogo_01/meshes/aws_BookstoreLogo_01_collision.DAE
[0.205s] -- Up-to-date: /home/abdulrafi/Desktop/ROS2_Final_Project/kobuki_ws/install/aws_robomaker_bookstore_world/share/aws_robomaker_bookstore_world/models/aws_robomaker_retail_BookstoreLogo_01/meshes/aws_BookstoreLogo_01_visual.DAE
[0.205s] -- Up-to-date: /home/abdulrafi/Desktop/ROS2_Final_Project/kobuki_ws/install/aws_robomaker_bookstore_world/share/aws_robomaker_bookstore_world/models/aws_robomaker_retail_BookstoreLogo_01/model.config
[0.206s] -- Up-to-date: /home/abdulrafi/Desktop/ROS2_Final_Project/kobuki_ws/install/aws_robomaker_bookstore_world/share/aws_robomaker_bookstore_world/models/aws_robomaker_retail_RetailShopWall_01
[0.206s] -- Up-to-date: /home/abdulrafi/Desktop/ROS2_Final_Project/kobuki_ws/install/aws_robomaker_bookstore_world/share/aws_robomaker_bookstore_world/models/aws_robomaker_retail_RetailShopWall_01/model.sdf
[0.206s] -- Up-to-date: /home/abdulrafi/Desktop/ROS2_Final_Project/kobuki_ws/install/aws_robomaker_bookstore_world/share/aws_robomaker_bookstore_world/models/aws_robomaker_retail_RetailShopWall_01/materials
[0.206s] -- Up-to-date: /home/abdulrafi/Desktop/ROS2_Final_Project/kobuki_ws/install/aws_robomaker_bookstore_world/share/aws_robomaker_bookstore_world/models/aws_robomaker_retail_RetailShopWall_01/materials/textures
[0.207s] -- Up-to-date: /home/abdulrafi/Desktop/ROS2_Final_Project/kobuki_ws/install/aws_robomaker_bookstore_world/share/aws_robomaker_bookstore_world/models/aws_robomaker_retail_RetailShopWall_01/materials/textures/aws_RetailShopWall_01.png
[0.207s] -- Up-to-date: /home/abdulrafi/Desktop/ROS2_Final_Project/kobuki_ws/install/aws_robomaker_bookstore_world/share/aws_robomaker_bookstore_world/models/aws_robomaker_retail_RetailShopWall_01/meshes
[0.207s] -- Up-to-date: /home/abdulrafi/Desktop/ROS2_Final_Project/kobuki_ws/install/aws_robomaker_bookstore_world/share/aws_robomaker_bookstore_world/models/aws_robomaker_retail_RetailShopWall_01/meshes/aws_RetailShopWall_01_visual.DAE
[0.207s] -- Up-to-date: /home/abdulrafi/Desktop/ROS2_Final_Project/kobuki_ws/install/aws_robomaker_bookstore_world/share/aws_robomaker_bookstore_world/models/aws_robomaker_retail_RetailShopWall_01/meshes/aws_RetailShopWall_01_collision.DAE
[0.207s] -- Up-to-date: /home/abdulrafi/Desktop/ROS2_Final_Project/kobuki_ws/install/aws_robomaker_bookstore_world/share/aws_robomaker_bookstore_world/models/aws_robomaker_retail_RetailShopWall_01/model.config
[0.207s] -- Up-to-date: /home/abdulrafi/Desktop/ROS2_Final_Project/kobuki_ws/install/aws_robomaker_bookstore_world/share/aws_robomaker_bookstore_world/models/aws_robomaker_retail_Bicycle_01
[0.208s] -- Up-to-date: /home/abdulrafi/Desktop/ROS2_Final_Project/kobuki_ws/install/aws_robomaker_bookstore_world/share/aws_robomaker_bookstore_world/models/aws_robomaker_retail_Bicycle_01/model.sdf
[0.208s] -- Up-to-date: /home/abdulrafi/Desktop/ROS2_Final_Project/kobuki_ws/install/aws_robomaker_bookstore_world/share/aws_robomaker_bookstore_world/models/aws_robomaker_retail_Bicycle_01/materials
[0.208s] -- Up-to-date: /home/abdulrafi/Desktop/ROS2_Final_Project/kobuki_ws/install/aws_robomaker_bookstore_world/share/aws_robomaker_bookstore_world/models/aws_robomaker_retail_Bicycle_01/materials/textures
[0.208s] -- Up-to-date: /home/abdulrafi/Desktop/ROS2_Final_Project/kobuki_ws/install/aws_robomaker_bookstore_world/share/aws_robomaker_bookstore_world/models/aws_robomaker_retail_Bicycle_01/materials/textures/aws_Bicycle_01.png
[0.209s] -- Up-to-date: /home/abdulrafi/Desktop/ROS2_Final_Project/kobuki_ws/install/aws_robomaker_bookstore_world/share/aws_robomaker_bookstore_world/models/aws_robomaker_retail_Bicycle_01/meshes
[0.209s] -- Up-to-date: /home/abdulrafi/Desktop/ROS2_Final_Project/kobuki_ws/install/aws_robomaker_bookstore_world/share/aws_robomaker_bookstore_world/models/aws_robomaker_retail_Bicycle_01/meshes/aws_Bicycle_01_visual.DAE
[0.209s] -- Up-to-date: /home/abdulrafi/Desktop/ROS2_Final_Project/kobuki_ws/install/aws_robomaker_bookstore_world/share/aws_robomaker_bookstore_world/models/aws_robomaker_retail_Bicycle_01/meshes/aws_Bicycle_01_collision.DAE
[0.209s] -- Up-to-date: /home/abdulrafi/Desktop/ROS2_Final_Project/kobuki_ws/install/aws_robomaker_bookstore_world/share/aws_robomaker_bookstore_world/models/aws_robomaker_retail_Bicycle_01/model.config
[0.209s] -- Up-to-date: /home/abdulrafi/Desktop/ROS2_Final_Project/kobuki_ws/install/aws_robomaker_bookstore_world/share/aws_robomaker_bookstore_world/models/aws_robomaker_retail_ShopWindow_01
[0.209s] -- Up-to-date: /home/abdulrafi/Desktop/ROS2_Final_Project/kobuki_ws/install/aws_robomaker_bookstore_world/share/aws_robomaker_bookstore_world/models/aws_robomaker_retail_ShopWindow_01/model.sdf
[0.210s] -- Up-to-date: /home/abdulrafi/Desktop/ROS2_Final_Project/kobuki_ws/install/aws_robomaker_bookstore_world/share/aws_robomaker_bookstore_world/models/aws_robomaker_retail_ShopWindow_01/materials
[0.210s] -- Up-to-date: /home/abdulrafi/Desktop/ROS2_Final_Project/kobuki_ws/install/aws_robomaker_bookstore_world/share/aws_robomaker_bookstore_world/models/aws_robomaker_retail_ShopWindow_01/materials/textures
[0.210s] -- Up-to-date: /home/abdulrafi/Desktop/ROS2_Final_Project/kobuki_ws/install/aws_robomaker_bookstore_world/share/aws_robomaker_bookstore_world/models/aws_robomaker_retail_ShopWindow_01/materials/textures/aws_ShopWindow_01.png
[0.210s] -- Up-to-date: /home/abdulrafi/Desktop/ROS2_Final_Project/kobuki_ws/install/aws_robomaker_bookstore_world/share/aws_robomaker_bookstore_world/models/aws_robomaker_retail_ShopWindow_01/meshes
[0.211s] -- Up-to-date: /home/abdulrafi/Desktop/ROS2_Final_Project/kobuki_ws/install/aws_robomaker_bookstore_world/share/aws_robomaker_bookstore_world/models/aws_robomaker_retail_ShopWindow_01/meshes/aws_ShopWindow_01_collision.DAE
[0.211s] -- Up-to-date: /home/abdulrafi/Desktop/ROS2_Final_Project/kobuki_ws/install/aws_robomaker_bookstore_world/share/aws_robomaker_bookstore_world/models/aws_robomaker_retail_ShopWindow_01/meshes/aws_ShopWindow_01_visual.DAE
[0.211s] -- Up-to-date: /home/abdulrafi/Desktop/ROS2_Final_Project/kobuki_ws/install/aws_robomaker_bookstore_world/share/aws_robomaker_bookstore_world/models/aws_robomaker_retail_ShopWindow_01/model.config
[0.211s] -- Up-to-date: /home/abdulrafi/Desktop/ROS2_Final_Project/kobuki_ws/install/aws_robomaker_bookstore_world/share/aws_robomaker_bookstore_world/models/aws_robomaker_retail_SmartSpeakerSmall_01
[0.212s] -- Up-to-date: /home/abdulrafi/Desktop/ROS2_Final_Project/kobuki_ws/install/aws_robomaker_bookstore_world/share/aws_robomaker_bookstore_world/models/aws_robomaker_retail_SmartSpeakerSmall_01/model.sdf
[0.212s] -- Up-to-date: /home/abdulrafi/Desktop/ROS2_Final_Project/kobuki_ws/install/aws_robomaker_bookstore_world/share/aws_robomaker_bookstore_world/models/aws_robomaker_retail_SmartSpeakerSmall_01/materials
[0.212s] -- Up-to-date: /home/abdulrafi/Desktop/ROS2_Final_Project/kobuki_ws/install/aws_robomaker_bookstore_world/share/aws_robomaker_bookstore_world/models/aws_robomaker_retail_SmartSpeakerSmall_01/materials/textures
[0.213s] -- Up-to-date: /home/abdulrafi/Desktop/ROS2_Final_Project/kobuki_ws/install/aws_robomaker_bookstore_world/share/aws_robomaker_bookstore_world/models/aws_robomaker_retail_SmartSpeakerSmall_01/materials/textures/aws_SmartSpeakerSmall_01.png
[0.213s] -- Up-to-date: /home/abdulrafi/Desktop/ROS2_Final_Project/kobuki_ws/install/aws_robomaker_bookstore_world/share/aws_robomaker_bookstore_world/models/aws_robomaker_retail_SmartSpeakerSmall_01/meshes
[0.213s] -- Up-to-date: /home/abdulrafi/Desktop/ROS2_Final_Project/kobuki_ws/install/aws_robomaker_bookstore_world/share/aws_robomaker_bookstore_world/models/aws_robomaker_retail_SmartSpeakerSmall_01/meshes/aws_SmartSpeakerSmall_01_collision.DAE
[0.213s] -- Up-to-date: /home/abdulrafi/Desktop/ROS2_Final_Project/kobuki_ws/install/aws_robomaker_bookstore_world/share/aws_robomaker_bookstore_world/models/aws_robomaker_retail_SmartSpeakerSmall_01/meshes/aws_SmartSpeakerSmall_01_visual.DAE
[0.213s] -- Up-to-date: /home/abdulrafi/Desktop/ROS2_Final_Project/kobuki_ws/install/aws_robomaker_bookstore_world/share/aws_robomaker_bookstore_world/models/aws_robomaker_retail_SmartSpeakerSmall_01/model.config
[0.213s] -- Up-to-date: /home/abdulrafi/Desktop/ROS2_Final_Project/kobuki_ws/install/aws_robomaker_bookstore_world/share/aws_robomaker_bookstore_world/models/aws_robomaker_retail_ColumnA_01
[0.214s] -- Up-to-date: /home/abdulrafi/Desktop/ROS2_Final_Project/kobuki_ws/install/aws_robomaker_bookstore_world/share/aws_robomaker_bookstore_world/models/aws_robomaker_retail_ColumnA_01/model.sdf
[0.214s] -- Up-to-date: /home/abdulrafi/Desktop/ROS2_Final_Project/kobuki_ws/install/aws_robomaker_bookstore_world/share/aws_robomaker_bookstore_world/models/aws_robomaker_retail_ColumnA_01/materials
[0.214s] -- Up-to-date: /home/abdulrafi/Desktop/ROS2_Final_Project/kobuki_ws/install/aws_robomaker_bookstore_world/share/aws_robomaker_bookstore_world/models/aws_robomaker_retail_ColumnA_01/materials/textures
[0.215s] -- Up-to-date: /home/abdulrafi/Desktop/ROS2_Final_Project/kobuki_ws/install/aws_robomaker_bookstore_world/share/aws_robomaker_bookstore_world/models/aws_robomaker_retail_ColumnA_01/materials/textures/aws_ColumnA_01.png
[0.215s] -- Up-to-date: /home/abdulrafi/Desktop/ROS2_Final_Project/kobuki_ws/install/aws_robomaker_bookstore_world/share/aws_robomaker_bookstore_world/models/aws_robomaker_retail_ColumnA_01/meshes
[0.215s] -- Up-to-date: /home/abdulrafi/Desktop/ROS2_Final_Project/kobuki_ws/install/aws_robomaker_bookstore_world/share/aws_robomaker_bookstore_world/models/aws_robomaker_retail_ColumnA_01/meshes/aws_ColumnA_01_visual.DAE
[0.215s] -- Up-to-date: /home/abdulrafi/Desktop/ROS2_Final_Project/kobuki_ws/install/aws_robomaker_bookstore_world/share/aws_robomaker_bookstore_world/models/aws_robomaker_retail_ColumnA_01/meshes/aws_ColumnA_01_collision.DAE
[0.215s] -- Up-to-date: /home/abdulrafi/Desktop/ROS2_Final_Project/kobuki_ws/install/aws_robomaker_bookstore_world/share/aws_robomaker_bookstore_world/models/aws_robomaker_retail_ColumnA_01/model.config
[0.215s] -- Up-to-date: /home/abdulrafi/Desktop/ROS2_Final_Project/kobuki_ws/install/aws_robomaker_bookstore_world/share/aws_robomaker_bookstore_world/models/aws_robomaker_retail_AirConditionerC_01
[0.216s] -- Up-to-date: /home/abdulrafi/Desktop/ROS2_Final_Project/kobuki_ws/install/aws_robomaker_bookstore_world/share/aws_robomaker_bookstore_world/models/aws_robomaker_retail_AirConditionerC_01/model.sdf
[0.216s] -- Up-to-date: /home/abdulrafi/Desktop/ROS2_Final_Project/kobuki_ws/install/aws_robomaker_bookstore_world/share/aws_robomaker_bookstore_world/models/aws_robomaker_retail_AirConditionerC_01/materials
[0.216s] -- Up-to-date: /home/abdulrafi/Desktop/ROS2_Final_Project/kobuki_ws/install/aws_robomaker_bookstore_world/share/aws_robomaker_bookstore_world/models/aws_robomaker_retail_AirConditionerC_01/materials/textures
[0.217s] -- Up-to-date: /home/abdulrafi/Desktop/ROS2_Final_Project/kobuki_ws/install/aws_robomaker_bookstore_world/share/aws_robomaker_bookstore_world/models/aws_robomaker_retail_AirConditionerC_01/materials/textures/aws_AirConditionerC_01.png
[0.217s] -- Up-to-date: /home/abdulrafi/Desktop/ROS2_Final_Project/kobuki_ws/install/aws_robomaker_bookstore_world/share/aws_robomaker_bookstore_world/models/aws_robomaker_retail_AirConditionerC_01/meshes
[0.217s] -- Up-to-date: /home/abdulrafi/Desktop/ROS2_Final_Project/kobuki_ws/install/aws_robomaker_bookstore_world/share/aws_robomaker_bookstore_world/models/aws_robomaker_retail_AirConditionerC_01/meshes/aws_AirConditionerC_01_collision.DAE
[0.218s] -- Up-to-date: /home/abdulrafi/Desktop/ROS2_Final_Project/kobuki_ws/install/aws_robomaker_bookstore_world/share/aws_robomaker_bookstore_world/models/aws_robomaker_retail_AirConditionerC_01/meshes/aws_AirConditionerC_01_visual.DAE
[0.218s] -- Up-to-date: /home/abdulrafi/Desktop/ROS2_Final_Project/kobuki_ws/install/aws_robomaker_bookstore_world/share/aws_robomaker_bookstore_world/models/aws_robomaker_retail_AirConditionerC_01/model.config
[0.218s] -- Up-to-date: /home/abdulrafi/Desktop/ROS2_Final_Project/kobuki_ws/install/aws_robomaker_bookstore_world/share/aws_robomaker_bookstore_world/models/aws_robomaker_retail_Computer_01
[0.218s] -- Up-to-date: /home/abdulrafi/Desktop/ROS2_Final_Project/kobuki_ws/install/aws_robomaker_bookstore_world/share/aws_robomaker_bookstore_world/models/aws_robomaker_retail_Computer_01/model.sdf
[0.218s] -- Up-to-date: /home/abdulrafi/Desktop/ROS2_Final_Project/kobuki_ws/install/aws_robomaker_bookstore_world/share/aws_robomaker_bookstore_world/models/aws_robomaker_retail_Computer_01/materials
[0.219s] -- Up-to-date: /home/abdulrafi/Desktop/ROS2_Final_Project/kobuki_ws/install/aws_robomaker_bookstore_world/share/aws_robomaker_bookstore_world/models/aws_robomaker_retail_Computer_01/materials/textures
[0.219s] -- Up-to-date: /home/abdulrafi/Desktop/ROS2_Final_Project/kobuki_ws/install/aws_robomaker_bookstore_world/share/aws_robomaker_bookstore_world/models/aws_robomaker_retail_Computer_01/materials/textures/aws_Computer_01.png
[0.219s] -- Up-to-date: /home/abdulrafi/Desktop/ROS2_Final_Project/kobuki_ws/install/aws_robomaker_bookstore_world/share/aws_robomaker_bookstore_world/models/aws_robomaker_retail_Computer_01/meshes
[0.220s] -- Up-to-date: /home/abdulrafi/Desktop/ROS2_Final_Project/kobuki_ws/install/aws_robomaker_bookstore_world/share/aws_robomaker_bookstore_world/models/aws_robomaker_retail_Computer_01/meshes/aws_Computer_01_collision.DAE
[0.220s] -- Up-to-date: /home/abdulrafi/Desktop/ROS2_Final_Project/kobuki_ws/install/aws_robomaker_bookstore_world/share/aws_robomaker_bookstore_world/models/aws_robomaker_retail_Computer_01/meshes/aws_Computer_01_visual.DAE
[0.220s] -- Up-to-date: /home/abdulrafi/Desktop/ROS2_Final_Project/kobuki_ws/install/aws_robomaker_bookstore_world/share/aws_robomaker_bookstore_world/models/aws_robomaker_retail_Computer_01/model.config
[0.220s] -- Up-to-date: /home/abdulrafi/Desktop/ROS2_Final_Project/kobuki_ws/install/aws_robomaker_bookstore_world/share/aws_robomaker_bookstore_world/models/aws_robomaker_retail_BookshelfC_01
[0.221s] -- Up-to-date: /home/abdulrafi/Desktop/ROS2_Final_Project/kobuki_ws/install/aws_robomaker_bookstore_world/share/aws_robomaker_bookstore_world/models/aws_robomaker_retail_BookshelfC_01/model.sdf
[0.221s] -- Up-to-date: /home/abdulrafi/Desktop/ROS2_Final_Project/kobuki_ws/install/aws_robomaker_bookstore_world/share/aws_robomaker_bookstore_world/models/aws_robomaker_retail_BookshelfC_01/materials
[0.221s] -- Up-to-date: /home/abdulrafi/Desktop/ROS2_Final_Project/kobuki_ws/install/aws_robomaker_bookstore_world/share/aws_robomaker_bookstore_world/models/aws_robomaker_retail_BookshelfC_01/materials/textures
[0.221s] -- Up-to-date: /home/abdulrafi/Desktop/ROS2_Final_Project/kobuki_ws/install/aws_robomaker_bookstore_world/share/aws_robomaker_bookstore_world/models/aws_robomaker_retail_BookshelfC_01/materials/textures/aws_BookshelfC_01.png
[0.222s] -- Up-to-date: /home/abdulrafi/Desktop/ROS2_Final_Project/kobuki_ws/install/aws_robomaker_bookstore_world/share/aws_robomaker_bookstore_world/models/aws_robomaker_retail_BookshelfC_01/meshes
[0.222s] -- Up-to-date: /home/abdulrafi/Desktop/ROS2_Final_Project/kobuki_ws/install/aws_robomaker_bookstore_world/share/aws_robomaker_bookstore_world/models/aws_robomaker_retail_BookshelfC_01/meshes/aws_BookshelfC_01_visual.DAE
[0.222s] -- Up-to-date: /home/abdulrafi/Desktop/ROS2_Final_Project/kobuki_ws/install/aws_robomaker_bookstore_world/share/aws_robomaker_bookstore_world/models/aws_robomaker_retail_BookshelfC_01/meshes/aws_BookshelfC_01_collision.DAE
[0.222s] -- Up-to-date: /home/abdulrafi/Desktop/ROS2_Final_Project/kobuki_ws/install/aws_robomaker_bookstore_world/share/aws_robomaker_bookstore_world/models/aws_robomaker_retail_BookshelfC_01/model.config
[0.222s] -- Up-to-date: /home/abdulrafi/Desktop/ROS2_Final_Project/kobuki_ws/install/aws_robomaker_bookstore_world/share/aws_robomaker_bookstore_world/models/aws_robomaker_retail_ChairB_01
[0.223s] -- Up-to-date: /home/abdulrafi/Desktop/ROS2_Final_Project/kobuki_ws/install/aws_robomaker_bookstore_world/share/aws_robomaker_bookstore_world/models/aws_robomaker_retail_ChairB_01/model.sdf
[0.223s] -- Up-to-date: /home/abdulrafi/Desktop/ROS2_Final_Project/kobuki_ws/install/aws_robomaker_bookstore_world/share/aws_robomaker_bookstore_world/models/aws_robomaker_retail_ChairB_01/materials
[0.223s] -- Up-to-date: /home/abdulrafi/Desktop/ROS2_Final_Project/kobuki_ws/install/aws_robomaker_bookstore_world/share/aws_robomaker_bookstore_world/models/aws_robomaker_retail_ChairB_01/materials/textures
[0.224s] -- Up-to-date: /home/abdulrafi/Desktop/ROS2_Final_Project/kobuki_ws/install/aws_robomaker_bookstore_world/share/aws_robomaker_bookstore_world/models/aws_robomaker_retail_ChairB_01/materials/textures/aws_ChairB_01.png
[0.224s] -- Up-to-date: /home/abdulrafi/Desktop/ROS2_Final_Project/kobuki_ws/install/aws_robomaker_bookstore_world/share/aws_robomaker_bookstore_world/models/aws_robomaker_retail_ChairB_01/meshes
[0.224s] -- Up-to-date: /home/abdulrafi/Desktop/ROS2_Final_Project/kobuki_ws/install/aws_robomaker_bookstore_world/share/aws_robomaker_bookstore_world/models/aws_robomaker_retail_ChairB_01/meshes/aws_ChairB_01_collision.DAE
[0.224s] -- Up-to-date: /home/abdulrafi/Desktop/ROS2_Final_Project/kobuki_ws/install/aws_robomaker_bookstore_world/share/aws_robomaker_bookstore_world/models/aws_robomaker_retail_ChairB_01/meshes/aws_ChairB_01_visual.DAE
[0.225s] -- Up-to-date: /home/abdulrafi/Desktop/ROS2_Final_Project/kobuki_ws/install/aws_robomaker_bookstore_world/share/aws_robomaker_bookstore_world/models/aws_robomaker_retail_ChairB_01/model.config
[0.225s] -- Up-to-date: /home/abdulrafi/Desktop/ROS2_Final_Project/kobuki_ws/install/aws_robomaker_bookstore_world/share/aws_robomaker_bookstore_world/models/aws_robomaker_retail_LightA_01
[0.225s] -- Up-to-date: /home/abdulrafi/Desktop/ROS2_Final_Project/kobuki_ws/install/aws_robomaker_bookstore_world/share/aws_robomaker_bookstore_world/models/aws_robomaker_retail_LightA_01/model.sdf
[0.225s] -- Up-to-date: /home/abdulrafi/Desktop/ROS2_Final_Project/kobuki_ws/install/aws_robomaker_bookstore_world/share/aws_robomaker_bookstore_world/models/aws_robomaker_retail_LightA_01/materials
[0.226s] -- Up-to-date: /home/abdulrafi/Desktop/ROS2_Final_Project/kobuki_ws/install/aws_robomaker_bookstore_world/share/aws_robomaker_bookstore_world/models/aws_robomaker_retail_LightA_01/materials/textures
[0.226s] -- Up-to-date: /home/abdulrafi/Desktop/ROS2_Final_Project/kobuki_ws/install/aws_robomaker_bookstore_world/share/aws_robomaker_bookstore_world/models/aws_robomaker_retail_LightA_01/materials/textures/aws_LightA_01.png
[0.226s] -- Up-to-date: /home/abdulrafi/Desktop/ROS2_Final_Project/kobuki_ws/install/aws_robomaker_bookstore_world/share/aws_robomaker_bookstore_world/models/aws_robomaker_retail_LightA_01/meshes
[0.227s] -- Up-to-date: /home/abdulrafi/Desktop/ROS2_Final_Project/kobuki_ws/install/aws_robomaker_bookstore_world/share/aws_robomaker_bookstore_world/models/aws_robomaker_retail_LightA_01/meshes/aws_LightA_01_visual.DAE
[0.227s] -- Up-to-date: /home/abdulrafi/Desktop/ROS2_Final_Project/kobuki_ws/install/aws_robomaker_bookstore_world/share/aws_robomaker_bookstore_world/models/aws_robomaker_retail_LightA_01/meshes/aws_LightA_01_collision.DAE
[0.227s] -- Up-to-date: /home/abdulrafi/Desktop/ROS2_Final_Project/kobuki_ws/install/aws_robomaker_bookstore_world/share/aws_robomaker_bookstore_world/models/aws_robomaker_retail_LightA_01/model.config
[0.227s] -- Up-to-date: /home/abdulrafi/Desktop/ROS2_Final_Project/kobuki_ws/install/aws_robomaker_bookstore_world/share/aws_robomaker_bookstore_world/models/aws_robomaker_retail_Horologe_01
[0.227s] -- Up-to-date: /home/abdulrafi/Desktop/ROS2_Final_Project/kobuki_ws/install/aws_robomaker_bookstore_world/share/aws_robomaker_bookstore_world/models/aws_robomaker_retail_Horologe_01/model.sdf
[0.228s] -- Up-to-date: /home/abdulrafi/Desktop/ROS2_Final_Project/kobuki_ws/install/aws_robomaker_bookstore_world/share/aws_robomaker_bookstore_world/models/aws_robomaker_retail_Horologe_01/materials
[0.228s] -- Up-to-date: /home/abdulrafi/Desktop/ROS2_Final_Project/kobuki_ws/install/aws_robomaker_bookstore_world/share/aws_robomaker_bookstore_world/models/aws_robomaker_retail_Horologe_01/materials/textures
[0.228s] -- Up-to-date: /home/abdulrafi/Desktop/ROS2_Final_Project/kobuki_ws/install/aws_robomaker_bookstore_world/share/aws_robomaker_bookstore_world/models/aws_robomaker_retail_Horologe_01/materials/textures/aws_Horologe_01.png
[0.229s] -- Up-to-date: /home/abdulrafi/Desktop/ROS2_Final_Project/kobuki_ws/install/aws_robomaker_bookstore_world/share/aws_robomaker_bookstore_world/models/aws_robomaker_retail_Horologe_01/meshes
[0.229s] -- Up-to-date: /home/abdulrafi/Desktop/ROS2_Final_Project/kobuki_ws/install/aws_robomaker_bookstore_world/share/aws_robomaker_bookstore_world/models/aws_robomaker_retail_Horologe_01/meshes/aws_Horologe_01_collision.DAE
[0.229s] -- Up-to-date: /home/abdulrafi/Desktop/ROS2_Final_Project/kobuki_ws/install/aws_robomaker_bookstore_world/share/aws_robomaker_bookstore_world/models/aws_robomaker_retail_Horologe_01/meshes/aws_Horologe_01_visual.DAE
[0.229s] -- Up-to-date: /home/abdulrafi/Desktop/ROS2_Final_Project/kobuki_ws/install/aws_robomaker_bookstore_world/share/aws_robomaker_bookstore_world/models/aws_robomaker_retail_Horologe_01/model.config
[0.229s] -- Up-to-date: /home/abdulrafi/Desktop/ROS2_Final_Project/kobuki_ws/install/aws_robomaker_bookstore_world/share/aws_robomaker_bookstore_world/models/aws_robomaker_retail_BookA_01
[0.230s] -- Up-to-date: /home/abdulrafi/Desktop/ROS2_Final_Project/kobuki_ws/install/aws_robomaker_bookstore_world/share/aws_robomaker_bookstore_world/models/aws_robomaker_retail_BookA_01/model.sdf
[0.230s] -- Up-to-date: /home/abdulrafi/Desktop/ROS2_Final_Project/kobuki_ws/install/aws_robomaker_bookstore_world/share/aws_robomaker_bookstore_world/models/aws_robomaker_retail_BookA_01/materials
[0.230s] -- Up-to-date: /home/abdulrafi/Desktop/ROS2_Final_Project/kobuki_ws/install/aws_robomaker_bookstore_world/share/aws_robomaker_bookstore_world/models/aws_robomaker_retail_BookA_01/materials/textures
[0.231s] -- Up-to-date: /home/abdulrafi/Desktop/ROS2_Final_Project/kobuki_ws/install/aws_robomaker_bookstore_world/share/aws_robomaker_bookstore_world/models/aws_robomaker_retail_BookA_01/materials/textures/aws_BookA_01.png
[0.231s] -- Up-to-date: /home/abdulrafi/Desktop/ROS2_Final_Project/kobuki_ws/install/aws_robomaker_bookstore_world/share/aws_robomaker_bookstore_world/models/aws_robomaker_retail_BookA_01/meshes
[0.231s] -- Up-to-date: /home/abdulrafi/Desktop/ROS2_Final_Project/kobuki_ws/install/aws_robomaker_bookstore_world/share/aws_robomaker_bookstore_world/models/aws_robomaker_retail_BookA_01/meshes/aws_BookA_01_visual.DAE
[0.231s] -- Up-to-date: /home/abdulrafi/Desktop/ROS2_Final_Project/kobuki_ws/install/aws_robomaker_bookstore_world/share/aws_robomaker_bookstore_world/models/aws_robomaker_retail_BookA_01/meshes/aws_BookA_01_collision.DAE
[0.231s] -- Up-to-date: /home/abdulrafi/Desktop/ROS2_Final_Project/kobuki_ws/install/aws_robomaker_bookstore_world/share/aws_robomaker_bookstore_world/models/aws_robomaker_retail_BookA_01/model.config
[0.231s] -- Up-to-date: /home/abdulrafi/Desktop/ROS2_Final_Project/kobuki_ws/install/aws_robomaker_bookstore_world/share/aws_robomaker_bookstore_world/models/aws_robomaker_retail_BookF_01
[0.232s] -- Up-to-date: /home/abdulrafi/Desktop/ROS2_Final_Project/kobuki_ws/install/aws_robomaker_bookstore_world/share/aws_robomaker_bookstore_world/models/aws_robomaker_retail_BookF_01/model.sdf
[0.232s] -- Up-to-date: /home/abdulrafi/Desktop/ROS2_Final_Project/kobuki_ws/install/aws_robomaker_bookstore_world/share/aws_robomaker_bookstore_world/models/aws_robomaker_retail_BookF_01/materials
[0.232s] -- Up-to-date: /home/abdulrafi/Desktop/ROS2_Final_Project/kobuki_ws/install/aws_robomaker_bookstore_world/share/aws_robomaker_bookstore_world/models/aws_robomaker_retail_BookF_01/materials/textures
[0.233s] -- Up-to-date: /home/abdulrafi/Desktop/ROS2_Final_Project/kobuki_ws/install/aws_robomaker_bookstore_world/share/aws_robomaker_bookstore_world/models/aws_robomaker_retail_BookF_01/materials/textures/aws_BookF_01.png
[0.233s] -- Up-to-date: /home/abdulrafi/Desktop/ROS2_Final_Project/kobuki_ws/install/aws_robomaker_bookstore_world/share/aws_robomaker_bookstore_world/models/aws_robomaker_retail_BookF_01/meshes
[0.233s] -- Up-to-date: /home/abdulrafi/Desktop/ROS2_Final_Project/kobuki_ws/install/aws_robomaker_bookstore_world/share/aws_robomaker_bookstore_world/models/aws_robomaker_retail_BookF_01/meshes/aws_BookF_01_visual.DAE
[0.234s] -- Up-to-date: /home/abdulrafi/Desktop/ROS2_Final_Project/kobuki_ws/install/aws_robomaker_bookstore_world/share/aws_robomaker_bookstore_world/models/aws_robomaker_retail_BookF_01/meshes/aws_BookF_01_collision.DAE
[0.234s] -- Up-to-date: /home/abdulrafi/Desktop/ROS2_Final_Project/kobuki_ws/install/aws_robomaker_bookstore_world/share/aws_robomaker_bookstore_world/models/aws_robomaker_retail_BookF_01/model.config
[0.234s] -- Up-to-date: /home/abdulrafi/Desktop/ROS2_Final_Project/kobuki_ws/install/aws_robomaker_bookstore_world/share/aws_robomaker_bookstore_world/routes
[0.234s] -- Up-to-date: /home/abdulrafi/Desktop/ROS2_Final_Project/kobuki_ws/install/aws_robomaker_bookstore_world/share/aws_robomaker_bookstore_world/routes/route.yaml
[0.234s] -- Up-to-date: /home/abdulrafi/Desktop/ROS2_Final_Project/kobuki_ws/install/aws_robomaker_bookstore_world/share/aws_robomaker_bookstore_world/param
[0.235s] -- Up-to-date: /home/abdulrafi/Desktop/ROS2_Final_Project/kobuki_ws/install/aws_robomaker_bookstore_world/share/aws_robomaker_bookstore_world/param/waffle.yaml
[0.235s] -- Up-to-date: /home/abdulrafi/Desktop/ROS2_Final_Project/kobuki_ws/install/aws_robomaker_bookstore_world/share/aws_robomaker_bookstore_world/param/burger.yaml
[0.235s] -- Up-to-date: /home/abdulrafi/Desktop/ROS2_Final_Project/kobuki_ws/install/aws_robomaker_bookstore_world/share/aws_robomaker_bookstore_world/param/waffle_pi.yaml
[0.235s] -- Up-to-date: /home/abdulrafi/Desktop/ROS2_Final_Project/kobuki_ws/install/aws_robomaker_bookstore_world/share/aws_robomaker_bookstore_world/worlds
[0.235s] -- Up-to-date: /home/abdulrafi/Desktop/ROS2_Final_Project/kobuki_ws/install/aws_robomaker_bookstore_world/share/aws_robomaker_bookstore_world/worlds/bookstore.world
[0.236s] -- Up-to-date: /home/abdulrafi/Desktop/ROS2_Final_Project/kobuki_ws/install/aws_robomaker_bookstore_world/share/aws_robomaker_bookstore_world/environment/aws_robomaker_bookstore_world.dsv
[0.236s] -- Up-to-date: /home/abdulrafi/Desktop/ROS2_Final_Project/kobuki_ws/install/aws_robomaker_bookstore_world/share/ament_index/resource_index/package_run_dependencies/aws_robomaker_bookstore_world
[0.237s] -- Up-to-date: /home/abdulrafi/Desktop/ROS2_Final_Project/kobuki_ws/install/aws_robomaker_bookstore_world/share/ament_index/resource_index/parent_prefix_path/aws_robomaker_bookstore_world
[0.237s] -- Up-to-date: /home/abdulrafi/Desktop/ROS2_Final_Project/kobuki_ws/install/aws_robomaker_bookstore_world/share/aws_robomaker_bookstore_world/environment/ament_prefix_path.sh
[0.237s] -- Up-to-date: /home/abdulrafi/Desktop/ROS2_Final_Project/kobuki_ws/install/aws_robomaker_bookstore_world/share/aws_robomaker_bookstore_world/environment/ament_prefix_path.dsv
[0.237s] -- Up-to-date: /home/abdulrafi/Desktop/ROS2_Final_Project/kobuki_ws/install/aws_robomaker_bookstore_world/share/aws_robomaker_bookstore_world/environment/path.sh
[0.237s] -- Up-to-date: /home/abdulrafi/Desktop/ROS2_Final_Project/kobuki_ws/install/aws_robomaker_bookstore_world/share/aws_robomaker_bookstore_world/environment/path.dsv
[0.238s] -- Up-to-date: /home/abdulrafi/Desktop/ROS2_Final_Project/kobuki_ws/install/aws_robomaker_bookstore_world/share/aws_robomaker_bookstore_world/local_setup.bash
[0.238s] -- Up-to-date: /home/abdulrafi/Desktop/ROS2_Final_Project/kobuki_ws/install/aws_robomaker_bookstore_world/share/aws_robomaker_bookstore_world/local_setup.sh
[0.238s] -- Up-to-date: /home/abdulrafi/Desktop/ROS2_Final_Project/kobuki_ws/install/aws_robomaker_bookstore_world/share/aws_robomaker_bookstore_world/local_setup.zsh
[0.238s] -- Up-to-date: /home/abdulrafi/Desktop/ROS2_Final_Project/kobuki_ws/install/aws_robomaker_bookstore_world/share/aws_robomaker_bookstore_world/local_setup.dsv
[0.238s] -- Installing: /home/abdulrafi/Desktop/ROS2_Final_Project/kobuki_ws/install/aws_robomaker_bookstore_world/share/aws_robomaker_bookstore_world/package.dsv
[0.239s] -- Up-to-date: /home/abdulrafi/Desktop/ROS2_Final_Project/kobuki_ws/install/aws_robomaker_bookstore_world/share/ament_index/resource_index/packages/aws_robomaker_bookstore_world
[0.239s] -- Up-to-date: /home/abdulrafi/Desktop/ROS2_Final_Project/kobuki_ws/install/aws_robomaker_bookstore_world/share/aws_robomaker_bookstore_world/cmake/ament_cmake_export_dependencies-extras.cmake
[0.239s] -- Up-to-date: /home/abdulrafi/Desktop/ROS2_Final_Project/kobuki_ws/install/aws_robomaker_bookstore_world/share/aws_robomaker_bookstore_world/cmake/aws_robomaker_bookstore_worldConfig.cmake
[0.239s] -- Up-to-date: /home/abdulrafi/Desktop/ROS2_Final_Project/kobuki_ws/install/aws_robomaker_bookstore_world/share/aws_robomaker_bookstore_world/cmake/aws_robomaker_bookstore_worldConfig-version.cmake
[0.239s] -- Up-to-date: /home/abdulrafi/Desktop/ROS2_Final_Project/kobuki_ws/install/aws_robomaker_bookstore_world/share/aws_robomaker_bookstore_world/package.xml
[0.244s] Invoked command in '/home/abdulrafi/Desktop/ROS2_Final_Project/kobuki_ws/build/aws_robomaker_bookstore_world' returned '0': CMAKE_PREFIX_PATH=${CMAKE_PREFIX_PATH}:/opt/ros/jazzy DEBUGINFOD_URLS=https://debuginfod.ubuntu.com /usr/bin/cmake --install /home/abdulrafi/Desktop/ROS2_Final_Project/kobuki_ws/build/aws_robomaker_bookstore_world
