[0.101s] Invoking command in '/home/abdulrafi/Desktop/ROS2_Final_Project/kobuki_ws/build/ecl_mpl': CMAKE_PREFIX_PATH=${CMAKE_PREFIX_PATH}:/opt/ros/jazzy DEBUGINFOD_URLS=https://debuginfod.ubuntu.com /usr/bin/cmake /home/abdulrafi/Desktop/ROS2_Final_Project/kobuki_ws/src/ThirdParty/ecl/ecl_core/ecl_mpl -DCMAKE_INSTALL_PREFIX=/home/abdulrafi/Desktop/ROS2_Final_Project/kobuki_ws/install/ecl_mpl
[0.928s] -- The C compiler identification is GNU 13.3.0
[1.619s] -- The CXX compiler identification is GNU 13.3.0
[1.683s] -- Detecting C compiler ABI info
[2.261s] -- Detecting C compiler ABI info - done
[2.303s] -- Check for working C compiler: /usr/bin/cc - skipped
[2.304s] -- Detecting C compile features
[2.304s] -- Detecting C compile features - done
[2.376s] -- Detecting CXX compiler ABI info
[2.890s] -- Detecting CXX compiler ABI info - done
[2.951s] -- Check for working CXX compiler: /usr/bin/c++ - skipped
[2.954s] -- Detecting CXX compile features
[2.961s] -- Detecting CXX compile features - done
[3.003s] -- Found ament_cmake_ros: 0.12.0 (/opt/ros/jazzy/share/ament_cmake_ros/cmake)
[3.975s] -- Found Python3: /usr/bin/python3 (found version "3.12.3") found components: Interpreter 
[4.758s] -- Found ecl_build: 1.0.3 (/opt/ros/jazzy/share/ecl_build/cmake)
[4.777s] [0mCMake Deprecation Warning at /opt/ros/jazzy/share/ecl_build/cmake/cotire.cmake:45 (cmake_minimum_required):
[4.777s]   Compatibility with CMake < 3.5 will be removed from a future version of
[4.777s]   CMake.
[4.777s] 
[4.778s]   Update the VERSION argument <min> value or use a ...<max> suffix to tell
[4.778s]   CMake that the project does not need compatibility with older versions.
[4.778s] Call Stack (most recent call first):
[4.778s]   /opt/ros/jazzy/share/ecl_build/cmake/ecl_buildConfig.cmake:41 (include)
[4.779s]   CMakeLists.txt:17 (find_package)
[4.782s] 
[4.783s] [0m
[4.835s] -- Found ament_lint_auto: 0.17.5 (/opt/ros/jazzy/share/ament_lint_auto/cmake)
[5.533s] -- Found gtest sources under '/opt/ros/jazzy/src/gtest_vendor': C++ tests using 'Google Test' will be built
[5.585s] -- Performing Test CMAKE_HAVE_LIBC_PTHREAD
[6.385s] -- Performing Test CMAKE_HAVE_LIBC_PTHREAD - Success
[6.394s] -- Found Threads: TRUE  
[6.840s] -- Configuring done (6.5s)
[6.893s] -- Generating done (0.0s)
[6.908s] -- Build files have been written to: /home/abdulrafi/Desktop/ROS2_Final_Project/kobuki_ws/build/ecl_mpl
[6.928s] Invoked command in '/home/abdulrafi/Desktop/ROS2_Final_Project/kobuki_ws/build/ecl_mpl' returned '0': CMAKE_PREFIX_PATH=${CMAKE_PREFIX_PATH}:/opt/ros/jazzy DEBUGINFOD_URLS=https://debuginfod.ubuntu.com /usr/bin/cmake /home/abdulrafi/Desktop/ROS2_Final_Project/kobuki_ws/src/ThirdParty/ecl/ecl_core/ecl_mpl -DCMAKE_INSTALL_PREFIX=/home/abdulrafi/Desktop/ROS2_Final_Project/kobuki_ws/install/ecl_mpl
[6.931s] Invoking command in '/home/abdulrafi/Desktop/ROS2_Final_Project/kobuki_ws/build/ecl_mpl': CMAKE_PREFIX_PATH=${CMAKE_PREFIX_PATH}:/opt/ros/jazzy DEBUGINFOD_URLS=https://debuginfod.ubuntu.com /usr/bin/cmake --build /home/abdulrafi/Desktop/ROS2_Final_Project/kobuki_ws/build/ecl_mpl -- -j4 -l4
[7.248s] [ 16%] [32mBuilding CXX object gtest/CMakeFiles/gtest_main.dir/src/gtest_main.cc.o[0m
[7.299s] [ 33%] [32mBuilding CXX object gtest/CMakeFiles/gtest.dir/src/gtest-all.cc.o[0m
[11.446s] [ 50%] [32m[1mLinking CXX static library libgtest_main.a[0m
[11.609s] [ 50%] Built target gtest_main
[30.288s] [ 66%] [32m[1mLinking CXX static library libgtest.a[0m
[30.771s] [ 66%] Built target gtest
[30.871s] [ 83%] [32mBuilding CXX object src/test/CMakeFiles/test_enable_if.dir/enable_if.cpp.o[0m
[36.273s] [100%] [32m[1mLinking CXX executable test_enable_if[0m
[37.299s] [100%] Built target test_enable_if
[37.418s] Invoked command in '/home/abdulrafi/Desktop/ROS2_Final_Project/kobuki_ws/build/ecl_mpl' returned '0': CMAKE_PREFIX_PATH=${CMAKE_PREFIX_PATH}:/opt/ros/jazzy DEBUGINFOD_URLS=https://debuginfod.ubuntu.com /usr/bin/cmake --build /home/abdulrafi/Desktop/ROS2_Final_Project/kobuki_ws/build/ecl_mpl -- -j4 -l4
[37.423s] Invoking command in '/home/abdulrafi/Desktop/ROS2_Final_Project/kobuki_ws/build/ecl_mpl': CMAKE_PREFIX_PATH=${CMAKE_PREFIX_PATH}:/opt/ros/jazzy DEBUGINFOD_URLS=https://debuginfod.ubuntu.com /usr/bin/cmake --install /home/abdulrafi/Desktop/ROS2_Final_Project/kobuki_ws/build/ecl_mpl
[37.514s] -- Install configuration: ""
[37.517s] -- Installing: /home/abdulrafi/Desktop/ROS2_Final_Project/kobuki_ws/install/ecl_mpl/share/ament_index/resource_index/package_run_dependencies/ecl_mpl
[37.517s] -- Installing: /home/abdulrafi/Desktop/ROS2_Final_Project/kobuki_ws/install/ecl_mpl/share/ament_index/resource_index/parent_prefix_path/ecl_mpl
[37.524s] -- Installing: /home/abdulrafi/Desktop/ROS2_Final_Project/kobuki_ws/install/ecl_mpl/share/ecl_mpl/environment/ament_prefix_path.sh
[37.525s] -- Installing: /home/abdulrafi/Desktop/ROS2_Final_Project/kobuki_ws/install/ecl_mpl/share/ecl_mpl/environment/ament_prefix_path.dsv
[37.525s] -- Installing: /home/abdulrafi/Desktop/ROS2_Final_Project/kobuki_ws/install/ecl_mpl/share/ecl_mpl/environment/path.sh
[37.526s] -- Installing: /home/abdulrafi/Desktop/ROS2_Final_Project/kobuki_ws/install/ecl_mpl/share/ecl_mpl/environment/path.dsv
[37.529s] -- Installing: /home/abdulrafi/Desktop/ROS2_Final_Project/kobuki_ws/install/ecl_mpl/share/ecl_mpl/local_setup.bash
[37.530s] -- Installing: /home/abdulrafi/Desktop/ROS2_Final_Project/kobuki_ws/install/ecl_mpl/share/ecl_mpl/local_setup.sh
[37.530s] -- Installing: /home/abdulrafi/Desktop/ROS2_Final_Project/kobuki_ws/install/ecl_mpl/share/ecl_mpl/local_setup.zsh
[37.531s] -- Installing: /home/abdulrafi/Desktop/ROS2_Final_Project/kobuki_ws/install/ecl_mpl/share/ecl_mpl/local_setup.dsv
[37.531s] -- Installing: /home/abdulrafi/Desktop/ROS2_Final_Project/kobuki_ws/install/ecl_mpl/share/ecl_mpl/package.dsv
[37.532s] -- Installing: /home/abdulrafi/Desktop/ROS2_Final_Project/kobuki_ws/install/ecl_mpl/share/ament_index/resource_index/packages/ecl_mpl
[37.532s] -- Installing: /home/abdulrafi/Desktop/ROS2_Final_Project/kobuki_ws/install/ecl_mpl/share/ecl_mpl/cmake/ecl_mplExport.cmake
[37.533s] -- Installing: /home/abdulrafi/Desktop/ROS2_Final_Project/kobuki_ws/install/ecl_mpl/share/ecl_mpl/cmake/ament_cmake_export_targets-extras.cmake
[37.533s] -- Installing: /home/abdulrafi/Desktop/ROS2_Final_Project/kobuki_ws/install/ecl_mpl/share/ecl_mpl/cmake/ament_cmake_export_include_directories-extras.cmake
[37.533s] -- Installing: /home/abdulrafi/Desktop/ROS2_Final_Project/kobuki_ws/install/ecl_mpl/share/ecl_mpl/cmake/ecl_mplConfig.cmake
[37.534s] -- Installing: /home/abdulrafi/Desktop/ROS2_Final_Project/kobuki_ws/install/ecl_mpl/share/ecl_mpl/cmake/ecl_mplConfig-version.cmake
[37.538s] -- Installing: /home/abdulrafi/Desktop/ROS2_Final_Project/kobuki_ws/install/ecl_mpl/share/ecl_mpl/package.xml
[37.539s] -- Installing: /home/abdulrafi/Desktop/ROS2_Final_Project/kobuki_ws/install/ecl_mpl/include/ecl/mpl.hpp
[37.539s] -- Installing: /home/abdulrafi/Desktop/ROS2_Final_Project/kobuki_ws/install/ecl_mpl/include/ecl/mpl/bool.hpp
[37.540s] -- Installing: /home/abdulrafi/Desktop/ROS2_Final_Project/kobuki_ws/install/ecl_mpl/include/ecl/mpl/converters.hpp
[37.540s] -- Installing: /home/abdulrafi/Desktop/ROS2_Final_Project/kobuki_ws/install/ecl_mpl/include/ecl/mpl/enable_if.hpp
[37.540s] -- Installing: /home/abdulrafi/Desktop/ROS2_Final_Project/kobuki_ws/install/ecl_mpl/include/ecl/mpl/failed_object.hpp
[37.540s] -- Installing: /home/abdulrafi/Desktop/ROS2_Final_Project/kobuki_ws/install/ecl_mpl/include/ecl/mpl/if.hpp
[37.586s] Invoked command in '/home/abdulrafi/Desktop/ROS2_Final_Project/kobuki_ws/build/ecl_mpl' returned '0': CMAKE_PREFIX_PATH=${CMAKE_PREFIX_PATH}:/opt/ros/jazzy DEBUGINFOD_URLS=https://debuginfod.ubuntu.com /usr/bin/cmake --install /home/abdulrafi/Desktop/ROS2_Final_Project/kobuki_ws/build/ecl_mpl
