[  1%] Built target interfaces__rosidl_generator_type_description
[  3%] Built target interfaces__rs
[  3%] Built target ament_cmake_python_copy_interfaces
[  5%] Built target interfaces__cpp
[ 25%] Built target interfaces__rosidl_generator_c
[ 34%] Built target interfaces__rosidl_typesupport_fastrtps_c
[ 43%] Built target interfaces__rosidl_typesupport_introspection_c
[ 52%] Built target interfaces__rosidl_typesupport_c
[ 61%] Built target interfaces__rosidl_typesupport_fastrtps_cpp
[ 70%] Built target interfaces__rosidl_typesupport_introspection_cpp
[ 80%] Built target interfaces__rosidl_typesupport_cpp
[ 80%] Built target interfaces
running egg_info
[ 81%] Built target interfaces__py
writing interfaces.egg-info/PKG-INFO
writing dependency_links to interfaces.egg-info/dependency_links.txt
writing top-level names to interfaces.egg-info/top_level.txt
[ 89%] Built target interfaces__rosidl_generator_py
[ 92%] Built target interfaces_s__rosidl_typesupport_introspection_c
[ 96%] Built target interfaces_s__rosidl_typesupport_c
[100%] Built target interfaces_s__rosidl_typesupport_fastrtps_c
reading manifest file 'interfaces.egg-info/SOURCES.txt'
writing manifest file 'interfaces.egg-info/SOURCES.txt'
[100%] Built target ament_cmake_python_build_interfaces_egg
-- Install configuration: ""
-- Up-to-date: /home/abdulrafi/Desktop/ROS2_Final_Project/kobuki_ws/install/interfaces/share/ament_index/resource_index/rosidl_interfaces/interfaces
-- Up-to-date: /home/abdulrafi/Desktop/ROS2_Final_Project/kobuki_ws/install/interfaces/share/interfaces/msg/Position.json
-- Up-to-date: /home/abdulrafi/Desktop/ROS2_Final_Project/kobuki_ws/install/interfaces/share/interfaces/srv/GetLastPositions.json
-- Up-to-date: /home/abdulrafi/Desktop/ROS2_Final_Project/kobuki_ws/install/interfaces/share/interfaces/action/Navigation.json
-- Up-to-date: /home/abdulrafi/Desktop/ROS2_Final_Project/kobuki_ws/install/interfaces/include/interfaces/interfaces
-- Up-to-date: /home/abdulrafi/Desktop/ROS2_Final_Project/kobuki_ws/install/interfaces/include/interfaces/interfaces/msg
-- Up-to-date: /home/abdulrafi/Desktop/ROS2_Final_Project/kobuki_ws/install/interfaces/include/interfaces/interfaces/msg/position.h
-- Up-to-date: /home/abdulrafi/Desktop/ROS2_Final_Project/kobuki_ws/install/interfaces/include/interfaces/interfaces/msg/rosidl_generator_c__visibility_control.h
-- Up-to-date: /home/abdulrafi/Desktop/ROS2_Final_Project/kobuki_ws/install/interfaces/include/interfaces/interfaces/msg/detail
-- Installing: /home/abdulrafi/Desktop/ROS2_Final_Project/kobuki_ws/install/interfaces/include/interfaces/interfaces/msg/detail/position__type_support.c
-- Up-to-date: /home/abdulrafi/Desktop/ROS2_Final_Project/kobuki_ws/install/interfaces/include/interfaces/interfaces/msg/detail/position__type_support.h
-- Up-to-date: /home/abdulrafi/Desktop/ROS2_Final_Project/kobuki_ws/install/interfaces/include/interfaces/interfaces/msg/detail/position__struct.h
-- Up-to-date: /home/abdulrafi/Desktop/ROS2_Final_Project/kobuki_ws/install/interfaces/include/interfaces/interfaces/msg/detail/position__description.c
-- Up-to-date: /home/abdulrafi/Desktop/ROS2_Final_Project/kobuki_ws/install/interfaces/include/interfaces/interfaces/msg/detail/position__functions.h
-- Up-to-date: /home/abdulrafi/Desktop/ROS2_Final_Project/kobuki_ws/install/interfaces/include/interfaces/interfaces/msg/detail/position__functions.c
-- Up-to-date: /home/abdulrafi/Desktop/ROS2_Final_Project/kobuki_ws/install/interfaces/include/interfaces/interfaces/srv
-- Up-to-date: /home/abdulrafi/Desktop/ROS2_Final_Project/kobuki_ws/install/interfaces/include/interfaces/interfaces/srv/get_last_positions.h
-- Up-to-date: /home/abdulrafi/Desktop/ROS2_Final_Project/kobuki_ws/install/interfaces/include/interfaces/interfaces/srv/detail
-- Up-to-date: /home/abdulrafi/Desktop/ROS2_Final_Project/kobuki_ws/install/interfaces/include/interfaces/interfaces/srv/detail/get_last_positions__description.c
-- Up-to-date: /home/abdulrafi/Desktop/ROS2_Final_Project/kobuki_ws/install/interfaces/include/interfaces/interfaces/srv/detail/get_last_positions__functions.h
-- Installing: /home/abdulrafi/Desktop/ROS2_Final_Project/kobuki_ws/install/interfaces/include/interfaces/interfaces/srv/detail/get_last_positions__type_support.c
-- Up-to-date: /home/abdulrafi/Desktop/ROS2_Final_Project/kobuki_ws/install/interfaces/include/interfaces/interfaces/srv/detail/get_last_positions__functions.c
-- Up-to-date: /home/abdulrafi/Desktop/ROS2_Final_Project/kobuki_ws/install/interfaces/include/interfaces/interfaces/srv/detail/get_last_positions__struct.h
-- Up-to-date: /home/abdulrafi/Desktop/ROS2_Final_Project/kobuki_ws/install/interfaces/include/interfaces/interfaces/srv/detail/get_last_positions__type_support.h
-- Up-to-date: /home/abdulrafi/Desktop/ROS2_Final_Project/kobuki_ws/install/interfaces/include/interfaces/interfaces/action
-- Up-to-date: /home/abdulrafi/Desktop/ROS2_Final_Project/kobuki_ws/install/interfaces/include/interfaces/interfaces/action/navigation.h
-- Up-to-date: /home/abdulrafi/Desktop/ROS2_Final_Project/kobuki_ws/install/interfaces/include/interfaces/interfaces/action/detail
-- Up-to-date: /home/abdulrafi/Desktop/ROS2_Final_Project/kobuki_ws/install/interfaces/include/interfaces/interfaces/action/detail/navigation__functions.c
-- Up-to-date: /home/abdulrafi/Desktop/ROS2_Final_Project/kobuki_ws/install/interfaces/include/interfaces/interfaces/action/detail/navigation__functions.h
-- Up-to-date: /home/abdulrafi/Desktop/ROS2_Final_Project/kobuki_ws/install/interfaces/include/interfaces/interfaces/action/detail/navigation__struct.h
-- Installing: /home/abdulrafi/Desktop/ROS2_Final_Project/kobuki_ws/install/interfaces/include/interfaces/interfaces/action/detail/navigation__type_support.c
-- Up-to-date: /home/abdulrafi/Desktop/ROS2_Final_Project/kobuki_ws/install/interfaces/include/interfaces/interfaces/action/detail/navigation__description.c
-- Up-to-date: /home/abdulrafi/Desktop/ROS2_Final_Project/kobuki_ws/install/interfaces/include/interfaces/interfaces/action/detail/navigation__type_support.h
-- Up-to-date: /home/abdulrafi/Desktop/ROS2_Final_Project/kobuki_ws/install/interfaces/share/interfaces/environment/library_path.sh
-- Up-to-date: /home/abdulrafi/Desktop/ROS2_Final_Project/kobuki_ws/install/interfaces/share/interfaces/environment/library_path.dsv
-- Up-to-date: /home/abdulrafi/Desktop/ROS2_Final_Project/kobuki_ws/install/interfaces/lib/libinterfaces__rosidl_generator_c.so
-- Up-to-date: /home/abdulrafi/Desktop/ROS2_Final_Project/kobuki_ws/install/interfaces/include/interfaces/interfaces
-- Up-to-date: /home/abdulrafi/Desktop/ROS2_Final_Project/kobuki_ws/install/interfaces/include/interfaces/interfaces/msg
-- Up-to-date: /home/abdulrafi/Desktop/ROS2_Final_Project/kobuki_ws/install/interfaces/include/interfaces/interfaces/msg/rosidl_typesupport_fastrtps_c__visibility_control.h
-- Up-to-date: /home/abdulrafi/Desktop/ROS2_Final_Project/kobuki_ws/install/interfaces/include/interfaces/interfaces/msg/detail
-- Up-to-date: /home/abdulrafi/Desktop/ROS2_Final_Project/kobuki_ws/install/interfaces/include/interfaces/interfaces/msg/detail/position__rosidl_typesupport_fastrtps_c.h
-- Up-to-date: /home/abdulrafi/Desktop/ROS2_Final_Project/kobuki_ws/install/interfaces/include/interfaces/interfaces/srv
-- Up-to-date: /home/abdulrafi/Desktop/ROS2_Final_Project/kobuki_ws/install/interfaces/include/interfaces/interfaces/srv/detail
-- Up-to-date: /home/abdulrafi/Desktop/ROS2_Final_Project/kobuki_ws/install/interfaces/include/interfaces/interfaces/srv/detail/get_last_positions__rosidl_typesupport_fastrtps_c.h
-- Up-to-date: /home/abdulrafi/Desktop/ROS2_Final_Project/kobuki_ws/install/interfaces/include/interfaces/interfaces/action
-- Up-to-date: /home/abdulrafi/Desktop/ROS2_Final_Project/kobuki_ws/install/interfaces/include/interfaces/interfaces/action/detail
-- Up-to-date: /home/abdulrafi/Desktop/ROS2_Final_Project/kobuki_ws/install/interfaces/include/interfaces/interfaces/action/detail/navigation__rosidl_typesupport_fastrtps_c.h
-- Up-to-date: /home/abdulrafi/Desktop/ROS2_Final_Project/kobuki_ws/install/interfaces/lib/libinterfaces__rosidl_typesupport_fastrtps_c.so
-- Up-to-date: /home/abdulrafi/Desktop/ROS2_Final_Project/kobuki_ws/install/interfaces/include/interfaces/interfaces
-- Up-to-date: /home/abdulrafi/Desktop/ROS2_Final_Project/kobuki_ws/install/interfaces/include/interfaces/interfaces/msg
-- Up-to-date: /home/abdulrafi/Desktop/ROS2_Final_Project/kobuki_ws/install/interfaces/include/interfaces/interfaces/msg/rosidl_typesupport_introspection_c__visibility_control.h
-- Up-to-date: /home/abdulrafi/Desktop/ROS2_Final_Project/kobuki_ws/install/interfaces/include/interfaces/interfaces/msg/detail
-- Installing: /home/abdulrafi/Desktop/ROS2_Final_Project/kobuki_ws/install/interfaces/include/interfaces/interfaces/msg/detail/position__type_support.c
-- Up-to-date: /home/abdulrafi/Desktop/ROS2_Final_Project/kobuki_ws/install/interfaces/include/interfaces/interfaces/msg/detail/position__rosidl_typesupport_introspection_c.h
-- Up-to-date: /home/abdulrafi/Desktop/ROS2_Final_Project/kobuki_ws/install/interfaces/include/interfaces/interfaces/srv
-- Up-to-date: /home/abdulrafi/Desktop/ROS2_Final_Project/kobuki_ws/install/interfaces/include/interfaces/interfaces/srv/detail
-- Installing: /home/abdulrafi/Desktop/ROS2_Final_Project/kobuki_ws/install/interfaces/include/interfaces/interfaces/srv/detail/get_last_positions__type_support.c
-- Up-to-date: /home/abdulrafi/Desktop/ROS2_Final_Project/kobuki_ws/install/interfaces/include/interfaces/interfaces/srv/detail/get_last_positions__rosidl_typesupport_introspection_c.h
-- Up-to-date: /home/abdulrafi/Desktop/ROS2_Final_Project/kobuki_ws/install/interfaces/include/interfaces/interfaces/action
-- Up-to-date: /home/abdulrafi/Desktop/ROS2_Final_Project/kobuki_ws/install/interfaces/include/interfaces/interfaces/action/detail
-- Up-to-date: /home/abdulrafi/Desktop/ROS2_Final_Project/kobuki_ws/install/interfaces/include/interfaces/interfaces/action/detail/navigation__rosidl_typesupport_introspection_c.h
-- Installing: /home/abdulrafi/Desktop/ROS2_Final_Project/kobuki_ws/install/interfaces/include/interfaces/interfaces/action/detail/navigation__type_support.c
-- Up-to-date: /home/abdulrafi/Desktop/ROS2_Final_Project/kobuki_ws/install/interfaces/lib/libinterfaces__rosidl_typesupport_introspection_c.so
-- Up-to-date: /home/abdulrafi/Desktop/ROS2_Final_Project/kobuki_ws/install/interfaces/lib/libinterfaces__rosidl_typesupport_c.so
-- Up-to-date: /home/abdulrafi/Desktop/ROS2_Final_Project/kobuki_ws/install/interfaces/include/interfaces/interfaces
-- Up-to-date: /home/abdulrafi/Desktop/ROS2_Final_Project/kobuki_ws/install/interfaces/include/interfaces/interfaces/msg
-- Up-to-date: /home/abdulrafi/Desktop/ROS2_Final_Project/kobuki_ws/install/interfaces/include/interfaces/interfaces/msg/rosidl_generator_cpp__visibility_control.hpp
-- Up-to-date: /home/abdulrafi/Desktop/ROS2_Final_Project/kobuki_ws/install/interfaces/include/interfaces/interfaces/msg/detail
-- Up-to-date: /home/abdulrafi/Desktop/ROS2_Final_Project/kobuki_ws/install/interfaces/include/interfaces/interfaces/msg/detail/position__traits.hpp
-- Up-to-date: /home/abdulrafi/Desktop/ROS2_Final_Project/kobuki_ws/install/interfaces/include/interfaces/interfaces/msg/detail/position__builder.hpp
-- Up-to-date: /home/abdulrafi/Desktop/ROS2_Final_Project/kobuki_ws/install/interfaces/include/interfaces/interfaces/msg/detail/position__struct.hpp
-- Up-to-date: /home/abdulrafi/Desktop/ROS2_Final_Project/kobuki_ws/install/interfaces/include/interfaces/interfaces/msg/detail/position__type_support.hpp
-- Up-to-date: /home/abdulrafi/Desktop/ROS2_Final_Project/kobuki_ws/install/interfaces/include/interfaces/interfaces/msg/position.hpp
-- Up-to-date: /home/abdulrafi/Desktop/ROS2_Final_Project/kobuki_ws/install/interfaces/include/interfaces/interfaces/srv
-- Up-to-date: /home/abdulrafi/Desktop/ROS2_Final_Project/kobuki_ws/install/interfaces/include/interfaces/interfaces/srv/detail
-- Up-to-date: /home/abdulrafi/Desktop/ROS2_Final_Project/kobuki_ws/install/interfaces/include/interfaces/interfaces/srv/detail/get_last_positions__builder.hpp
-- Up-to-date: /home/abdulrafi/Desktop/ROS2_Final_Project/kobuki_ws/install/interfaces/include/interfaces/interfaces/srv/detail/get_last_positions__struct.hpp
-- Up-to-date: /home/abdulrafi/Desktop/ROS2_Final_Project/kobuki_ws/install/interfaces/include/interfaces/interfaces/srv/detail/get_last_positions__type_support.hpp
-- Up-to-date: /home/abdulrafi/Desktop/ROS2_Final_Project/kobuki_ws/install/interfaces/include/interfaces/interfaces/srv/detail/get_last_positions__traits.hpp
-- Up-to-date: /home/abdulrafi/Desktop/ROS2_Final_Project/kobuki_ws/install/interfaces/include/interfaces/interfaces/srv/get_last_positions.hpp
-- Up-to-date: /home/abdulrafi/Desktop/ROS2_Final_Project/kobuki_ws/install/interfaces/include/interfaces/interfaces/action
-- Up-to-date: /home/abdulrafi/Desktop/ROS2_Final_Project/kobuki_ws/install/interfaces/include/interfaces/interfaces/action/navigation.hpp
-- Up-to-date: /home/abdulrafi/Desktop/ROS2_Final_Project/kobuki_ws/install/interfaces/include/interfaces/interfaces/action/detail
-- Up-to-date: /home/abdulrafi/Desktop/ROS2_Final_Project/kobuki_ws/install/interfaces/include/interfaces/interfaces/action/detail/navigation__builder.hpp
-- Up-to-date: /home/abdulrafi/Desktop/ROS2_Final_Project/kobuki_ws/install/interfaces/include/interfaces/interfaces/action/detail/navigation__type_support.hpp
-- Up-to-date: /home/abdulrafi/Desktop/ROS2_Final_Project/kobuki_ws/install/interfaces/include/interfaces/interfaces/action/detail/navigation__traits.hpp
-- Up-to-date: /home/abdulrafi/Desktop/ROS2_Final_Project/kobuki_ws/install/interfaces/include/interfaces/interfaces/action/detail/navigation__struct.hpp
-- Up-to-date: /home/abdulrafi/Desktop/ROS2_Final_Project/kobuki_ws/install/interfaces/include/interfaces/interfaces
-- Up-to-date: /home/abdulrafi/Desktop/ROS2_Final_Project/kobuki_ws/install/interfaces/include/interfaces/interfaces/msg
-- Up-to-date: /home/abdulrafi/Desktop/ROS2_Final_Project/kobuki_ws/install/interfaces/include/interfaces/interfaces/msg/rosidl_typesupport_fastrtps_cpp__visibility_control.h
-- Up-to-date: /home/abdulrafi/Desktop/ROS2_Final_Project/kobuki_ws/install/interfaces/include/interfaces/interfaces/msg/detail
-- Up-to-date: /home/abdulrafi/Desktop/ROS2_Final_Project/kobuki_ws/install/interfaces/include/interfaces/interfaces/msg/detail/dds_fastrtps
-- Up-to-date: /home/abdulrafi/Desktop/ROS2_Final_Project/kobuki_ws/install/interfaces/include/interfaces/interfaces/msg/detail/position__rosidl_typesupport_fastrtps_cpp.hpp
-- Up-to-date: /home/abdulrafi/Desktop/ROS2_Final_Project/kobuki_ws/install/interfaces/include/interfaces/interfaces/srv
-- Up-to-date: /home/abdulrafi/Desktop/ROS2_Final_Project/kobuki_ws/install/interfaces/include/interfaces/interfaces/srv/detail
-- Up-to-date: /home/abdulrafi/Desktop/ROS2_Final_Project/kobuki_ws/install/interfaces/include/interfaces/interfaces/srv/detail/get_last_positions__rosidl_typesupport_fastrtps_cpp.hpp
-- Up-to-date: /home/abdulrafi/Desktop/ROS2_Final_Project/kobuki_ws/install/interfaces/include/interfaces/interfaces/srv/detail/dds_fastrtps
-- Up-to-date: /home/abdulrafi/Desktop/ROS2_Final_Project/kobuki_ws/install/interfaces/include/interfaces/interfaces/action
-- Up-to-date: /home/abdulrafi/Desktop/ROS2_Final_Project/kobuki_ws/install/interfaces/include/interfaces/interfaces/action/detail
-- Up-to-date: /home/abdulrafi/Desktop/ROS2_Final_Project/kobuki_ws/install/interfaces/include/interfaces/interfaces/action/detail/navigation__rosidl_typesupport_fastrtps_cpp.hpp
-- Up-to-date: /home/abdulrafi/Desktop/ROS2_Final_Project/kobuki_ws/install/interfaces/include/interfaces/interfaces/action/detail/dds_fastrtps
-- Up-to-date: /home/abdulrafi/Desktop/ROS2_Final_Project/kobuki_ws/install/interfaces/lib/libinterfaces__rosidl_typesupport_fastrtps_cpp.so
-- Up-to-date: /home/abdulrafi/Desktop/ROS2_Final_Project/kobuki_ws/install/interfaces/include/interfaces/interfaces
-- Up-to-date: /home/abdulrafi/Desktop/ROS2_Final_Project/kobuki_ws/install/interfaces/include/interfaces/interfaces/msg
-- Up-to-date: /home/abdulrafi/Desktop/ROS2_Final_Project/kobuki_ws/install/interfaces/include/interfaces/interfaces/msg/detail
-- Up-to-date: /home/abdulrafi/Desktop/ROS2_Final_Project/kobuki_ws/install/interfaces/include/interfaces/interfaces/msg/detail/position__rosidl_typesupport_introspection_cpp.hpp
-- Up-to-date: /home/abdulrafi/Desktop/ROS2_Final_Project/kobuki_ws/install/interfaces/include/interfaces/interfaces/msg/detail/position__type_support.cpp
-- Up-to-date: /home/abdulrafi/Desktop/ROS2_Final_Project/kobuki_ws/install/interfaces/include/interfaces/interfaces/srv
-- Up-to-date: /home/abdulrafi/Desktop/ROS2_Final_Project/kobuki_ws/install/interfaces/include/interfaces/interfaces/srv/detail
-- Up-to-date: /home/abdulrafi/Desktop/ROS2_Final_Project/kobuki_ws/install/interfaces/include/interfaces/interfaces/srv/detail/get_last_positions__rosidl_typesupport_introspection_cpp.hpp
-- Up-to-date: /home/abdulrafi/Desktop/ROS2_Final_Project/kobuki_ws/install/interfaces/include/interfaces/interfaces/srv/detail/get_last_positions__type_support.cpp
-- Up-to-date: /home/abdulrafi/Desktop/ROS2_Final_Project/kobuki_ws/install/interfaces/include/interfaces/interfaces/action
-- Up-to-date: /home/abdulrafi/Desktop/ROS2_Final_Project/kobuki_ws/install/interfaces/include/interfaces/interfaces/action/detail
-- Up-to-date: /home/abdulrafi/Desktop/ROS2_Final_Project/kobuki_ws/install/interfaces/include/interfaces/interfaces/action/detail/navigation__type_support.cpp
-- Up-to-date: /home/abdulrafi/Desktop/ROS2_Final_Project/kobuki_ws/install/interfaces/include/interfaces/interfaces/action/detail/navigation__rosidl_typesupport_introspection_cpp.hpp
-- Up-to-date: /home/abdulrafi/Desktop/ROS2_Final_Project/kobuki_ws/install/interfaces/lib/libinterfaces__rosidl_typesupport_introspection_cpp.so
-- Up-to-date: /home/abdulrafi/Desktop/ROS2_Final_Project/kobuki_ws/install/interfaces/lib/libinterfaces__rosidl_typesupport_cpp.so
-- Up-to-date: /home/abdulrafi/Desktop/ROS2_Final_Project/kobuki_ws/install/interfaces/share/interfaces/environment/pythonpath.sh
-- Up-to-date: /home/abdulrafi/Desktop/ROS2_Final_Project/kobuki_ws/install/interfaces/share/interfaces/environment/pythonpath.dsv
-- Up-to-date: /home/abdulrafi/Desktop/ROS2_Final_Project/kobuki_ws/install/interfaces/lib/python3.12/site-packages/interfaces-0.0.0-py3.12.egg-info
-- Installing: /home/abdulrafi/Desktop/ROS2_Final_Project/kobuki_ws/install/interfaces/lib/python3.12/site-packages/interfaces-0.0.0-py3.12.egg-info/top_level.txt
-- Installing: /home/abdulrafi/Desktop/ROS2_Final_Project/kobuki_ws/install/interfaces/lib/python3.12/site-packages/interfaces-0.0.0-py3.12.egg-info/PKG-INFO
-- Installing: /home/abdulrafi/Desktop/ROS2_Final_Project/kobuki_ws/install/interfaces/lib/python3.12/site-packages/interfaces-0.0.0-py3.12.egg-info/SOURCES.txt
-- Installing: /home/abdulrafi/Desktop/ROS2_Final_Project/kobuki_ws/install/interfaces/lib/python3.12/site-packages/interfaces-0.0.0-py3.12.egg-info/dependency_links.txt
-- Up-to-date: /home/abdulrafi/Desktop/ROS2_Final_Project/kobuki_ws/install/interfaces/lib/python3.12/site-packages/interfaces
-- Up-to-date: /home/abdulrafi/Desktop/ROS2_Final_Project/kobuki_ws/install/interfaces/lib/python3.12/site-packages/interfaces/msg
-- Up-to-date: /home/abdulrafi/Desktop/ROS2_Final_Project/kobuki_ws/install/interfaces/lib/python3.12/site-packages/interfaces/msg/_position_s.c
-- Up-to-date: /home/abdulrafi/Desktop/ROS2_Final_Project/kobuki_ws/install/interfaces/lib/python3.12/site-packages/interfaces/msg/__init__.py
-- Up-to-date: /home/abdulrafi/Desktop/ROS2_Final_Project/kobuki_ws/install/interfaces/lib/python3.12/site-packages/interfaces/msg/_position.py
-- Up-to-date: /home/abdulrafi/Desktop/ROS2_Final_Project/kobuki_ws/install/interfaces/lib/python3.12/site-packages/interfaces/__init__.py
-- Up-to-date: /home/abdulrafi/Desktop/ROS2_Final_Project/kobuki_ws/install/interfaces/lib/python3.12/site-packages/interfaces/interfaces_s__rosidl_typesupport_c.so
-- Up-to-date: /home/abdulrafi/Desktop/ROS2_Final_Project/kobuki_ws/install/interfaces/lib/python3.12/site-packages/interfaces/interfaces_s__rosidl_typesupport_fastrtps_c.so
-- Up-to-date: /home/abdulrafi/Desktop/ROS2_Final_Project/kobuki_ws/install/interfaces/lib/python3.12/site-packages/interfaces/srv
-- Up-to-date: /home/abdulrafi/Desktop/ROS2_Final_Project/kobuki_ws/install/interfaces/lib/python3.12/site-packages/interfaces/srv/__init__.py
-- Up-to-date: /home/abdulrafi/Desktop/ROS2_Final_Project/kobuki_ws/install/interfaces/lib/python3.12/site-packages/interfaces/srv/_get_last_positions.py
-- Up-to-date: /home/abdulrafi/Desktop/ROS2_Final_Project/kobuki_ws/install/interfaces/lib/python3.12/site-packages/interfaces/srv/_get_last_positions_s.c
-- Up-to-date: /home/abdulrafi/Desktop/ROS2_Final_Project/kobuki_ws/install/interfaces/lib/python3.12/site-packages/interfaces/_interfaces_s.ep.rosidl_typesupport_introspection_c.c
-- Up-to-date: /home/abdulrafi/Desktop/ROS2_Final_Project/kobuki_ws/install/interfaces/lib/python3.12/site-packages/interfaces/_interfaces_s.ep.rosidl_typesupport_fastrtps_c.c
-- Up-to-date: /home/abdulrafi/Desktop/ROS2_Final_Project/kobuki_ws/install/interfaces/lib/python3.12/site-packages/interfaces/interfaces_s__rosidl_typesupport_introspection_c.so
-- Up-to-date: /home/abdulrafi/Desktop/ROS2_Final_Project/kobuki_ws/install/interfaces/lib/python3.12/site-packages/interfaces/action
-- Up-to-date: /home/abdulrafi/Desktop/ROS2_Final_Project/kobuki_ws/install/interfaces/lib/python3.12/site-packages/interfaces/action/_navigation.py
-- Up-to-date: /home/abdulrafi/Desktop/ROS2_Final_Project/kobuki_ws/install/interfaces/lib/python3.12/site-packages/interfaces/action/__init__.py
-- Up-to-date: /home/abdulrafi/Desktop/ROS2_Final_Project/kobuki_ws/install/interfaces/lib/python3.12/site-packages/interfaces/action/_navigation_s.c
-- Up-to-date: /home/abdulrafi/Desktop/ROS2_Final_Project/kobuki_ws/install/interfaces/lib/python3.12/site-packages/interfaces/_interfaces_s.ep.rosidl_typesupport_c.c
Listing '/home/abdulrafi/Desktop/ROS2_Final_Project/kobuki_ws/install/interfaces/lib/python3.12/site-packages/interfaces'...
Listing '/home/abdulrafi/Desktop/ROS2_Final_Project/kobuki_ws/install/interfaces/lib/python3.12/site-packages/interfaces/action'...
Listing '/home/abdulrafi/Desktop/ROS2_Final_Project/kobuki_ws/install/interfaces/lib/python3.12/site-packages/interfaces/msg'...
Listing '/home/abdulrafi/Desktop/ROS2_Final_Project/kobuki_ws/install/interfaces/lib/python3.12/site-packages/interfaces/srv'...
-- Up-to-date: /home/abdulrafi/Desktop/ROS2_Final_Project/kobuki_ws/install/interfaces/lib/python3.12/site-packages/interfaces/interfaces_s__rosidl_typesupport_fastrtps_c.so
-- Up-to-date: /home/abdulrafi/Desktop/ROS2_Final_Project/kobuki_ws/install/interfaces/lib/python3.12/site-packages/interfaces/interfaces_s__rosidl_typesupport_introspection_c.so
-- Up-to-date: /home/abdulrafi/Desktop/ROS2_Final_Project/kobuki_ws/install/interfaces/lib/python3.12/site-packages/interfaces/interfaces_s__rosidl_typesupport_c.so
-- Up-to-date: /home/abdulrafi/Desktop/ROS2_Final_Project/kobuki_ws/install/interfaces/lib/libinterfaces__rosidl_generator_py.so
-- Up-to-date: /home/abdulrafi/Desktop/ROS2_Final_Project/kobuki_ws/install/interfaces/share/ament_index/resource_index/rust_packages/interfaces
-- Up-to-date: /home/abdulrafi/Desktop/ROS2_Final_Project/kobuki_ws/install/interfaces/share/interfaces/rust
-- Up-to-date: /home/abdulrafi/Desktop/ROS2_Final_Project/kobuki_ws/install/interfaces/share/interfaces/rust/build.rs
-- Up-to-date: /home/abdulrafi/Desktop/ROS2_Final_Project/kobuki_ws/install/interfaces/share/interfaces/rust/src
-- Up-to-date: /home/abdulrafi/Desktop/ROS2_Final_Project/kobuki_ws/install/interfaces/share/interfaces/rust/src/msg
-- Up-to-date: /home/abdulrafi/Desktop/ROS2_Final_Project/kobuki_ws/install/interfaces/share/interfaces/rust/src/msg/rmw.rs
-- Up-to-date: /home/abdulrafi/Desktop/ROS2_Final_Project/kobuki_ws/install/interfaces/share/interfaces/rust/src/action.rs
-- Up-to-date: /home/abdulrafi/Desktop/ROS2_Final_Project/kobuki_ws/install/interfaces/share/interfaces/rust/src/lib.rs
-- Up-to-date: /home/abdulrafi/Desktop/ROS2_Final_Project/kobuki_ws/install/interfaces/share/interfaces/rust/src/srv
-- Up-to-date: /home/abdulrafi/Desktop/ROS2_Final_Project/kobuki_ws/install/interfaces/share/interfaces/rust/src/srv/rmw.rs
-- Up-to-date: /home/abdulrafi/Desktop/ROS2_Final_Project/kobuki_ws/install/interfaces/share/interfaces/rust/src/srv.rs
-- Up-to-date: /home/abdulrafi/Desktop/ROS2_Final_Project/kobuki_ws/install/interfaces/share/interfaces/rust/src/msg.rs
-- Up-to-date: /home/abdulrafi/Desktop/ROS2_Final_Project/kobuki_ws/install/interfaces/share/interfaces/rust/src/action
-- Up-to-date: /home/abdulrafi/Desktop/ROS2_Final_Project/kobuki_ws/install/interfaces/share/interfaces/rust/src/action/rmw.rs
-- Up-to-date: /home/abdulrafi/Desktop/ROS2_Final_Project/kobuki_ws/install/interfaces/share/interfaces/rust/Cargo.toml
-- Up-to-date: /home/abdulrafi/Desktop/ROS2_Final_Project/kobuki_ws/install/interfaces/share/interfaces/msg/Position.idl
-- Up-to-date: /home/abdulrafi/Desktop/ROS2_Final_Project/kobuki_ws/install/interfaces/share/interfaces/srv/GetLastPositions.idl
-- Up-to-date: /home/abdulrafi/Desktop/ROS2_Final_Project/kobuki_ws/install/interfaces/share/interfaces/action/Navigation.idl
-- Up-to-date: /home/abdulrafi/Desktop/ROS2_Final_Project/kobuki_ws/install/interfaces/share/interfaces/msg/Position.msg
-- Up-to-date: /home/abdulrafi/Desktop/ROS2_Final_Project/kobuki_ws/install/interfaces/share/interfaces/srv/GetLastPositions.srv
-- Up-to-date: /home/abdulrafi/Desktop/ROS2_Final_Project/kobuki_ws/install/interfaces/share/interfaces/action/Navigation.action
-- Up-to-date: /home/abdulrafi/Desktop/ROS2_Final_Project/kobuki_ws/install/interfaces/share/ament_index/resource_index/package_run_dependencies/interfaces
-- Up-to-date: /home/abdulrafi/Desktop/ROS2_Final_Project/kobuki_ws/install/interfaces/share/ament_index/resource_index/parent_prefix_path/interfaces
-- Up-to-date: /home/abdulrafi/Desktop/ROS2_Final_Project/kobuki_ws/install/interfaces/share/interfaces/environment/ament_prefix_path.sh
-- Up-to-date: /home/abdulrafi/Desktop/ROS2_Final_Project/kobuki_ws/install/interfaces/share/interfaces/environment/ament_prefix_path.dsv
-- Up-to-date: /home/abdulrafi/Desktop/ROS2_Final_Project/kobuki_ws/install/interfaces/share/interfaces/environment/path.sh
-- Up-to-date: /home/abdulrafi/Desktop/ROS2_Final_Project/kobuki_ws/install/interfaces/share/interfaces/environment/path.dsv
-- Up-to-date: /home/abdulrafi/Desktop/ROS2_Final_Project/kobuki_ws/install/interfaces/share/interfaces/local_setup.bash
-- Up-to-date: /home/abdulrafi/Desktop/ROS2_Final_Project/kobuki_ws/install/interfaces/share/interfaces/local_setup.sh
-- Up-to-date: /home/abdulrafi/Desktop/ROS2_Final_Project/kobuki_ws/install/interfaces/share/interfaces/local_setup.zsh
-- Up-to-date: /home/abdulrafi/Desktop/ROS2_Final_Project/kobuki_ws/install/interfaces/share/interfaces/local_setup.dsv
-- Installing: /home/abdulrafi/Desktop/ROS2_Final_Project/kobuki_ws/install/interfaces/share/interfaces/package.dsv
-- Up-to-date: /home/abdulrafi/Desktop/ROS2_Final_Project/kobuki_ws/install/interfaces/share/ament_index/resource_index/packages/interfaces
-- Up-to-date: /home/abdulrafi/Desktop/ROS2_Final_Project/kobuki_ws/install/interfaces/share/interfaces/cmake/export_interfaces__rosidl_generator_cExport.cmake
-- Up-to-date: /home/abdulrafi/Desktop/ROS2_Final_Project/kobuki_ws/install/interfaces/share/interfaces/cmake/export_interfaces__rosidl_generator_cExport-noconfig.cmake
-- Up-to-date: /home/abdulrafi/Desktop/ROS2_Final_Project/kobuki_ws/install/interfaces/share/interfaces/cmake/export_interfaces__rosidl_typesupport_fastrtps_cExport.cmake
-- Up-to-date: /home/abdulrafi/Desktop/ROS2_Final_Project/kobuki_ws/install/interfaces/share/interfaces/cmake/export_interfaces__rosidl_typesupport_fastrtps_cExport-noconfig.cmake
-- Up-to-date: /home/abdulrafi/Desktop/ROS2_Final_Project/kobuki_ws/install/interfaces/share/interfaces/cmake/interfaces__rosidl_typesupport_introspection_cExport.cmake
-- Up-to-date: /home/abdulrafi/Desktop/ROS2_Final_Project/kobuki_ws/install/interfaces/share/interfaces/cmake/interfaces__rosidl_typesupport_introspection_cExport-noconfig.cmake
-- Up-to-date: /home/abdulrafi/Desktop/ROS2_Final_Project/kobuki_ws/install/interfaces/share/interfaces/cmake/interfaces__rosidl_typesupport_cExport.cmake
-- Up-to-date: /home/abdulrafi/Desktop/ROS2_Final_Project/kobuki_ws/install/interfaces/share/interfaces/cmake/interfaces__rosidl_typesupport_cExport-noconfig.cmake
-- Up-to-date: /home/abdulrafi/Desktop/ROS2_Final_Project/kobuki_ws/install/interfaces/share/interfaces/cmake/export_interfaces__rosidl_generator_cppExport.cmake
-- Up-to-date: /home/abdulrafi/Desktop/ROS2_Final_Project/kobuki_ws/install/interfaces/share/interfaces/cmake/export_interfaces__rosidl_typesupport_fastrtps_cppExport.cmake
-- Up-to-date: /home/abdulrafi/Desktop/ROS2_Final_Project/kobuki_ws/install/interfaces/share/interfaces/cmake/export_interfaces__rosidl_typesupport_fastrtps_cppExport-noconfig.cmake
-- Up-to-date: /home/abdulrafi/Desktop/ROS2_Final_Project/kobuki_ws/install/interfaces/share/interfaces/cmake/interfaces__rosidl_typesupport_introspection_cppExport.cmake
-- Up-to-date: /home/abdulrafi/Desktop/ROS2_Final_Project/kobuki_ws/install/interfaces/share/interfaces/cmake/interfaces__rosidl_typesupport_introspection_cppExport-noconfig.cmake
-- Up-to-date: /home/abdulrafi/Desktop/ROS2_Final_Project/kobuki_ws/install/interfaces/share/interfaces/cmake/interfaces__rosidl_typesupport_cppExport.cmake
-- Up-to-date: /home/abdulrafi/Desktop/ROS2_Final_Project/kobuki_ws/install/interfaces/share/interfaces/cmake/interfaces__rosidl_typesupport_cppExport-noconfig.cmake
-- Up-to-date: /home/abdulrafi/Desktop/ROS2_Final_Project/kobuki_ws/install/interfaces/share/interfaces/cmake/export_interfaces__rosidl_generator_pyExport.cmake
-- Up-to-date: /home/abdulrafi/Desktop/ROS2_Final_Project/kobuki_ws/install/interfaces/share/interfaces/cmake/export_interfaces__rosidl_generator_pyExport-noconfig.cmake
-- Up-to-date: /home/abdulrafi/Desktop/ROS2_Final_Project/kobuki_ws/install/interfaces/share/interfaces/cmake/rosidl_cmake-extras.cmake
-- Up-to-date: /home/abdulrafi/Desktop/ROS2_Final_Project/kobuki_ws/install/interfaces/share/interfaces/cmake/ament_cmake_export_dependencies-extras.cmake
-- Up-to-date: /home/abdulrafi/Desktop/ROS2_Final_Project/kobuki_ws/install/interfaces/share/interfaces/cmake/ament_cmake_export_include_directories-extras.cmake
-- Up-to-date: /home/abdulrafi/Desktop/ROS2_Final_Project/kobuki_ws/install/interfaces/share/interfaces/cmake/ament_cmake_export_libraries-extras.cmake
-- Up-to-date: /home/abdulrafi/Desktop/ROS2_Final_Project/kobuki_ws/install/interfaces/share/interfaces/cmake/ament_cmake_export_targets-extras.cmake
-- Up-to-date: /home/abdulrafi/Desktop/ROS2_Final_Project/kobuki_ws/install/interfaces/share/interfaces/cmake/rosidl_cmake_export_typesupport_targets-extras.cmake
-- Up-to-date: /home/abdulrafi/Desktop/ROS2_Final_Project/kobuki_ws/install/interfaces/share/interfaces/cmake/rosidl_cmake_export_typesupport_libraries-extras.cmake
-- Up-to-date: /home/abdulrafi/Desktop/ROS2_Final_Project/kobuki_ws/install/interfaces/share/interfaces/cmake/interfacesConfig.cmake
-- Up-to-date: /home/abdulrafi/Desktop/ROS2_Final_Project/kobuki_ws/install/interfaces/share/interfaces/cmake/interfacesConfig-version.cmake
-- Up-to-date: /home/abdulrafi/Desktop/ROS2_Final_Project/kobuki_ws/install/interfaces/share/interfaces/package.xml
