[0.177s] Invoking command in '/home/abdulrafi/Desktop/ROS2_Final_Project/kobuki_ws/build/interfaces': CMAKE_PREFIX_PATH=${CMAKE_PREFIX_PATH}:/home/abdulrafi/Desktop/ROS2_Final_Project/kobuki_ws/install/qbot_nav:/opt/ros/jazzy DEBUGINFOD_URLS=https://debuginfod.ubuntu.com /usr/bin/cmake --build /home/abdulrafi/Desktop/ROS2_Final_Project/kobuki_ws/build/interfaces -- -j4 -l4
[0.289s] [  1%] Built target interfaces__rosidl_generator_type_description
[0.290s] [  3%] Built target interfaces__rs
[0.316s] [  3%] Built target ament_cmake_python_copy_interfaces
[0.372s] [  5%] Built target interfaces__cpp
[0.383s] [ 25%] Built target interfaces__rosidl_generator_c
[0.589s] [ 34%] Built target interfaces__rosidl_typesupport_fastrtps_c
[0.646s] [ 43%] Built target interfaces__rosidl_typesupport_introspection_c
[0.668s] [ 52%] Built target interfaces__rosidl_typesupport_c
[0.795s] [ 61%] Built target interfaces__rosidl_typesupport_fastrtps_cpp
[0.862s] [ 70%] Built target interfaces__rosidl_typesupport_introspection_cpp
[0.964s] [ 80%] Built target interfaces__rosidl_typesupport_cpp
[1.098s] [ 80%] Built target interfaces
[1.152s] running egg_info
[1.213s] [ 81%] Built target interfaces__py
[1.219s] writing interfaces.egg-info/PKG-INFO
[1.246s] writing dependency_links to interfaces.egg-info/dependency_links.txt
[1.251s] writing top-level names to interfaces.egg-info/top_level.txt
[1.377s] [ 89%] Built target interfaces__rosidl_generator_py
[1.607s] [ 92%] Built target interfaces_s__rosidl_typesupport_introspection_c
[1.616s] [ 96%] Built target interfaces_s__rosidl_typesupport_c
[1.778s] [100%] Built target interfaces_s__rosidl_typesupport_fastrtps_c
[1.942s] reading manifest file 'interfaces.egg-info/SOURCES.txt'
[1.967s] writing manifest file 'interfaces.egg-info/SOURCES.txt'
[2.201s] [100%] Built target ament_cmake_python_build_interfaces_egg
[2.316s] Invoked command in '/home/abdulrafi/Desktop/ROS2_Final_Project/kobuki_ws/build/interfaces' returned '0': CMAKE_PREFIX_PATH=${CMAKE_PREFIX_PATH}:/home/abdulrafi/Desktop/ROS2_Final_Project/kobuki_ws/install/qbot_nav:/opt/ros/jazzy DEBUGINFOD_URLS=https://debuginfod.ubuntu.com /usr/bin/cmake --build /home/abdulrafi/Desktop/ROS2_Final_Project/kobuki_ws/build/interfaces -- -j4 -l4
[2.353s] Invoking command in '/home/abdulrafi/Desktop/ROS2_Final_Project/kobuki_ws/build/interfaces': CMAKE_PREFIX_PATH=${CMAKE_PREFIX_PATH}:/home/abdulrafi/Desktop/ROS2_Final_Project/kobuki_ws/install/qbot_nav:/opt/ros/jazzy DEBUGINFOD_URLS=https://debuginfod.ubuntu.com /usr/bin/cmake --install /home/abdulrafi/Desktop/ROS2_Final_Project/kobuki_ws/build/interfaces
[2.451s] -- Install configuration: ""
[2.452s] -- Up-to-date: /home/abdulrafi/Desktop/ROS2_Final_Project/kobuki_ws/install/interfaces/share/ament_index/resource_index/rosidl_interfaces/interfaces
[2.452s] -- Up-to-date: /home/abdulrafi/Desktop/ROS2_Final_Project/kobuki_ws/install/interfaces/share/interfaces/msg/Position.json
[2.452s] -- Up-to-date: /home/abdulrafi/Desktop/ROS2_Final_Project/kobuki_ws/install/interfaces/share/interfaces/srv/GetLastPositions.json
[2.452s] -- Up-to-date: /home/abdulrafi/Desktop/ROS2_Final_Project/kobuki_ws/install/interfaces/share/interfaces/action/Navigation.json
[2.452s] -- Up-to-date: /home/abdulrafi/Desktop/ROS2_Final_Project/kobuki_ws/install/interfaces/include/interfaces/interfaces
[2.452s] -- Up-to-date: /home/abdulrafi/Desktop/ROS2_Final_Project/kobuki_ws/install/interfaces/include/interfaces/interfaces/msg
[2.452s] -- Up-to-date: /home/abdulrafi/Desktop/ROS2_Final_Project/kobuki_ws/install/interfaces/include/interfaces/interfaces/msg/position.h
[2.452s] -- Up-to-date: /home/abdulrafi/Desktop/ROS2_Final_Project/kobuki_ws/install/interfaces/include/interfaces/interfaces/msg/rosidl_generator_c__visibility_control.h
[2.453s] -- Up-to-date: /home/abdulrafi/Desktop/ROS2_Final_Project/kobuki_ws/install/interfaces/include/interfaces/interfaces/msg/detail
[2.453s] -- Installing: /home/abdulrafi/Desktop/ROS2_Final_Project/kobuki_ws/install/interfaces/include/interfaces/interfaces/msg/detail/position__type_support.c
[2.453s] -- Up-to-date: /home/abdulrafi/Desktop/ROS2_Final_Project/kobuki_ws/install/interfaces/include/interfaces/interfaces/msg/detail/position__type_support.h
[2.453s] -- Up-to-date: /home/abdulrafi/Desktop/ROS2_Final_Project/kobuki_ws/install/interfaces/include/interfaces/interfaces/msg/detail/position__struct.h
[2.453s] -- Up-to-date: /home/abdulrafi/Desktop/ROS2_Final_Project/kobuki_ws/install/interfaces/include/interfaces/interfaces/msg/detail/position__description.c
[2.453s] -- Up-to-date: /home/abdulrafi/Desktop/ROS2_Final_Project/kobuki_ws/install/interfaces/include/interfaces/interfaces/msg/detail/position__functions.h
[2.453s] -- Up-to-date: /home/abdulrafi/Desktop/ROS2_Final_Project/kobuki_ws/install/interfaces/include/interfaces/interfaces/msg/detail/position__functions.c
[2.454s] -- Up-to-date: /home/abdulrafi/Desktop/ROS2_Final_Project/kobuki_ws/install/interfaces/include/interfaces/interfaces/srv
[2.454s] -- Up-to-date: /home/abdulrafi/Desktop/ROS2_Final_Project/kobuki_ws/install/interfaces/include/interfaces/interfaces/srv/get_last_positions.h
[2.454s] -- Up-to-date: /home/abdulrafi/Desktop/ROS2_Final_Project/kobuki_ws/install/interfaces/include/interfaces/interfaces/srv/detail
[2.454s] -- Up-to-date: /home/abdulrafi/Desktop/ROS2_Final_Project/kobuki_ws/install/interfaces/include/interfaces/interfaces/srv/detail/get_last_positions__description.c
[2.454s] -- Up-to-date: /home/abdulrafi/Desktop/ROS2_Final_Project/kobuki_ws/install/interfaces/include/interfaces/interfaces/srv/detail/get_last_positions__functions.h
[2.455s] -- Installing: /home/abdulrafi/Desktop/ROS2_Final_Project/kobuki_ws/install/interfaces/include/interfaces/interfaces/srv/detail/get_last_positions__type_support.c
[2.455s] -- Up-to-date: /home/abdulrafi/Desktop/ROS2_Final_Project/kobuki_ws/install/interfaces/include/interfaces/interfaces/srv/detail/get_last_positions__functions.c
[2.455s] -- Up-to-date: /home/abdulrafi/Desktop/ROS2_Final_Project/kobuki_ws/install/interfaces/include/interfaces/interfaces/srv/detail/get_last_positions__struct.h
[2.455s] -- Up-to-date: /home/abdulrafi/Desktop/ROS2_Final_Project/kobuki_ws/install/interfaces/include/interfaces/interfaces/srv/detail/get_last_positions__type_support.h
[2.455s] -- Up-to-date: /home/abdulrafi/Desktop/ROS2_Final_Project/kobuki_ws/install/interfaces/include/interfaces/interfaces/action
[2.455s] -- Up-to-date: /home/abdulrafi/Desktop/ROS2_Final_Project/kobuki_ws/install/interfaces/include/interfaces/interfaces/action/navigation.h
[2.456s] -- Up-to-date: /home/abdulrafi/Desktop/ROS2_Final_Project/kobuki_ws/install/interfaces/include/interfaces/interfaces/action/detail
[2.456s] -- Up-to-date: /home/abdulrafi/Desktop/ROS2_Final_Project/kobuki_ws/install/interfaces/include/interfaces/interfaces/action/detail/navigation__functions.c
[2.456s] -- Up-to-date: /home/abdulrafi/Desktop/ROS2_Final_Project/kobuki_ws/install/interfaces/include/interfaces/interfaces/action/detail/navigation__functions.h
[2.456s] -- Up-to-date: /home/abdulrafi/Desktop/ROS2_Final_Project/kobuki_ws/install/interfaces/include/interfaces/interfaces/action/detail/navigation__struct.h
[2.458s] -- Installing: /home/abdulrafi/Desktop/ROS2_Final_Project/kobuki_ws/install/interfaces/include/interfaces/interfaces/action/detail/navigation__type_support.c
[2.459s] -- Up-to-date: /home/abdulrafi/Desktop/ROS2_Final_Project/kobuki_ws/install/interfaces/include/interfaces/interfaces/action/detail/navigation__description.c
[2.459s] -- Up-to-date: /home/abdulrafi/Desktop/ROS2_Final_Project/kobuki_ws/install/interfaces/include/interfaces/interfaces/action/detail/navigation__type_support.h
[2.459s] -- Up-to-date: /home/abdulrafi/Desktop/ROS2_Final_Project/kobuki_ws/install/interfaces/share/interfaces/environment/library_path.sh
[2.461s] -- Up-to-date: /home/abdulrafi/Desktop/ROS2_Final_Project/kobuki_ws/install/interfaces/share/interfaces/environment/library_path.dsv
[2.462s] -- Up-to-date: /home/abdulrafi/Desktop/ROS2_Final_Project/kobuki_ws/install/interfaces/lib/libinterfaces__rosidl_generator_c.so
[2.462s] -- Up-to-date: /home/abdulrafi/Desktop/ROS2_Final_Project/kobuki_ws/install/interfaces/include/interfaces/interfaces
[2.462s] -- Up-to-date: /home/abdulrafi/Desktop/ROS2_Final_Project/kobuki_ws/install/interfaces/include/interfaces/interfaces/msg
[2.462s] -- Up-to-date: /home/abdulrafi/Desktop/ROS2_Final_Project/kobuki_ws/install/interfaces/include/interfaces/interfaces/msg/rosidl_typesupport_fastrtps_c__visibility_control.h
[2.462s] -- Up-to-date: /home/abdulrafi/Desktop/ROS2_Final_Project/kobuki_ws/install/interfaces/include/interfaces/interfaces/msg/detail
[2.462s] -- Up-to-date: /home/abdulrafi/Desktop/ROS2_Final_Project/kobuki_ws/install/interfaces/include/interfaces/interfaces/msg/detail/position__rosidl_typesupport_fastrtps_c.h
[2.462s] -- Up-to-date: /home/abdulrafi/Desktop/ROS2_Final_Project/kobuki_ws/install/interfaces/include/interfaces/interfaces/srv
[2.463s] -- Up-to-date: /home/abdulrafi/Desktop/ROS2_Final_Project/kobuki_ws/install/interfaces/include/interfaces/interfaces/srv/detail
[2.463s] -- Up-to-date: /home/abdulrafi/Desktop/ROS2_Final_Project/kobuki_ws/install/interfaces/include/interfaces/interfaces/srv/detail/get_last_positions__rosidl_typesupport_fastrtps_c.h
[2.463s] -- Up-to-date: /home/abdulrafi/Desktop/ROS2_Final_Project/kobuki_ws/install/interfaces/include/interfaces/interfaces/action
[2.463s] -- Up-to-date: /home/abdulrafi/Desktop/ROS2_Final_Project/kobuki_ws/install/interfaces/include/interfaces/interfaces/action/detail
[2.463s] -- Up-to-date: /home/abdulrafi/Desktop/ROS2_Final_Project/kobuki_ws/install/interfaces/include/interfaces/interfaces/action/detail/navigation__rosidl_typesupport_fastrtps_c.h
[2.463s] -- Up-to-date: /home/abdulrafi/Desktop/ROS2_Final_Project/kobuki_ws/install/interfaces/lib/libinterfaces__rosidl_typesupport_fastrtps_c.so
[2.463s] -- Up-to-date: /home/abdulrafi/Desktop/ROS2_Final_Project/kobuki_ws/install/interfaces/include/interfaces/interfaces
[2.463s] -- Up-to-date: /home/abdulrafi/Desktop/ROS2_Final_Project/kobuki_ws/install/interfaces/include/interfaces/interfaces/msg
[2.463s] -- Up-to-date: /home/abdulrafi/Desktop/ROS2_Final_Project/kobuki_ws/install/interfaces/include/interfaces/interfaces/msg/rosidl_typesupport_introspection_c__visibility_control.h
[2.463s] -- Up-to-date: /home/abdulrafi/Desktop/ROS2_Final_Project/kobuki_ws/install/interfaces/include/interfaces/interfaces/msg/detail
[2.463s] -- Installing: /home/abdulrafi/Desktop/ROS2_Final_Project/kobuki_ws/install/interfaces/include/interfaces/interfaces/msg/detail/position__type_support.c
[2.469s] -- Up-to-date: /home/abdulrafi/Desktop/ROS2_Final_Project/kobuki_ws/install/interfaces/include/interfaces/interfaces/msg/detail/position__rosidl_typesupport_introspection_c.h
[2.470s] -- Up-to-date: /home/abdulrafi/Desktop/ROS2_Final_Project/kobuki_ws/install/interfaces/include/interfaces/interfaces/srv
[2.470s] -- Up-to-date: /home/abdulrafi/Desktop/ROS2_Final_Project/kobuki_ws/install/interfaces/include/interfaces/interfaces/srv/detail
[2.470s] -- Installing: /home/abdulrafi/Desktop/ROS2_Final_Project/kobuki_ws/install/interfaces/include/interfaces/interfaces/srv/detail/get_last_positions__type_support.c
[2.470s] -- Up-to-date: /home/abdulrafi/Desktop/ROS2_Final_Project/kobuki_ws/install/interfaces/include/interfaces/interfaces/srv/detail/get_last_positions__rosidl_typesupport_introspection_c.h
[2.470s] -- Up-to-date: /home/abdulrafi/Desktop/ROS2_Final_Project/kobuki_ws/install/interfaces/include/interfaces/interfaces/action
[2.471s] -- Up-to-date: /home/abdulrafi/Desktop/ROS2_Final_Project/kobuki_ws/install/interfaces/include/interfaces/interfaces/action/detail
[2.471s] -- Up-to-date: /home/abdulrafi/Desktop/ROS2_Final_Project/kobuki_ws/install/interfaces/include/interfaces/interfaces/action/detail/navigation__rosidl_typesupport_introspection_c.h
[2.471s] -- Installing: /home/abdulrafi/Desktop/ROS2_Final_Project/kobuki_ws/install/interfaces/include/interfaces/interfaces/action/detail/navigation__type_support.c
[2.477s] -- Up-to-date: /home/abdulrafi/Desktop/ROS2_Final_Project/kobuki_ws/install/interfaces/lib/libinterfaces__rosidl_typesupport_introspection_c.so
[2.477s] -- Up-to-date: /home/abdulrafi/Desktop/ROS2_Final_Project/kobuki_ws/install/interfaces/lib/libinterfaces__rosidl_typesupport_c.so
[2.481s] -- Up-to-date: /home/abdulrafi/Desktop/ROS2_Final_Project/kobuki_ws/install/interfaces/include/interfaces/interfaces
[2.481s] -- Up-to-date: /home/abdulrafi/Desktop/ROS2_Final_Project/kobuki_ws/install/interfaces/include/interfaces/interfaces/msg
[2.481s] -- Up-to-date: /home/abdulrafi/Desktop/ROS2_Final_Project/kobuki_ws/install/interfaces/include/interfaces/interfaces/msg/rosidl_generator_cpp__visibility_control.hpp
[2.481s] -- Up-to-date: /home/abdulrafi/Desktop/ROS2_Final_Project/kobuki_ws/install/interfaces/include/interfaces/interfaces/msg/detail
[2.482s] -- Up-to-date: /home/abdulrafi/Desktop/ROS2_Final_Project/kobuki_ws/install/interfaces/include/interfaces/interfaces/msg/detail/position__traits.hpp
[2.482s] -- Up-to-date: /home/abdulrafi/Desktop/ROS2_Final_Project/kobuki_ws/install/interfaces/include/interfaces/interfaces/msg/detail/position__builder.hpp
[2.482s] -- Up-to-date: /home/abdulrafi/Desktop/ROS2_Final_Project/kobuki_ws/install/interfaces/include/interfaces/interfaces/msg/detail/position__struct.hpp
[2.482s] -- Up-to-date: /home/abdulrafi/Desktop/ROS2_Final_Project/kobuki_ws/install/interfaces/include/interfaces/interfaces/msg/detail/position__type_support.hpp
[2.482s] -- Up-to-date: /home/abdulrafi/Desktop/ROS2_Final_Project/kobuki_ws/install/interfaces/include/interfaces/interfaces/msg/position.hpp
[2.482s] -- Up-to-date: /home/abdulrafi/Desktop/ROS2_Final_Project/kobuki_ws/install/interfaces/include/interfaces/interfaces/srv
[2.482s] -- Up-to-date: /home/abdulrafi/Desktop/ROS2_Final_Project/kobuki_ws/install/interfaces/include/interfaces/interfaces/srv/detail
[2.483s] -- Up-to-date: /home/abdulrafi/Desktop/ROS2_Final_Project/kobuki_ws/install/interfaces/include/interfaces/interfaces/srv/detail/get_last_positions__builder.hpp
[2.483s] -- Up-to-date: /home/abdulrafi/Desktop/ROS2_Final_Project/kobuki_ws/install/interfaces/include/interfaces/interfaces/srv/detail/get_last_positions__struct.hpp
[2.483s] -- Up-to-date: /home/abdulrafi/Desktop/ROS2_Final_Project/kobuki_ws/install/interfaces/include/interfaces/interfaces/srv/detail/get_last_positions__type_support.hpp
[2.483s] -- Up-to-date: /home/abdulrafi/Desktop/ROS2_Final_Project/kobuki_ws/install/interfaces/include/interfaces/interfaces/srv/detail/get_last_positions__traits.hpp
[2.483s] -- Up-to-date: /home/abdulrafi/Desktop/ROS2_Final_Project/kobuki_ws/install/interfaces/include/interfaces/interfaces/srv/get_last_positions.hpp
[2.483s] -- Up-to-date: /home/abdulrafi/Desktop/ROS2_Final_Project/kobuki_ws/install/interfaces/include/interfaces/interfaces/action
[2.483s] -- Up-to-date: /home/abdulrafi/Desktop/ROS2_Final_Project/kobuki_ws/install/interfaces/include/interfaces/interfaces/action/navigation.hpp
[2.484s] -- Up-to-date: /home/abdulrafi/Desktop/ROS2_Final_Project/kobuki_ws/install/interfaces/include/interfaces/interfaces/action/detail
[2.484s] -- Up-to-date: /home/abdulrafi/Desktop/ROS2_Final_Project/kobuki_ws/install/interfaces/include/interfaces/interfaces/action/detail/navigation__builder.hpp
[2.484s] -- Up-to-date: /home/abdulrafi/Desktop/ROS2_Final_Project/kobuki_ws/install/interfaces/include/interfaces/interfaces/action/detail/navigation__type_support.hpp
[2.484s] -- Up-to-date: /home/abdulrafi/Desktop/ROS2_Final_Project/kobuki_ws/install/interfaces/include/interfaces/interfaces/action/detail/navigation__traits.hpp
[2.484s] -- Up-to-date: /home/abdulrafi/Desktop/ROS2_Final_Project/kobuki_ws/install/interfaces/include/interfaces/interfaces/action/detail/navigation__struct.hpp
[2.484s] -- Up-to-date: /home/abdulrafi/Desktop/ROS2_Final_Project/kobuki_ws/install/interfaces/include/interfaces/interfaces
[2.484s] -- Up-to-date: /home/abdulrafi/Desktop/ROS2_Final_Project/kobuki_ws/install/interfaces/include/interfaces/interfaces/msg
[2.485s] -- Up-to-date: /home/abdulrafi/Desktop/ROS2_Final_Project/kobuki_ws/install/interfaces/include/interfaces/interfaces/msg/rosidl_typesupport_fastrtps_cpp__visibility_control.h
[2.485s] -- Up-to-date: /home/abdulrafi/Desktop/ROS2_Final_Project/kobuki_ws/install/interfaces/include/interfaces/interfaces/msg/detail
[2.485s] -- Up-to-date: /home/abdulrafi/Desktop/ROS2_Final_Project/kobuki_ws/install/interfaces/include/interfaces/interfaces/msg/detail/dds_fastrtps
[2.485s] -- Up-to-date: /home/abdulrafi/Desktop/ROS2_Final_Project/kobuki_ws/install/interfaces/include/interfaces/interfaces/msg/detail/position__rosidl_typesupport_fastrtps_cpp.hpp
[2.485s] -- Up-to-date: /home/abdulrafi/Desktop/ROS2_Final_Project/kobuki_ws/install/interfaces/include/interfaces/interfaces/srv
[2.485s] -- Up-to-date: /home/abdulrafi/Desktop/ROS2_Final_Project/kobuki_ws/install/interfaces/include/interfaces/interfaces/srv/detail
[2.485s] -- Up-to-date: /home/abdulrafi/Desktop/ROS2_Final_Project/kobuki_ws/install/interfaces/include/interfaces/interfaces/srv/detail/get_last_positions__rosidl_typesupport_fastrtps_cpp.hpp
[2.486s] -- Up-to-date: /home/abdulrafi/Desktop/ROS2_Final_Project/kobuki_ws/install/interfaces/include/interfaces/interfaces/srv/detail/dds_fastrtps
[2.486s] -- Up-to-date: /home/abdulrafi/Desktop/ROS2_Final_Project/kobuki_ws/install/interfaces/include/interfaces/interfaces/action
[2.486s] -- Up-to-date: /home/abdulrafi/Desktop/ROS2_Final_Project/kobuki_ws/install/interfaces/include/interfaces/interfaces/action/detail
[2.486s] -- Up-to-date: /home/abdulrafi/Desktop/ROS2_Final_Project/kobuki_ws/install/interfaces/include/interfaces/interfaces/action/detail/navigation__rosidl_typesupport_fastrtps_cpp.hpp
[2.486s] -- Up-to-date: /home/abdulrafi/Desktop/ROS2_Final_Project/kobuki_ws/install/interfaces/include/interfaces/interfaces/action/detail/dds_fastrtps
[2.486s] -- Up-to-date: /home/abdulrafi/Desktop/ROS2_Final_Project/kobuki_ws/install/interfaces/lib/libinterfaces__rosidl_typesupport_fastrtps_cpp.so
[2.490s] -- Up-to-date: /home/abdulrafi/Desktop/ROS2_Final_Project/kobuki_ws/install/interfaces/include/interfaces/interfaces
[2.491s] -- Up-to-date: /home/abdulrafi/Desktop/ROS2_Final_Project/kobuki_ws/install/interfaces/include/interfaces/interfaces/msg
[2.491s] -- Up-to-date: /home/abdulrafi/Desktop/ROS2_Final_Project/kobuki_ws/install/interfaces/include/interfaces/interfaces/msg/detail
[2.491s] -- Up-to-date: /home/abdulrafi/Desktop/ROS2_Final_Project/kobuki_ws/install/interfaces/include/interfaces/interfaces/msg/detail/position__rosidl_typesupport_introspection_cpp.hpp
[2.492s] -- Up-to-date: /home/abdulrafi/Desktop/ROS2_Final_Project/kobuki_ws/install/interfaces/include/interfaces/interfaces/msg/detail/position__type_support.cpp
[2.492s] -- Up-to-date: /home/abdulrafi/Desktop/ROS2_Final_Project/kobuki_ws/install/interfaces/include/interfaces/interfaces/srv
[2.492s] -- Up-to-date: /home/abdulrafi/Desktop/ROS2_Final_Project/kobuki_ws/install/interfaces/include/interfaces/interfaces/srv/detail
[2.492s] -- Up-to-date: /home/abdulrafi/Desktop/ROS2_Final_Project/kobuki_ws/install/interfaces/include/interfaces/interfaces/srv/detail/get_last_positions__rosidl_typesupport_introspection_cpp.hpp
[2.493s] -- Up-to-date: /home/abdulrafi/Desktop/ROS2_Final_Project/kobuki_ws/install/interfaces/include/interfaces/interfaces/srv/detail/get_last_positions__type_support.cpp
[2.495s] -- Up-to-date: /home/abdulrafi/Desktop/ROS2_Final_Project/kobuki_ws/install/interfaces/include/interfaces/interfaces/action
[2.495s] -- Up-to-date: /home/abdulrafi/Desktop/ROS2_Final_Project/kobuki_ws/install/interfaces/include/interfaces/interfaces/action/detail
[2.497s] -- Up-to-date: /home/abdulrafi/Desktop/ROS2_Final_Project/kobuki_ws/install/interfaces/include/interfaces/interfaces/action/detail/navigation__type_support.cpp
[2.497s] -- Up-to-date: /home/abdulrafi/Desktop/ROS2_Final_Project/kobuki_ws/install/interfaces/include/interfaces/interfaces/action/detail/navigation__rosidl_typesupport_introspection_cpp.hpp
[2.498s] -- Up-to-date: /home/abdulrafi/Desktop/ROS2_Final_Project/kobuki_ws/install/interfaces/lib/libinterfaces__rosidl_typesupport_introspection_cpp.so
[2.501s] -- Up-to-date: /home/abdulrafi/Desktop/ROS2_Final_Project/kobuki_ws/install/interfaces/lib/libinterfaces__rosidl_typesupport_cpp.so
[2.502s] -- Up-to-date: /home/abdulrafi/Desktop/ROS2_Final_Project/kobuki_ws/install/interfaces/share/interfaces/environment/pythonpath.sh
[2.503s] -- Up-to-date: /home/abdulrafi/Desktop/ROS2_Final_Project/kobuki_ws/install/interfaces/share/interfaces/environment/pythonpath.dsv
[2.503s] -- Up-to-date: /home/abdulrafi/Desktop/ROS2_Final_Project/kobuki_ws/install/interfaces/lib/python3.12/site-packages/interfaces-0.0.0-py3.12.egg-info
[2.512s] -- Installing: /home/abdulrafi/Desktop/ROS2_Final_Project/kobuki_ws/install/interfaces/lib/python3.12/site-packages/interfaces-0.0.0-py3.12.egg-info/top_level.txt
[2.513s] -- Installing: /home/abdulrafi/Desktop/ROS2_Final_Project/kobuki_ws/install/interfaces/lib/python3.12/site-packages/interfaces-0.0.0-py3.12.egg-info/PKG-INFO
[2.513s] -- Installing: /home/abdulrafi/Desktop/ROS2_Final_Project/kobuki_ws/install/interfaces/lib/python3.12/site-packages/interfaces-0.0.0-py3.12.egg-info/SOURCES.txt
[2.528s] -- Installing: /home/abdulrafi/Desktop/ROS2_Final_Project/kobuki_ws/install/interfaces/lib/python3.12/site-packages/interfaces-0.0.0-py3.12.egg-info/dependency_links.txt
[2.529s] -- Up-to-date: /home/abdulrafi/Desktop/ROS2_Final_Project/kobuki_ws/install/interfaces/lib/python3.12/site-packages/interfaces
[2.532s] -- Up-to-date: /home/abdulrafi/Desktop/ROS2_Final_Project/kobuki_ws/install/interfaces/lib/python3.12/site-packages/interfaces/msg
[2.532s] -- Up-to-date: /home/abdulrafi/Desktop/ROS2_Final_Project/kobuki_ws/install/interfaces/lib/python3.12/site-packages/interfaces/msg/_position_s.c
[2.532s] -- Up-to-date: /home/abdulrafi/Desktop/ROS2_Final_Project/kobuki_ws/install/interfaces/lib/python3.12/site-packages/interfaces/msg/__init__.py
[2.533s] -- Up-to-date: /home/abdulrafi/Desktop/ROS2_Final_Project/kobuki_ws/install/interfaces/lib/python3.12/site-packages/interfaces/msg/_position.py
[2.533s] -- Up-to-date: /home/abdulrafi/Desktop/ROS2_Final_Project/kobuki_ws/install/interfaces/lib/python3.12/site-packages/interfaces/__init__.py
[2.533s] -- Up-to-date: /home/abdulrafi/Desktop/ROS2_Final_Project/kobuki_ws/install/interfaces/lib/python3.12/site-packages/interfaces/interfaces_s__rosidl_typesupport_c.so
[2.533s] -- Up-to-date: /home/abdulrafi/Desktop/ROS2_Final_Project/kobuki_ws/install/interfaces/lib/python3.12/site-packages/interfaces/interfaces_s__rosidl_typesupport_fastrtps_c.so
[2.534s] -- Up-to-date: /home/abdulrafi/Desktop/ROS2_Final_Project/kobuki_ws/install/interfaces/lib/python3.12/site-packages/interfaces/srv
[2.539s] -- Up-to-date: /home/abdulrafi/Desktop/ROS2_Final_Project/kobuki_ws/install/interfaces/lib/python3.12/site-packages/interfaces/srv/__init__.py
[2.540s] -- Up-to-date: /home/abdulrafi/Desktop/ROS2_Final_Project/kobuki_ws/install/interfaces/lib/python3.12/site-packages/interfaces/srv/_get_last_positions.py
[2.540s] -- Up-to-date: /home/abdulrafi/Desktop/ROS2_Final_Project/kobuki_ws/install/interfaces/lib/python3.12/site-packages/interfaces/srv/_get_last_positions_s.c
[2.540s] -- Up-to-date: /home/abdulrafi/Desktop/ROS2_Final_Project/kobuki_ws/install/interfaces/lib/python3.12/site-packages/interfaces/_interfaces_s.ep.rosidl_typesupport_introspection_c.c
[2.540s] -- Up-to-date: /home/abdulrafi/Desktop/ROS2_Final_Project/kobuki_ws/install/interfaces/lib/python3.12/site-packages/interfaces/_interfaces_s.ep.rosidl_typesupport_fastrtps_c.c
[2.541s] -- Up-to-date: /home/abdulrafi/Desktop/ROS2_Final_Project/kobuki_ws/install/interfaces/lib/python3.12/site-packages/interfaces/interfaces_s__rosidl_typesupport_introspection_c.so
[2.541s] -- Up-to-date: /home/abdulrafi/Desktop/ROS2_Final_Project/kobuki_ws/install/interfaces/lib/python3.12/site-packages/interfaces/action
[2.541s] -- Up-to-date: /home/abdulrafi/Desktop/ROS2_Final_Project/kobuki_ws/install/interfaces/lib/python3.12/site-packages/interfaces/action/_navigation.py
[2.542s] -- Up-to-date: /home/abdulrafi/Desktop/ROS2_Final_Project/kobuki_ws/install/interfaces/lib/python3.12/site-packages/interfaces/action/__init__.py
[2.542s] -- Up-to-date: /home/abdulrafi/Desktop/ROS2_Final_Project/kobuki_ws/install/interfaces/lib/python3.12/site-packages/interfaces/action/_navigation_s.c
[2.543s] -- Up-to-date: /home/abdulrafi/Desktop/ROS2_Final_Project/kobuki_ws/install/interfaces/lib/python3.12/site-packages/interfaces/_interfaces_s.ep.rosidl_typesupport_c.c
[2.675s] Listing '/home/abdulrafi/Desktop/ROS2_Final_Project/kobuki_ws/install/interfaces/lib/python3.12/site-packages/interfaces'...
[2.675s] Listing '/home/abdulrafi/Desktop/ROS2_Final_Project/kobuki_ws/install/interfaces/lib/python3.12/site-packages/interfaces/action'...
[2.675s] Listing '/home/abdulrafi/Desktop/ROS2_Final_Project/kobuki_ws/install/interfaces/lib/python3.12/site-packages/interfaces/msg'...
[2.676s] Listing '/home/abdulrafi/Desktop/ROS2_Final_Project/kobuki_ws/install/interfaces/lib/python3.12/site-packages/interfaces/srv'...
[2.691s] -- Up-to-date: /home/abdulrafi/Desktop/ROS2_Final_Project/kobuki_ws/install/interfaces/lib/python3.12/site-packages/interfaces/interfaces_s__rosidl_typesupport_fastrtps_c.so
[2.693s] -- Up-to-date: /home/abdulrafi/Desktop/ROS2_Final_Project/kobuki_ws/install/interfaces/lib/python3.12/site-packages/interfaces/interfaces_s__rosidl_typesupport_introspection_c.so
[2.696s] -- Up-to-date: /home/abdulrafi/Desktop/ROS2_Final_Project/kobuki_ws/install/interfaces/lib/python3.12/site-packages/interfaces/interfaces_s__rosidl_typesupport_c.so
[2.696s] -- Up-to-date: /home/abdulrafi/Desktop/ROS2_Final_Project/kobuki_ws/install/interfaces/lib/libinterfaces__rosidl_generator_py.so
[2.710s] -- Up-to-date: /home/abdulrafi/Desktop/ROS2_Final_Project/kobuki_ws/install/interfaces/share/ament_index/resource_index/rust_packages/interfaces
[2.711s] -- Up-to-date: /home/abdulrafi/Desktop/ROS2_Final_Project/kobuki_ws/install/interfaces/share/interfaces/rust
[2.712s] -- Up-to-date: /home/abdulrafi/Desktop/ROS2_Final_Project/kobuki_ws/install/interfaces/share/interfaces/rust/build.rs
[2.726s] -- Up-to-date: /home/abdulrafi/Desktop/ROS2_Final_Project/kobuki_ws/install/interfaces/share/interfaces/rust/src
[2.727s] -- Up-to-date: /home/abdulrafi/Desktop/ROS2_Final_Project/kobuki_ws/install/interfaces/share/interfaces/rust/src/msg
[2.728s] -- Up-to-date: /home/abdulrafi/Desktop/ROS2_Final_Project/kobuki_ws/install/interfaces/share/interfaces/rust/src/msg/rmw.rs
[2.728s] -- Up-to-date: /home/abdulrafi/Desktop/ROS2_Final_Project/kobuki_ws/install/interfaces/share/interfaces/rust/src/action.rs
[2.728s] -- Up-to-date: /home/abdulrafi/Desktop/ROS2_Final_Project/kobuki_ws/install/interfaces/share/interfaces/rust/src/lib.rs
[2.729s] -- Up-to-date: /home/abdulrafi/Desktop/ROS2_Final_Project/kobuki_ws/install/interfaces/share/interfaces/rust/src/srv
[2.730s] -- Up-to-date: /home/abdulrafi/Desktop/ROS2_Final_Project/kobuki_ws/install/interfaces/share/interfaces/rust/src/srv/rmw.rs
[2.731s] -- Up-to-date: /home/abdulrafi/Desktop/ROS2_Final_Project/kobuki_ws/install/interfaces/share/interfaces/rust/src/srv.rs
[2.731s] -- Up-to-date: /home/abdulrafi/Desktop/ROS2_Final_Project/kobuki_ws/install/interfaces/share/interfaces/rust/src/msg.rs
[2.731s] -- Up-to-date: /home/abdulrafi/Desktop/ROS2_Final_Project/kobuki_ws/install/interfaces/share/interfaces/rust/src/action
[2.732s] -- Up-to-date: /home/abdulrafi/Desktop/ROS2_Final_Project/kobuki_ws/install/interfaces/share/interfaces/rust/src/action/rmw.rs
[2.732s] -- Up-to-date: /home/abdulrafi/Desktop/ROS2_Final_Project/kobuki_ws/install/interfaces/share/interfaces/rust/Cargo.toml
[2.743s] -- Up-to-date: /home/abdulrafi/Desktop/ROS2_Final_Project/kobuki_ws/install/interfaces/share/interfaces/msg/Position.idl
[2.746s] -- Up-to-date: /home/abdulrafi/Desktop/ROS2_Final_Project/kobuki_ws/install/interfaces/share/interfaces/srv/GetLastPositions.idl
[2.747s] -- Up-to-date: /home/abdulrafi/Desktop/ROS2_Final_Project/kobuki_ws/install/interfaces/share/interfaces/action/Navigation.idl
[2.747s] -- Up-to-date: /home/abdulrafi/Desktop/ROS2_Final_Project/kobuki_ws/install/interfaces/share/interfaces/msg/Position.msg
[2.747s] -- Up-to-date: /home/abdulrafi/Desktop/ROS2_Final_Project/kobuki_ws/install/interfaces/share/interfaces/srv/GetLastPositions.srv
[2.751s] -- Up-to-date: /home/abdulrafi/Desktop/ROS2_Final_Project/kobuki_ws/install/interfaces/share/interfaces/action/Navigation.action
[2.752s] -- Up-to-date: /home/abdulrafi/Desktop/ROS2_Final_Project/kobuki_ws/install/interfaces/share/ament_index/resource_index/package_run_dependencies/interfaces
[2.752s] -- Up-to-date: /home/abdulrafi/Desktop/ROS2_Final_Project/kobuki_ws/install/interfaces/share/ament_index/resource_index/parent_prefix_path/interfaces
[2.752s] -- Up-to-date: /home/abdulrafi/Desktop/ROS2_Final_Project/kobuki_ws/install/interfaces/share/interfaces/environment/ament_prefix_path.sh
[2.752s] -- Up-to-date: /home/abdulrafi/Desktop/ROS2_Final_Project/kobuki_ws/install/interfaces/share/interfaces/environment/ament_prefix_path.dsv
[2.753s] -- Up-to-date: /home/abdulrafi/Desktop/ROS2_Final_Project/kobuki_ws/install/interfaces/share/interfaces/environment/path.sh
[2.753s] -- Up-to-date: /home/abdulrafi/Desktop/ROS2_Final_Project/kobuki_ws/install/interfaces/share/interfaces/environment/path.dsv
[2.753s] -- Up-to-date: /home/abdulrafi/Desktop/ROS2_Final_Project/kobuki_ws/install/interfaces/share/interfaces/local_setup.bash
[2.753s] -- Up-to-date: /home/abdulrafi/Desktop/ROS2_Final_Project/kobuki_ws/install/interfaces/share/interfaces/local_setup.sh
[2.754s] -- Up-to-date: /home/abdulrafi/Desktop/ROS2_Final_Project/kobuki_ws/install/interfaces/share/interfaces/local_setup.zsh
[2.754s] -- Up-to-date: /home/abdulrafi/Desktop/ROS2_Final_Project/kobuki_ws/install/interfaces/share/interfaces/local_setup.dsv
[2.772s] -- Installing: /home/abdulrafi/Desktop/ROS2_Final_Project/kobuki_ws/install/interfaces/share/interfaces/package.dsv
[2.773s] -- Up-to-date: /home/abdulrafi/Desktop/ROS2_Final_Project/kobuki_ws/install/interfaces/share/ament_index/resource_index/packages/interfaces
[2.773s] -- Up-to-date: /home/abdulrafi/Desktop/ROS2_Final_Project/kobuki_ws/install/interfaces/share/interfaces/cmake/export_interfaces__rosidl_generator_cExport.cmake
[2.773s] -- Up-to-date: /home/abdulrafi/Desktop/ROS2_Final_Project/kobuki_ws/install/interfaces/share/interfaces/cmake/export_interfaces__rosidl_generator_cExport-noconfig.cmake
[2.774s] -- Up-to-date: /home/abdulrafi/Desktop/ROS2_Final_Project/kobuki_ws/install/interfaces/share/interfaces/cmake/export_interfaces__rosidl_typesupport_fastrtps_cExport.cmake
[2.774s] -- Up-to-date: /home/abdulrafi/Desktop/ROS2_Final_Project/kobuki_ws/install/interfaces/share/interfaces/cmake/export_interfaces__rosidl_typesupport_fastrtps_cExport-noconfig.cmake
[2.774s] -- Up-to-date: /home/abdulrafi/Desktop/ROS2_Final_Project/kobuki_ws/install/interfaces/share/interfaces/cmake/interfaces__rosidl_typesupport_introspection_cExport.cmake
[2.774s] -- Up-to-date: /home/abdulrafi/Desktop/ROS2_Final_Project/kobuki_ws/install/interfaces/share/interfaces/cmake/interfaces__rosidl_typesupport_introspection_cExport-noconfig.cmake
[2.775s] -- Up-to-date: /home/abdulrafi/Desktop/ROS2_Final_Project/kobuki_ws/install/interfaces/share/interfaces/cmake/interfaces__rosidl_typesupport_cExport.cmake
[2.775s] -- Up-to-date: /home/abdulrafi/Desktop/ROS2_Final_Project/kobuki_ws/install/interfaces/share/interfaces/cmake/interfaces__rosidl_typesupport_cExport-noconfig.cmake
[2.775s] -- Up-to-date: /home/abdulrafi/Desktop/ROS2_Final_Project/kobuki_ws/install/interfaces/share/interfaces/cmake/export_interfaces__rosidl_generator_cppExport.cmake
[2.776s] -- Up-to-date: /home/abdulrafi/Desktop/ROS2_Final_Project/kobuki_ws/install/interfaces/share/interfaces/cmake/export_interfaces__rosidl_typesupport_fastrtps_cppExport.cmake
[2.790s] -- Up-to-date: /home/abdulrafi/Desktop/ROS2_Final_Project/kobuki_ws/install/interfaces/share/interfaces/cmake/export_interfaces__rosidl_typesupport_fastrtps_cppExport-noconfig.cmake
[2.791s] -- Up-to-date: /home/abdulrafi/Desktop/ROS2_Final_Project/kobuki_ws/install/interfaces/share/interfaces/cmake/interfaces__rosidl_typesupport_introspection_cppExport.cmake
[2.791s] -- Up-to-date: /home/abdulrafi/Desktop/ROS2_Final_Project/kobuki_ws/install/interfaces/share/interfaces/cmake/interfaces__rosidl_typesupport_introspection_cppExport-noconfig.cmake
[2.791s] -- Up-to-date: /home/abdulrafi/Desktop/ROS2_Final_Project/kobuki_ws/install/interfaces/share/interfaces/cmake/interfaces__rosidl_typesupport_cppExport.cmake
[2.791s] -- Up-to-date: /home/abdulrafi/Desktop/ROS2_Final_Project/kobuki_ws/install/interfaces/share/interfaces/cmake/interfaces__rosidl_typesupport_cppExport-noconfig.cmake
[2.792s] -- Up-to-date: /home/abdulrafi/Desktop/ROS2_Final_Project/kobuki_ws/install/interfaces/share/interfaces/cmake/export_interfaces__rosidl_generator_pyExport.cmake
[2.792s] -- Up-to-date: /home/abdulrafi/Desktop/ROS2_Final_Project/kobuki_ws/install/interfaces/share/interfaces/cmake/export_interfaces__rosidl_generator_pyExport-noconfig.cmake
[2.792s] -- Up-to-date: /home/abdulrafi/Desktop/ROS2_Final_Project/kobuki_ws/install/interfaces/share/interfaces/cmake/rosidl_cmake-extras.cmake
[2.792s] -- Up-to-date: /home/abdulrafi/Desktop/ROS2_Final_Project/kobuki_ws/install/interfaces/share/interfaces/cmake/ament_cmake_export_dependencies-extras.cmake
[2.793s] -- Up-to-date: /home/abdulrafi/Desktop/ROS2_Final_Project/kobuki_ws/install/interfaces/share/interfaces/cmake/ament_cmake_export_include_directories-extras.cmake
[2.794s] -- Up-to-date: /home/abdulrafi/Desktop/ROS2_Final_Project/kobuki_ws/install/interfaces/share/interfaces/cmake/ament_cmake_export_libraries-extras.cmake
[2.800s] -- Up-to-date: /home/abdulrafi/Desktop/ROS2_Final_Project/kobuki_ws/install/interfaces/share/interfaces/cmake/ament_cmake_export_targets-extras.cmake
[2.801s] -- Up-to-date: /home/abdulrafi/Desktop/ROS2_Final_Project/kobuki_ws/install/interfaces/share/interfaces/cmake/rosidl_cmake_export_typesupport_targets-extras.cmake
[2.801s] -- Up-to-date: /home/abdulrafi/Desktop/ROS2_Final_Project/kobuki_ws/install/interfaces/share/interfaces/cmake/rosidl_cmake_export_typesupport_libraries-extras.cmake
[2.801s] -- Up-to-date: /home/abdulrafi/Desktop/ROS2_Final_Project/kobuki_ws/install/interfaces/share/interfaces/cmake/interfacesConfig.cmake
[2.802s] -- Up-to-date: /home/abdulrafi/Desktop/ROS2_Final_Project/kobuki_ws/install/interfaces/share/interfaces/cmake/interfacesConfig-version.cmake
[2.802s] -- Up-to-date: /home/abdulrafi/Desktop/ROS2_Final_Project/kobuki_ws/install/interfaces/share/interfaces/package.xml
[2.901s] Invoked command in '/home/abdulrafi/Desktop/ROS2_Final_Project/kobuki_ws/build/interfaces' returned '0': CMAKE_PREFIX_PATH=${CMAKE_PREFIX_PATH}:/home/abdulrafi/Desktop/ROS2_Final_Project/kobuki_ws/install/qbot_nav:/opt/ros/jazzy DEBUGINFOD_URLS=https://debuginfod.ubuntu.com /usr/bin/cmake --install /home/abdulrafi/Desktop/ROS2_Final_Project/kobuki_ws/build/interfaces
