[0.157s] Invoking command in '/home/abdulrafi/Desktop/ROS2_Final_Project/kobuki_ws/build/kobuki_core': AMENT_PREFIX_PATH=/home/abdulrafi/Desktop/ROS2_Final_Project/kobuki_ws/install/ecl_mobile_robot:/home/abdulrafi/Desktop/ROS2_Final_Project/kobuki_ws/install/ecl_geometry:/home/abdulrafi/Desktop/ROS2_Final_Project/kobuki_ws/install/ecl_devices:/home/abdulrafi/Desktop/ROS2_Final_Project/kobuki_ws/install/ecl_sigslots:/home/abdulrafi/Desktop/ROS2_Final_Project/kobuki_ws/install/ecl_linear_algebra:/home/abdulrafi/Desktop/ROS2_Final_Project/kobuki_ws/install/ecl_containers:/home/abdulrafi/Desktop/ROS2_Final_Project/kobuki_ws/install/ecl_threads:/home/abdulrafi/Desktop/ROS2_Final_Project/kobuki_ws/install/ecl_formatters:/home/abdulrafi/Desktop/ROS2_Final_Project/kobuki_ws/install/ecl_utilities:/home/abdulrafi/Desktop/ROS2_Final_Project/kobuki_ws/install/ecl_time:/home/abdulrafi/Desktop/ROS2_Final_Project/kobuki_ws/install/ecl_converters:/home/abdulrafi/Desktop/ROS2_Final_Project/kobuki_ws/install/ecl_time_lite:/home/abdulrafi/Desktop/ROS2_Final_Project/kobuki_ws/install/ecl_math:/home/abdulrafi/Desktop/ROS2_Final_Project/kobuki_ws/install/ecl_exceptions:/home/abdulrafi/Desktop/ROS2_Final_Project/kobuki_ws/install/ecl_concepts:/home/abdulrafi/Desktop/ROS2_Final_Project/kobuki_ws/install/ecl_type_traits:/home/abdulrafi/Desktop/ROS2_Final_Project/kobuki_ws/install/ecl_errors:/home/abdulrafi/Desktop/ROS2_Final_Project/kobuki_ws/install/ecl_console:/home/abdulrafi/Desktop/ROS2_Final_Project/kobuki_ws/install/ecl_mpl:/home/abdulrafi/Desktop/ROS2_Final_Project/kobuki_ws/install/ecl_eigen:/home/abdulrafi/Desktop/ROS2_Final_Project/kobuki_ws/install/ecl_config:/home/abdulrafi/Desktop/ROS2_Final_Project/kobuki_ws/install/ecl_command_line:${AMENT_PREFIX_PATH} CMAKE_PREFIX_PATH=/home/abdulrafi/Desktop/ROS2_Final_Project/kobuki_ws/install/ecl_mobile_robot:/home/abdulrafi/Desktop/ROS2_Final_Project/kobuki_ws/install/ecl_geometry:/home/abdulrafi/Desktop/ROS2_Final_Project/kobuki_ws/install/ecl_devices:/home/abdulrafi/Desktop/ROS2_Final_Project/kobuki_ws/install/ecl_sigslots:/home/abdulrafi/Desktop/ROS2_Final_Project/kobuki_ws/install/ecl_linear_algebra:/home/abdulrafi/Desktop/ROS2_Final_Project/kobuki_ws/install/ecl_containers:/home/abdulrafi/Desktop/ROS2_Final_Project/kobuki_ws/install/ecl_threads:/home/abdulrafi/Desktop/ROS2_Final_Project/kobuki_ws/install/ecl_formatters:/home/abdulrafi/Desktop/ROS2_Final_Project/kobuki_ws/install/ecl_utilities:/home/abdulrafi/Desktop/ROS2_Final_Project/kobuki_ws/install/ecl_time:/home/abdulrafi/Desktop/ROS2_Final_Project/kobuki_ws/install/ecl_converters:/home/abdulrafi/Desktop/ROS2_Final_Project/kobuki_ws/install/ecl_time_lite:/home/abdulrafi/Desktop/ROS2_Final_Project/kobuki_ws/install/ecl_math:/home/abdulrafi/Desktop/ROS2_Final_Project/kobuki_ws/install/ecl_exceptions:/home/abdulrafi/Desktop/ROS2_Final_Project/kobuki_ws/install/ecl_concepts:/home/abdulrafi/Desktop/ROS2_Final_Project/kobuki_ws/install/ecl_type_traits:/home/abdulrafi/Desktop/ROS2_Final_Project/kobuki_ws/install/ecl_errors:/home/abdulrafi/Desktop/ROS2_Final_Project/kobuki_ws/install/ecl_console:/home/abdulrafi/Desktop/ROS2_Final_Project/kobuki_ws/install/ecl_mpl:/home/abdulrafi/Desktop/ROS2_Final_Project/kobuki_ws/install/ecl_eigen:/home/abdulrafi/Desktop/ROS2_Final_Project/kobuki_ws/install/ecl_config:/home/abdulrafi/Desktop/ROS2_Final_Project/kobuki_ws/install/ecl_command_line:/opt/ros/jazzy/opt/gz_sim_vendor:/opt/ros/jazzy/opt/gz_sensors_vendor:/opt/ros/jazzy/opt/gz_physics_vendor:/opt/ros/jazzy/opt/sdformat_vendor:/opt/ros/jazzy/opt/gz_gui_vendor:/opt/ros/jazzy/opt/gz_transport_vendor:/opt/ros/jazzy/opt/gz_rendering_vendor:/opt/ros/jazzy/opt/gz_plugin_vendor:/opt/ros/jazzy/opt/gz_fuel_tools_vendor:/opt/ros/jazzy/opt/gz_msgs_vendor:/opt/ros/jazzy/opt/gz_common_vendor:/opt/ros/jazzy/opt/gz_math_vendor:/opt/ros/jazzy/opt/gz_utils_vendor:/opt/ros/jazzy/opt/gz_tools_vendor:/opt/ros/jazzy/opt/gz_ogre_next_vendor:/opt/ros/jazzy/opt/gz_dartsim_vendor:/opt/ros/jazzy/opt/gz_cmake_vendor:/opt/ros/jazzy DEBUGINFOD_URLS=https://debuginfod.ubuntu.com LD_LIBRARY_PATH=/home/abdulrafi/Desktop/ROS2_Final_Project/kobuki_ws/install/ecl_mobile_robot/lib:/home/abdulrafi/Desktop/ROS2_Final_Project/kobuki_ws/install/ecl_geometry/lib:/home/abdulrafi/Desktop/ROS2_Final_Project/kobuki_ws/install/ecl_devices/lib:/home/abdulrafi/Desktop/ROS2_Final_Project/kobuki_ws/install/ecl_linear_algebra/lib:/home/abdulrafi/Desktop/ROS2_Final_Project/kobuki_ws/install/ecl_threads/lib:/home/abdulrafi/Desktop/ROS2_Final_Project/kobuki_ws/install/ecl_formatters/lib:/home/abdulrafi/Desktop/ROS2_Final_Project/kobuki_ws/install/ecl_time/lib:/home/abdulrafi/Desktop/ROS2_Final_Project/kobuki_ws/install/ecl_time_lite/lib:/home/abdulrafi/Desktop/ROS2_Final_Project/kobuki_ws/install/ecl_exceptions/lib:/home/abdulrafi/Desktop/ROS2_Final_Project/kobuki_ws/install/ecl_type_traits/lib:/home/abdulrafi/Desktop/ROS2_Final_Project/kobuki_ws/install/ecl_errors/lib:${LD_LIBRARY_PATH} PATH=/home/abdulrafi/Desktop/ROS2_Final_Project/kobuki_ws/install/ecl_type_traits/bin:/home/abdulrafi/Desktop/ROS2_Final_Project/kobuki_ws/install/ecl_config/bin:${PATH} /usr/bin/cmake --build /home/abdulrafi/Desktop/ROS2_Final_Project/kobuki_ws/build/kobuki_core
[0.386s] [ 41%] Built target kobuki_core
[0.461s] [ 47%] Built target kobuki_core_demo_buttons
[0.558s] [ 52%] Built target kobuki_core_demo_chirp
[0.703s] [ 58%] Built target kobuki_core_demo_custom_logging
[0.812s] [ 64%] Built target kobuki_core_demo_data_stream
[0.889s] [ 70%] Built target kobuki_core_demo_log_levels
[0.975s] [ 76%] Built target kobuki_core_demo_raw_data_stream
[1.061s] [ 82%] Built target kobuki_core_demo_simple_loop
[1.119s] [ 88%] Built target kobuki_core_demo_velocity_commands
[1.200s] [ 94%] Built target kobuki_core_tool_version_info
[1.307s] [100%] Built target kobuki_core_tool_simple_keyop
[1.336s] Invoked command in '/home/abdulrafi/Desktop/ROS2_Final_Project/kobuki_ws/build/kobuki_core' returned '0': AMENT_PREFIX_PATH=/home/abdulrafi/Desktop/ROS2_Final_Project/kobuki_ws/install/ecl_mobile_robot:/home/abdulrafi/Desktop/ROS2_Final_Project/kobuki_ws/install/ecl_geometry:/home/abdulrafi/Desktop/ROS2_Final_Project/kobuki_ws/install/ecl_devices:/home/abdulrafi/Desktop/ROS2_Final_Project/kobuki_ws/install/ecl_sigslots:/home/abdulrafi/Desktop/ROS2_Final_Project/kobuki_ws/install/ecl_linear_algebra:/home/abdulrafi/Desktop/ROS2_Final_Project/kobuki_ws/install/ecl_containers:/home/abdulrafi/Desktop/ROS2_Final_Project/kobuki_ws/install/ecl_threads:/home/abdulrafi/Desktop/ROS2_Final_Project/kobuki_ws/install/ecl_formatters:/home/abdulrafi/Desktop/ROS2_Final_Project/kobuki_ws/install/ecl_utilities:/home/abdulrafi/Desktop/ROS2_Final_Project/kobuki_ws/install/ecl_time:/home/abdulrafi/Desktop/ROS2_Final_Project/kobuki_ws/install/ecl_converters:/home/abdulrafi/Desktop/ROS2_Final_Project/kobuki_ws/install/ecl_time_lite:/home/abdulrafi/Desktop/ROS2_Final_Project/kobuki_ws/install/ecl_math:/home/abdulrafi/Desktop/ROS2_Final_Project/kobuki_ws/install/ecl_exceptions:/home/abdulrafi/Desktop/ROS2_Final_Project/kobuki_ws/install/ecl_concepts:/home/abdulrafi/Desktop/ROS2_Final_Project/kobuki_ws/install/ecl_type_traits:/home/abdulrafi/Desktop/ROS2_Final_Project/kobuki_ws/install/ecl_errors:/home/abdulrafi/Desktop/ROS2_Final_Project/kobuki_ws/install/ecl_console:/home/abdulrafi/Desktop/ROS2_Final_Project/kobuki_ws/install/ecl_mpl:/home/abdulrafi/Desktop/ROS2_Final_Project/kobuki_ws/install/ecl_eigen:/home/abdulrafi/Desktop/ROS2_Final_Project/kobuki_ws/install/ecl_config:/home/abdulrafi/Desktop/ROS2_Final_Project/kobuki_ws/install/ecl_command_line:${AMENT_PREFIX_PATH} CMAKE_PREFIX_PATH=/home/abdulrafi/Desktop/ROS2_Final_Project/kobuki_ws/install/ecl_mobile_robot:/home/abdulrafi/Desktop/ROS2_Final_Project/kobuki_ws/install/ecl_geometry:/home/abdulrafi/Desktop/ROS2_Final_Project/kobuki_ws/install/ecl_devices:/home/abdulrafi/Desktop/ROS2_Final_Project/kobuki_ws/install/ecl_sigslots:/home/abdulrafi/Desktop/ROS2_Final_Project/kobuki_ws/install/ecl_linear_algebra:/home/abdulrafi/Desktop/ROS2_Final_Project/kobuki_ws/install/ecl_containers:/home/abdulrafi/Desktop/ROS2_Final_Project/kobuki_ws/install/ecl_threads:/home/abdulrafi/Desktop/ROS2_Final_Project/kobuki_ws/install/ecl_formatters:/home/abdulrafi/Desktop/ROS2_Final_Project/kobuki_ws/install/ecl_utilities:/home/abdulrafi/Desktop/ROS2_Final_Project/kobuki_ws/install/ecl_time:/home/abdulrafi/Desktop/ROS2_Final_Project/kobuki_ws/install/ecl_converters:/home/abdulrafi/Desktop/ROS2_Final_Project/kobuki_ws/install/ecl_time_lite:/home/abdulrafi/Desktop/ROS2_Final_Project/kobuki_ws/install/ecl_math:/home/abdulrafi/Desktop/ROS2_Final_Project/kobuki_ws/install/ecl_exceptions:/home/abdulrafi/Desktop/ROS2_Final_Project/kobuki_ws/install/ecl_concepts:/home/abdulrafi/Desktop/ROS2_Final_Project/kobuki_ws/install/ecl_type_traits:/home/abdulrafi/Desktop/ROS2_Final_Project/kobuki_ws/install/ecl_errors:/home/abdulrafi/Desktop/ROS2_Final_Project/kobuki_ws/install/ecl_console:/home/abdulrafi/Desktop/ROS2_Final_Project/kobuki_ws/install/ecl_mpl:/home/abdulrafi/Desktop/ROS2_Final_Project/kobuki_ws/install/ecl_eigen:/home/abdulrafi/Desktop/ROS2_Final_Project/kobuki_ws/install/ecl_config:/home/abdulrafi/Desktop/ROS2_Final_Project/kobuki_ws/install/ecl_command_line:/opt/ros/jazzy/opt/gz_sim_vendor:/opt/ros/jazzy/opt/gz_sensors_vendor:/opt/ros/jazzy/opt/gz_physics_vendor:/opt/ros/jazzy/opt/sdformat_vendor:/opt/ros/jazzy/opt/gz_gui_vendor:/opt/ros/jazzy/opt/gz_transport_vendor:/opt/ros/jazzy/opt/gz_rendering_vendor:/opt/ros/jazzy/opt/gz_plugin_vendor:/opt/ros/jazzy/opt/gz_fuel_tools_vendor:/opt/ros/jazzy/opt/gz_msgs_vendor:/opt/ros/jazzy/opt/gz_common_vendor:/opt/ros/jazzy/opt/gz_math_vendor:/opt/ros/jazzy/opt/gz_utils_vendor:/opt/ros/jazzy/opt/gz_tools_vendor:/opt/ros/jazzy/opt/gz_ogre_next_vendor:/opt/ros/jazzy/opt/gz_dartsim_vendor:/opt/ros/jazzy/opt/gz_cmake_vendor:/opt/ros/jazzy DEBUGINFOD_URLS=https://debuginfod.ubuntu.com LD_LIBRARY_PATH=/home/abdulrafi/Desktop/ROS2_Final_Project/kobuki_ws/install/ecl_mobile_robot/lib:/home/abdulrafi/Desktop/ROS2_Final_Project/kobuki_ws/install/ecl_geometry/lib:/home/abdulrafi/Desktop/ROS2_Final_Project/kobuki_ws/install/ecl_devices/lib:/home/abdulrafi/Desktop/ROS2_Final_Project/kobuki_ws/install/ecl_linear_algebra/lib:/home/abdulrafi/Desktop/ROS2_Final_Project/kobuki_ws/install/ecl_threads/lib:/home/abdulrafi/Desktop/ROS2_Final_Project/kobuki_ws/install/ecl_formatters/lib:/home/abdulrafi/Desktop/ROS2_Final_Project/kobuki_ws/install/ecl_time/lib:/home/abdulrafi/Desktop/ROS2_Final_Project/kobuki_ws/install/ecl_time_lite/lib:/home/abdulrafi/Desktop/ROS2_Final_Project/kobuki_ws/install/ecl_exceptions/lib:/home/abdulrafi/Desktop/ROS2_Final_Project/kobuki_ws/install/ecl_type_traits/lib:/home/abdulrafi/Desktop/ROS2_Final_Project/kobuki_ws/install/ecl_errors/lib:${LD_LIBRARY_PATH} PATH=/home/abdulrafi/Desktop/ROS2_Final_Project/kobuki_ws/install/ecl_type_traits/bin:/home/abdulrafi/Desktop/ROS2_Final_Project/kobuki_ws/install/ecl_config/bin:${PATH} /usr/bin/cmake --build /home/abdulrafi/Desktop/ROS2_Final_Project/kobuki_ws/build/kobuki_core
[1.389s] Invoking command in '/home/abdulrafi/Desktop/ROS2_Final_Project/kobuki_ws/build/kobuki_core': AMENT_PREFIX_PATH=/home/abdulrafi/Desktop/ROS2_Final_Project/kobuki_ws/install/ecl_mobile_robot:/home/abdulrafi/Desktop/ROS2_Final_Project/kobuki_ws/install/ecl_geometry:/home/abdulrafi/Desktop/ROS2_Final_Project/kobuki_ws/install/ecl_devices:/home/abdulrafi/Desktop/ROS2_Final_Project/kobuki_ws/install/ecl_sigslots:/home/abdulrafi/Desktop/ROS2_Final_Project/kobuki_ws/install/ecl_linear_algebra:/home/abdulrafi/Desktop/ROS2_Final_Project/kobuki_ws/install/ecl_containers:/home/abdulrafi/Desktop/ROS2_Final_Project/kobuki_ws/install/ecl_threads:/home/abdulrafi/Desktop/ROS2_Final_Project/kobuki_ws/install/ecl_formatters:/home/abdulrafi/Desktop/ROS2_Final_Project/kobuki_ws/install/ecl_utilities:/home/abdulrafi/Desktop/ROS2_Final_Project/kobuki_ws/install/ecl_time:/home/abdulrafi/Desktop/ROS2_Final_Project/kobuki_ws/install/ecl_converters:/home/abdulrafi/Desktop/ROS2_Final_Project/kobuki_ws/install/ecl_time_lite:/home/abdulrafi/Desktop/ROS2_Final_Project/kobuki_ws/install/ecl_math:/home/abdulrafi/Desktop/ROS2_Final_Project/kobuki_ws/install/ecl_exceptions:/home/abdulrafi/Desktop/ROS2_Final_Project/kobuki_ws/install/ecl_concepts:/home/abdulrafi/Desktop/ROS2_Final_Project/kobuki_ws/install/ecl_type_traits:/home/abdulrafi/Desktop/ROS2_Final_Project/kobuki_ws/install/ecl_errors:/home/abdulrafi/Desktop/ROS2_Final_Project/kobuki_ws/install/ecl_console:/home/abdulrafi/Desktop/ROS2_Final_Project/kobuki_ws/install/ecl_mpl:/home/abdulrafi/Desktop/ROS2_Final_Project/kobuki_ws/install/ecl_eigen:/home/abdulrafi/Desktop/ROS2_Final_Project/kobuki_ws/install/ecl_config:/home/abdulrafi/Desktop/ROS2_Final_Project/kobuki_ws/install/ecl_command_line:${AMENT_PREFIX_PATH} CMAKE_PREFIX_PATH=/home/abdulrafi/Desktop/ROS2_Final_Project/kobuki_ws/install/ecl_mobile_robot:/home/abdulrafi/Desktop/ROS2_Final_Project/kobuki_ws/install/ecl_geometry:/home/abdulrafi/Desktop/ROS2_Final_Project/kobuki_ws/install/ecl_devices:/home/abdulrafi/Desktop/ROS2_Final_Project/kobuki_ws/install/ecl_sigslots:/home/abdulrafi/Desktop/ROS2_Final_Project/kobuki_ws/install/ecl_linear_algebra:/home/abdulrafi/Desktop/ROS2_Final_Project/kobuki_ws/install/ecl_containers:/home/abdulrafi/Desktop/ROS2_Final_Project/kobuki_ws/install/ecl_threads:/home/abdulrafi/Desktop/ROS2_Final_Project/kobuki_ws/install/ecl_formatters:/home/abdulrafi/Desktop/ROS2_Final_Project/kobuki_ws/install/ecl_utilities:/home/abdulrafi/Desktop/ROS2_Final_Project/kobuki_ws/install/ecl_time:/home/abdulrafi/Desktop/ROS2_Final_Project/kobuki_ws/install/ecl_converters:/home/abdulrafi/Desktop/ROS2_Final_Project/kobuki_ws/install/ecl_time_lite:/home/abdulrafi/Desktop/ROS2_Final_Project/kobuki_ws/install/ecl_math:/home/abdulrafi/Desktop/ROS2_Final_Project/kobuki_ws/install/ecl_exceptions:/home/abdulrafi/Desktop/ROS2_Final_Project/kobuki_ws/install/ecl_concepts:/home/abdulrafi/Desktop/ROS2_Final_Project/kobuki_ws/install/ecl_type_traits:/home/abdulrafi/Desktop/ROS2_Final_Project/kobuki_ws/install/ecl_errors:/home/abdulrafi/Desktop/ROS2_Final_Project/kobuki_ws/install/ecl_console:/home/abdulrafi/Desktop/ROS2_Final_Project/kobuki_ws/install/ecl_mpl:/home/abdulrafi/Desktop/ROS2_Final_Project/kobuki_ws/install/ecl_eigen:/home/abdulrafi/Desktop/ROS2_Final_Project/kobuki_ws/install/ecl_config:/home/abdulrafi/Desktop/ROS2_Final_Project/kobuki_ws/install/ecl_command_line:/opt/ros/jazzy/opt/gz_sim_vendor:/opt/ros/jazzy/opt/gz_sensors_vendor:/opt/ros/jazzy/opt/gz_physics_vendor:/opt/ros/jazzy/opt/sdformat_vendor:/opt/ros/jazzy/opt/gz_gui_vendor:/opt/ros/jazzy/opt/gz_transport_vendor:/opt/ros/jazzy/opt/gz_rendering_vendor:/opt/ros/jazzy/opt/gz_plugin_vendor:/opt/ros/jazzy/opt/gz_fuel_tools_vendor:/opt/ros/jazzy/opt/gz_msgs_vendor:/opt/ros/jazzy/opt/gz_common_vendor:/opt/ros/jazzy/opt/gz_math_vendor:/opt/ros/jazzy/opt/gz_utils_vendor:/opt/ros/jazzy/opt/gz_tools_vendor:/opt/ros/jazzy/opt/gz_ogre_next_vendor:/opt/ros/jazzy/opt/gz_dartsim_vendor:/opt/ros/jazzy/opt/gz_cmake_vendor:/opt/ros/jazzy DEBUGINFOD_URLS=https://debuginfod.ubuntu.com LD_LIBRARY_PATH=/home/abdulrafi/Desktop/ROS2_Final_Project/kobuki_ws/install/ecl_mobile_robot/lib:/home/abdulrafi/Desktop/ROS2_Final_Project/kobuki_ws/install/ecl_geometry/lib:/home/abdulrafi/Desktop/ROS2_Final_Project/kobuki_ws/install/ecl_devices/lib:/home/abdulrafi/Desktop/ROS2_Final_Project/kobuki_ws/install/ecl_linear_algebra/lib:/home/abdulrafi/Desktop/ROS2_Final_Project/kobuki_ws/install/ecl_threads/lib:/home/abdulrafi/Desktop/ROS2_Final_Project/kobuki_ws/install/ecl_formatters/lib:/home/abdulrafi/Desktop/ROS2_Final_Project/kobuki_ws/install/ecl_time/lib:/home/abdulrafi/Desktop/ROS2_Final_Project/kobuki_ws/install/ecl_time_lite/lib:/home/abdulrafi/Desktop/ROS2_Final_Project/kobuki_ws/install/ecl_exceptions/lib:/home/abdulrafi/Desktop/ROS2_Final_Project/kobuki_ws/install/ecl_type_traits/lib:/home/abdulrafi/Desktop/ROS2_Final_Project/kobuki_ws/install/ecl_errors/lib:${LD_LIBRARY_PATH} PATH=/home/abdulrafi/Desktop/ROS2_Final_Project/kobuki_ws/install/ecl_type_traits/bin:/home/abdulrafi/Desktop/ROS2_Final_Project/kobuki_ws/install/ecl_config/bin:${PATH} /usr/bin/cmake --install /home/abdulrafi/Desktop/ROS2_Final_Project/kobuki_ws/build/kobuki_core
[1.422s] -- Install configuration: ""
[1.424s] -- Up-to-date: /home/abdulrafi/Desktop/ROS2_Final_Project/kobuki_ws/install/kobuki_core/include
[1.424s] -- Up-to-date: /home/abdulrafi/Desktop/ROS2_Final_Project/kobuki_ws/install/kobuki_core/include/kobuki_core
[1.430s] -- Up-to-date: /home/abdulrafi/Desktop/ROS2_Final_Project/kobuki_ws/install/kobuki_core/include/kobuki_core/macros.hpp
[1.430s] -- Up-to-date: /home/abdulrafi/Desktop/ROS2_Final_Project/kobuki_ws/install/kobuki_core/include/kobuki_core/event_manager.hpp
[1.430s] -- Up-to-date: /home/abdulrafi/Desktop/ROS2_Final_Project/kobuki_ws/install/kobuki_core/include/kobuki_core/dock_drive.hpp
[1.430s] -- Up-to-date: /home/abdulrafi/Desktop/ROS2_Final_Project/kobuki_ws/install/kobuki_core/include/kobuki_core/packet_handler
[1.430s] -- Up-to-date: /home/abdulrafi/Desktop/ROS2_Final_Project/kobuki_ws/install/kobuki_core/include/kobuki_core/packet_handler/payload_base.hpp
[1.438s] -- Up-to-date: /home/abdulrafi/Desktop/ROS2_Final_Project/kobuki_ws/install/kobuki_core/include/kobuki_core/packet_handler/payload_headers.hpp
[1.439s] -- Up-to-date: /home/abdulrafi/Desktop/ROS2_Final_Project/kobuki_ws/install/kobuki_core/include/kobuki_core/packet_handler/packet_finder.hpp
[1.439s] -- Up-to-date: /home/abdulrafi/Desktop/ROS2_Final_Project/kobuki_ws/install/kobuki_core/include/kobuki_core/version_info.hpp
[1.439s] -- Up-to-date: /home/abdulrafi/Desktop/ROS2_Final_Project/kobuki_ws/install/kobuki_core/include/kobuki_core/logging.hpp
[1.439s] -- Up-to-date: /home/abdulrafi/Desktop/ROS2_Final_Project/kobuki_ws/install/kobuki_core/include/kobuki_core/command.hpp
[1.439s] -- Up-to-date: /home/abdulrafi/Desktop/ROS2_Final_Project/kobuki_ws/install/kobuki_core/include/kobuki_core/packets
[1.439s] -- Up-to-date: /home/abdulrafi/Desktop/ROS2_Final_Project/kobuki_ws/install/kobuki_core/include/kobuki_core/packets/dock_ir.hpp
[1.439s] -- Up-to-date: /home/abdulrafi/Desktop/ROS2_Final_Project/kobuki_ws/install/kobuki_core/include/kobuki_core/packets/controller_info.hpp
[1.439s] -- Up-to-date: /home/abdulrafi/Desktop/ROS2_Final_Project/kobuki_ws/install/kobuki_core/include/kobuki_core/packets/gp_input.hpp
[1.447s] -- Up-to-date: /home/abdulrafi/Desktop/ROS2_Final_Project/kobuki_ws/install/kobuki_core/include/kobuki_core/packets/eeprom.hpp
[1.448s] -- Up-to-date: /home/abdulrafi/Desktop/ROS2_Final_Project/kobuki_ws/install/kobuki_core/include/kobuki_core/packets/unique_device_id.hpp
[1.448s] -- Up-to-date: /home/abdulrafi/Desktop/ROS2_Final_Project/kobuki_ws/install/kobuki_core/include/kobuki_core/packets/hardware.hpp
[1.448s] -- Up-to-date: /home/abdulrafi/Desktop/ROS2_Final_Project/kobuki_ws/install/kobuki_core/include/kobuki_core/packets/three_axis_gyro.hpp
[1.448s] -- Up-to-date: /home/abdulrafi/Desktop/ROS2_Final_Project/kobuki_ws/install/kobuki_core/include/kobuki_core/packets/current.hpp
[1.448s] -- Up-to-date: /home/abdulrafi/Desktop/ROS2_Final_Project/kobuki_ws/install/kobuki_core/include/kobuki_core/packets/cliff.hpp
[1.448s] -- Up-to-date: /home/abdulrafi/Desktop/ROS2_Final_Project/kobuki_ws/install/kobuki_core/include/kobuki_core/packets/inertia.hpp
[1.448s] -- Up-to-date: /home/abdulrafi/Desktop/ROS2_Final_Project/kobuki_ws/install/kobuki_core/include/kobuki_core/packets/firmware.hpp
[1.448s] -- Up-to-date: /home/abdulrafi/Desktop/ROS2_Final_Project/kobuki_ws/install/kobuki_core/include/kobuki_core/packets/core_sensors.hpp
[1.449s] -- Up-to-date: /home/abdulrafi/Desktop/ROS2_Final_Project/kobuki_ws/install/kobuki_core/include/kobuki_core/kobuki.hpp
[1.449s] -- Up-to-date: /home/abdulrafi/Desktop/ROS2_Final_Project/kobuki_ws/install/kobuki_core/include/kobuki_core/modules.hpp
[1.449s] -- Up-to-date: /home/abdulrafi/Desktop/ROS2_Final_Project/kobuki_ws/install/kobuki_core/include/kobuki_core/modules
[1.454s] -- Up-to-date: /home/abdulrafi/Desktop/ROS2_Final_Project/kobuki_ws/install/kobuki_core/include/kobuki_core/modules/led_array.hpp
[1.455s] -- Up-to-date: /home/abdulrafi/Desktop/ROS2_Final_Project/kobuki_ws/install/kobuki_core/include/kobuki_core/modules/sound.hpp
[1.455s] -- Up-to-date: /home/abdulrafi/Desktop/ROS2_Final_Project/kobuki_ws/install/kobuki_core/include/kobuki_core/modules/diff_drive.hpp
[1.455s] -- Up-to-date: /home/abdulrafi/Desktop/ROS2_Final_Project/kobuki_ws/install/kobuki_core/include/kobuki_core/modules/acceleration_limiter.hpp
[1.455s] -- Up-to-date: /home/abdulrafi/Desktop/ROS2_Final_Project/kobuki_ws/install/kobuki_core/include/kobuki_core/modules/battery.hpp
[1.455s] -- Up-to-date: /home/abdulrafi/Desktop/ROS2_Final_Project/kobuki_ws/install/kobuki_core/include/kobuki_core/modules/digital_output.hpp
[1.455s] -- Up-to-date: /home/abdulrafi/Desktop/ROS2_Final_Project/kobuki_ws/install/kobuki_core/include/kobuki_core/parameters.hpp
[1.455s] -- Up-to-date: /home/abdulrafi/Desktop/ROS2_Final_Project/kobuki_ws/install/kobuki_core/include/kobuki_core/packets.hpp
[1.464s] -- Up-to-date: /home/abdulrafi/Desktop/ROS2_Final_Project/kobuki_ws/install/kobuki_core/include/CMakeLists.txt
[1.470s] -- Up-to-date: /home/abdulrafi/Desktop/ROS2_Final_Project/kobuki_ws/install/kobuki_core/share/kobuki_core/environment/library_path.sh
[1.470s] -- Up-to-date: /home/abdulrafi/Desktop/ROS2_Final_Project/kobuki_ws/install/kobuki_core/share/kobuki_core/environment/library_path.dsv
[1.471s] -- Up-to-date: /home/abdulrafi/Desktop/ROS2_Final_Project/kobuki_ws/install/kobuki_core/share/ament_index/resource_index/package_run_dependencies/kobuki_core
[1.471s] -- Up-to-date: /home/abdulrafi/Desktop/ROS2_Final_Project/kobuki_ws/install/kobuki_core/share/ament_index/resource_index/parent_prefix_path/kobuki_core
[1.472s] -- Up-to-date: /home/abdulrafi/Desktop/ROS2_Final_Project/kobuki_ws/install/kobuki_core/share/kobuki_core/environment/ament_prefix_path.sh
[1.472s] -- Up-to-date: /home/abdulrafi/Desktop/ROS2_Final_Project/kobuki_ws/install/kobuki_core/share/kobuki_core/environment/ament_prefix_path.dsv
[1.473s] -- Up-to-date: /home/abdulrafi/Desktop/ROS2_Final_Project/kobuki_ws/install/kobuki_core/share/kobuki_core/environment/path.sh
[1.473s] -- Up-to-date: /home/abdulrafi/Desktop/ROS2_Final_Project/kobuki_ws/install/kobuki_core/share/kobuki_core/environment/path.dsv
[1.473s] -- Up-to-date: /home/abdulrafi/Desktop/ROS2_Final_Project/kobuki_ws/install/kobuki_core/share/kobuki_core/local_setup.bash
[1.473s] -- Up-to-date: /home/abdulrafi/Desktop/ROS2_Final_Project/kobuki_ws/install/kobuki_core/share/kobuki_core/local_setup.sh
[1.473s] -- Up-to-date: /home/abdulrafi/Desktop/ROS2_Final_Project/kobuki_ws/install/kobuki_core/share/kobuki_core/local_setup.zsh
[1.473s] -- Up-to-date: /home/abdulrafi/Desktop/ROS2_Final_Project/kobuki_ws/install/kobuki_core/share/kobuki_core/local_setup.dsv
[1.474s] -- Installing: /home/abdulrafi/Desktop/ROS2_Final_Project/kobuki_ws/install/kobuki_core/share/kobuki_core/package.dsv
[1.474s] -- Up-to-date: /home/abdulrafi/Desktop/ROS2_Final_Project/kobuki_ws/install/kobuki_core/share/ament_index/resource_index/packages/kobuki_core
[1.476s] -- Up-to-date: /home/abdulrafi/Desktop/ROS2_Final_Project/kobuki_ws/install/kobuki_core/share/kobuki_core/cmake/kobuki_coreExport.cmake
[1.476s] -- Up-to-date: /home/abdulrafi/Desktop/ROS2_Final_Project/kobuki_ws/install/kobuki_core/share/kobuki_core/cmake/kobuki_coreExport-noconfig.cmake
[1.476s] -- Up-to-date: /home/abdulrafi/Desktop/ROS2_Final_Project/kobuki_ws/install/kobuki_core/share/kobuki_core/cmake/ament_cmake_export_targets-extras.cmake
[1.476s] -- Up-to-date: /home/abdulrafi/Desktop/ROS2_Final_Project/kobuki_ws/install/kobuki_core/share/kobuki_core/cmake/ament_cmake_export_dependencies-extras.cmake
[1.477s] -- Up-to-date: /home/abdulrafi/Desktop/ROS2_Final_Project/kobuki_ws/install/kobuki_core/share/kobuki_core/cmake/ament_cmake_export_include_directories-extras.cmake
[1.477s] -- Up-to-date: /home/abdulrafi/Desktop/ROS2_Final_Project/kobuki_ws/install/kobuki_core/share/kobuki_core/cmake/ament_cmake_export_libraries-extras.cmake
[1.477s] -- Up-to-date: /home/abdulrafi/Desktop/ROS2_Final_Project/kobuki_ws/install/kobuki_core/share/kobuki_core/cmake/kobuki_coreConfig.cmake
[1.477s] -- Up-to-date: /home/abdulrafi/Desktop/ROS2_Final_Project/kobuki_ws/install/kobuki_core/share/kobuki_core/cmake/kobuki_coreConfig-version.cmake
[1.477s] -- Up-to-date: /home/abdulrafi/Desktop/ROS2_Final_Project/kobuki_ws/install/kobuki_core/share/kobuki_core/package.xml
[1.477s] -- Up-to-date: /home/abdulrafi/Desktop/ROS2_Final_Project/kobuki_ws/install/kobuki_core/include/kobuki_core
[1.477s] -- Up-to-date: /home/abdulrafi/Desktop/ROS2_Final_Project/kobuki_ws/install/kobuki_core/include/kobuki_core/macros.hpp
[1.478s] -- Up-to-date: /home/abdulrafi/Desktop/ROS2_Final_Project/kobuki_ws/install/kobuki_core/include/kobuki_core/event_manager.hpp
[1.478s] -- Up-to-date: /home/abdulrafi/Desktop/ROS2_Final_Project/kobuki_ws/install/kobuki_core/include/kobuki_core/dock_drive.hpp
[1.478s] -- Up-to-date: /home/abdulrafi/Desktop/ROS2_Final_Project/kobuki_ws/install/kobuki_core/include/kobuki_core/packet_handler
[1.478s] -- Up-to-date: /home/abdulrafi/Desktop/ROS2_Final_Project/kobuki_ws/install/kobuki_core/include/kobuki_core/packet_handler/payload_base.hpp
[1.478s] -- Up-to-date: /home/abdulrafi/Desktop/ROS2_Final_Project/kobuki_ws/install/kobuki_core/include/kobuki_core/packet_handler/payload_headers.hpp
[1.479s] -- Up-to-date: /home/abdulrafi/Desktop/ROS2_Final_Project/kobuki_ws/install/kobuki_core/include/kobuki_core/packet_handler/packet_finder.hpp
[1.479s] -- Up-to-date: /home/abdulrafi/Desktop/ROS2_Final_Project/kobuki_ws/install/kobuki_core/include/kobuki_core/version_info.hpp
[1.479s] -- Up-to-date: /home/abdulrafi/Desktop/ROS2_Final_Project/kobuki_ws/install/kobuki_core/include/kobuki_core/logging.hpp
[1.479s] -- Up-to-date: /home/abdulrafi/Desktop/ROS2_Final_Project/kobuki_ws/install/kobuki_core/include/kobuki_core/command.hpp
[1.479s] -- Up-to-date: /home/abdulrafi/Desktop/ROS2_Final_Project/kobuki_ws/install/kobuki_core/include/kobuki_core/packets
[1.479s] -- Up-to-date: /home/abdulrafi/Desktop/ROS2_Final_Project/kobuki_ws/install/kobuki_core/include/kobuki_core/packets/dock_ir.hpp
[1.479s] -- Up-to-date: /home/abdulrafi/Desktop/ROS2_Final_Project/kobuki_ws/install/kobuki_core/include/kobuki_core/packets/controller_info.hpp
[1.479s] -- Up-to-date: /home/abdulrafi/Desktop/ROS2_Final_Project/kobuki_ws/install/kobuki_core/include/kobuki_core/packets/gp_input.hpp
[1.480s] -- Up-to-date: /home/abdulrafi/Desktop/ROS2_Final_Project/kobuki_ws/install/kobuki_core/include/kobuki_core/packets/eeprom.hpp
[1.480s] -- Up-to-date: /home/abdulrafi/Desktop/ROS2_Final_Project/kobuki_ws/install/kobuki_core/include/kobuki_core/packets/unique_device_id.hpp
[1.480s] -- Up-to-date: /home/abdulrafi/Desktop/ROS2_Final_Project/kobuki_ws/install/kobuki_core/include/kobuki_core/packets/hardware.hpp
[1.480s] -- Up-to-date: /home/abdulrafi/Desktop/ROS2_Final_Project/kobuki_ws/install/kobuki_core/include/kobuki_core/packets/three_axis_gyro.hpp
[1.480s] -- Up-to-date: /home/abdulrafi/Desktop/ROS2_Final_Project/kobuki_ws/install/kobuki_core/include/kobuki_core/packets/current.hpp
[1.480s] -- Up-to-date: /home/abdulrafi/Desktop/ROS2_Final_Project/kobuki_ws/install/kobuki_core/include/kobuki_core/packets/cliff.hpp
[1.480s] -- Up-to-date: /home/abdulrafi/Desktop/ROS2_Final_Project/kobuki_ws/install/kobuki_core/include/kobuki_core/packets/inertia.hpp
[1.480s] -- Up-to-date: /home/abdulrafi/Desktop/ROS2_Final_Project/kobuki_ws/install/kobuki_core/include/kobuki_core/packets/firmware.hpp
[1.480s] -- Up-to-date: /home/abdulrafi/Desktop/ROS2_Final_Project/kobuki_ws/install/kobuki_core/include/kobuki_core/packets/core_sensors.hpp
[1.481s] -- Up-to-date: /home/abdulrafi/Desktop/ROS2_Final_Project/kobuki_ws/install/kobuki_core/include/kobuki_core/kobuki.hpp
[1.481s] -- Up-to-date: /home/abdulrafi/Desktop/ROS2_Final_Project/kobuki_ws/install/kobuki_core/include/kobuki_core/modules.hpp
[1.481s] -- Up-to-date: /home/abdulrafi/Desktop/ROS2_Final_Project/kobuki_ws/install/kobuki_core/include/kobuki_core/modules
[1.481s] -- Up-to-date: /home/abdulrafi/Desktop/ROS2_Final_Project/kobuki_ws/install/kobuki_core/include/kobuki_core/modules/led_array.hpp
[1.481s] -- Up-to-date: /home/abdulrafi/Desktop/ROS2_Final_Project/kobuki_ws/install/kobuki_core/include/kobuki_core/modules/sound.hpp
[1.481s] -- Up-to-date: /home/abdulrafi/Desktop/ROS2_Final_Project/kobuki_ws/install/kobuki_core/include/kobuki_core/modules/diff_drive.hpp
[1.481s] -- Up-to-date: /home/abdulrafi/Desktop/ROS2_Final_Project/kobuki_ws/install/kobuki_core/include/kobuki_core/modules/acceleration_limiter.hpp
[1.482s] -- Up-to-date: /home/abdulrafi/Desktop/ROS2_Final_Project/kobuki_ws/install/kobuki_core/include/kobuki_core/modules/battery.hpp
[1.482s] -- Up-to-date: /home/abdulrafi/Desktop/ROS2_Final_Project/kobuki_ws/install/kobuki_core/include/kobuki_core/modules/digital_output.hpp
[1.482s] -- Up-to-date: /home/abdulrafi/Desktop/ROS2_Final_Project/kobuki_ws/install/kobuki_core/include/kobuki_core/parameters.hpp
[1.482s] -- Up-to-date: /home/abdulrafi/Desktop/ROS2_Final_Project/kobuki_ws/install/kobuki_core/include/kobuki_core/packets.hpp
[1.482s] -- Up-to-date: /home/abdulrafi/Desktop/ROS2_Final_Project/kobuki_ws/install/kobuki_core/lib/libkobuki_core.so.1.4.0
[1.482s] -- Up-to-date: /home/abdulrafi/Desktop/ROS2_Final_Project/kobuki_ws/install/kobuki_core/lib/libkobuki_core.so
[1.483s] -- Up-to-date: /home/abdulrafi/Desktop/ROS2_Final_Project/kobuki_ws/install/kobuki_core/lib/kobuki_core/demo_buttons
[1.485s] -- Up-to-date: /home/abdulrafi/Desktop/ROS2_Final_Project/kobuki_ws/install/kobuki_core/lib/kobuki_core/demo_chirp
[1.486s] -- Up-to-date: /home/abdulrafi/Desktop/ROS2_Final_Project/kobuki_ws/install/kobuki_core/lib/kobuki_core/demo_custom_logging
[1.488s] -- Up-to-date: /home/abdulrafi/Desktop/ROS2_Final_Project/kobuki_ws/install/kobuki_core/lib/kobuki_core/demo_data_stream
[1.489s] -- Up-to-date: /home/abdulrafi/Desktop/ROS2_Final_Project/kobuki_ws/install/kobuki_core/lib/kobuki_core/demo_log_levels
[1.491s] -- Up-to-date: /home/abdulrafi/Desktop/ROS2_Final_Project/kobuki_ws/install/kobuki_core/lib/kobuki_core/demo_raw_data_stream
[1.492s] -- Up-to-date: /home/abdulrafi/Desktop/ROS2_Final_Project/kobuki_ws/install/kobuki_core/lib/kobuki_core/demo_simple_loop
[1.494s] -- Up-to-date: /home/abdulrafi/Desktop/ROS2_Final_Project/kobuki_ws/install/kobuki_core/lib/kobuki_core/demo_velocity_commands
[1.496s] -- Up-to-date: /home/abdulrafi/Desktop/ROS2_Final_Project/kobuki_ws/install/kobuki_core/bin/kobuki-version-info
[1.498s] -- Up-to-date: /home/abdulrafi/Desktop/ROS2_Final_Project/kobuki_ws/install/kobuki_core/bin/kobuki-simple-keyop
[1.505s] Invoked command in '/home/abdulrafi/Desktop/ROS2_Final_Project/kobuki_ws/build/kobuki_core' returned '0': AMENT_PREFIX_PATH=/home/abdulrafi/Desktop/ROS2_Final_Project/kobuki_ws/install/ecl_mobile_robot:/home/abdulrafi/Desktop/ROS2_Final_Project/kobuki_ws/install/ecl_geometry:/home/abdulrafi/Desktop/ROS2_Final_Project/kobuki_ws/install/ecl_devices:/home/abdulrafi/Desktop/ROS2_Final_Project/kobuki_ws/install/ecl_sigslots:/home/abdulrafi/Desktop/ROS2_Final_Project/kobuki_ws/install/ecl_linear_algebra:/home/abdulrafi/Desktop/ROS2_Final_Project/kobuki_ws/install/ecl_containers:/home/abdulrafi/Desktop/ROS2_Final_Project/kobuki_ws/install/ecl_threads:/home/abdulrafi/Desktop/ROS2_Final_Project/kobuki_ws/install/ecl_formatters:/home/abdulrafi/Desktop/ROS2_Final_Project/kobuki_ws/install/ecl_utilities:/home/abdulrafi/Desktop/ROS2_Final_Project/kobuki_ws/install/ecl_time:/home/abdulrafi/Desktop/ROS2_Final_Project/kobuki_ws/install/ecl_converters:/home/abdulrafi/Desktop/ROS2_Final_Project/kobuki_ws/install/ecl_time_lite:/home/abdulrafi/Desktop/ROS2_Final_Project/kobuki_ws/install/ecl_math:/home/abdulrafi/Desktop/ROS2_Final_Project/kobuki_ws/install/ecl_exceptions:/home/abdulrafi/Desktop/ROS2_Final_Project/kobuki_ws/install/ecl_concepts:/home/abdulrafi/Desktop/ROS2_Final_Project/kobuki_ws/install/ecl_type_traits:/home/abdulrafi/Desktop/ROS2_Final_Project/kobuki_ws/install/ecl_errors:/home/abdulrafi/Desktop/ROS2_Final_Project/kobuki_ws/install/ecl_console:/home/abdulrafi/Desktop/ROS2_Final_Project/kobuki_ws/install/ecl_mpl:/home/abdulrafi/Desktop/ROS2_Final_Project/kobuki_ws/install/ecl_eigen:/home/abdulrafi/Desktop/ROS2_Final_Project/kobuki_ws/install/ecl_config:/home/abdulrafi/Desktop/ROS2_Final_Project/kobuki_ws/install/ecl_command_line:${AMENT_PREFIX_PATH} CMAKE_PREFIX_PATH=/home/abdulrafi/Desktop/ROS2_Final_Project/kobuki_ws/install/ecl_mobile_robot:/home/abdulrafi/Desktop/ROS2_Final_Project/kobuki_ws/install/ecl_geometry:/home/abdulrafi/Desktop/ROS2_Final_Project/kobuki_ws/install/ecl_devices:/home/abdulrafi/Desktop/ROS2_Final_Project/kobuki_ws/install/ecl_sigslots:/home/abdulrafi/Desktop/ROS2_Final_Project/kobuki_ws/install/ecl_linear_algebra:/home/abdulrafi/Desktop/ROS2_Final_Project/kobuki_ws/install/ecl_containers:/home/abdulrafi/Desktop/ROS2_Final_Project/kobuki_ws/install/ecl_threads:/home/abdulrafi/Desktop/ROS2_Final_Project/kobuki_ws/install/ecl_formatters:/home/abdulrafi/Desktop/ROS2_Final_Project/kobuki_ws/install/ecl_utilities:/home/abdulrafi/Desktop/ROS2_Final_Project/kobuki_ws/install/ecl_time:/home/abdulrafi/Desktop/ROS2_Final_Project/kobuki_ws/install/ecl_converters:/home/abdulrafi/Desktop/ROS2_Final_Project/kobuki_ws/install/ecl_time_lite:/home/abdulrafi/Desktop/ROS2_Final_Project/kobuki_ws/install/ecl_math:/home/abdulrafi/Desktop/ROS2_Final_Project/kobuki_ws/install/ecl_exceptions:/home/abdulrafi/Desktop/ROS2_Final_Project/kobuki_ws/install/ecl_concepts:/home/abdulrafi/Desktop/ROS2_Final_Project/kobuki_ws/install/ecl_type_traits:/home/abdulrafi/Desktop/ROS2_Final_Project/kobuki_ws/install/ecl_errors:/home/abdulrafi/Desktop/ROS2_Final_Project/kobuki_ws/install/ecl_console:/home/abdulrafi/Desktop/ROS2_Final_Project/kobuki_ws/install/ecl_mpl:/home/abdulrafi/Desktop/ROS2_Final_Project/kobuki_ws/install/ecl_eigen:/home/abdulrafi/Desktop/ROS2_Final_Project/kobuki_ws/install/ecl_config:/home/abdulrafi/Desktop/ROS2_Final_Project/kobuki_ws/install/ecl_command_line:/opt/ros/jazzy/opt/gz_sim_vendor:/opt/ros/jazzy/opt/gz_sensors_vendor:/opt/ros/jazzy/opt/gz_physics_vendor:/opt/ros/jazzy/opt/sdformat_vendor:/opt/ros/jazzy/opt/gz_gui_vendor:/opt/ros/jazzy/opt/gz_transport_vendor:/opt/ros/jazzy/opt/gz_rendering_vendor:/opt/ros/jazzy/opt/gz_plugin_vendor:/opt/ros/jazzy/opt/gz_fuel_tools_vendor:/opt/ros/jazzy/opt/gz_msgs_vendor:/opt/ros/jazzy/opt/gz_common_vendor:/opt/ros/jazzy/opt/gz_math_vendor:/opt/ros/jazzy/opt/gz_utils_vendor:/opt/ros/jazzy/opt/gz_tools_vendor:/opt/ros/jazzy/opt/gz_ogre_next_vendor:/opt/ros/jazzy/opt/gz_dartsim_vendor:/opt/ros/jazzy/opt/gz_cmake_vendor:/opt/ros/jazzy DEBUGINFOD_URLS=https://debuginfod.ubuntu.com LD_LIBRARY_PATH=/home/abdulrafi/Desktop/ROS2_Final_Project/kobuki_ws/install/ecl_mobile_robot/lib:/home/abdulrafi/Desktop/ROS2_Final_Project/kobuki_ws/install/ecl_geometry/lib:/home/abdulrafi/Desktop/ROS2_Final_Project/kobuki_ws/install/ecl_devices/lib:/home/abdulrafi/Desktop/ROS2_Final_Project/kobuki_ws/install/ecl_linear_algebra/lib:/home/abdulrafi/Desktop/ROS2_Final_Project/kobuki_ws/install/ecl_threads/lib:/home/abdulrafi/Desktop/ROS2_Final_Project/kobuki_ws/install/ecl_formatters/lib:/home/abdulrafi/Desktop/ROS2_Final_Project/kobuki_ws/install/ecl_time/lib:/home/abdulrafi/Desktop/ROS2_Final_Project/kobuki_ws/install/ecl_time_lite/lib:/home/abdulrafi/Desktop/ROS2_Final_Project/kobuki_ws/install/ecl_exceptions/lib:/home/abdulrafi/Desktop/ROS2_Final_Project/kobuki_ws/install/ecl_type_traits/lib:/home/abdulrafi/Desktop/ROS2_Final_Project/kobuki_ws/install/ecl_errors/lib:${LD_LIBRARY_PATH} PATH=/home/abdulrafi/Desktop/ROS2_Final_Project/kobuki_ws/install/ecl_type_traits/bin:/home/abdulrafi/Desktop/ROS2_Final_Project/kobuki_ws/install/ecl_config/bin:${PATH} /usr/bin/cmake --install /home/abdulrafi/Desktop/ROS2_Final_Project/kobuki_ws/build/kobuki_core
