[0.042s] Invoking command in '/home/abdulrafi/Desktop/ROS2_Final_Project/kobuki_ws/build/astra_camera': AMENT_PREFIX_PATH=/home/abdulrafi/Desktop/ROS2_Final_Project/kobuki_ws/install/astra_camera_msgs:${AMENT_PREFIX_PATH} CMAKE_PREFIX_PATH=/home/abdulrafi/Desktop/ROS2_Final_Project/kobuki_ws/install/astra_camera_msgs:/opt/ros/jazzy/opt/gz_sim_vendor:/opt/ros/jazzy/opt/gz_sensors_vendor:/opt/ros/jazzy/opt/gz_physics_vendor:/opt/ros/jazzy/opt/sdformat_vendor:/opt/ros/jazzy/opt/gz_gui_vendor:/opt/ros/jazzy/opt/gz_transport_vendor:/opt/ros/jazzy/opt/gz_rendering_vendor:/opt/ros/jazzy/opt/gz_plugin_vendor:/opt/ros/jazzy/opt/gz_fuel_tools_vendor:/opt/ros/jazzy/opt/gz_msgs_vendor:/opt/ros/jazzy/opt/gz_common_vendor:/opt/ros/jazzy/opt/gz_math_vendor:/opt/ros/jazzy/opt/gz_utils_vendor:/opt/ros/jazzy/opt/gz_tools_vendor:/opt/ros/jazzy/opt/gz_ogre_next_vendor:/opt/ros/jazzy/opt/gz_dartsim_vendor:/opt/ros/jazzy/opt/gz_cmake_vendor:/opt/ros/jazzy DEBUGINFOD_URLS=https://debuginfod.ubuntu.com LD_LIBRARY_PATH=/home/abdulrafi/Desktop/ROS2_Final_Project/kobuki_ws/install/astra_camera_msgs/lib:${LD_LIBRARY_PATH} PYTHONPATH=/home/abdulrafi/Desktop/ROS2_Final_Project/kobuki_ws/install/astra_camera_msgs/lib/python3.12/site-packages:${PYTHONPATH} /usr/bin/cmake /home/abdulrafi/Desktop/ROS2_Final_Project/kobuki_ws/src/ThirdParty/ros_astra_camera/astra_camera -DCMAKE_INSTALL_PREFIX=/home/abdulrafi/Desktop/ROS2_Final_Project/kobuki_ws/install/astra_camera
[0.325s] -- The C compiler identification is GNU 13.3.0
[0.694s] -- The CXX compiler identification is GNU 13.3.0
[0.818s] -- Detecting C compiler ABI info
[1.278s] -- Detecting C compiler ABI info - done
[1.334s] -- Check for working C compiler: /usr/bin/cc - skipped
[1.334s] -- Detecting C compile features
[1.337s] -- Detecting C compile features - done
[1.381s] -- Detecting CXX compiler ABI info
[1.961s] -- Detecting CXX compiler ABI info - done
[2.004s] -- Check for working CXX compiler: /usr/bin/c++ - skipped
[2.004s] -- Detecting CXX compile features
[2.008s] -- Detecting CXX compile features - done
[2.026s] -- Found ament_cmake: 2.5.6 (/opt/ros/jazzy/share/ament_cmake/cmake)
[2.767s] -- Found Python3: /usr/bin/python3 (found version "3.12.3") found components: Interpreter 
[3.374s] -- Found ament_index_cpp: 1.8.2 (/opt/ros/jazzy/share/ament_index_cpp/cmake)
[3.382s] -- Found astra_camera_msgs: 1.0.1 (/home/abdulrafi/Desktop/ROS2_Final_Project/kobuki_ws/install/astra_camera_msgs/share/astra_camera_msgs/cmake)
[3.671s] -- Found rosidl_generator_c: 4.6.7 (/opt/ros/jazzy/share/rosidl_generator_c/cmake)
[3.769s] -- Found rosidl_generator_cpp: 4.6.7 (/opt/ros/jazzy/share/rosidl_generator_cpp/cmake)
[3.875s] -- Using all available rosidl_typesupport_c: rosidl_typesupport_fastrtps_c;rosidl_typesupport_introspection_c
[4.001s] -- Using all available rosidl_typesupport_cpp: rosidl_typesupport_fastrtps_cpp;rosidl_typesupport_introspection_cpp
[4.498s] -- Found camera_info_manager: 5.1.7 (/opt/ros/jazzy/share/camera_info_manager/cmake)
[4.794s] -- Found rmw_implementation_cmake: 7.3.3 (/opt/ros/jazzy/share/rmw_implementation_cmake/cmake)
[4.816s] -- Found rmw_fastrtps_cpp: 8.4.3 (/opt/ros/jazzy/share/rmw_fastrtps_cpp/cmake)
[5.302s] -- Found OpenSSL: /usr/lib/aarch64-linux-gnu/libcrypto.so (found version "3.0.13")  
[5.385s] -- Found FastRTPS: /opt/ros/jazzy/include (Required is at least version "2.13") 
[5.563s] -- Using RMW implementation 'rmw_fastrtps_cpp' as default
[5.850s] -- Setting yaml-cpp_DIR to: '/opt/ros/jazzy/share/yaml_cpp_vendor/cmake/../../../opt/yaml_cpp_vendor/share/cmake/yaml-cpp'
[6.022s] -- Found class_loader: 2.7.0 (/opt/ros/jazzy/share/class_loader/cmake)
[6.065s] -- Found cv_bridge: 4.1.0 (/opt/ros/jazzy/share/cv_bridge/cmake)
[6.185s] -- Found message_filters: 4.11.12 (/opt/ros/jazzy/share/message_filters/cmake)
[6.344s] -- Found image_geometry: 4.1.0 (/opt/ros/jazzy/share/image_geometry/cmake)
[6.396s] -- Found image_publisher: 5.0.11 (/opt/ros/jazzy/share/image_publisher/cmake)
[7.338s] -- Found JPEG: /usr/lib/aarch64-linux-gnu/libjpeg.so (found version "80") 
[7.339s] -- Found JPEG library using standard module
[7.342s] [33mCMake Warning (dev) at /usr/share/cmake-3.28/Modules/FindPackageHandleStandardArgs.cmake:438 (message):
[7.343s]   The package name passed to `find_package_handle_standard_args` (JPEG) does
[7.343s]   not match the name of the calling package (JpegPkg).  This can lead to
[7.345s]   problems in calling code that expects `find_package` result variables
[7.348s]   (e.g., `_FOUND`) to follow a certain pattern.
[7.349s] Call Stack (most recent call first):
[7.349s]   /usr/lib/aarch64-linux-gnu/cmake/libuvc/FindJpegPkg.cmake:58 (find_package_handle_standard_args)
[7.349s]   /usr/lib/aarch64-linux-gnu/cmake/libuvc/libuvcConfig.cmake:13 (find_package)
[7.349s]   CMakeLists.txt:31 (find_package)
[7.350s] This warning is for project developers.  Use -Wno-dev to suppress it.
[7.350s] [0m
[7.350s] -- Found JPEG: /usr/lib/aarch64-linux-gnu/libjpeg.so  
[7.385s] -- Found PkgConfig: /usr/bin/pkg-config (found version "1.8.1") 
[7.391s] -- Checking for module 'libusb-1.0'
[7.494s] --   Found libusb-1.0, version 1.0.27
[7.706s] -- libusb-1.0 found using pkgconfig
[7.763s] -- Found OpenCV: /usr (found version "4.6.0") 
[7.791s] -- Found std_srvs: 5.3.7 (/opt/ros/jazzy/share/std_srvs/cmake)
[7.897s] -- Found tf2: 0.36.20 (/opt/ros/jazzy/share/tf2/cmake)
[7.948s] -- Found tf2_eigen: 0.36.20 (/opt/ros/jazzy/share/tf2_eigen/cmake)
[8.420s] -- Found tf2_sensor_msgs: 0.36.20 (/opt/ros/jazzy/share/tf2_sensor_msgs/cmake)
[8.509s] -- Checking for one of the modules 'libuvc'
[8.850s] -- ORRBEC Machine : aarch64
[8.851s] 
[8.851s] -- ORRBEC Machine Bits : 64
[8.851s] 
[8.852s] -- ORRBEC : arm64
[8.933s] -- Found ament_lint_auto: 0.17.5 (/opt/ros/jazzy/share/ament_lint_auto/cmake)
[9.398s] -- Configuring done (9.3s)
[9.948s] -- Generating done (0.4s)
[9.987s] -- Build files have been written to: /home/abdulrafi/Desktop/ROS2_Final_Project/kobuki_ws/build/astra_camera
[10.046s] Invoked command in '/home/abdulrafi/Desktop/ROS2_Final_Project/kobuki_ws/build/astra_camera' returned '0': AMENT_PREFIX_PATH=/home/abdulrafi/Desktop/ROS2_Final_Project/kobuki_ws/install/astra_camera_msgs:${AMENT_PREFIX_PATH} CMAKE_PREFIX_PATH=/home/abdulrafi/Desktop/ROS2_Final_Project/kobuki_ws/install/astra_camera_msgs:/opt/ros/jazzy/opt/gz_sim_vendor:/opt/ros/jazzy/opt/gz_sensors_vendor:/opt/ros/jazzy/opt/gz_physics_vendor:/opt/ros/jazzy/opt/sdformat_vendor:/opt/ros/jazzy/opt/gz_gui_vendor:/opt/ros/jazzy/opt/gz_transport_vendor:/opt/ros/jazzy/opt/gz_rendering_vendor:/opt/ros/jazzy/opt/gz_plugin_vendor:/opt/ros/jazzy/opt/gz_fuel_tools_vendor:/opt/ros/jazzy/opt/gz_msgs_vendor:/opt/ros/jazzy/opt/gz_common_vendor:/opt/ros/jazzy/opt/gz_math_vendor:/opt/ros/jazzy/opt/gz_utils_vendor:/opt/ros/jazzy/opt/gz_tools_vendor:/opt/ros/jazzy/opt/gz_ogre_next_vendor:/opt/ros/jazzy/opt/gz_dartsim_vendor:/opt/ros/jazzy/opt/gz_cmake_vendor:/opt/ros/jazzy DEBUGINFOD_URLS=https://debuginfod.ubuntu.com LD_LIBRARY_PATH=/home/abdulrafi/Desktop/ROS2_Final_Project/kobuki_ws/install/astra_camera_msgs/lib:${LD_LIBRARY_PATH} PYTHONPATH=/home/abdulrafi/Desktop/ROS2_Final_Project/kobuki_ws/install/astra_camera_msgs/lib/python3.12/site-packages:${PYTHONPATH} /usr/bin/cmake /home/abdulrafi/Desktop/ROS2_Final_Project/kobuki_ws/src/ThirdParty/ros_astra_camera/astra_camera -DCMAKE_INSTALL_PREFIX=/home/abdulrafi/Desktop/ROS2_Final_Project/kobuki_ws/install/astra_camera
[10.047s] Invoking command in '/home/abdulrafi/Desktop/ROS2_Final_Project/kobuki_ws/build/astra_camera': AMENT_PREFIX_PATH=/home/abdulrafi/Desktop/ROS2_Final_Project/kobuki_ws/install/astra_camera_msgs:${AMENT_PREFIX_PATH} CMAKE_PREFIX_PATH=/home/abdulrafi/Desktop/ROS2_Final_Project/kobuki_ws/install/astra_camera_msgs:/opt/ros/jazzy/opt/gz_sim_vendor:/opt/ros/jazzy/opt/gz_sensors_vendor:/opt/ros/jazzy/opt/gz_physics_vendor:/opt/ros/jazzy/opt/sdformat_vendor:/opt/ros/jazzy/opt/gz_gui_vendor:/opt/ros/jazzy/opt/gz_transport_vendor:/opt/ros/jazzy/opt/gz_rendering_vendor:/opt/ros/jazzy/opt/gz_plugin_vendor:/opt/ros/jazzy/opt/gz_fuel_tools_vendor:/opt/ros/jazzy/opt/gz_msgs_vendor:/opt/ros/jazzy/opt/gz_common_vendor:/opt/ros/jazzy/opt/gz_math_vendor:/opt/ros/jazzy/opt/gz_utils_vendor:/opt/ros/jazzy/opt/gz_tools_vendor:/opt/ros/jazzy/opt/gz_ogre_next_vendor:/opt/ros/jazzy/opt/gz_dartsim_vendor:/opt/ros/jazzy/opt/gz_cmake_vendor:/opt/ros/jazzy DEBUGINFOD_URLS=https://debuginfod.ubuntu.com LD_LIBRARY_PATH=/home/abdulrafi/Desktop/ROS2_Final_Project/kobuki_ws/install/astra_camera_msgs/lib:${LD_LIBRARY_PATH} PYTHONPATH=/home/abdulrafi/Desktop/ROS2_Final_Project/kobuki_ws/install/astra_camera_msgs/lib/python3.12/site-packages:${PYTHONPATH} /usr/bin/cmake --build /home/abdulrafi/Desktop/ROS2_Final_Project/kobuki_ws/build/astra_camera -- -j4 -l4
[10.366s] [  5%] [32mBuilding CXX object CMakeFiles/astra_camera.dir/src/point_cloud_proc/point_cloud_xyz.cpp.o[0m
[55.489s] [ 11%] [32mBuilding CXX object CMakeFiles/astra_camera.dir/src/dynamic_params.cpp.o[0m
[76.553s] [ 16%] [32mBuilding CXX object CMakeFiles/astra_camera.dir/src/ob_camera_info.cpp.o[0m
[125.538s] [ 22%] [32mBuilding CXX object CMakeFiles/astra_camera.dir/src/ob_frame_listener.cpp.o[0m
[160.127s] [ 27%] [32mBuilding CXX object CMakeFiles/astra_camera.dir/src/ob_timer_filter.cpp.o[0m
[175.094s] [ 33%] [32mBuilding CXX object CMakeFiles/astra_camera.dir/src/ob_camera_node_factory.cpp.o[0m
[225.561s] [ 38%] [32mBuilding CXX object CMakeFiles/astra_camera.dir/src/ob_camera_node.cpp.o[0m
[292.826s] [ 44%] [32mBuilding CXX object CMakeFiles/astra_camera.dir/src/ros_param_backend.cpp.o[0m
[300.480s] [ 50%] [32mBuilding CXX object CMakeFiles/astra_camera.dir/src/ros_service.cpp.o[0m
[346.136s] [ 55%] [32mBuilding CXX object CMakeFiles/astra_camera.dir/src/utils.cpp.o[0m
[370.112s] [ 61%] [32mBuilding CXX object CMakeFiles/astra_camera.dir/src/ob_context.cpp.o[0m
[380.528s] [ 66%] [32mBuilding CXX object CMakeFiles/astra_camera.dir/src/uvc_camera_driver.cpp.o[0m
[445.511s] [ 72%] [32mBuilding CXX object CMakeFiles/astra_camera.dir/src/clean_up_shm_node.cpp.o[0m
[446.821s] [ 77%] [32mBuilding CXX object CMakeFiles/astra_camera.dir/src/device_listener.cpp.o[0m
[455.682s] [ 83%] [32mBuilding CXX object CMakeFiles/astra_camera.dir/src/point_cloud_proc/point_cloud_xyzrgb.cpp.o[0m
