[0.178s] Invoking command in '/home/abdulrafi/Desktop/ROS2_Final_Project/kobuki_ws/build/ecl_io': AMENT_PREFIX_PATH=/home/abdulrafi/Desktop/ROS2_Final_Project/kobuki_ws/install/ecl_errors:/home/abdulrafi/Desktop/ROS2_Final_Project/kobuki_ws/install/ecl_config:${AMENT_PREFIX_PATH} CMAKE_PREFIX_PATH=/home/abdulrafi/Desktop/ROS2_Final_Project/kobuki_ws/install/ecl_errors:/home/abdulrafi/Desktop/ROS2_Final_Project/kobuki_ws/install/ecl_config:/opt/ros/jazzy/opt/gz_sim_vendor:/opt/ros/jazzy/opt/gz_sensors_vendor:/opt/ros/jazzy/opt/gz_physics_vendor:/opt/ros/jazzy/opt/sdformat_vendor:/opt/ros/jazzy/opt/gz_gui_vendor:/opt/ros/jazzy/opt/gz_transport_vendor:/opt/ros/jazzy/opt/gz_rendering_vendor:/opt/ros/jazzy/opt/gz_plugin_vendor:/opt/ros/jazzy/opt/gz_fuel_tools_vendor:/opt/ros/jazzy/opt/gz_msgs_vendor:/opt/ros/jazzy/opt/gz_common_vendor:/opt/ros/jazzy/opt/gz_math_vendor:/opt/ros/jazzy/opt/gz_utils_vendor:/opt/ros/jazzy/opt/gz_tools_vendor:/opt/ros/jazzy/opt/gz_ogre_next_vendor:/opt/ros/jazzy/opt/gz_dartsim_vendor:/opt/ros/jazzy/opt/gz_cmake_vendor:/opt/ros/jazzy DEBUGINFOD_URLS=https://debuginfod.ubuntu.com LD_LIBRARY_PATH=/home/abdulrafi/Desktop/ROS2_Final_Project/kobuki_ws/install/ecl_errors/lib:${LD_LIBRARY_PATH} PATH=/home/abdulrafi/Desktop/ROS2_Final_Project/kobuki_ws/install/ecl_config/bin:${PATH} /usr/bin/cmake --build /home/abdulrafi/Desktop/ROS2_Final_Project/kobuki_ws/build/ecl_io -- -j4 -l4
[0.593s] [ 40%] Built target ecl_io
[0.727s] [ 60%] Built target ecl_io_example_poll
[0.771s] [ 80%] Built target ecl_io_example_socketpair
[0.775s] [100%] Built target ecl_io_example_sockets
[0.938s] Invoked command in '/home/abdulrafi/Desktop/ROS2_Final_Project/kobuki_ws/build/ecl_io' returned '0': AMENT_PREFIX_PATH=/home/abdulrafi/Desktop/ROS2_Final_Project/kobuki_ws/install/ecl_errors:/home/abdulrafi/Desktop/ROS2_Final_Project/kobuki_ws/install/ecl_config:${AMENT_PREFIX_PATH} CMAKE_PREFIX_PATH=/home/abdulrafi/Desktop/ROS2_Final_Project/kobuki_ws/install/ecl_errors:/home/abdulrafi/Desktop/ROS2_Final_Project/kobuki_ws/install/ecl_config:/opt/ros/jazzy/opt/gz_sim_vendor:/opt/ros/jazzy/opt/gz_sensors_vendor:/opt/ros/jazzy/opt/gz_physics_vendor:/opt/ros/jazzy/opt/sdformat_vendor:/opt/ros/jazzy/opt/gz_gui_vendor:/opt/ros/jazzy/opt/gz_transport_vendor:/opt/ros/jazzy/opt/gz_rendering_vendor:/opt/ros/jazzy/opt/gz_plugin_vendor:/opt/ros/jazzy/opt/gz_fuel_tools_vendor:/opt/ros/jazzy/opt/gz_msgs_vendor:/opt/ros/jazzy/opt/gz_common_vendor:/opt/ros/jazzy/opt/gz_math_vendor:/opt/ros/jazzy/opt/gz_utils_vendor:/opt/ros/jazzy/opt/gz_tools_vendor:/opt/ros/jazzy/opt/gz_ogre_next_vendor:/opt/ros/jazzy/opt/gz_dartsim_vendor:/opt/ros/jazzy/opt/gz_cmake_vendor:/opt/ros/jazzy DEBUGINFOD_URLS=https://debuginfod.ubuntu.com LD_LIBRARY_PATH=/home/abdulrafi/Desktop/ROS2_Final_Project/kobuki_ws/install/ecl_errors/lib:${LD_LIBRARY_PATH} PATH=/home/abdulrafi/Desktop/ROS2_Final_Project/kobuki_ws/install/ecl_config/bin:${PATH} /usr/bin/cmake --build /home/abdulrafi/Desktop/ROS2_Final_Project/kobuki_ws/build/ecl_io -- -j4 -l4
[0.954s] Invoking command in '/home/abdulrafi/Desktop/ROS2_Final_Project/kobuki_ws/build/ecl_io': AMENT_PREFIX_PATH=/home/abdulrafi/Desktop/ROS2_Final_Project/kobuki_ws/install/ecl_errors:/home/abdulrafi/Desktop/ROS2_Final_Project/kobuki_ws/install/ecl_config:${AMENT_PREFIX_PATH} CMAKE_PREFIX_PATH=/home/abdulrafi/Desktop/ROS2_Final_Project/kobuki_ws/install/ecl_errors:/home/abdulrafi/Desktop/ROS2_Final_Project/kobuki_ws/install/ecl_config:/opt/ros/jazzy/opt/gz_sim_vendor:/opt/ros/jazzy/opt/gz_sensors_vendor:/opt/ros/jazzy/opt/gz_physics_vendor:/opt/ros/jazzy/opt/sdformat_vendor:/opt/ros/jazzy/opt/gz_gui_vendor:/opt/ros/jazzy/opt/gz_transport_vendor:/opt/ros/jazzy/opt/gz_rendering_vendor:/opt/ros/jazzy/opt/gz_plugin_vendor:/opt/ros/jazzy/opt/gz_fuel_tools_vendor:/opt/ros/jazzy/opt/gz_msgs_vendor:/opt/ros/jazzy/opt/gz_common_vendor:/opt/ros/jazzy/opt/gz_math_vendor:/opt/ros/jazzy/opt/gz_utils_vendor:/opt/ros/jazzy/opt/gz_tools_vendor:/opt/ros/jazzy/opt/gz_ogre_next_vendor:/opt/ros/jazzy/opt/gz_dartsim_vendor:/opt/ros/jazzy/opt/gz_cmake_vendor:/opt/ros/jazzy DEBUGINFOD_URLS=https://debuginfod.ubuntu.com LD_LIBRARY_PATH=/home/abdulrafi/Desktop/ROS2_Final_Project/kobuki_ws/install/ecl_errors/lib:${LD_LIBRARY_PATH} PATH=/home/abdulrafi/Desktop/ROS2_Final_Project/kobuki_ws/install/ecl_config/bin:${PATH} /usr/bin/cmake --install /home/abdulrafi/Desktop/ROS2_Final_Project/kobuki_ws/build/ecl_io
[1.019s] -- Install configuration: ""
[1.019s] -- Up-to-date: /home/abdulrafi/Desktop/ROS2_Final_Project/kobuki_ws/install/ecl_io/share/ecl_io/environment/library_path.sh
[1.020s] -- Up-to-date: /home/abdulrafi/Desktop/ROS2_Final_Project/kobuki_ws/install/ecl_io/share/ecl_io/environment/library_path.dsv
[1.020s] -- Up-to-date: /home/abdulrafi/Desktop/ROS2_Final_Project/kobuki_ws/install/ecl_io/share/ament_index/resource_index/package_run_dependencies/ecl_io
[1.020s] -- Up-to-date: /home/abdulrafi/Desktop/ROS2_Final_Project/kobuki_ws/install/ecl_io/share/ament_index/resource_index/parent_prefix_path/ecl_io
[1.023s] -- Up-to-date: /home/abdulrafi/Desktop/ROS2_Final_Project/kobuki_ws/install/ecl_io/share/ecl_io/environment/ament_prefix_path.sh
[1.024s] -- Up-to-date: /home/abdulrafi/Desktop/ROS2_Final_Project/kobuki_ws/install/ecl_io/share/ecl_io/environment/ament_prefix_path.dsv
[1.025s] -- Up-to-date: /home/abdulrafi/Desktop/ROS2_Final_Project/kobuki_ws/install/ecl_io/share/ecl_io/environment/path.sh
[1.025s] -- Up-to-date: /home/abdulrafi/Desktop/ROS2_Final_Project/kobuki_ws/install/ecl_io/share/ecl_io/environment/path.dsv
[1.026s] -- Up-to-date: /home/abdulrafi/Desktop/ROS2_Final_Project/kobuki_ws/install/ecl_io/share/ecl_io/local_setup.bash
[1.028s] -- Up-to-date: /home/abdulrafi/Desktop/ROS2_Final_Project/kobuki_ws/install/ecl_io/share/ecl_io/local_setup.sh
[1.028s] -- Up-to-date: /home/abdulrafi/Desktop/ROS2_Final_Project/kobuki_ws/install/ecl_io/share/ecl_io/local_setup.zsh
[1.029s] -- Up-to-date: /home/abdulrafi/Desktop/ROS2_Final_Project/kobuki_ws/install/ecl_io/share/ecl_io/local_setup.dsv
[1.029s] -- Installing: /home/abdulrafi/Desktop/ROS2_Final_Project/kobuki_ws/install/ecl_io/share/ecl_io/package.dsv
[1.029s] -- Up-to-date: /home/abdulrafi/Desktop/ROS2_Final_Project/kobuki_ws/install/ecl_io/share/ament_index/resource_index/packages/ecl_io
[1.029s] -- Up-to-date: /home/abdulrafi/Desktop/ROS2_Final_Project/kobuki_ws/install/ecl_io/share/ecl_io/cmake/ecl_ioExport.cmake
[1.030s] -- Up-to-date: /home/abdulrafi/Desktop/ROS2_Final_Project/kobuki_ws/install/ecl_io/share/ecl_io/cmake/ecl_ioExport-noconfig.cmake
[1.030s] -- Up-to-date: /home/abdulrafi/Desktop/ROS2_Final_Project/kobuki_ws/install/ecl_io/share/ecl_io/cmake/ament_cmake_export_targets-extras.cmake
[1.030s] -- Up-to-date: /home/abdulrafi/Desktop/ROS2_Final_Project/kobuki_ws/install/ecl_io/share/ecl_io/cmake/ament_cmake_export_include_directories-extras.cmake
[1.034s] -- Up-to-date: /home/abdulrafi/Desktop/ROS2_Final_Project/kobuki_ws/install/ecl_io/share/ecl_io/cmake/ament_cmake_export_libraries-extras.cmake
[1.035s] -- Up-to-date: /home/abdulrafi/Desktop/ROS2_Final_Project/kobuki_ws/install/ecl_io/share/ecl_io/cmake/ament_cmake_export_dependencies-extras.cmake
[1.035s] -- Up-to-date: /home/abdulrafi/Desktop/ROS2_Final_Project/kobuki_ws/install/ecl_io/share/ecl_io/cmake/ecl_ioConfig.cmake
[1.035s] -- Up-to-date: /home/abdulrafi/Desktop/ROS2_Final_Project/kobuki_ws/install/ecl_io/share/ecl_io/cmake/ecl_ioConfig-version.cmake
[1.036s] -- Up-to-date: /home/abdulrafi/Desktop/ROS2_Final_Project/kobuki_ws/install/ecl_io/share/ecl_io/package.xml
[1.036s] -- Up-to-date: /home/abdulrafi/Desktop/ROS2_Final_Project/kobuki_ws/install/ecl_io/include/ecl/io.hpp
[1.036s] -- Up-to-date: /home/abdulrafi/Desktop/ROS2_Final_Project/kobuki_ws/install/ecl_io/include/ecl/sockets/macros.hpp
[1.040s] -- Up-to-date: /home/abdulrafi/Desktop/ROS2_Final_Project/kobuki_ws/install/ecl_io/include/ecl/sockets/poll.hpp
[1.041s] -- Up-to-date: /home/abdulrafi/Desktop/ROS2_Final_Project/kobuki_ws/install/ecl_io/include/ecl/sockets/socketpair.hpp
[1.041s] -- Up-to-date: /home/abdulrafi/Desktop/ROS2_Final_Project/kobuki_ws/install/ecl_io/include/ecl/sockets/sockets.hpp
[1.046s] -- Up-to-date: /home/abdulrafi/Desktop/ROS2_Final_Project/kobuki_ws/install/ecl_io/lib/libecl_io.so.1.2.0
[1.046s] -- Up-to-date: /home/abdulrafi/Desktop/ROS2_Final_Project/kobuki_ws/install/ecl_io/lib/libecl_io.so
[1.046s] -- Up-to-date: /home/abdulrafi/Desktop/ROS2_Final_Project/kobuki_ws/install/ecl_io/lib/ecl_io/demo_sockets
[1.047s] -- Up-to-date: /home/abdulrafi/Desktop/ROS2_Final_Project/kobuki_ws/install/ecl_io/lib/ecl_io/demo_socketpair
[1.050s] -- Up-to-date: /home/abdulrafi/Desktop/ROS2_Final_Project/kobuki_ws/install/ecl_io/lib/ecl_io/demo_poll
[1.065s] Invoked command in '/home/abdulrafi/Desktop/ROS2_Final_Project/kobuki_ws/build/ecl_io' returned '0': AMENT_PREFIX_PATH=/home/abdulrafi/Desktop/ROS2_Final_Project/kobuki_ws/install/ecl_errors:/home/abdulrafi/Desktop/ROS2_Final_Project/kobuki_ws/install/ecl_config:${AMENT_PREFIX_PATH} CMAKE_PREFIX_PATH=/home/abdulrafi/Desktop/ROS2_Final_Project/kobuki_ws/install/ecl_errors:/home/abdulrafi/Desktop/ROS2_Final_Project/kobuki_ws/install/ecl_config:/opt/ros/jazzy/opt/gz_sim_vendor:/opt/ros/jazzy/opt/gz_sensors_vendor:/opt/ros/jazzy/opt/gz_physics_vendor:/opt/ros/jazzy/opt/sdformat_vendor:/opt/ros/jazzy/opt/gz_gui_vendor:/opt/ros/jazzy/opt/gz_transport_vendor:/opt/ros/jazzy/opt/gz_rendering_vendor:/opt/ros/jazzy/opt/gz_plugin_vendor:/opt/ros/jazzy/opt/gz_fuel_tools_vendor:/opt/ros/jazzy/opt/gz_msgs_vendor:/opt/ros/jazzy/opt/gz_common_vendor:/opt/ros/jazzy/opt/gz_math_vendor:/opt/ros/jazzy/opt/gz_utils_vendor:/opt/ros/jazzy/opt/gz_tools_vendor:/opt/ros/jazzy/opt/gz_ogre_next_vendor:/opt/ros/jazzy/opt/gz_dartsim_vendor:/opt/ros/jazzy/opt/gz_cmake_vendor:/opt/ros/jazzy DEBUGINFOD_URLS=https://debuginfod.ubuntu.com LD_LIBRARY_PATH=/home/abdulrafi/Desktop/ROS2_Final_Project/kobuki_ws/install/ecl_errors/lib:${LD_LIBRARY_PATH} PATH=/home/abdulrafi/Desktop/ROS2_Final_Project/kobuki_ws/install/ecl_config/bin:${PATH} /usr/bin/cmake --install /home/abdulrafi/Desktop/ROS2_Final_Project/kobuki_ws/build/ecl_io
