[0.024s] Invoking command in '/home/abdulrafi/Desktop/ROS2_Final_Project/kobuki_ws/build/ecl_converters_lite': AMENT_PREFIX_PATH=/home/abdulrafi/Desktop/ROS2_Final_Project/kobuki_ws/install/ecl_config:${AMENT_PREFIX_PATH} CMAKE_PREFIX_PATH=/home/abdulrafi/Desktop/ROS2_Final_Project/kobuki_ws/install/ecl_config:/opt/ros/jazzy/opt/gz_sim_vendor:/opt/ros/jazzy/opt/gz_sensors_vendor:/opt/ros/jazzy/opt/gz_physics_vendor:/opt/ros/jazzy/opt/sdformat_vendor:/opt/ros/jazzy/opt/gz_gui_vendor:/opt/ros/jazzy/opt/gz_transport_vendor:/opt/ros/jazzy/opt/gz_rendering_vendor:/opt/ros/jazzy/opt/gz_plugin_vendor:/opt/ros/jazzy/opt/gz_fuel_tools_vendor:/opt/ros/jazzy/opt/gz_msgs_vendor:/opt/ros/jazzy/opt/gz_common_vendor:/opt/ros/jazzy/opt/gz_math_vendor:/opt/ros/jazzy/opt/gz_utils_vendor:/opt/ros/jazzy/opt/gz_tools_vendor:/opt/ros/jazzy/opt/gz_ogre_next_vendor:/opt/ros/jazzy/opt/gz_dartsim_vendor:/opt/ros/jazzy/opt/gz_cmake_vendor:/opt/ros/jazzy DEBUGINFOD_URLS=https://debuginfod.ubuntu.com PATH=/home/abdulrafi/Desktop/ROS2_Final_Project/kobuki_ws/install/ecl_config/bin:${PATH} /usr/bin/cmake --build /home/abdulrafi/Desktop/ROS2_Final_Project/kobuki_ws/build/ecl_converters_lite
[0.152s] [ 33%] Built target gtest_main
[0.210s] [ 66%] Built target gtest
[0.318s] [100%] Built target test_byte_array
[0.342s] Invoked command in '/home/abdulrafi/Desktop/ROS2_Final_Project/kobuki_ws/build/ecl_converters_lite' returned '0': AMENT_PREFIX_PATH=/home/abdulrafi/Desktop/ROS2_Final_Project/kobuki_ws/install/ecl_config:${AMENT_PREFIX_PATH} CMAKE_PREFIX_PATH=/home/abdulrafi/Desktop/ROS2_Final_Project/kobuki_ws/install/ecl_config:/opt/ros/jazzy/opt/gz_sim_vendor:/opt/ros/jazzy/opt/gz_sensors_vendor:/opt/ros/jazzy/opt/gz_physics_vendor:/opt/ros/jazzy/opt/sdformat_vendor:/opt/ros/jazzy/opt/gz_gui_vendor:/opt/ros/jazzy/opt/gz_transport_vendor:/opt/ros/jazzy/opt/gz_rendering_vendor:/opt/ros/jazzy/opt/gz_plugin_vendor:/opt/ros/jazzy/opt/gz_fuel_tools_vendor:/opt/ros/jazzy/opt/gz_msgs_vendor:/opt/ros/jazzy/opt/gz_common_vendor:/opt/ros/jazzy/opt/gz_math_vendor:/opt/ros/jazzy/opt/gz_utils_vendor:/opt/ros/jazzy/opt/gz_tools_vendor:/opt/ros/jazzy/opt/gz_ogre_next_vendor:/opt/ros/jazzy/opt/gz_dartsim_vendor:/opt/ros/jazzy/opt/gz_cmake_vendor:/opt/ros/jazzy DEBUGINFOD_URLS=https://debuginfod.ubuntu.com PATH=/home/abdulrafi/Desktop/ROS2_Final_Project/kobuki_ws/install/ecl_config/bin:${PATH} /usr/bin/cmake --build /home/abdulrafi/Desktop/ROS2_Final_Project/kobuki_ws/build/ecl_converters_lite
[0.347s] Invoking command in '/home/abdulrafi/Desktop/ROS2_Final_Project/kobuki_ws/build/ecl_converters_lite': AMENT_PREFIX_PATH=/home/abdulrafi/Desktop/ROS2_Final_Project/kobuki_ws/install/ecl_config:${AMENT_PREFIX_PATH} CMAKE_PREFIX_PATH=/home/abdulrafi/Desktop/ROS2_Final_Project/kobuki_ws/install/ecl_config:/opt/ros/jazzy/opt/gz_sim_vendor:/opt/ros/jazzy/opt/gz_sensors_vendor:/opt/ros/jazzy/opt/gz_physics_vendor:/opt/ros/jazzy/opt/sdformat_vendor:/opt/ros/jazzy/opt/gz_gui_vendor:/opt/ros/jazzy/opt/gz_transport_vendor:/opt/ros/jazzy/opt/gz_rendering_vendor:/opt/ros/jazzy/opt/gz_plugin_vendor:/opt/ros/jazzy/opt/gz_fuel_tools_vendor:/opt/ros/jazzy/opt/gz_msgs_vendor:/opt/ros/jazzy/opt/gz_common_vendor:/opt/ros/jazzy/opt/gz_math_vendor:/opt/ros/jazzy/opt/gz_utils_vendor:/opt/ros/jazzy/opt/gz_tools_vendor:/opt/ros/jazzy/opt/gz_ogre_next_vendor:/opt/ros/jazzy/opt/gz_dartsim_vendor:/opt/ros/jazzy/opt/gz_cmake_vendor:/opt/ros/jazzy DEBUGINFOD_URLS=https://debuginfod.ubuntu.com PATH=/home/abdulrafi/Desktop/ROS2_Final_Project/kobuki_ws/install/ecl_config/bin:${PATH} /usr/bin/cmake --install /home/abdulrafi/Desktop/ROS2_Final_Project/kobuki_ws/build/ecl_converters_lite
[0.365s] -- Install configuration: ""
[0.366s] -- Up-to-date: /home/abdulrafi/Desktop/ROS2_Final_Project/kobuki_ws/install/ecl_converters_lite/share/ament_index/resource_index/package_run_dependencies/ecl_converters_lite
[0.367s] -- Up-to-date: /home/abdulrafi/Desktop/ROS2_Final_Project/kobuki_ws/install/ecl_converters_lite/share/ament_index/resource_index/parent_prefix_path/ecl_converters_lite
[0.367s] -- Up-to-date: /home/abdulrafi/Desktop/ROS2_Final_Project/kobuki_ws/install/ecl_converters_lite/share/ecl_converters_lite/environment/ament_prefix_path.sh
[0.367s] -- Up-to-date: /home/abdulrafi/Desktop/ROS2_Final_Project/kobuki_ws/install/ecl_converters_lite/share/ecl_converters_lite/environment/ament_prefix_path.dsv
[0.367s] -- Up-to-date: /home/abdulrafi/Desktop/ROS2_Final_Project/kobuki_ws/install/ecl_converters_lite/share/ecl_converters_lite/environment/path.sh
[0.367s] -- Up-to-date: /home/abdulrafi/Desktop/ROS2_Final_Project/kobuki_ws/install/ecl_converters_lite/share/ecl_converters_lite/environment/path.dsv
[0.368s] -- Up-to-date: /home/abdulrafi/Desktop/ROS2_Final_Project/kobuki_ws/install/ecl_converters_lite/share/ecl_converters_lite/local_setup.bash
[0.368s] -- Up-to-date: /home/abdulrafi/Desktop/ROS2_Final_Project/kobuki_ws/install/ecl_converters_lite/share/ecl_converters_lite/local_setup.sh
[0.368s] -- Up-to-date: /home/abdulrafi/Desktop/ROS2_Final_Project/kobuki_ws/install/ecl_converters_lite/share/ecl_converters_lite/local_setup.zsh
[0.368s] -- Up-to-date: /home/abdulrafi/Desktop/ROS2_Final_Project/kobuki_ws/install/ecl_converters_lite/share/ecl_converters_lite/local_setup.dsv
[0.368s] -- Installing: /home/abdulrafi/Desktop/ROS2_Final_Project/kobuki_ws/install/ecl_converters_lite/share/ecl_converters_lite/package.dsv
[0.368s] -- Up-to-date: /home/abdulrafi/Desktop/ROS2_Final_Project/kobuki_ws/install/ecl_converters_lite/share/ament_index/resource_index/packages/ecl_converters_lite
[0.369s] -- Up-to-date: /home/abdulrafi/Desktop/ROS2_Final_Project/kobuki_ws/install/ecl_converters_lite/share/ecl_converters_lite/cmake/ecl_converters_liteExport.cmake
[0.370s] -- Up-to-date: /home/abdulrafi/Desktop/ROS2_Final_Project/kobuki_ws/install/ecl_converters_lite/share/ecl_converters_lite/cmake/ament_cmake_export_targets-extras.cmake
[0.370s] -- Up-to-date: /home/abdulrafi/Desktop/ROS2_Final_Project/kobuki_ws/install/ecl_converters_lite/share/ecl_converters_lite/cmake/ament_cmake_export_include_directories-extras.cmake
[0.370s] -- Up-to-date: /home/abdulrafi/Desktop/ROS2_Final_Project/kobuki_ws/install/ecl_converters_lite/share/ecl_converters_lite/cmake/ament_cmake_export_dependencies-extras.cmake
[0.370s] -- Up-to-date: /home/abdulrafi/Desktop/ROS2_Final_Project/kobuki_ws/install/ecl_converters_lite/share/ecl_converters_lite/cmake/ecl_converters_liteConfig.cmake
[0.370s] -- Up-to-date: /home/abdulrafi/Desktop/ROS2_Final_Project/kobuki_ws/install/ecl_converters_lite/share/ecl_converters_lite/cmake/ecl_converters_liteConfig-version.cmake
[0.370s] -- Up-to-date: /home/abdulrafi/Desktop/ROS2_Final_Project/kobuki_ws/install/ecl_converters_lite/share/ecl_converters_lite/package.xml
[0.371s] -- Up-to-date: /home/abdulrafi/Desktop/ROS2_Final_Project/kobuki_ws/install/ecl_converters_lite/include/ecl/converters_lite.hpp
[0.371s] -- Up-to-date: /home/abdulrafi/Desktop/ROS2_Final_Project/kobuki_ws/install/ecl_converters_lite/include/ecl/converters_lite/byte_array.hpp
[0.387s] Invoked command in '/home/abdulrafi/Desktop/ROS2_Final_Project/kobuki_ws/build/ecl_converters_lite' returned '0': AMENT_PREFIX_PATH=/home/abdulrafi/Desktop/ROS2_Final_Project/kobuki_ws/install/ecl_config:${AMENT_PREFIX_PATH} CMAKE_PREFIX_PATH=/home/abdulrafi/Desktop/ROS2_Final_Project/kobuki_ws/install/ecl_config:/opt/ros/jazzy/opt/gz_sim_vendor:/opt/ros/jazzy/opt/gz_sensors_vendor:/opt/ros/jazzy/opt/gz_physics_vendor:/opt/ros/jazzy/opt/sdformat_vendor:/opt/ros/jazzy/opt/gz_gui_vendor:/opt/ros/jazzy/opt/gz_transport_vendor:/opt/ros/jazzy/opt/gz_rendering_vendor:/opt/ros/jazzy/opt/gz_plugin_vendor:/opt/ros/jazzy/opt/gz_fuel_tools_vendor:/opt/ros/jazzy/opt/gz_msgs_vendor:/opt/ros/jazzy/opt/gz_common_vendor:/opt/ros/jazzy/opt/gz_math_vendor:/opt/ros/jazzy/opt/gz_utils_vendor:/opt/ros/jazzy/opt/gz_tools_vendor:/opt/ros/jazzy/opt/gz_ogre_next_vendor:/opt/ros/jazzy/opt/gz_dartsim_vendor:/opt/ros/jazzy/opt/gz_cmake_vendor:/opt/ros/jazzy DEBUGINFOD_URLS=https://debuginfod.ubuntu.com PATH=/home/abdulrafi/Desktop/ROS2_Final_Project/kobuki_ws/install/ecl_config/bin:${PATH} /usr/bin/cmake --install /home/abdulrafi/Desktop/ROS2_Final_Project/kobuki_ws/build/ecl_converters_lite
