-- The C compiler identification is GNU 13.3.0
-- The CXX compiler identification is GNU 13.3.0
-- Detecting C compiler ABI info
-- Detecting C compiler ABI info - done
-- Check for working C compiler: /usr/bin/cc - skipped
-- Detecting C compile features
-- Detecting C compile features - done
-- Detecting CXX compiler ABI info
-- Detecting CXX compiler ABI info - done
-- Check for working CXX compiler: /usr/bin/c++ - skipped
-- Detecting CXX compile features
-- Detecting CXX compile features - done
-- Found ament_cmake_ros: 0.12.0 (/opt/ros/jazzy/share/ament_cmake_ros/cmake)
-- Found Python3: /usr/bin/python3 (found version "3.12.3") found components: Interpreter 
-- Found ecl_build: 1.0.3 (/opt/ros/jazzy/share/ecl_build/cmake)
[0mCMake Deprecation Warning at /opt/ros/jazzy/share/ecl_build/cmake/cotire.cmake:45 (cmake_minimum_required):
  Compatibility with CMake < 3.5 will be removed from a future version of
  CMake.

  Update the VERSION argument <min> value or use a ...<max> suffix to tell
  CMake that the project does not need compatibility with older versions.
Call Stack (most recent call first):
  /opt/ros/jazzy/share/ecl_build/cmake/ecl_buildConfig.cmake:41 (include)
  CMakeLists.txt:5 (find_package)

[0m
-- Found geometry_msgs: 5.3.7 (/opt/ros/jazzy/share/geometry_msgs/cmake)
-- Found rosidl_generator_c: 4.6.7 (/opt/ros/jazzy/share/rosidl_generator_c/cmake)
-- Found rosidl_generator_cpp: 4.6.7 (/opt/ros/jazzy/share/rosidl_generator_cpp/cmake)
-- Using all available rosidl_typesupport_c: rosidl_typesupport_fastrtps_c;rosidl_typesupport_introspection_c
-- Using all available rosidl_typesupport_cpp: rosidl_typesupport_fastrtps_cpp;rosidl_typesupport_introspection_cpp
-- Found kobuki_ros_interfaces: 1.0.0 (/opt/ros/jazzy/share/kobuki_ros_interfaces/cmake)
-- Found rclcpp: 28.1.18 (/opt/ros/jazzy/share/rclcpp/cmake)
-- Found rmw_implementation_cmake: 7.3.3 (/opt/ros/jazzy/share/rmw_implementation_cmake/cmake)
-- Found rmw_fastrtps_cpp: 8.4.3 (/opt/ros/jazzy/share/rmw_fastrtps_cpp/cmake)
-- Found OpenSSL: /usr/lib/aarch64-linux-gnu/libcrypto.so (found version "3.0.13")  
-- Found FastRTPS: /opt/ros/jazzy/include (Required is at least version "2.13") 
-- Using RMW implementation 'rmw_fastrtps_cpp' as default
-- Found rclcpp_components: 28.1.18 (/opt/ros/jazzy/share/rclcpp_components/cmake)
-- Configuring done (6.3s)
-- Generating done (0.1s)
-- Build files have been written to: /home/abdulrafi/Desktop/ROS2_Final_Project/kobuki_ws/build/kobuki_safety_controller
[ 25%] [32mBuilding CXX object CMakeFiles/kobuki_safety_controller.dir/src/safety_controller.cpp.o[0m
[ 50%] [32m[1mLinking CXX shared library libkobuki_safety_controller.so[0m
[ 50%] Built target kobuki_safety_controller
[ 75%] [32mBuilding CXX object CMakeFiles/kobuki_safety_controller_node.dir/rclcpp_components/node_main_kobuki_safety_controller_node.cpp.o[0m
[100%] [32m[1mLinking CXX executable kobuki_safety_controller_node[0m
[100%] Built target kobuki_safety_controller_node
-- Install configuration: ""
-- Installing: /home/abdulrafi/Desktop/ROS2_Final_Project/kobuki_ws/install/kobuki_safety_controller/lib/kobuki_safety_controller/kobuki_safety_controller_node
-- Set non-toolchain portion of runtime path of "/home/abdulrafi/Desktop/ROS2_Final_Project/kobuki_ws/install/kobuki_safety_controller/lib/kobuki_safety_controller/kobuki_safety_controller_node" to ""
-- Installing: /home/abdulrafi/Desktop/ROS2_Final_Project/kobuki_ws/install/kobuki_safety_controller/lib/libkobuki_safety_controller.so
-- Set non-toolchain portion of runtime path of "/home/abdulrafi/Desktop/ROS2_Final_Project/kobuki_ws/install/kobuki_safety_controller/lib/libkobuki_safety_controller.so" to ""
-- Installing: /home/abdulrafi/Desktop/ROS2_Final_Project/kobuki_ws/install/kobuki_safety_controller/include/kobuki_safety_controller
-- Installing: /home/abdulrafi/Desktop/ROS2_Final_Project/kobuki_ws/install/kobuki_safety_controller/include/kobuki_safety_controller/safety_controller.hpp
-- Installing: /home/abdulrafi/Desktop/ROS2_Final_Project/kobuki_ws/install/kobuki_safety_controller/share/kobuki_safety_controller/config
-- Installing: /home/abdulrafi/Desktop/ROS2_Final_Project/kobuki_ws/install/kobuki_safety_controller/share/kobuki_safety_controller/config/safety_controller_params.yaml
-- Installing: /home/abdulrafi/Desktop/ROS2_Final_Project/kobuki_ws/install/kobuki_safety_controller/share/kobuki_safety_controller/launch
-- Installing: /home/abdulrafi/Desktop/ROS2_Final_Project/kobuki_ws/install/kobuki_safety_controller/share/kobuki_safety_controller/launch/safety_controller-launch.py
-- Installing: /home/abdulrafi/Desktop/ROS2_Final_Project/kobuki_ws/install/kobuki_safety_controller/share/kobuki_safety_controller/launch/safety_controller-composed-launch.py
-- Installing: /home/abdulrafi/Desktop/ROS2_Final_Project/kobuki_ws/install/kobuki_safety_controller/share/kobuki_safety_controller/environment/library_path.sh
-- Installing: /home/abdulrafi/Desktop/ROS2_Final_Project/kobuki_ws/install/kobuki_safety_controller/share/kobuki_safety_controller/environment/library_path.dsv
-- Installing: /home/abdulrafi/Desktop/ROS2_Final_Project/kobuki_ws/install/kobuki_safety_controller/share/ament_index/resource_index/package_run_dependencies/kobuki_safety_controller
-- Installing: /home/abdulrafi/Desktop/ROS2_Final_Project/kobuki_ws/install/kobuki_safety_controller/share/ament_index/resource_index/parent_prefix_path/kobuki_safety_controller
-- Installing: /home/abdulrafi/Desktop/ROS2_Final_Project/kobuki_ws/install/kobuki_safety_controller/share/kobuki_safety_controller/environment/ament_prefix_path.sh
-- Installing: /home/abdulrafi/Desktop/ROS2_Final_Project/kobuki_ws/install/kobuki_safety_controller/share/kobuki_safety_controller/environment/ament_prefix_path.dsv
-- Installing: /home/abdulrafi/Desktop/ROS2_Final_Project/kobuki_ws/install/kobuki_safety_controller/share/kobuki_safety_controller/environment/path.sh
-- Installing: /home/abdulrafi/Desktop/ROS2_Final_Project/kobuki_ws/install/kobuki_safety_controller/share/kobuki_safety_controller/environment/path.dsv
-- Installing: /home/abdulrafi/Desktop/ROS2_Final_Project/kobuki_ws/install/kobuki_safety_controller/share/kobuki_safety_controller/local_setup.bash
-- Installing: /home/abdulrafi/Desktop/ROS2_Final_Project/kobuki_ws/install/kobuki_safety_controller/share/kobuki_safety_controller/local_setup.sh
-- Installing: /home/abdulrafi/Desktop/ROS2_Final_Project/kobuki_ws/install/kobuki_safety_controller/share/kobuki_safety_controller/local_setup.zsh
-- Installing: /home/abdulrafi/Desktop/ROS2_Final_Project/kobuki_ws/install/kobuki_safety_controller/share/kobuki_safety_controller/local_setup.dsv
-- Installing: /home/abdulrafi/Desktop/ROS2_Final_Project/kobuki_ws/install/kobuki_safety_controller/share/kobuki_safety_controller/package.dsv
-- Installing: /home/abdulrafi/Desktop/ROS2_Final_Project/kobuki_ws/install/kobuki_safety_controller/share/ament_index/resource_index/packages/kobuki_safety_controller
-- Installing: /home/abdulrafi/Desktop/ROS2_Final_Project/kobuki_ws/install/kobuki_safety_controller/share/ament_index/resource_index/rclcpp_components/kobuki_safety_controller
-- Installing: /home/abdulrafi/Desktop/ROS2_Final_Project/kobuki_ws/install/kobuki_safety_controller/share/kobuki_safety_controller/cmake/kobuki_safety_controllerExport.cmake
-- Installing: /home/abdulrafi/Desktop/ROS2_Final_Project/kobuki_ws/install/kobuki_safety_controller/share/kobuki_safety_controller/cmake/kobuki_safety_controllerExport-noconfig.cmake
-- Installing: /home/abdulrafi/Desktop/ROS2_Final_Project/kobuki_ws/install/kobuki_safety_controller/share/kobuki_safety_controller/cmake/ament_cmake_export_include_directories-extras.cmake
-- Installing: /home/abdulrafi/Desktop/ROS2_Final_Project/kobuki_ws/install/kobuki_safety_controller/share/kobuki_safety_controller/cmake/ament_cmake_export_libraries-extras.cmake
-- Installing: /home/abdulrafi/Desktop/ROS2_Final_Project/kobuki_ws/install/kobuki_safety_controller/share/kobuki_safety_controller/cmake/ament_cmake_export_targets-extras.cmake
-- Installing: /home/abdulrafi/Desktop/ROS2_Final_Project/kobuki_ws/install/kobuki_safety_controller/share/kobuki_safety_controller/cmake/kobuki_safety_controllerConfig.cmake
-- Installing: /home/abdulrafi/Desktop/ROS2_Final_Project/kobuki_ws/install/kobuki_safety_controller/share/kobuki_safety_controller/cmake/kobuki_safety_controllerConfig-version.cmake
-- Installing: /home/abdulrafi/Desktop/ROS2_Final_Project/kobuki_ws/install/kobuki_safety_controller/share/kobuki_safety_controller/package.xml
