running egg_info
creating ../../build/qbot_nav/qbot_nav.egg-info
writing ../../build/qbot_nav/qbot_nav.egg-info/PKG-INFO
writing dependency_links to ../../build/qbot_nav/qbot_nav.egg-info/dependency_links.txt
writing entry points to ../../build/qbot_nav/qbot_nav.egg-info/entry_points.txt
writing requirements to ../../build/qbot_nav/qbot_nav.egg-info/requires.txt
writing top-level names to ../../build/qbot_nav/qbot_nav.egg-info/top_level.txt
writing manifest file '../../build/qbot_nav/qbot_nav.egg-info/SOURCES.txt'
reading manifest file '../../build/qbot_nav/qbot_nav.egg-info/SOURCES.txt'
adding license file 'LICENSE'
writing manifest file '../../build/qbot_nav/qbot_nav.egg-info/SOURCES.txt'
running build
running build_py
creating /home/abdulrafi/Desktop/ROS2_Final_Project/kobuki_ws/build/qbot_nav/build
creating /home/abdulrafi/Desktop/ROS2_Final_Project/kobuki_ws/build/qbot_nav/build/lib
creating /home/abdulrafi/Desktop/ROS2_Final_Project/kobuki_ws/build/qbot_nav/build/lib/qbot_nav
copying qbot_nav/navigation_server.py -> /home/abdulrafi/Desktop/ROS2_Final_Project/kobuki_ws/build/qbot_nav/build/lib/qbot_nav
copying qbot_nav/__init__.py -> /home/abdulrafi/Desktop/ROS2_Final_Project/kobuki_ws/build/qbot_nav/build/lib/qbot_nav
copying qbot_nav/qbot_controller.py -> /home/abdulrafi/Desktop/ROS2_Final_Project/kobuki_ws/build/qbot_nav/build/lib/qbot_nav
copying qbot_nav/slam_pose_publisher.py -> /home/abdulrafi/Desktop/ROS2_Final_Project/kobuki_ws/build/qbot_nav/build/lib/qbot_nav
running install
running install_lib
creating /home/abdulrafi/Desktop/ROS2_Final_Project/kobuki_ws/install/qbot_nav/lib/python3.12/site-packages/qbot_nav
copying /home/abdulrafi/Desktop/ROS2_Final_Project/kobuki_ws/build/qbot_nav/build/lib/qbot_nav/navigation_server.py -> /home/abdulrafi/Desktop/ROS2_Final_Project/kobuki_ws/install/qbot_nav/lib/python3.12/site-packages/qbot_nav
copying /home/abdulrafi/Desktop/ROS2_Final_Project/kobuki_ws/build/qbot_nav/build/lib/qbot_nav/__init__.py -> /home/abdulrafi/Desktop/ROS2_Final_Project/kobuki_ws/install/qbot_nav/lib/python3.12/site-packages/qbot_nav
copying /home/abdulrafi/Desktop/ROS2_Final_Project/kobuki_ws/build/qbot_nav/build/lib/qbot_nav/qbot_controller.py -> /home/abdulrafi/Desktop/ROS2_Final_Project/kobuki_ws/install/qbot_nav/lib/python3.12/site-packages/qbot_nav
copying /home/abdulrafi/Desktop/ROS2_Final_Project/kobuki_ws/build/qbot_nav/build/lib/qbot_nav/slam_pose_publisher.py -> /home/abdulrafi/Desktop/ROS2_Final_Project/kobuki_ws/install/qbot_nav/lib/python3.12/site-packages/qbot_nav
byte-compiling /home/abdulrafi/Desktop/ROS2_Final_Project/kobuki_ws/install/qbot_nav/lib/python3.12/site-packages/qbot_nav/navigation_server.py to navigation_server.cpython-312.pyc
byte-compiling /home/abdulrafi/Desktop/ROS2_Final_Project/kobuki_ws/install/qbot_nav/lib/python3.12/site-packages/qbot_nav/__init__.py to __init__.cpython-312.pyc
byte-compiling /home/abdulrafi/Desktop/ROS2_Final_Project/kobuki_ws/install/qbot_nav/lib/python3.12/site-packages/qbot_nav/qbot_controller.py to qbot_controller.cpython-312.pyc
byte-compiling /home/abdulrafi/Desktop/ROS2_Final_Project/kobuki_ws/install/qbot_nav/lib/python3.12/site-packages/qbot_nav/slam_pose_publisher.py to slam_pose_publisher.cpython-312.pyc
running install_data
creating /home/abdulrafi/Desktop/ROS2_Final_Project/kobuki_ws/install/qbot_nav/share/ament_index
creating /home/abdulrafi/Desktop/ROS2_Final_Project/kobuki_ws/install/qbot_nav/share/ament_index/resource_index
creating /home/abdulrafi/Desktop/ROS2_Final_Project/kobuki_ws/install/qbot_nav/share/ament_index/resource_index/packages
copying resource/qbot_nav -> /home/abdulrafi/Desktop/ROS2_Final_Project/kobuki_ws/install/qbot_nav/share/ament_index/resource_index/packages
copying package.xml -> /home/abdulrafi/Desktop/ROS2_Final_Project/kobuki_ws/install/qbot_nav/share/qbot_nav
creating /home/abdulrafi/Desktop/ROS2_Final_Project/kobuki_ws/install/qbot_nav/share/qbot_nav/launch
copying launch/qbot_hardware.launch.py -> /home/abdulrafi/Desktop/ROS2_Final_Project/kobuki_ws/install/qbot_nav/share/qbot_nav/launch
creating /home/abdulrafi/Desktop/ROS2_Final_Project/kobuki_ws/install/qbot_nav/share/qbot_nav/config
copying config/slam_toolbox_params.yaml -> /home/abdulrafi/Desktop/ROS2_Final_Project/kobuki_ws/install/qbot_nav/share/qbot_nav/config
running install_egg_info
Copying ../../build/qbot_nav/qbot_nav.egg-info to /home/abdulrafi/Desktop/ROS2_Final_Project/kobuki_ws/install/qbot_nav/lib/python3.12/site-packages/qbot_nav-0.0.0-py3.12.egg-info
running install_scripts
Installing navigation_server script to /home/abdulrafi/Desktop/ROS2_Final_Project/kobuki_ws/install/qbot_nav/lib/qbot_nav
Installing qbot_controller script to /home/abdulrafi/Desktop/ROS2_Final_Project/kobuki_ws/install/qbot_nav/lib/qbot_nav
Installing slam_pose_publisher script to /home/abdulrafi/Desktop/ROS2_Final_Project/kobuki_ws/install/qbot_nav/lib/qbot_nav
writing list of installed files to '/home/abdulrafi/Desktop/ROS2_Final_Project/kobuki_ws/build/qbot_nav/install.log'
