[7.096s] Invoking command in '/home/abdulrafi/Desktop/ROS2_Final_Project/kobuki_ws/src/qbot_nav': AMENT_PREFIX_PATH=/home/abdulrafi/Desktop/ROS2_Final_Project/kobuki_ws/install/interfaces:${AMENT_PREFIX_PATH} CMAKE_PREFIX_PATH=/home/abdulrafi/Desktop/ROS2_Final_Project/kobuki_ws/install/interfaces:${CMAKE_PREFIX_PATH} DEBUGINFOD_URLS=https://debuginfod.ubuntu.com LD_LIBRARY_PATH=/home/abdulrafi/Desktop/ROS2_Final_Project/kobuki_ws/install/interfaces/lib:${LD_LIBRARY_PATH} PYTHONPATH=/home/abdulrafi/Desktop/ROS2_Final_Project/kobuki_ws/build/qbot_nav/prefix_override:/usr/lib/python3/dist-packages/colcon_core/task/python/colcon_distutils_commands:/home/abdulrafi/Desktop/ROS2_Final_Project/kobuki_ws/install/qbot_nav/lib/python3.12/site-packages:/home/abdulrafi/Desktop/ROS2_Final_Project/kobuki_ws/install/interfaces/lib/python3.12/site-packages:${PYTHONPATH} /usr/bin/python3 -W ignore:setup.py install is deprecated -W ignore:easy_install command is deprecated setup.py egg_info --egg-base ../../build/qbot_nav build --build-base /home/abdulrafi/Desktop/ROS2_Final_Project/kobuki_ws/build/qbot_nav/build install --record /home/abdulrafi/Desktop/ROS2_Final_Project/kobuki_ws/build/qbot_nav/install.log --single-version-externally-managed install_data
[8.467s] running egg_info
[8.469s] creating ../../build/qbot_nav/qbot_nav.egg-info
[8.576s] writing ../../build/qbot_nav/qbot_nav.egg-info/PKG-INFO
[8.578s] writing dependency_links to ../../build/qbot_nav/qbot_nav.egg-info/dependency_links.txt
[8.579s] writing entry points to ../../build/qbot_nav/qbot_nav.egg-info/entry_points.txt
[8.582s] writing requirements to ../../build/qbot_nav/qbot_nav.egg-info/requires.txt
[8.582s] writing top-level names to ../../build/qbot_nav/qbot_nav.egg-info/top_level.txt
[8.583s] writing manifest file '../../build/qbot_nav/qbot_nav.egg-info/SOURCES.txt'
[8.800s] reading manifest file '../../build/qbot_nav/qbot_nav.egg-info/SOURCES.txt'
[8.805s] adding license file 'LICENSE'
[8.806s] writing manifest file '../../build/qbot_nav/qbot_nav.egg-info/SOURCES.txt'
[8.807s] running build
[8.807s] running build_py
[8.810s] creating /home/abdulrafi/Desktop/ROS2_Final_Project/kobuki_ws/build/qbot_nav/build
[8.811s] creating /home/abdulrafi/Desktop/ROS2_Final_Project/kobuki_ws/build/qbot_nav/build/lib
[8.811s] creating /home/abdulrafi/Desktop/ROS2_Final_Project/kobuki_ws/build/qbot_nav/build/lib/qbot_nav
[8.812s] copying qbot_nav/navigation_server.py -> /home/abdulrafi/Desktop/ROS2_Final_Project/kobuki_ws/build/qbot_nav/build/lib/qbot_nav
[8.814s] copying qbot_nav/__init__.py -> /home/abdulrafi/Desktop/ROS2_Final_Project/kobuki_ws/build/qbot_nav/build/lib/qbot_nav
[8.818s] copying qbot_nav/qbot_controller.py -> /home/abdulrafi/Desktop/ROS2_Final_Project/kobuki_ws/build/qbot_nav/build/lib/qbot_nav
[8.818s] copying qbot_nav/slam_pose_publisher.py -> /home/abdulrafi/Desktop/ROS2_Final_Project/kobuki_ws/build/qbot_nav/build/lib/qbot_nav
[8.819s] running install
[8.843s] running install_lib
[8.957s] creating /home/abdulrafi/Desktop/ROS2_Final_Project/kobuki_ws/install/qbot_nav/lib/python3.12/site-packages/qbot_nav
[8.958s] copying /home/abdulrafi/Desktop/ROS2_Final_Project/kobuki_ws/build/qbot_nav/build/lib/qbot_nav/navigation_server.py -> /home/abdulrafi/Desktop/ROS2_Final_Project/kobuki_ws/install/qbot_nav/lib/python3.12/site-packages/qbot_nav
[8.961s] copying /home/abdulrafi/Desktop/ROS2_Final_Project/kobuki_ws/build/qbot_nav/build/lib/qbot_nav/__init__.py -> /home/abdulrafi/Desktop/ROS2_Final_Project/kobuki_ws/install/qbot_nav/lib/python3.12/site-packages/qbot_nav
[8.962s] copying /home/abdulrafi/Desktop/ROS2_Final_Project/kobuki_ws/build/qbot_nav/build/lib/qbot_nav/qbot_controller.py -> /home/abdulrafi/Desktop/ROS2_Final_Project/kobuki_ws/install/qbot_nav/lib/python3.12/site-packages/qbot_nav
[8.962s] copying /home/abdulrafi/Desktop/ROS2_Final_Project/kobuki_ws/build/qbot_nav/build/lib/qbot_nav/slam_pose_publisher.py -> /home/abdulrafi/Desktop/ROS2_Final_Project/kobuki_ws/install/qbot_nav/lib/python3.12/site-packages/qbot_nav
[8.968s] byte-compiling /home/abdulrafi/Desktop/ROS2_Final_Project/kobuki_ws/install/qbot_nav/lib/python3.12/site-packages/qbot_nav/navigation_server.py to navigation_server.cpython-312.pyc
[8.981s] byte-compiling /home/abdulrafi/Desktop/ROS2_Final_Project/kobuki_ws/install/qbot_nav/lib/python3.12/site-packages/qbot_nav/__init__.py to __init__.cpython-312.pyc
[8.984s] byte-compiling /home/abdulrafi/Desktop/ROS2_Final_Project/kobuki_ws/install/qbot_nav/lib/python3.12/site-packages/qbot_nav/qbot_controller.py to qbot_controller.cpython-312.pyc
[8.996s] byte-compiling /home/abdulrafi/Desktop/ROS2_Final_Project/kobuki_ws/install/qbot_nav/lib/python3.12/site-packages/qbot_nav/slam_pose_publisher.py to slam_pose_publisher.cpython-312.pyc
[8.997s] running install_data
[8.998s] creating /home/abdulrafi/Desktop/ROS2_Final_Project/kobuki_ws/install/qbot_nav/share/ament_index
[8.999s] creating /home/abdulrafi/Desktop/ROS2_Final_Project/kobuki_ws/install/qbot_nav/share/ament_index/resource_index
[9.002s] creating /home/abdulrafi/Desktop/ROS2_Final_Project/kobuki_ws/install/qbot_nav/share/ament_index/resource_index/packages
[9.003s] copying resource/qbot_nav -> /home/abdulrafi/Desktop/ROS2_Final_Project/kobuki_ws/install/qbot_nav/share/ament_index/resource_index/packages
[9.003s] copying package.xml -> /home/abdulrafi/Desktop/ROS2_Final_Project/kobuki_ws/install/qbot_nav/share/qbot_nav
[9.003s] creating /home/abdulrafi/Desktop/ROS2_Final_Project/kobuki_ws/install/qbot_nav/share/qbot_nav/launch
[9.004s] copying launch/qbot_hardware.launch.py -> /home/abdulrafi/Desktop/ROS2_Final_Project/kobuki_ws/install/qbot_nav/share/qbot_nav/launch
[9.014s] creating /home/abdulrafi/Desktop/ROS2_Final_Project/kobuki_ws/install/qbot_nav/share/qbot_nav/config
[9.016s] copying config/slam_toolbox_params.yaml -> /home/abdulrafi/Desktop/ROS2_Final_Project/kobuki_ws/install/qbot_nav/share/qbot_nav/config
[9.019s] running install_egg_info
[9.102s] Copying ../../build/qbot_nav/qbot_nav.egg-info to /home/abdulrafi/Desktop/ROS2_Final_Project/kobuki_ws/install/qbot_nav/lib/python3.12/site-packages/qbot_nav-0.0.0-py3.12.egg-info
[9.102s] running install_scripts
[9.743s] Installing navigation_server script to /home/abdulrafi/Desktop/ROS2_Final_Project/kobuki_ws/install/qbot_nav/lib/qbot_nav
[9.745s] Installing qbot_controller script to /home/abdulrafi/Desktop/ROS2_Final_Project/kobuki_ws/install/qbot_nav/lib/qbot_nav
[9.746s] Installing slam_pose_publisher script to /home/abdulrafi/Desktop/ROS2_Final_Project/kobuki_ws/install/qbot_nav/lib/qbot_nav
[9.748s] writing list of installed files to '/home/abdulrafi/Desktop/ROS2_Final_Project/kobuki_ws/build/qbot_nav/install.log'
[9.903s] Invoked command in '/home/abdulrafi/Desktop/ROS2_Final_Project/kobuki_ws/src/qbot_nav' returned '0': AMENT_PREFIX_PATH=/home/abdulrafi/Desktop/ROS2_Final_Project/kobuki_ws/install/interfaces:${AMENT_PREFIX_PATH} CMAKE_PREFIX_PATH=/home/abdulrafi/Desktop/ROS2_Final_Project/kobuki_ws/install/interfaces:${CMAKE_PREFIX_PATH} DEBUGINFOD_URLS=https://debuginfod.ubuntu.com LD_LIBRARY_PATH=/home/abdulrafi/Desktop/ROS2_Final_Project/kobuki_ws/install/interfaces/lib:${LD_LIBRARY_PATH} PYTHONPATH=/home/abdulrafi/Desktop/ROS2_Final_Project/kobuki_ws/build/qbot_nav/prefix_override:/usr/lib/python3/dist-packages/colcon_core/task/python/colcon_distutils_commands:/home/abdulrafi/Desktop/ROS2_Final_Project/kobuki_ws/install/qbot_nav/lib/python3.12/site-packages:/home/abdulrafi/Desktop/ROS2_Final_Project/kobuki_ws/install/interfaces/lib/python3.12/site-packages:${PYTHONPATH} /usr/bin/python3 -W ignore:setup.py install is deprecated -W ignore:easy_install command is deprecated setup.py egg_info --egg-base ../../build/qbot_nav build --build-base /home/abdulrafi/Desktop/ROS2_Final_Project/kobuki_ws/build/qbot_nav/build install --record /home/abdulrafi/Desktop/ROS2_Final_Project/kobuki_ws/build/qbot_nav/install.log --single-version-externally-managed install_data
