[  5%] Built target ecl_bench_containers
[ 11%] Built target ecl_bench_files
[ 17%] Built target ecl_bench_flops
[ 23%] Built target ecl_bench_exceptions
[ 29%] Built target ecl_bench_snooze
[ 35%] Built target ecl_bench_streams
[ 41%] Built target ecl_bench_string_conversions
[ 47%] Built target ecl_bench_eigen3_inverse
[ 52%] Built target ecl_bench_eigen3_decompositions
[ 58%] Built target ecl_bench_eigen3_transforms
[ 64%] Built target ecl_hex
[ 70%] Built target ecl_serial
[ 76%] Built target ecl_socket_client
[ 82%] Built target ecl_socket_server
[ 88%] Built target ecl_process_statistics
[ 94%] Built target ecl_quaternion2yaw
[100%] Built target ecl_yaw2quaternion
-- Install configuration: ""
-- Up-to-date: /home/abdulrafi/Desktop/ROS2_Final_Project/kobuki_ws/install/ecl_core_apps/share/ament_index/resource_index/package_run_dependencies/ecl_core_apps
-- Up-to-date: /home/abdulrafi/Desktop/ROS2_Final_Project/kobuki_ws/install/ecl_core_apps/share/ament_index/resource_index/parent_prefix_path/ecl_core_apps
-- Up-to-date: /home/abdulrafi/Desktop/ROS2_Final_Project/kobuki_ws/install/ecl_core_apps/share/ecl_core_apps/environment/ament_prefix_path.sh
-- Up-to-date: /home/abdulrafi/Desktop/ROS2_Final_Project/kobuki_ws/install/ecl_core_apps/share/ecl_core_apps/environment/ament_prefix_path.dsv
-- Up-to-date: /home/abdulrafi/Desktop/ROS2_Final_Project/kobuki_ws/install/ecl_core_apps/share/ecl_core_apps/environment/path.sh
-- Up-to-date: /home/abdulrafi/Desktop/ROS2_Final_Project/kobuki_ws/install/ecl_core_apps/share/ecl_core_apps/environment/path.dsv
-- Up-to-date: /home/abdulrafi/Desktop/ROS2_Final_Project/kobuki_ws/install/ecl_core_apps/share/ecl_core_apps/local_setup.bash
-- Up-to-date: /home/abdulrafi/Desktop/ROS2_Final_Project/kobuki_ws/install/ecl_core_apps/share/ecl_core_apps/local_setup.sh
-- Up-to-date: /home/abdulrafi/Desktop/ROS2_Final_Project/kobuki_ws/install/ecl_core_apps/share/ecl_core_apps/local_setup.zsh
-- Up-to-date: /home/abdulrafi/Desktop/ROS2_Final_Project/kobuki_ws/install/ecl_core_apps/share/ecl_core_apps/local_setup.dsv
-- Installing: /home/abdulrafi/Desktop/ROS2_Final_Project/kobuki_ws/install/ecl_core_apps/share/ecl_core_apps/package.dsv
-- Up-to-date: /home/abdulrafi/Desktop/ROS2_Final_Project/kobuki_ws/install/ecl_core_apps/share/ament_index/resource_index/packages/ecl_core_apps
-- Up-to-date: /home/abdulrafi/Desktop/ROS2_Final_Project/kobuki_ws/install/ecl_core_apps/share/ecl_core_apps/cmake/ecl_core_appsConfig.cmake
-- Up-to-date: /home/abdulrafi/Desktop/ROS2_Final_Project/kobuki_ws/install/ecl_core_apps/share/ecl_core_apps/cmake/ecl_core_appsConfig-version.cmake
-- Up-to-date: /home/abdulrafi/Desktop/ROS2_Final_Project/kobuki_ws/install/ecl_core_apps/share/ecl_core_apps/package.xml
-- Up-to-date: /home/abdulrafi/Desktop/ROS2_Final_Project/kobuki_ws/install/ecl_core_apps/bin/ecl_bench_containers
-- Up-to-date: /home/abdulrafi/Desktop/ROS2_Final_Project/kobuki_ws/install/ecl_core_apps/bin/ecl_bench_files
-- Up-to-date: /home/abdulrafi/Desktop/ROS2_Final_Project/kobuki_ws/install/ecl_core_apps/bin/ecl_bench_flops
-- Up-to-date: /home/abdulrafi/Desktop/ROS2_Final_Project/kobuki_ws/install/ecl_core_apps/bin/ecl_bench_exceptions
-- Up-to-date: /home/abdulrafi/Desktop/ROS2_Final_Project/kobuki_ws/install/ecl_core_apps/bin/ecl_bench_snooze
-- Up-to-date: /home/abdulrafi/Desktop/ROS2_Final_Project/kobuki_ws/install/ecl_core_apps/bin/ecl_bench_streams
-- Up-to-date: /home/abdulrafi/Desktop/ROS2_Final_Project/kobuki_ws/install/ecl_core_apps/bin/ecl_bench_string_conversions
-- Up-to-date: /home/abdulrafi/Desktop/ROS2_Final_Project/kobuki_ws/install/ecl_core_apps/bin/ecl_bench_eigen3_inverse
-- Up-to-date: /home/abdulrafi/Desktop/ROS2_Final_Project/kobuki_ws/install/ecl_core_apps/bin/ecl_bench_eigen3_decompositions
-- Up-to-date: /home/abdulrafi/Desktop/ROS2_Final_Project/kobuki_ws/install/ecl_core_apps/bin/ecl_bench_eigen3_transforms
-- Up-to-date: /home/abdulrafi/Desktop/ROS2_Final_Project/kobuki_ws/install/ecl_core_apps/lib/ecl_core_apps/ecl_hex
-- Up-to-date: /home/abdulrafi/Desktop/ROS2_Final_Project/kobuki_ws/install/ecl_core_apps/lib/ecl_core_apps/ecl_serial
-- Up-to-date: /home/abdulrafi/Desktop/ROS2_Final_Project/kobuki_ws/install/ecl_core_apps/lib/ecl_core_apps/ecl_socket_client
-- Up-to-date: /home/abdulrafi/Desktop/ROS2_Final_Project/kobuki_ws/install/ecl_core_apps/lib/ecl_core_apps/ecl_socket_server
-- Up-to-date: /home/abdulrafi/Desktop/ROS2_Final_Project/kobuki_ws/install/ecl_core_apps/bin/ecl_process_statistics
-- Up-to-date: /home/abdulrafi/Desktop/ROS2_Final_Project/kobuki_ws/install/ecl_core_apps/bin/ecl_quaternion2yaw
-- Up-to-date: /home/abdulrafi/Desktop/ROS2_Final_Project/kobuki_ws/install/ecl_core_apps/bin/ecl_yaw2quaternion
