[0.274s] Invoking command in '/home/abdulrafi/Desktop/ROS2_Final_Project/kobuki_ws/build/kobuki_auto_docking': AMENT_PREFIX_PATH=/home/abdulrafi/Desktop/ROS2_Final_Project/kobuki_ws/install/kobuki_core:/home/abdulrafi/Desktop/ROS2_Final_Project/kobuki_ws/install/ecl_mobile_robot:/home/abdulrafi/Desktop/ROS2_Final_Project/kobuki_ws/install/ecl_geometry:/home/abdulrafi/Desktop/ROS2_Final_Project/kobuki_ws/install/ecl_devices:/home/abdulrafi/Desktop/ROS2_Final_Project/kobuki_ws/install/ecl_sigslots:/home/abdulrafi/Desktop/ROS2_Final_Project/kobuki_ws/install/ecl_linear_algebra:/home/abdulrafi/Desktop/ROS2_Final_Project/kobuki_ws/install/ecl_containers:/home/abdulrafi/Desktop/ROS2_Final_Project/kobuki_ws/install/ecl_threads:/home/abdulrafi/Desktop/ROS2_Final_Project/kobuki_ws/install/ecl_formatters:/home/abdulrafi/Desktop/ROS2_Final_Project/kobuki_ws/install/ecl_utilities:/home/abdulrafi/Desktop/ROS2_Final_Project/kobuki_ws/install/ecl_time:/home/abdulrafi/Desktop/ROS2_Final_Project/kobuki_ws/install/ecl_converters:/home/abdulrafi/Desktop/ROS2_Final_Project/kobuki_ws/install/ecl_time_lite:/home/abdulrafi/Desktop/ROS2_Final_Project/kobuki_ws/install/ecl_math:/home/abdulrafi/Desktop/ROS2_Final_Project/kobuki_ws/install/ecl_exceptions:/home/abdulrafi/Desktop/ROS2_Final_Project/kobuki_ws/install/ecl_concepts:/home/abdulrafi/Desktop/ROS2_Final_Project/kobuki_ws/install/ecl_type_traits:/home/abdulrafi/Desktop/ROS2_Final_Project/kobuki_ws/install/ecl_errors:/home/abdulrafi/Desktop/ROS2_Final_Project/kobuki_ws/install/ecl_console:/home/abdulrafi/Desktop/ROS2_Final_Project/kobuki_ws/install/ecl_mpl:/home/abdulrafi/Desktop/ROS2_Final_Project/kobuki_ws/install/ecl_eigen:/home/abdulrafi/Desktop/ROS2_Final_Project/kobuki_ws/install/ecl_config:/home/abdulrafi/Desktop/ROS2_Final_Project/kobuki_ws/install/ecl_command_line:${AMENT_PREFIX_PATH} CMAKE_PREFIX_PATH=/home/abdulrafi/Desktop/ROS2_Final_Project/kobuki_ws/install/kobuki_core:/home/abdulrafi/Desktop/ROS2_Final_Project/kobuki_ws/install/ecl_mobile_robot:/home/abdulrafi/Desktop/ROS2_Final_Project/kobuki_ws/install/ecl_geometry:/home/abdulrafi/Desktop/ROS2_Final_Project/kobuki_ws/install/ecl_devices:/home/abdulrafi/Desktop/ROS2_Final_Project/kobuki_ws/install/ecl_sigslots:/home/abdulrafi/Desktop/ROS2_Final_Project/kobuki_ws/install/ecl_linear_algebra:/home/abdulrafi/Desktop/ROS2_Final_Project/kobuki_ws/install/ecl_containers:/home/abdulrafi/Desktop/ROS2_Final_Project/kobuki_ws/install/ecl_threads:/home/abdulrafi/Desktop/ROS2_Final_Project/kobuki_ws/install/ecl_formatters:/home/abdulrafi/Desktop/ROS2_Final_Project/kobuki_ws/install/ecl_utilities:/home/abdulrafi/Desktop/ROS2_Final_Project/kobuki_ws/install/ecl_time:/home/abdulrafi/Desktop/ROS2_Final_Project/kobuki_ws/install/ecl_converters:/home/abdulrafi/Desktop/ROS2_Final_Project/kobuki_ws/install/ecl_time_lite:/home/abdulrafi/Desktop/ROS2_Final_Project/kobuki_ws/install/ecl_math:/home/abdulrafi/Desktop/ROS2_Final_Project/kobuki_ws/install/ecl_exceptions:/home/abdulrafi/Desktop/ROS2_Final_Project/kobuki_ws/install/ecl_concepts:/home/abdulrafi/Desktop/ROS2_Final_Project/kobuki_ws/install/ecl_type_traits:/home/abdulrafi/Desktop/ROS2_Final_Project/kobuki_ws/install/ecl_errors:/home/abdulrafi/Desktop/ROS2_Final_Project/kobuki_ws/install/ecl_console:/home/abdulrafi/Desktop/ROS2_Final_Project/kobuki_ws/install/ecl_mpl:/home/abdulrafi/Desktop/ROS2_Final_Project/kobuki_ws/install/ecl_eigen:/home/abdulrafi/Desktop/ROS2_Final_Project/kobuki_ws/install/ecl_config:/home/abdulrafi/Desktop/ROS2_Final_Project/kobuki_ws/install/ecl_command_line:/opt/ros/jazzy/opt/gz_sim_vendor:/opt/ros/jazzy/opt/gz_sensors_vendor:/opt/ros/jazzy/opt/gz_physics_vendor:/opt/ros/jazzy/opt/sdformat_vendor:/opt/ros/jazzy/opt/gz_gui_vendor:/opt/ros/jazzy/opt/gz_transport_vendor:/opt/ros/jazzy/opt/gz_rendering_vendor:/opt/ros/jazzy/opt/gz_plugin_vendor:/opt/ros/jazzy/opt/gz_fuel_tools_vendor:/opt/ros/jazzy/opt/gz_msgs_vendor:/opt/ros/jazzy/opt/gz_common_vendor:/opt/ros/jazzy/opt/gz_math_vendor:/opt/ros/jazzy/opt/gz_utils_vendor:/opt/ros/jazzy/opt/gz_tools_vendor:/opt/ros/jazzy/opt/gz_ogre_next_vendor:/opt/ros/jazzy/opt/gz_dartsim_vendor:/opt/ros/jazzy/opt/gz_cmake_vendor:/opt/ros/jazzy DEBUGINFOD_URLS=https://debuginfod.ubuntu.com LD_LIBRARY_PATH=/home/abdulrafi/Desktop/ROS2_Final_Project/kobuki_ws/install/kobuki_core/lib:/home/abdulrafi/Desktop/ROS2_Final_Project/kobuki_ws/install/ecl_mobile_robot/lib:/home/abdulrafi/Desktop/ROS2_Final_Project/kobuki_ws/install/ecl_geometry/lib:/home/abdulrafi/Desktop/ROS2_Final_Project/kobuki_ws/install/ecl_devices/lib:/home/abdulrafi/Desktop/ROS2_Final_Project/kobuki_ws/install/ecl_linear_algebra/lib:/home/abdulrafi/Desktop/ROS2_Final_Project/kobuki_ws/install/ecl_threads/lib:/home/abdulrafi/Desktop/ROS2_Final_Project/kobuki_ws/install/ecl_formatters/lib:/home/abdulrafi/Desktop/ROS2_Final_Project/kobuki_ws/install/ecl_time/lib:/home/abdulrafi/Desktop/ROS2_Final_Project/kobuki_ws/install/ecl_time_lite/lib:/home/abdulrafi/Desktop/ROS2_Final_Project/kobuki_ws/install/ecl_exceptions/lib:/home/abdulrafi/Desktop/ROS2_Final_Project/kobuki_ws/install/ecl_type_traits/lib:/home/abdulrafi/Desktop/ROS2_Final_Project/kobuki_ws/install/ecl_errors/lib:${LD_LIBRARY_PATH} PATH=/home/abdulrafi/Desktop/ROS2_Final_Project/kobuki_ws/install/kobuki_core/bin:/home/abdulrafi/Desktop/ROS2_Final_Project/kobuki_ws/install/ecl_type_traits/bin:/home/abdulrafi/Desktop/ROS2_Final_Project/kobuki_ws/install/ecl_config/bin:${PATH} /usr/bin/cmake /home/abdulrafi/Desktop/ROS2_Final_Project/kobuki_ws/src/ThirdParty/kobuki_ros/kobuki_auto_docking -DCMAKE_INSTALL_PREFIX=/home/abdulrafi/Desktop/ROS2_Final_Project/kobuki_ws/install/kobuki_auto_docking
[0.492s] -- The C compiler identification is GNU 13.3.0
[0.761s] -- The CXX compiler identification is GNU 13.3.0
[0.854s] -- Detecting C compiler ABI info
[1.242s] -- Detecting C compiler ABI info - done
[1.290s] -- Check for working C compiler: /usr/bin/cc - skipped
[1.290s] -- Detecting C compile features
[1.290s] -- Detecting C compile features - done
[1.362s] -- Detecting CXX compiler ABI info
[1.898s] -- Detecting CXX compiler ABI info - done
[1.942s] -- Check for working CXX compiler: /usr/bin/c++ - skipped
[1.942s] -- Detecting CXX compile features
[1.943s] -- Detecting CXX compile features - done
[1.944s] -- Found ament_cmake_ros: 0.12.0 (/opt/ros/jazzy/share/ament_cmake_ros/cmake)
[2.553s] -- Found Python3: /usr/bin/python3 (found version "3.12.3") found components: Interpreter 
[3.118s] -- Found ecl_linear_algebra: 1.2.1 (/home/abdulrafi/Desktop/ROS2_Final_Project/kobuki_ws/install/ecl_linear_algebra/share/ecl_linear_algebra/cmake)
[3.753s] -- Performing Test CMAKE_HAVE_LIBC_PTHREAD
[4.110s] -- Performing Test CMAKE_HAVE_LIBC_PTHREAD - Success
[4.142s] -- Found Threads: TRUE  
[6.454s] -- Found AMD headers in: /usr/include/suitesparse
[6.465s] -- Found AMD library: /usr/lib/aarch64-linux-gnu/libamd.so
[6.476s] -- Found CAMD headers in: /usr/include/suitesparse
[6.477s] -- Found CAMD library: /usr/lib/aarch64-linux-gnu/libcamd.so
[6.477s] -- Found CCOLAMD headers in: /usr/include/suitesparse
[6.482s] -- Found CCOLAMD library: /usr/lib/aarch64-linux-gnu/libccolamd.so
[6.486s] -- Found CHOLMOD headers in: /usr/include/suitesparse
[6.492s] -- Found CHOLMOD library: /usr/lib/aarch64-linux-gnu/libcholmod.so
[6.495s] -- Found COLAMD headers in: /usr/include/suitesparse
[6.504s] -- Found COLAMD library: /usr/lib/aarch64-linux-gnu/libcolamd.so
[6.505s] -- Found SPQR headers in: /usr/include/suitesparse
[6.511s] -- Found SPQR library: /usr/lib/aarch64-linux-gnu/libspqr.so
[6.517s] -- Found Config headers in: /usr/include/suitesparse
[6.523s] -- Found Config library: /usr/lib/aarch64-linux-gnu/libsuitesparseconfig.so
[6.547s] -- Found Intel Thread Building Blocks (TBB) library (2021.11 / ) include location: . Assuming SuiteSparseQR was compiled with TBB.
[6.547s] -- Looking for shm_open in rt
[6.974s] -- Looking for shm_open in rt - found
[6.975s] -- Adding librt to SuiteSparse_config libraries (required on Linux & Unix [not OSX] if SuiteSparse is compiled with timing).
[7.007s] -- Could NOT find METIS (missing: METIS_INCLUDE_DIR METIS_LIBRARY) 
[7.106s] -- Found geometry_msgs: 5.3.7 (/opt/ros/jazzy/share/geometry_msgs/cmake)
[7.446s] -- Found rosidl_generator_c: 4.6.7 (/opt/ros/jazzy/share/rosidl_generator_c/cmake)
[7.560s] -- Found rosidl_generator_cpp: 4.6.7 (/opt/ros/jazzy/share/rosidl_generator_cpp/cmake)
[7.708s] -- Using all available rosidl_typesupport_c: rosidl_typesupport_fastrtps_c;rosidl_typesupport_introspection_c
[7.835s] -- Using all available rosidl_typesupport_cpp: rosidl_typesupport_fastrtps_cpp;rosidl_typesupport_introspection_cpp
[8.099s] -- Found kobuki_core: 1.4.0 (/home/abdulrafi/Desktop/ROS2_Final_Project/kobuki_ws/install/kobuki_core/share/kobuki_core/cmake)
[8.194s] -- Found ecl_build: 1.0.3 (/opt/ros/jazzy/share/ecl_build/cmake)
[8.212s] [0mCMake Deprecation Warning at /opt/ros/jazzy/share/ecl_build/cmake/cotire.cmake:45 (cmake_minimum_required):
[8.213s]   Compatibility with CMake < 3.5 will be removed from a future version of
[8.213s]   CMake.
[8.213s] 
[8.213s]   Update the VERSION argument <min> value or use a ...<max> suffix to tell
[8.214s]   CMake that the project does not need compatibility with older versions.
[8.214s] Call Stack (most recent call first):
[8.216s]   /opt/ros/jazzy/share/ecl_build/cmake/ecl_buildConfig.cmake:41 (include)
[8.217s]   /home/abdulrafi/Desktop/ROS2_Final_Project/kobuki_ws/install/ecl_threads/share/ecl_threads/cmake/ecl_threads-extras.cmake:2 (find_package)
[8.217s]   /home/abdulrafi/Desktop/ROS2_Final_Project/kobuki_ws/install/ecl_threads/share/ecl_threads/cmake/ecl_threadsConfig.cmake:41 (include)
[8.220s]   /home/abdulrafi/Desktop/ROS2_Final_Project/kobuki_ws/install/ecl_devices/share/ecl_devices/cmake/ament_cmake_export_dependencies-extras.cmake:21 (find_package)
[8.220s]   /home/abdulrafi/Desktop/ROS2_Final_Project/kobuki_ws/install/ecl_devices/share/ecl_devices/cmake/ecl_devicesConfig.cmake:41 (include)
[8.220s]   /home/abdulrafi/Desktop/ROS2_Final_Project/kobuki_ws/install/kobuki_core/share/kobuki_core/cmake/ament_cmake_export_dependencies-extras.cmake:21 (find_package)
[8.221s]   /home/abdulrafi/Desktop/ROS2_Final_Project/kobuki_ws/install/kobuki_core/share/kobuki_core/cmake/kobuki_coreConfig.cmake:41 (include)
[8.221s]   CMakeLists.txt:16 (find_package)
[8.221s] 
[8.221s] [0m
[8.226s] [33mCMake Warning (dev) at /usr/share/cmake-3.28/Modules/FindPackageHandleStandardArgs.cmake:438 (message):
[8.226s]   The package name passed to `find_package_handle_standard_args` (Threads)
[8.227s]   does not match the name of the calling package (ecl_threads).  This can
[8.227s]   lead to problems in calling code that expects `find_package` result
[8.227s]   variables (e.g., `_FOUND`) to follow a certain pattern.
[8.228s] Call Stack (most recent call first):
[8.228s]   /usr/share/cmake-3.28/Modules/FindThreads.cmake:226 (FIND_PACKAGE_HANDLE_STANDARD_ARGS)
[8.228s]   /opt/ros/jazzy/share/ecl_build/cmake/ecl_platform_detection.cmake:225 (include)
[8.232s]   /home/abdulrafi/Desktop/ROS2_Final_Project/kobuki_ws/install/ecl_threads/share/ecl_threads/cmake/ecl_threads-extras.cmake:4 (ecl_detect_threads)
[8.232s]   /home/abdulrafi/Desktop/ROS2_Final_Project/kobuki_ws/install/ecl_threads/share/ecl_threads/cmake/ecl_threadsConfig.cmake:41 (include)
[8.232s]   /home/abdulrafi/Desktop/ROS2_Final_Project/kobuki_ws/install/ecl_devices/share/ecl_devices/cmake/ament_cmake_export_dependencies-extras.cmake:21 (find_package)
[8.233s]   /home/abdulrafi/Desktop/ROS2_Final_Project/kobuki_ws/install/ecl_devices/share/ecl_devices/cmake/ecl_devicesConfig.cmake:41 (include)
[8.233s]   /home/abdulrafi/Desktop/ROS2_Final_Project/kobuki_ws/install/kobuki_core/share/kobuki_core/cmake/ament_cmake_export_dependencies-extras.cmake:21 (find_package)
[8.233s]   /home/abdulrafi/Desktop/ROS2_Final_Project/kobuki_ws/install/kobuki_core/share/kobuki_core/cmake/kobuki_coreConfig.cmake:41 (include)
[8.233s]   CMakeLists.txt:16 (find_package)
[8.234s] This warning is for project developers.  Use -Wno-dev to suppress it.
[8.234s] [0m
[8.397s] -- Found kobuki_ros_interfaces: 1.0.0 (/opt/ros/jazzy/share/kobuki_ros_interfaces/cmake)
[8.830s] -- Found message_filters: 4.11.12 (/opt/ros/jazzy/share/message_filters/cmake)
[9.175s] -- Found rmw_implementation_cmake: 7.3.3 (/opt/ros/jazzy/share/rmw_implementation_cmake/cmake)
[9.207s] -- Found rmw_fastrtps_cpp: 8.4.3 (/opt/ros/jazzy/share/rmw_fastrtps_cpp/cmake)
[9.774s] -- Found OpenSSL: /usr/lib/aarch64-linux-gnu/libcrypto.so (found version "3.0.13")  
[9.871s] -- Found FastRTPS: /opt/ros/jazzy/include (Required is at least version "2.13") 
[9.982s] -- Using RMW implementation 'rmw_fastrtps_cpp' as default
[10.399s] -- Found nav_msgs: 5.3.7 (/opt/ros/jazzy/share/nav_msgs/cmake)
[10.576s] -- Found rclcpp_components: 28.1.18 (/opt/ros/jazzy/share/rclcpp_components/cmake)
[10.978s] -- Found rclcpp_action: 28.1.18 (/opt/ros/jazzy/share/rclcpp_action/cmake)
[11.124s] -- Found tf2_geometry_msgs: 0.36.20 (/opt/ros/jazzy/share/tf2_geometry_msgs/cmake)
[11.222s] -- Found eigen3_cmake_module: 0.3.0 (/opt/ros/jazzy/share/eigen3_cmake_module/cmake)
[11.226s] -- Found Eigen3: TRUE (found version "3.4.0") 
[11.226s] -- Ensuring Eigen3 include directory is part of orocos-kdl CMake target
[11.768s] -- Configuring done (11.4s)
[11.879s] -- Generating done (0.1s)
[11.935s] -- Build files have been written to: /home/abdulrafi/Desktop/ROS2_Final_Project/kobuki_ws/build/kobuki_auto_docking
[12.004s] Invoked command in '/home/abdulrafi/Desktop/ROS2_Final_Project/kobuki_ws/build/kobuki_auto_docking' returned '0': AMENT_PREFIX_PATH=/home/abdulrafi/Desktop/ROS2_Final_Project/kobuki_ws/install/kobuki_core:/home/abdulrafi/Desktop/ROS2_Final_Project/kobuki_ws/install/ecl_mobile_robot:/home/abdulrafi/Desktop/ROS2_Final_Project/kobuki_ws/install/ecl_geometry:/home/abdulrafi/Desktop/ROS2_Final_Project/kobuki_ws/install/ecl_devices:/home/abdulrafi/Desktop/ROS2_Final_Project/kobuki_ws/install/ecl_sigslots:/home/abdulrafi/Desktop/ROS2_Final_Project/kobuki_ws/install/ecl_linear_algebra:/home/abdulrafi/Desktop/ROS2_Final_Project/kobuki_ws/install/ecl_containers:/home/abdulrafi/Desktop/ROS2_Final_Project/kobuki_ws/install/ecl_threads:/home/abdulrafi/Desktop/ROS2_Final_Project/kobuki_ws/install/ecl_formatters:/home/abdulrafi/Desktop/ROS2_Final_Project/kobuki_ws/install/ecl_utilities:/home/abdulrafi/Desktop/ROS2_Final_Project/kobuki_ws/install/ecl_time:/home/abdulrafi/Desktop/ROS2_Final_Project/kobuki_ws/install/ecl_converters:/home/abdulrafi/Desktop/ROS2_Final_Project/kobuki_ws/install/ecl_time_lite:/home/abdulrafi/Desktop/ROS2_Final_Project/kobuki_ws/install/ecl_math:/home/abdulrafi/Desktop/ROS2_Final_Project/kobuki_ws/install/ecl_exceptions:/home/abdulrafi/Desktop/ROS2_Final_Project/kobuki_ws/install/ecl_concepts:/home/abdulrafi/Desktop/ROS2_Final_Project/kobuki_ws/install/ecl_type_traits:/home/abdulrafi/Desktop/ROS2_Final_Project/kobuki_ws/install/ecl_errors:/home/abdulrafi/Desktop/ROS2_Final_Project/kobuki_ws/install/ecl_console:/home/abdulrafi/Desktop/ROS2_Final_Project/kobuki_ws/install/ecl_mpl:/home/abdulrafi/Desktop/ROS2_Final_Project/kobuki_ws/install/ecl_eigen:/home/abdulrafi/Desktop/ROS2_Final_Project/kobuki_ws/install/ecl_config:/home/abdulrafi/Desktop/ROS2_Final_Project/kobuki_ws/install/ecl_command_line:${AMENT_PREFIX_PATH} CMAKE_PREFIX_PATH=/home/abdulrafi/Desktop/ROS2_Final_Project/kobuki_ws/install/kobuki_core:/home/abdulrafi/Desktop/ROS2_Final_Project/kobuki_ws/install/ecl_mobile_robot:/home/abdulrafi/Desktop/ROS2_Final_Project/kobuki_ws/install/ecl_geometry:/home/abdulrafi/Desktop/ROS2_Final_Project/kobuki_ws/install/ecl_devices:/home/abdulrafi/Desktop/ROS2_Final_Project/kobuki_ws/install/ecl_sigslots:/home/abdulrafi/Desktop/ROS2_Final_Project/kobuki_ws/install/ecl_linear_algebra:/home/abdulrafi/Desktop/ROS2_Final_Project/kobuki_ws/install/ecl_containers:/home/abdulrafi/Desktop/ROS2_Final_Project/kobuki_ws/install/ecl_threads:/home/abdulrafi/Desktop/ROS2_Final_Project/kobuki_ws/install/ecl_formatters:/home/abdulrafi/Desktop/ROS2_Final_Project/kobuki_ws/install/ecl_utilities:/home/abdulrafi/Desktop/ROS2_Final_Project/kobuki_ws/install/ecl_time:/home/abdulrafi/Desktop/ROS2_Final_Project/kobuki_ws/install/ecl_converters:/home/abdulrafi/Desktop/ROS2_Final_Project/kobuki_ws/install/ecl_time_lite:/home/abdulrafi/Desktop/ROS2_Final_Project/kobuki_ws/install/ecl_math:/home/abdulrafi/Desktop/ROS2_Final_Project/kobuki_ws/install/ecl_exceptions:/home/abdulrafi/Desktop/ROS2_Final_Project/kobuki_ws/install/ecl_concepts:/home/abdulrafi/Desktop/ROS2_Final_Project/kobuki_ws/install/ecl_type_traits:/home/abdulrafi/Desktop/ROS2_Final_Project/kobuki_ws/install/ecl_errors:/home/abdulrafi/Desktop/ROS2_Final_Project/kobuki_ws/install/ecl_console:/home/abdulrafi/Desktop/ROS2_Final_Project/kobuki_ws/install/ecl_mpl:/home/abdulrafi/Desktop/ROS2_Final_Project/kobuki_ws/install/ecl_eigen:/home/abdulrafi/Desktop/ROS2_Final_Project/kobuki_ws/install/ecl_config:/home/abdulrafi/Desktop/ROS2_Final_Project/kobuki_ws/install/ecl_command_line:/opt/ros/jazzy/opt/gz_sim_vendor:/opt/ros/jazzy/opt/gz_sensors_vendor:/opt/ros/jazzy/opt/gz_physics_vendor:/opt/ros/jazzy/opt/sdformat_vendor:/opt/ros/jazzy/opt/gz_gui_vendor:/opt/ros/jazzy/opt/gz_transport_vendor:/opt/ros/jazzy/opt/gz_rendering_vendor:/opt/ros/jazzy/opt/gz_plugin_vendor:/opt/ros/jazzy/opt/gz_fuel_tools_vendor:/opt/ros/jazzy/opt/gz_msgs_vendor:/opt/ros/jazzy/opt/gz_common_vendor:/opt/ros/jazzy/opt/gz_math_vendor:/opt/ros/jazzy/opt/gz_utils_vendor:/opt/ros/jazzy/opt/gz_tools_vendor:/opt/ros/jazzy/opt/gz_ogre_next_vendor:/opt/ros/jazzy/opt/gz_dartsim_vendor:/opt/ros/jazzy/opt/gz_cmake_vendor:/opt/ros/jazzy DEBUGINFOD_URLS=https://debuginfod.ubuntu.com LD_LIBRARY_PATH=/home/abdulrafi/Desktop/ROS2_Final_Project/kobuki_ws/install/kobuki_core/lib:/home/abdulrafi/Desktop/ROS2_Final_Project/kobuki_ws/install/ecl_mobile_robot/lib:/home/abdulrafi/Desktop/ROS2_Final_Project/kobuki_ws/install/ecl_geometry/lib:/home/abdulrafi/Desktop/ROS2_Final_Project/kobuki_ws/install/ecl_devices/lib:/home/abdulrafi/Desktop/ROS2_Final_Project/kobuki_ws/install/ecl_linear_algebra/lib:/home/abdulrafi/Desktop/ROS2_Final_Project/kobuki_ws/install/ecl_threads/lib:/home/abdulrafi/Desktop/ROS2_Final_Project/kobuki_ws/install/ecl_formatters/lib:/home/abdulrafi/Desktop/ROS2_Final_Project/kobuki_ws/install/ecl_time/lib:/home/abdulrafi/Desktop/ROS2_Final_Project/kobuki_ws/install/ecl_time_lite/lib:/home/abdulrafi/Desktop/ROS2_Final_Project/kobuki_ws/install/ecl_exceptions/lib:/home/abdulrafi/Desktop/ROS2_Final_Project/kobuki_ws/install/ecl_type_traits/lib:/home/abdulrafi/Desktop/ROS2_Final_Project/kobuki_ws/install/ecl_errors/lib:${LD_LIBRARY_PATH} PATH=/home/abdulrafi/Desktop/ROS2_Final_Project/kobuki_ws/install/kobuki_core/bin:/home/abdulrafi/Desktop/ROS2_Final_Project/kobuki_ws/install/ecl_type_traits/bin:/home/abdulrafi/Desktop/ROS2_Final_Project/kobuki_ws/install/ecl_config/bin:${PATH} /usr/bin/cmake /home/abdulrafi/Desktop/ROS2_Final_Project/kobuki_ws/src/ThirdParty/kobuki_ros/kobuki_auto_docking -DCMAKE_INSTALL_PREFIX=/home/abdulrafi/Desktop/ROS2_Final_Project/kobuki_ws/install/kobuki_auto_docking
[12.010s] Invoking command in '/home/abdulrafi/Desktop/ROS2_Final_Project/kobuki_ws/build/kobuki_auto_docking': AMENT_PREFIX_PATH=/home/abdulrafi/Desktop/ROS2_Final_Project/kobuki_ws/install/kobuki_core:/home/abdulrafi/Desktop/ROS2_Final_Project/kobuki_ws/install/ecl_mobile_robot:/home/abdulrafi/Desktop/ROS2_Final_Project/kobuki_ws/install/ecl_geometry:/home/abdulrafi/Desktop/ROS2_Final_Project/kobuki_ws/install/ecl_devices:/home/abdulrafi/Desktop/ROS2_Final_Project/kobuki_ws/install/ecl_sigslots:/home/abdulrafi/Desktop/ROS2_Final_Project/kobuki_ws/install/ecl_linear_algebra:/home/abdulrafi/Desktop/ROS2_Final_Project/kobuki_ws/install/ecl_containers:/home/abdulrafi/Desktop/ROS2_Final_Project/kobuki_ws/install/ecl_threads:/home/abdulrafi/Desktop/ROS2_Final_Project/kobuki_ws/install/ecl_formatters:/home/abdulrafi/Desktop/ROS2_Final_Project/kobuki_ws/install/ecl_utilities:/home/abdulrafi/Desktop/ROS2_Final_Project/kobuki_ws/install/ecl_time:/home/abdulrafi/Desktop/ROS2_Final_Project/kobuki_ws/install/ecl_converters:/home/abdulrafi/Desktop/ROS2_Final_Project/kobuki_ws/install/ecl_time_lite:/home/abdulrafi/Desktop/ROS2_Final_Project/kobuki_ws/install/ecl_math:/home/abdulrafi/Desktop/ROS2_Final_Project/kobuki_ws/install/ecl_exceptions:/home/abdulrafi/Desktop/ROS2_Final_Project/kobuki_ws/install/ecl_concepts:/home/abdulrafi/Desktop/ROS2_Final_Project/kobuki_ws/install/ecl_type_traits:/home/abdulrafi/Desktop/ROS2_Final_Project/kobuki_ws/install/ecl_errors:/home/abdulrafi/Desktop/ROS2_Final_Project/kobuki_ws/install/ecl_console:/home/abdulrafi/Desktop/ROS2_Final_Project/kobuki_ws/install/ecl_mpl:/home/abdulrafi/Desktop/ROS2_Final_Project/kobuki_ws/install/ecl_eigen:/home/abdulrafi/Desktop/ROS2_Final_Project/kobuki_ws/install/ecl_config:/home/abdulrafi/Desktop/ROS2_Final_Project/kobuki_ws/install/ecl_command_line:${AMENT_PREFIX_PATH} CMAKE_PREFIX_PATH=/home/abdulrafi/Desktop/ROS2_Final_Project/kobuki_ws/install/kobuki_core:/home/abdulrafi/Desktop/ROS2_Final_Project/kobuki_ws/install/ecl_mobile_robot:/home/abdulrafi/Desktop/ROS2_Final_Project/kobuki_ws/install/ecl_geometry:/home/abdulrafi/Desktop/ROS2_Final_Project/kobuki_ws/install/ecl_devices:/home/abdulrafi/Desktop/ROS2_Final_Project/kobuki_ws/install/ecl_sigslots:/home/abdulrafi/Desktop/ROS2_Final_Project/kobuki_ws/install/ecl_linear_algebra:/home/abdulrafi/Desktop/ROS2_Final_Project/kobuki_ws/install/ecl_containers:/home/abdulrafi/Desktop/ROS2_Final_Project/kobuki_ws/install/ecl_threads:/home/abdulrafi/Desktop/ROS2_Final_Project/kobuki_ws/install/ecl_formatters:/home/abdulrafi/Desktop/ROS2_Final_Project/kobuki_ws/install/ecl_utilities:/home/abdulrafi/Desktop/ROS2_Final_Project/kobuki_ws/install/ecl_time:/home/abdulrafi/Desktop/ROS2_Final_Project/kobuki_ws/install/ecl_converters:/home/abdulrafi/Desktop/ROS2_Final_Project/kobuki_ws/install/ecl_time_lite:/home/abdulrafi/Desktop/ROS2_Final_Project/kobuki_ws/install/ecl_math:/home/abdulrafi/Desktop/ROS2_Final_Project/kobuki_ws/install/ecl_exceptions:/home/abdulrafi/Desktop/ROS2_Final_Project/kobuki_ws/install/ecl_concepts:/home/abdulrafi/Desktop/ROS2_Final_Project/kobuki_ws/install/ecl_type_traits:/home/abdulrafi/Desktop/ROS2_Final_Project/kobuki_ws/install/ecl_errors:/home/abdulrafi/Desktop/ROS2_Final_Project/kobuki_ws/install/ecl_console:/home/abdulrafi/Desktop/ROS2_Final_Project/kobuki_ws/install/ecl_mpl:/home/abdulrafi/Desktop/ROS2_Final_Project/kobuki_ws/install/ecl_eigen:/home/abdulrafi/Desktop/ROS2_Final_Project/kobuki_ws/install/ecl_config:/home/abdulrafi/Desktop/ROS2_Final_Project/kobuki_ws/install/ecl_command_line:/opt/ros/jazzy/opt/gz_sim_vendor:/opt/ros/jazzy/opt/gz_sensors_vendor:/opt/ros/jazzy/opt/gz_physics_vendor:/opt/ros/jazzy/opt/sdformat_vendor:/opt/ros/jazzy/opt/gz_gui_vendor:/opt/ros/jazzy/opt/gz_transport_vendor:/opt/ros/jazzy/opt/gz_rendering_vendor:/opt/ros/jazzy/opt/gz_plugin_vendor:/opt/ros/jazzy/opt/gz_fuel_tools_vendor:/opt/ros/jazzy/opt/gz_msgs_vendor:/opt/ros/jazzy/opt/gz_common_vendor:/opt/ros/jazzy/opt/gz_math_vendor:/opt/ros/jazzy/opt/gz_utils_vendor:/opt/ros/jazzy/opt/gz_tools_vendor:/opt/ros/jazzy/opt/gz_ogre_next_vendor:/opt/ros/jazzy/opt/gz_dartsim_vendor:/opt/ros/jazzy/opt/gz_cmake_vendor:/opt/ros/jazzy DEBUGINFOD_URLS=https://debuginfod.ubuntu.com LD_LIBRARY_PATH=/home/abdulrafi/Desktop/ROS2_Final_Project/kobuki_ws/install/kobuki_core/lib:/home/abdulrafi/Desktop/ROS2_Final_Project/kobuki_ws/install/ecl_mobile_robot/lib:/home/abdulrafi/Desktop/ROS2_Final_Project/kobuki_ws/install/ecl_geometry/lib:/home/abdulrafi/Desktop/ROS2_Final_Project/kobuki_ws/install/ecl_devices/lib:/home/abdulrafi/Desktop/ROS2_Final_Project/kobuki_ws/install/ecl_linear_algebra/lib:/home/abdulrafi/Desktop/ROS2_Final_Project/kobuki_ws/install/ecl_threads/lib:/home/abdulrafi/Desktop/ROS2_Final_Project/kobuki_ws/install/ecl_formatters/lib:/home/abdulrafi/Desktop/ROS2_Final_Project/kobuki_ws/install/ecl_time/lib:/home/abdulrafi/Desktop/ROS2_Final_Project/kobuki_ws/install/ecl_time_lite/lib:/home/abdulrafi/Desktop/ROS2_Final_Project/kobuki_ws/install/ecl_exceptions/lib:/home/abdulrafi/Desktop/ROS2_Final_Project/kobuki_ws/install/ecl_type_traits/lib:/home/abdulrafi/Desktop/ROS2_Final_Project/kobuki_ws/install/ecl_errors/lib:${LD_LIBRARY_PATH} PATH=/home/abdulrafi/Desktop/ROS2_Final_Project/kobuki_ws/install/kobuki_core/bin:/home/abdulrafi/Desktop/ROS2_Final_Project/kobuki_ws/install/ecl_type_traits/bin:/home/abdulrafi/Desktop/ROS2_Final_Project/kobuki_ws/install/ecl_config/bin:${PATH} /usr/bin/cmake --build /home/abdulrafi/Desktop/ROS2_Final_Project/kobuki_ws/build/kobuki_auto_docking -- -j4 -l4
[12.360s] [ 25%] [32mBuilding CXX object CMakeFiles/kobuki_auto_docking.dir/src/auto_docking_ros.cpp.o[0m
[76.303s] [01m[Kc++:[m[K [01;31m[Kfatal error: [m[KKilled signal terminated program cc1plus
[76.318s] compilation terminated.
[76.318s] gmake[2]: *** [CMakeFiles/kobuki_auto_docking.dir/build.make:76: CMakeFiles/kobuki_auto_docking.dir/src/auto_docking_ros.cpp.o] Error 1
[76.358s] gmake[1]: *** [CMakeFiles/Makefile2:139: CMakeFiles/kobuki_auto_docking.dir/all] Error 2
[76.481s] gmake: *** [Makefile:146: all] Error 2
[77.176s] Invoked command in '/home/abdulrafi/Desktop/ROS2_Final_Project/kobuki_ws/build/kobuki_auto_docking' returned '2': AMENT_PREFIX_PATH=/home/abdulrafi/Desktop/ROS2_Final_Project/kobuki_ws/install/kobuki_core:/home/abdulrafi/Desktop/ROS2_Final_Project/kobuki_ws/install/ecl_mobile_robot:/home/abdulrafi/Desktop/ROS2_Final_Project/kobuki_ws/install/ecl_geometry:/home/abdulrafi/Desktop/ROS2_Final_Project/kobuki_ws/install/ecl_devices:/home/abdulrafi/Desktop/ROS2_Final_Project/kobuki_ws/install/ecl_sigslots:/home/abdulrafi/Desktop/ROS2_Final_Project/kobuki_ws/install/ecl_linear_algebra:/home/abdulrafi/Desktop/ROS2_Final_Project/kobuki_ws/install/ecl_containers:/home/abdulrafi/Desktop/ROS2_Final_Project/kobuki_ws/install/ecl_threads:/home/abdulrafi/Desktop/ROS2_Final_Project/kobuki_ws/install/ecl_formatters:/home/abdulrafi/Desktop/ROS2_Final_Project/kobuki_ws/install/ecl_utilities:/home/abdulrafi/Desktop/ROS2_Final_Project/kobuki_ws/install/ecl_time:/home/abdulrafi/Desktop/ROS2_Final_Project/kobuki_ws/install/ecl_converters:/home/abdulrafi/Desktop/ROS2_Final_Project/kobuki_ws/install/ecl_time_lite:/home/abdulrafi/Desktop/ROS2_Final_Project/kobuki_ws/install/ecl_math:/home/abdulrafi/Desktop/ROS2_Final_Project/kobuki_ws/install/ecl_exceptions:/home/abdulrafi/Desktop/ROS2_Final_Project/kobuki_ws/install/ecl_concepts:/home/abdulrafi/Desktop/ROS2_Final_Project/kobuki_ws/install/ecl_type_traits:/home/abdulrafi/Desktop/ROS2_Final_Project/kobuki_ws/install/ecl_errors:/home/abdulrafi/Desktop/ROS2_Final_Project/kobuki_ws/install/ecl_console:/home/abdulrafi/Desktop/ROS2_Final_Project/kobuki_ws/install/ecl_mpl:/home/abdulrafi/Desktop/ROS2_Final_Project/kobuki_ws/install/ecl_eigen:/home/abdulrafi/Desktop/ROS2_Final_Project/kobuki_ws/install/ecl_config:/home/abdulrafi/Desktop/ROS2_Final_Project/kobuki_ws/install/ecl_command_line:${AMENT_PREFIX_PATH} CMAKE_PREFIX_PATH=/home/abdulrafi/Desktop/ROS2_Final_Project/kobuki_ws/install/kobuki_core:/home/abdulrafi/Desktop/ROS2_Final_Project/kobuki_ws/install/ecl_mobile_robot:/home/abdulrafi/Desktop/ROS2_Final_Project/kobuki_ws/install/ecl_geometry:/home/abdulrafi/Desktop/ROS2_Final_Project/kobuki_ws/install/ecl_devices:/home/abdulrafi/Desktop/ROS2_Final_Project/kobuki_ws/install/ecl_sigslots:/home/abdulrafi/Desktop/ROS2_Final_Project/kobuki_ws/install/ecl_linear_algebra:/home/abdulrafi/Desktop/ROS2_Final_Project/kobuki_ws/install/ecl_containers:/home/abdulrafi/Desktop/ROS2_Final_Project/kobuki_ws/install/ecl_threads:/home/abdulrafi/Desktop/ROS2_Final_Project/kobuki_ws/install/ecl_formatters:/home/abdulrafi/Desktop/ROS2_Final_Project/kobuki_ws/install/ecl_utilities:/home/abdulrafi/Desktop/ROS2_Final_Project/kobuki_ws/install/ecl_time:/home/abdulrafi/Desktop/ROS2_Final_Project/kobuki_ws/install/ecl_converters:/home/abdulrafi/Desktop/ROS2_Final_Project/kobuki_ws/install/ecl_time_lite:/home/abdulrafi/Desktop/ROS2_Final_Project/kobuki_ws/install/ecl_math:/home/abdulrafi/Desktop/ROS2_Final_Project/kobuki_ws/install/ecl_exceptions:/home/abdulrafi/Desktop/ROS2_Final_Project/kobuki_ws/install/ecl_concepts:/home/abdulrafi/Desktop/ROS2_Final_Project/kobuki_ws/install/ecl_type_traits:/home/abdulrafi/Desktop/ROS2_Final_Project/kobuki_ws/install/ecl_errors:/home/abdulrafi/Desktop/ROS2_Final_Project/kobuki_ws/install/ecl_console:/home/abdulrafi/Desktop/ROS2_Final_Project/kobuki_ws/install/ecl_mpl:/home/abdulrafi/Desktop/ROS2_Final_Project/kobuki_ws/install/ecl_eigen:/home/abdulrafi/Desktop/ROS2_Final_Project/kobuki_ws/install/ecl_config:/home/abdulrafi/Desktop/ROS2_Final_Project/kobuki_ws/install/ecl_command_line:/opt/ros/jazzy/opt/gz_sim_vendor:/opt/ros/jazzy/opt/gz_sensors_vendor:/opt/ros/jazzy/opt/gz_physics_vendor:/opt/ros/jazzy/opt/sdformat_vendor:/opt/ros/jazzy/opt/gz_gui_vendor:/opt/ros/jazzy/opt/gz_transport_vendor:/opt/ros/jazzy/opt/gz_rendering_vendor:/opt/ros/jazzy/opt/gz_plugin_vendor:/opt/ros/jazzy/opt/gz_fuel_tools_vendor:/opt/ros/jazzy/opt/gz_msgs_vendor:/opt/ros/jazzy/opt/gz_common_vendor:/opt/ros/jazzy/opt/gz_math_vendor:/opt/ros/jazzy/opt/gz_utils_vendor:/opt/ros/jazzy/opt/gz_tools_vendor:/opt/ros/jazzy/opt/gz_ogre_next_vendor:/opt/ros/jazzy/opt/gz_dartsim_vendor:/opt/ros/jazzy/opt/gz_cmake_vendor:/opt/ros/jazzy DEBUGINFOD_URLS=https://debuginfod.ubuntu.com LD_LIBRARY_PATH=/home/abdulrafi/Desktop/ROS2_Final_Project/kobuki_ws/install/kobuki_core/lib:/home/abdulrafi/Desktop/ROS2_Final_Project/kobuki_ws/install/ecl_mobile_robot/lib:/home/abdulrafi/Desktop/ROS2_Final_Project/kobuki_ws/install/ecl_geometry/lib:/home/abdulrafi/Desktop/ROS2_Final_Project/kobuki_ws/install/ecl_devices/lib:/home/abdulrafi/Desktop/ROS2_Final_Project/kobuki_ws/install/ecl_linear_algebra/lib:/home/abdulrafi/Desktop/ROS2_Final_Project/kobuki_ws/install/ecl_threads/lib:/home/abdulrafi/Desktop/ROS2_Final_Project/kobuki_ws/install/ecl_formatters/lib:/home/abdulrafi/Desktop/ROS2_Final_Project/kobuki_ws/install/ecl_time/lib:/home/abdulrafi/Desktop/ROS2_Final_Project/kobuki_ws/install/ecl_time_lite/lib:/home/abdulrafi/Desktop/ROS2_Final_Project/kobuki_ws/install/ecl_exceptions/lib:/home/abdulrafi/Desktop/ROS2_Final_Project/kobuki_ws/install/ecl_type_traits/lib:/home/abdulrafi/Desktop/ROS2_Final_Project/kobuki_ws/install/ecl_errors/lib:${LD_LIBRARY_PATH} PATH=/home/abdulrafi/Desktop/ROS2_Final_Project/kobuki_ws/install/kobuki_core/bin:/home/abdulrafi/Desktop/ROS2_Final_Project/kobuki_ws/install/ecl_type_traits/bin:/home/abdulrafi/Desktop/ROS2_Final_Project/kobuki_ws/install/ecl_config/bin:${PATH} /usr/bin/cmake --build /home/abdulrafi/Desktop/ROS2_Final_Project/kobuki_ws/build/kobuki_auto_docking -- -j4 -l4
